<?xml version="1.0" encoding="utf-8" ?>
<!-- DO NOT EDIT THIS FILE -->

<log version='2.0' source='tcet'>
	<!-- Sampling enabled with the following: -->
	<!--     Budget                              5: -->
	<!--     Overdraft Budget                   75: -->
	<!--     Savings Budget                      2: -->
	<!-- Opened annotation file C:\Program Files (x86)\Intel\oneAPI\inspector\2024.0\bin64\..\config\tc\qt.ant -->
	<!-- Opened annotation file C:\Program Files (x86)\Intel\oneAPI\inspector\2024.0\bin64\..\config\tc\cpp11.ant -->
	<!-- Opened annotation file C:\Program Files (x86)\Intel\oneAPI\inspector\2024.0\bin64\..\config\tc\cpp11_atomics.ant -->
	<!-- Opened annotation file C:\Program Files (x86)\Intel\oneAPI\inspector\2024.0\bin64\..\config\tc\fortran.ant -->
	<!-- Opened annotation file C:\Program Files (x86)\Intel\oneAPI\inspector\2024.0\bin64\..\config\tc\icl.ant -->
	<!-- Opened annotation file C:\Program Files (x86)\Intel\oneAPI\inspector\2024.0\bin64\..\config\tc\allocators.ant -->
	<!-- Opened annotation file C:\Program Files (x86)\Intel\oneAPI\inspector\2024.0\bin64\..\config\tc\boost.ant -->
	<!-- Opened annotation file C:\Program Files (x86)\Intel\oneAPI\inspector\2024.0\bin64\..\config\tc\system_api_filter.ant -->
	<!-- Opened annotation file C:\Program Files (x86)\Intel\oneAPI\inspector\2024.0\bin64\..\config\tc\system_api.ant -->
	<msg id='1' display='false' source='tccore'>
		<type>START</type>
		<severity>INFO</severity>
		<timestamp>Fri May 10 18:14:51 2024</timestamp>
	</msg>
	<!-- Successfully loaded CCRT 13.15.2 at address 0x7ff8a1310000 - 0x7ff8a1331000 -->
	<!-- Successfully loaded the TC Analysis Core 8.22.0 at address 0x7ff80ae60000 - 0x7ff80ae86000 -->
	<!-- Successfully loaded the TC Instrumentation Engine 8.22.0 at address 0x67ba0000 - 0x67e1b000 -->
	<!-- Environment: INTEL_LIBITTNOTIFY32=C:\Program Files (x86)\Intel\oneAPI\inspector\2024.0\bin32\runtime\libittnotify.dll -->
	<!-- Environment: INTEL_LIBITTNOTIFY64=C:\Program Files (x86)\Intel\oneAPI\inspector\2024.0\bin64\runtime\libittnotify.dll -->
	<!-- Environment: INTEL_JIT_PROFILER32=C:\Program Files (x86)\Intel\oneAPI\inspector\2024.0\bin32\pinjitprofiling.dll -->
	<!-- Environment: INTEL_JIT_PROFILER64=C:\Program Files (x86)\Intel\oneAPI\inspector\2024.0\bin64\pinjitprofiling.dll -->
	<!-- This is the instance of interest -->
	<msg id='2' source='tcet'>
		<type>EXEC_OF_INTEREST</type>
		<severity>INFO</severity>
		<timestamp>Fri May 10 18:14:51 2024</timestamp>
		<arg name='process'>d:\раб стол\УНИК\Мага\2 сем\Гетерогенные\labs\siw\build\getor\getor.exe</arg>
		<arg name='pid'>15364</arg>
	</msg>
	<msg id='3' source='tcet'>
		<type>LOAD_MODULE</type>
		<severity>INFO</severity>
		<timestamp>Fri May 10 18:14:51 2024</timestamp>
		<arg name='module'>d:\раб стол\УНИК\Мага\2 сем\Гетерогенные\labs\siw\build\getor\getor.exe</arg>
		<arg name='basement'>0x7ff6007a0000</arg>
		<arg name='ceiling'>0x7ff6008aefff</arg>
		<arg name='id'>2</arg>
	</msg>
	<msg id='4' source='tcet'>
		<type>LOAD_MODULE</type>
		<severity>INFO</severity>
		<timestamp>Fri May 10 18:14:51 2024</timestamp>
		<arg name='module'>c:\windows\system32\kernelbase.dll</arg>
		<arg name='basement'>0x7ff8acb50000</arg>
		<arg name='ceiling'>0x7ff8aceebfff</arg>
		<arg name='id'>3</arg>
	</msg>
	<!-- Target OS: Win8 or Server 2K2012 or later -->
	<msg id='5' source='tcet'>
		<type>LOAD_MODULE</type>
		<severity>INFO</severity>
		<timestamp>Fri May 10 18:14:51 2024</timestamp>
		<arg name='module'>c:\windows\system32\kernel32.dll</arg>
		<arg name='basement'>0x7ff8af240000</arg>
		<arg name='ceiling'>0x7ff8af302fff</arg>
		<arg name='id'>4</arg>
	</msg>
	<!-- Target OS: Win8 or Server 2K2012 or later -->
	<msg id='6' source='tcet'>
		<type>LOAD_MODULE</type>
		<severity>INFO</severity>
		<timestamp>Fri May 10 18:14:51 2024</timestamp>
		<arg name='module'>c:\windows\system32\ntdll.dll</arg>
		<arg name='basement'>0x7ff8af690000</arg>
		<arg name='ceiling'>0x7ff8af8a3fff</arg>
		<arg name='id'>5</arg>
	</msg>
	<!-- Target OS: Win8 or Server 2K2012 or later -->
	<msg id='7' source='tcet'>
		<type>LOAD_MODULE</type>
		<severity>INFO</severity>
		<timestamp>Fri May 10 18:14:52 2024</timestamp>
		<arg name='module'>c:\windows\system32\vcruntime140d.dll</arg>
		<arg name='basement'>0x7ff8a03f0000</arg>
		<arg name='ceiling'>0x7ff8a041dfff</arg>
		<arg name='id'>6</arg>
	</msg>
	<msg id='8' source='tcet'>
		<type>LOAD_MODULE</type>
		<severity>INFO</severity>
		<timestamp>Fri May 10 18:14:52 2024</timestamp>
		<arg name='module'>c:\windows\system32\msvcp140d.dll</arg>
		<arg name='basement'>0x7ff80f200000</arg>
		<arg name='ceiling'>0x7ff80f2e0fff</arg>
		<arg name='id'>7</arg>
	</msg>
	<msg id='9' source='tcet'>
		<type>LOAD_MODULE</type>
		<severity>INFO</severity>
		<timestamp>Fri May 10 18:14:52 2024</timestamp>
		<arg name='module'>c:\windows\system32\ucrtbased.dll</arg>
		<arg name='basement'>0x7ff80ac30000</arg>
		<arg name='ceiling'>0x7ff80ae50fff</arg>
		<arg name='id'>8</arg>
	</msg>
	<msg id='10' source='tcet'>
		<type>LOAD_MODULE</type>
		<severity>INFO</severity>
		<timestamp>Fri May 10 18:14:52 2024</timestamp>
		<arg name='module'>c:\program files (x86)\intel\oneapi\compiler\latest\bin\libiomp5md.dll</arg>
		<arg name='basement'>0x7ff80a840000</arg>
		<arg name='ceiling'>0x7ff80aa6cfff</arg>
		<arg name='id'>9</arg>
	</msg>
	<msg id='11' source='tcet'>
		<type>LOAD_MODULE</type>
		<severity>INFO</severity>
		<timestamp>Fri May 10 18:14:53 2024</timestamp>
		<arg name='module'>c:\windows\system32\ucrtbase.dll</arg>
		<arg name='basement'>0x7ff8acef0000</arg>
		<arg name='ceiling'>0x7ff8ad000fff</arg>
		<arg name='id'>10</arg>
	</msg>
	<msg id='12' source='tcet'>
		<type>LOAD_MODULE</type>
		<severity>INFO</severity>
		<timestamp>Fri May 10 18:14:53 2024</timestamp>
		<arg name='module'>c:\windows\system32\vcruntime140.dll</arg>
		<arg name='basement'>0x7ff89f690000</arg>
		<arg name='ceiling'>0x7ff89f6acfff</arg>
		<arg name='id'>11</arg>
	</msg>
	<msg id='13' source='tcet'>
		<type>LOAD_MODULE</type>
		<severity>INFO</severity>
		<timestamp>Fri May 10 18:14:53 2024</timestamp>
		<arg name='module'>c:\windows\system32\vcruntime140_1d.dll</arg>
		<arg name='basement'>0x7ff8a17c0000</arg>
		<arg name='ceiling'>0x7ff8a17cefff</arg>
		<arg name='id'>12</arg>
	</msg>
	<msg id='14' source='tcet'>
		<type>LOAD_MODULE</type>
		<severity>INFO</severity>
		<timestamp>Fri May 10 18:14:54 2024</timestamp>
		<arg name='module'>c:\program files (x86)\intel\oneapi\inspector\2024.0\bin64\runtime\libittnotify.dll</arg>
		<arg name='basement'>0x7ff83b910000</arg>
		<arg name='ceiling'>0x7ff83b980fff</arg>
		<arg name='id'>13</arg>
	</msg>
	<!-- Target OS: Win8 or Server 2K2012 or later -->
	<msg id='15' source='tcet'>
		<type>LOAD_MODULE</type>
		<severity>INFO</severity>
		<timestamp>Fri May 10 18:14:54 2024</timestamp>
		<arg name='module'>c:\windows\system32\advapi32.dll</arg>
		<arg name='basement'>0x7ff8af0d0000</arg>
		<arg name='ceiling'>0x7ff8af17dfff</arg>
		<arg name='id'>14</arg>
	</msg>
	<msg id='16' source='tcet'>
		<type>LOAD_MODULE</type>
		<severity>INFO</severity>
		<timestamp>Fri May 10 18:14:55 2024</timestamp>
		<arg name='module'>c:\windows\system32\msvcrt.dll</arg>
		<arg name='basement'>0x7ff8adf80000</arg>
		<arg name='ceiling'>0x7ff8ae026fff</arg>
		<arg name='id'>15</arg>
	</msg>
	<msg id='17' source='tcet'>
		<type>LOAD_MODULE</type>
		<severity>INFO</severity>
		<timestamp>Fri May 10 18:14:55 2024</timestamp>
		<arg name='module'>c:\windows\system32\sechost.dll</arg>
		<arg name='basement'>0x7ff8ae030000</arg>
		<arg name='ceiling'>0x7ff8ae0d3fff</arg>
		<arg name='id'>16</arg>
	</msg>
	<msg id='18' source='tcet'>
		<type>LOAD_MODULE</type>
		<severity>INFO</severity>
		<timestamp>Fri May 10 18:14:55 2024</timestamp>
		<arg name='module'>c:\windows\system32\rpcrt4.dll</arg>
		<arg name='basement'>0x7ff8ad4a0000</arg>
		<arg name='ceiling'>0x7ff8ad5b4fff</arg>
		<arg name='id'>17</arg>
	</msg>
	<msg id='19' display='false' source='tcet'>
		<type>HEARTBEAT</type>
		<severity>INFO</severity>
		<timestamp>Fri May 10 18:14:55 2024</timestamp>
		<arg name='tids'>13324,324,16456,16732</arg>
		<arg name='syscalls'>1,1,1,0</arg>
		<arg name='calls'>1640,1074,4772,53853</arg>
	</msg>
	<msg id='20' source='tcet'>
		<type>LOAD_MODULE</type>
		<severity>INFO</severity>
		<timestamp>Fri May 10 18:14:55 2024</timestamp>
		<arg name='module'>c:\windows\system32\cryptbase.dll</arg>
		<arg name='basement'>0x7ff8ac300000</arg>
		<arg name='ceiling'>0x7ff8ac30bfff</arg>
		<arg name='id'>18</arg>
	</msg>
	<msg id='21' source='tcet'>
		<type>LOAD_MODULE</type>
		<severity>INFO</severity>
		<timestamp>Fri May 10 18:14:55 2024</timestamp>
		<arg name='module'>c:\windows\system32\bcryptprimitives.dll</arg>
		<arg name='basement'>0x7ff8acad0000</arg>
		<arg name='ceiling'>0x7ff8acb4afff</arg>
		<arg name='id'>19</arg>
	</msg>
	<msg id='22' display='false' source='tcet'>
		<type>HEARTBEAT</type>
		<severity>INFO</severity>
		<timestamp>Fri May 10 18:14:56 2024</timestamp>
		<arg name='tids'>13324,324,16456,16732</arg>
		<arg name='syscalls'>1,1,1,0</arg>
		<arg name='calls'>0,0,78,2387504</arg>
	</msg>
	<msg id='23' display='false' source='tcet'>
		<type>HEARTBEAT</type>
		<severity>INFO</severity>
		<timestamp>Fri May 10 18:14:57 2024</timestamp>
		<arg name='tids'>13324,324,16456,16732</arg>
		<arg name='syscalls'>1,1,1,0</arg>
		<arg name='calls'>0,0,0,24313108</arg>
	</msg>
	<msg id='24' display='false' source='tcet'>
		<type>HEARTBEAT</type>
		<severity>INFO</severity>
		<timestamp>Fri May 10 18:14:58 2024</timestamp>
		<arg name='tids'>13324,324,16456,16732</arg>
		<arg name='syscalls'>1,1,1,0</arg>
		<arg name='calls'>0,0,0,27129946</arg>
	</msg>
	<msg id='25' display='false' source='tcet'>
		<type>HEARTBEAT</type>
		<severity>INFO</severity>
		<timestamp>Fri May 10 18:14:59 2024</timestamp>
		<arg name='tids'>13324,324,16456,16732</arg>
		<arg name='syscalls'>1,1,1,0</arg>
		<arg name='calls'>0,0,0,27048733</arg>
	</msg>
	<msg id='26' display='false' source='tcet'>
		<type>HEARTBEAT</type>
		<severity>INFO</severity>
		<timestamp>Fri May 10 18:15:00 2024</timestamp>
		<arg name='tids'>13324,324,16456,16732</arg>
		<arg name='syscalls'>1,1,1,0</arg>
		<arg name='calls'>0,0,0,27073802</arg>
	</msg>
	<msg id='27' display='false' source='tcet'>
		<type>HEARTBEAT</type>
		<severity>INFO</severity>
		<timestamp>Fri May 10 18:15:01 2024</timestamp>
		<arg name='tids'>13324,324,16456,16732</arg>
		<arg name='syscalls'>1,1,1,0</arg>
		<arg name='calls'>0,0,0,25375576</arg>
	</msg>
	<msg id='28' display='false' source='tcet'>
		<type>HEARTBEAT</type>
		<severity>INFO</severity>
		<timestamp>Fri May 10 18:15:02 2024</timestamp>
		<arg name='tids'>13324,324,16456,16732</arg>
		<arg name='syscalls'>1,1,1,0</arg>
		<arg name='calls'>0,0,0,24170625</arg>
	</msg>
	<msg id='29' display='false' source='tcet'>
		<type>HEARTBEAT</type>
		<severity>INFO</severity>
		<timestamp>Fri May 10 18:15:03 2024</timestamp>
		<arg name='tids'>13324,324,16456,16732</arg>
		<arg name='syscalls'>1,1,1,0</arg>
		<arg name='calls'>0,0,0,24216218</arg>
	</msg>
	<msg id='30' display='false' source='tcet'>
		<type>HEARTBEAT</type>
		<severity>INFO</severity>
		<timestamp>Fri May 10 18:15:04 2024</timestamp>
		<arg name='tids'>13324,324,16456,16732</arg>
		<arg name='syscalls'>1,1,1,0</arg>
		<arg name='calls'>0,0,0,25018697</arg>
	</msg>
	<msg id='31' display='false' source='tcet'>
		<type>HEARTBEAT</type>
		<severity>INFO</severity>
		<timestamp>Fri May 10 18:15:05 2024</timestamp>
		<arg name='tids'>13324,324,16456,16732</arg>
		<arg name='syscalls'>1,1,1,0</arg>
		<arg name='calls'>0,0,0,26943393</arg>
	</msg>
	<msg id='32' display='false' source='tcet'>
		<type>HEARTBEAT</type>
		<severity>INFO</severity>
		<timestamp>Fri May 10 18:15:06 2024</timestamp>
		<arg name='tids'>13324,324,16456,16732</arg>
		<arg name='syscalls'>1,1,1,0</arg>
		<arg name='calls'>0,0,0,52020296</arg>
	</msg>
	<msg id='33' display='false' source='tcet'>
		<type>HEARTBEAT</type>
		<severity>INFO</severity>
		<timestamp>Fri May 10 18:15:07 2024</timestamp>
		<arg name='tids'>13324,324,16456,16732</arg>
		<arg name='syscalls'>1,1,1,0</arg>
		<arg name='calls'>0,0,0,24905040</arg>
	</msg>
	<msg id='34' display='false' source='tcet'>
		<type>HEARTBEAT</type>
		<severity>INFO</severity>
		<timestamp>Fri May 10 18:15:08 2024</timestamp>
		<arg name='tids'>13324,324,16456,16732</arg>
		<arg name='syscalls'>1,1,1,0</arg>
		<arg name='calls'>0,0,0,24212206</arg>
	</msg>
	<msg id='35' display='false' source='tcet'>
		<type>HEARTBEAT</type>
		<severity>INFO</severity>
		<timestamp>Fri May 10 18:15:09 2024</timestamp>
		<arg name='tids'>13324,324,16456,16732</arg>
		<arg name='syscalls'>1,1,1,0</arg>
		<arg name='calls'>0,0,0,24217140</arg>
	</msg>
	<msg id='36' display='false' source='tcet'>
		<type>HEARTBEAT</type>
		<severity>INFO</severity>
		<timestamp>Fri May 10 18:15:10 2024</timestamp>
		<arg name='tids'>13324,324,16456,16732</arg>
		<arg name='syscalls'>1,1,1,0</arg>
		<arg name='calls'>0,0,0,25776785</arg>
	</msg>
	<msg id='37' display='false' source='tcet'>
		<type>HEARTBEAT</type>
		<severity>INFO</severity>
		<timestamp>Fri May 10 18:15:11 2024</timestamp>
		<arg name='tids'>13324,324,16456,16732</arg>
		<arg name='syscalls'>1,1,1,0</arg>
		<arg name='calls'>0,0,0,27055129</arg>
	</msg>
	<msg id='38' display='false' source='tcet'>
		<type>HEARTBEAT</type>
		<severity>INFO</severity>
		<timestamp>Fri May 10 18:15:12 2024</timestamp>
		<arg name='tids'>13324,324,16456,16732</arg>
		<arg name='syscalls'>1,1,1,0</arg>
		<arg name='calls'>0,0,0,27077619</arg>
	</msg>
	<msg id='39' display='false' source='tcet'>
		<type>HEARTBEAT</type>
		<severity>INFO</severity>
		<timestamp>Fri May 10 18:15:13 2024</timestamp>
		<arg name='tids'>13324,324,16456,16732</arg>
		<arg name='syscalls'>1,1,1,0</arg>
		<arg name='calls'>0,0,0,27039670</arg>
	</msg>
	<msg id='40' display='false' source='tcet'>
		<type>HEARTBEAT</type>
		<severity>INFO</severity>
		<timestamp>Fri May 10 18:15:14 2024</timestamp>
		<arg name='tids'>13324,324,16456,16732</arg>
		<arg name='syscalls'>1,1,1,0</arg>
		<arg name='calls'>0,0,0,27047196</arg>
	</msg>
	<msg id='41' display='false' source='tcet'>
		<type>HEARTBEAT</type>
		<severity>INFO</severity>
		<timestamp>Fri May 10 18:15:15 2024</timestamp>
		<arg name='tids'>13324,324,16456,16732</arg>
		<arg name='syscalls'>1,1,1,0</arg>
		<arg name='calls'>0,0,0,24304263</arg>
	</msg>
	<msg id='42' display='false' source='tcet'>
		<type>HEARTBEAT</type>
		<severity>INFO</severity>
		<timestamp>Fri May 10 18:15:16 2024</timestamp>
		<arg name='tids'>13324,324,16456,16732</arg>
		<arg name='syscalls'>1,1,1,0</arg>
		<arg name='calls'>0,0,0,25755880</arg>
	</msg>
	<msg id='43' display='false' source='tcet'>
		<type>HEARTBEAT</type>
		<severity>INFO</severity>
		<timestamp>Fri May 10 18:15:17 2024</timestamp>
		<arg name='tids'>13324,324,16456,16732</arg>
		<arg name='syscalls'>1,1,1,0</arg>
		<arg name='calls'>0,0,0,27101584</arg>
	</msg>
	<msg id='44' display='false' source='tcet'>
		<type>HEARTBEAT</type>
		<severity>INFO</severity>
		<timestamp>Fri May 10 18:15:18 2024</timestamp>
		<arg name='tids'>13324,324,16456,16732</arg>
		<arg name='syscalls'>1,1,1,0</arg>
		<arg name='calls'>0,0,0,27107244</arg>
	</msg>
	<msg id='45' display='false' source='tcet'>
		<type>HEARTBEAT</type>
		<severity>INFO</severity>
		<timestamp>Fri May 10 18:15:19 2024</timestamp>
		<arg name='tids'>13324,324,16456,16732</arg>
		<arg name='syscalls'>1,1,1,0</arg>
		<arg name='calls'>0,0,0,27067539</arg>
	</msg>
	<msg id='46' display='false' source='tcet'>
		<type>HEARTBEAT</type>
		<severity>INFO</severity>
		<timestamp>Fri May 10 18:15:20 2024</timestamp>
		<arg name='tids'>13324,324,16456,16732</arg>
		<arg name='syscalls'>1,1,1,0</arg>
		<arg name='calls'>0,0,0,54192661</arg>
	</msg>
	<msg id='47' display='false' source='tcet'>
		<type>HEARTBEAT</type>
		<severity>INFO</severity>
		<timestamp>Fri May 10 18:15:21 2024</timestamp>
		<arg name='tids'>13324,324,16456,16732</arg>
		<arg name='syscalls'>1,1,1,0</arg>
		<arg name='calls'>0,0,0,27109940</arg>
	</msg>
	<msg id='48' display='false' source='tcet'>
		<type>HEARTBEAT</type>
		<severity>INFO</severity>
		<timestamp>Fri May 10 18:15:22 2024</timestamp>
		<arg name='tids'>13324,324,16456,16732</arg>
		<arg name='syscalls'>1,1,1,0</arg>
		<arg name='calls'>0,0,0,54245984</arg>
	</msg>
	<msg id='49' display='false' source='tcet'>
		<type>HEARTBEAT</type>
		<severity>INFO</severity>
		<timestamp>Fri May 10 18:15:23 2024</timestamp>
		<arg name='tids'>13324,324,16456,16732</arg>
		<arg name='syscalls'>1,1,1,0</arg>
		<arg name='calls'>0,0,0,27110858</arg>
	</msg>
	<msg id='50' display='false' source='tcet'>
		<type>HEARTBEAT</type>
		<severity>INFO</severity>
		<timestamp>Fri May 10 18:15:24 2024</timestamp>
		<arg name='tids'>13324,324,16456,16732</arg>
		<arg name='syscalls'>1,1,1,0</arg>
		<arg name='calls'>0,0,0,27139190</arg>
	</msg>
	<msg id='51' display='false' source='tcet'>
		<type>HEARTBEAT</type>
		<severity>INFO</severity>
		<timestamp>Fri May 10 18:15:25 2024</timestamp>
		<arg name='tids'>13324,324,16456,16732</arg>
		<arg name='syscalls'>1,1,1,0</arg>
		<arg name='calls'>0,0,0,25091922</arg>
	</msg>
	<msg id='52' display='false' source='tcet'>
		<type>HEARTBEAT</type>
		<severity>INFO</severity>
		<timestamp>Fri May 10 18:15:26 2024</timestamp>
		<arg name='tids'>13324,324,16456,16732</arg>
		<arg name='syscalls'>1,1,1,0</arg>
		<arg name='calls'>0,0,0,24224161</arg>
	</msg>
	<msg id='53' display='false' source='tcet'>
		<type>HEARTBEAT</type>
		<severity>INFO</severity>
		<timestamp>Fri May 10 18:15:27 2024</timestamp>
		<arg name='tids'>13324,324,16456,16732</arg>
		<arg name='syscalls'>1,1,1,0</arg>
		<arg name='calls'>0,0,0,24244406</arg>
	</msg>
	<msg id='54' display='false' source='tcet'>
		<type>HEARTBEAT</type>
		<severity>INFO</severity>
		<timestamp>Fri May 10 18:15:28 2024</timestamp>
		<arg name='tids'>13324,324,16456,16732</arg>
		<arg name='syscalls'>1,1,1,0</arg>
		<arg name='calls'>0,0,0,27086704</arg>
	</msg>
	<msg id='55' display='false' source='tcet'>
		<type>HEARTBEAT</type>
		<severity>INFO</severity>
		<timestamp>Fri May 10 18:15:29 2024</timestamp>
		<arg name='tids'>13324,324,16456,16732</arg>
		<arg name='syscalls'>1,1,1,0</arg>
		<arg name='calls'>0,0,0,27122782</arg>
	</msg>
	<msg id='56' display='false' source='tcet'>
		<type>HEARTBEAT</type>
		<severity>INFO</severity>
		<timestamp>Fri May 10 18:15:30 2024</timestamp>
		<arg name='tids'>13324,324,16456,16732</arg>
		<arg name='syscalls'>1,1,1,0</arg>
		<arg name='calls'>0,0,0,54176092</arg>
	</msg>
	<msg id='57' display='false' source='tcet'>
		<type>HEARTBEAT</type>
		<severity>INFO</severity>
		<timestamp>Fri May 10 18:15:31 2024</timestamp>
		<arg name='tids'>13324,324,16456,16732</arg>
		<arg name='syscalls'>1,1,1,0</arg>
		<arg name='calls'>0,0,0,27032764</arg>
	</msg>
	<msg id='58' display='false' source='tcet'>
		<type>HEARTBEAT</type>
		<severity>INFO</severity>
		<timestamp>Fri May 10 18:15:32 2024</timestamp>
		<arg name='tids'>13324,324,16456,16732</arg>
		<arg name='syscalls'>1,1,1,0</arg>
		<arg name='calls'>0,0,0,24798310</arg>
	</msg>
	<msg id='59' display='false' source='tcet'>
		<type>HEARTBEAT</type>
		<severity>INFO</severity>
		<timestamp>Fri May 10 18:15:33 2024</timestamp>
		<arg name='tids'>13324,324,16456,16732</arg>
		<arg name='syscalls'>1,1,1,0</arg>
		<arg name='calls'>0,0,0,24200453</arg>
	</msg>
	<msg id='60' display='false' source='tcet'>
		<type>HEARTBEAT</type>
		<severity>INFO</severity>
		<timestamp>Fri May 10 18:15:34 2024</timestamp>
		<arg name='tids'>13324,324,16456,16732</arg>
		<arg name='syscalls'>1,1,1,0</arg>
		<arg name='calls'>0,0,0,24241573</arg>
	</msg>
	<msg id='61' display='false' source='tcet'>
		<type>HEARTBEAT</type>
		<severity>INFO</severity>
		<timestamp>Fri May 10 18:15:35 2024</timestamp>
		<arg name='tids'>13324,324,16456,16732</arg>
		<arg name='syscalls'>1,1,1,0</arg>
		<arg name='calls'>0,0,0,24228846</arg>
	</msg>
	<msg id='62' display='false' source='tcet'>
		<type>HEARTBEAT</type>
		<severity>INFO</severity>
		<timestamp>Fri May 10 18:15:36 2024</timestamp>
		<arg name='tids'>13324,324,16456,16732</arg>
		<arg name='syscalls'>1,1,1,0</arg>
		<arg name='calls'>0,0,0,24325599</arg>
	</msg>
	<msg id='63' display='false' source='tcet'>
		<type>HEARTBEAT</type>
		<severity>INFO</severity>
		<timestamp>Fri May 10 18:15:37 2024</timestamp>
		<arg name='tids'>13324,324,16456,16732</arg>
		<arg name='syscalls'>1,1,1,0</arg>
		<arg name='calls'>0,0,0,26928455</arg>
	</msg>
	<msg id='64' display='false' source='tcet'>
		<type>HEARTBEAT</type>
		<severity>INFO</severity>
		<timestamp>Fri May 10 18:15:38 2024</timestamp>
		<arg name='tids'>13324,324,16456,16732</arg>
		<arg name='syscalls'>1,1,1,0</arg>
		<arg name='calls'>0,0,0,27109587</arg>
	</msg>
	<msg id='65' display='false' source='tcet'>
		<type>HEARTBEAT</type>
		<severity>INFO</severity>
		<timestamp>Fri May 10 18:15:39 2024</timestamp>
		<arg name='tids'>13324,324,16456,16732</arg>
		<arg name='syscalls'>1,1,1,0</arg>
		<arg name='calls'>0,0,0,27125050</arg>
	</msg>
	<msg id='66' display='false' source='tcet'>
		<type>HEARTBEAT</type>
		<severity>INFO</severity>
		<timestamp>Fri May 10 18:15:40 2024</timestamp>
		<arg name='tids'>13324,324,16456,16732</arg>
		<arg name='syscalls'>1,1,1,0</arg>
		<arg name='calls'>0,0,0,25993471</arg>
	</msg>
	<msg id='67' display='false' source='tcet'>
		<type>HEARTBEAT</type>
		<severity>INFO</severity>
		<timestamp>Fri May 10 18:15:41 2024</timestamp>
		<arg name='tids'>13324,324,16456,16732</arg>
		<arg name='syscalls'>1,1,1,0</arg>
		<arg name='calls'>0,0,0,24284454</arg>
	</msg>
	<msg id='68' display='false' source='tcet'>
		<type>HEARTBEAT</type>
		<severity>INFO</severity>
		<timestamp>Fri May 10 18:15:42 2024</timestamp>
		<arg name='tids'>13324,324,16456,16732</arg>
		<arg name='syscalls'>1,1,1,0</arg>
		<arg name='calls'>0,0,0,24276552</arg>
	</msg>
	<msg id='69' display='false' source='tcet'>
		<type>HEARTBEAT</type>
		<severity>INFO</severity>
		<timestamp>Fri May 10 18:15:43 2024</timestamp>
		<arg name='tids'>13324,324,16456,16732</arg>
		<arg name='syscalls'>1,1,1,0</arg>
		<arg name='calls'>0,0,0,24219193</arg>
	</msg>
	<msg id='70' display='false' source='tcet'>
		<type>HEARTBEAT</type>
		<severity>INFO</severity>
		<timestamp>Fri May 10 18:15:44 2024</timestamp>
		<arg name='tids'>13324,324,16456,16732</arg>
		<arg name='syscalls'>1,1,1,0</arg>
		<arg name='calls'>0,0,0,24264830</arg>
	</msg>
	<msg id='71' display='false' source='tcet'>
		<type>HEARTBEAT</type>
		<severity>INFO</severity>
		<timestamp>Fri May 10 18:15:45 2024</timestamp>
		<arg name='tids'>13324,324,16456,16732</arg>
		<arg name='syscalls'>1,1,1,0</arg>
		<arg name='calls'>0,0,0,25724011</arg>
	</msg>
	<msg id='72' display='false' source='tcet'>
		<type>HEARTBEAT</type>
		<severity>INFO</severity>
		<timestamp>Fri May 10 18:15:46 2024</timestamp>
		<arg name='tids'>13324,324,16456,16732</arg>
		<arg name='syscalls'>1,1,1,0</arg>
		<arg name='calls'>0,0,0,27143557</arg>
	</msg>
	<msg id='73' display='false' source='tcet'>
		<type>HEARTBEAT</type>
		<severity>INFO</severity>
		<timestamp>Fri May 10 18:15:47 2024</timestamp>
		<arg name='tids'>13324,324,16456,16732</arg>
		<arg name='syscalls'>1,1,1,0</arg>
		<arg name='calls'>0,0,0,27074794</arg>
	</msg>
	<msg id='74' display='false' source='tcet'>
		<type>HEARTBEAT</type>
		<severity>INFO</severity>
		<timestamp>Fri May 10 18:15:48 2024</timestamp>
		<arg name='tids'>13324,324,16456,16732</arg>
		<arg name='syscalls'>1,1,1,0</arg>
		<arg name='calls'>0,0,0,54238561</arg>
	</msg>
	<msg id='75' display='false' source='tcet'>
		<type>HEARTBEAT</type>
		<severity>INFO</severity>
		<timestamp>Fri May 10 18:15:49 2024</timestamp>
		<arg name='tids'>13324,324,16456,16732</arg>
		<arg name='syscalls'>1,1,1,0</arg>
		<arg name='calls'>0,0,0,27143004</arg>
	</msg>
	<msg id='76' display='false' source='tcet'>
		<type>HEARTBEAT</type>
		<severity>INFO</severity>
		<timestamp>Fri May 10 18:15:50 2024</timestamp>
		<arg name='tids'>13324,324,16456,16732</arg>
		<arg name='syscalls'>1,1,1,0</arg>
		<arg name='calls'>0,0,0,26527691</arg>
	</msg>
	<msg id='77' display='false' source='tcet'>
		<type>HEARTBEAT</type>
		<severity>INFO</severity>
		<timestamp>Fri May 10 18:15:51 2024</timestamp>
		<arg name='tids'>13324,324,16456,16732</arg>
		<arg name='syscalls'>1,1,1,0</arg>
		<arg name='calls'>0,0,0,24249100</arg>
	</msg>
	<msg id='78' display='false' source='tcet'>
		<type>HEARTBEAT</type>
		<severity>INFO</severity>
		<timestamp>Fri May 10 18:15:52 2024</timestamp>
		<arg name='tids'>16732</arg>
		<arg name='syscalls'>0</arg>
		<arg name='calls'>24275299</arg>
	</msg>
	<msg id='79' display='false' source='tcet'>
		<type>HEARTBEAT</type>
		<severity>INFO</severity>
		<timestamp>Fri May 10 18:15:53 2024</timestamp>
		<arg name='tids'>16732</arg>
		<arg name='syscalls'>0</arg>
		<arg name='calls'>24261192</arg>
	</msg>
	<msg id='80' display='false' source='tcet'>
		<type>HEARTBEAT</type>
		<severity>INFO</severity>
		<timestamp>Fri May 10 18:15:54 2024</timestamp>
		<arg name='tids'>16732</arg>
		<arg name='syscalls'>0</arg>
		<arg name='calls'>26623480</arg>
	</msg>
	<msg id='81' display='false' source='tcet'>
		<type>HEARTBEAT</type>
		<severity>INFO</severity>
		<timestamp>Fri May 10 18:15:55 2024</timestamp>
		<arg name='tids'>16732</arg>
		<arg name='syscalls'>0</arg>
		<arg name='calls'>27103185</arg>
	</msg>
	<msg id='82' display='false' source='tcet'>
		<type>HEARTBEAT</type>
		<severity>INFO</severity>
		<timestamp>Fri May 10 18:15:56 2024</timestamp>
		<arg name='tids'>16732</arg>
		<arg name='syscalls'>0</arg>
		<arg name='calls'>26991031</arg>
	</msg>
	<msg id='83' display='false' source='tcet'>
		<type>HEARTBEAT</type>
		<severity>INFO</severity>
		<timestamp>Fri May 10 18:15:57 2024</timestamp>
		<arg name='tids'>16732</arg>
		<arg name='syscalls'>0</arg>
		<arg name='calls'>26938783</arg>
	</msg>
	<msg id='84' display='false' source='tcet'>
		<type>HEARTBEAT</type>
		<severity>INFO</severity>
		<timestamp>Fri May 10 18:15:58 2024</timestamp>
		<arg name='tids'>16732</arg>
		<arg name='syscalls'>0</arg>
		<arg name='calls'>24205088</arg>
	</msg>
	<msg id='85' display='false' source='tcet'>
		<type>HEARTBEAT</type>
		<severity>INFO</severity>
		<timestamp>Fri May 10 18:15:59 2024</timestamp>
		<arg name='tids'>16732</arg>
		<arg name='syscalls'>0</arg>
		<arg name='calls'>24142851</arg>
	</msg>
	<msg id='86' display='false' source='tcet'>
		<type>HEARTBEAT</type>
		<severity>INFO</severity>
		<timestamp>Fri May 10 18:16:00 2024</timestamp>
		<arg name='tids'>16732</arg>
		<arg name='syscalls'>0</arg>
		<arg name='calls'>24232548</arg>
	</msg>
	<msg id='87' display='false' source='tcet'>
		<type>HEARTBEAT</type>
		<severity>INFO</severity>
		<timestamp>Fri May 10 18:16:01 2024</timestamp>
		<arg name='tids'>16732</arg>
		<arg name='syscalls'>0</arg>
		<arg name='calls'>24279133</arg>
	</msg>
	<msg id='88' display='false' source='tcet'>
		<type>HEARTBEAT</type>
		<severity>INFO</severity>
		<timestamp>Fri May 10 18:16:02 2024</timestamp>
		<arg name='tids'>16732</arg>
		<arg name='syscalls'>0</arg>
		<arg name='calls'>24646458</arg>
	</msg>
	<msg id='89' display='false' source='tcet'>
		<type>HEARTBEAT</type>
		<severity>INFO</severity>
		<timestamp>Fri May 10 18:16:03 2024</timestamp>
		<arg name='tids'>16732</arg>
		<arg name='syscalls'>0</arg>
		<arg name='calls'>27151499</arg>
	</msg>
	<msg id='90' display='false' source='tcet'>
		<type>HEARTBEAT</type>
		<severity>INFO</severity>
		<timestamp>Fri May 10 18:16:04 2024</timestamp>
		<arg name='tids'>16732</arg>
		<arg name='syscalls'>0</arg>
		<arg name='calls'>27164876</arg>
	</msg>
	<msg id='91' display='false' source='tcet'>
		<type>HEARTBEAT</type>
		<severity>INFO</severity>
		<timestamp>Fri May 10 18:16:05 2024</timestamp>
		<arg name='tids'>16732</arg>
		<arg name='syscalls'>0</arg>
		<arg name='calls'>27168611</arg>
	</msg>
	<msg id='92' display='false' source='tcet'>
		<type>HEARTBEAT</type>
		<severity>INFO</severity>
		<timestamp>Fri May 10 18:16:06 2024</timestamp>
		<arg name='tids'>16732</arg>
		<arg name='syscalls'>0</arg>
		<arg name='calls'>27125213</arg>
	</msg>
	<msg id='93' display='false' source='tcet'>
		<type>HEARTBEAT</type>
		<severity>INFO</severity>
		<timestamp>Fri May 10 18:16:07 2024</timestamp>
		<arg name='tids'>16732</arg>
		<arg name='syscalls'>0</arg>
		<arg name='calls'>25099292</arg>
	</msg>
	<msg id='94' display='false' source='tcet'>
		<type>HEARTBEAT</type>
		<severity>INFO</severity>
		<timestamp>Fri May 10 18:16:08 2024</timestamp>
		<arg name='tids'>16732</arg>
		<arg name='syscalls'>0</arg>
		<arg name='calls'>24224195</arg>
	</msg>
	<msg id='95' display='false' source='tcet'>
		<type>HEARTBEAT</type>
		<severity>INFO</severity>
		<timestamp>Fri May 10 18:16:09 2024</timestamp>
		<arg name='tids'>16732</arg>
		<arg name='syscalls'>0</arg>
		<arg name='calls'>24218247</arg>
	</msg>
	<msg id='96' display='false' source='tcet'>
		<type>HEARTBEAT</type>
		<severity>INFO</severity>
		<timestamp>Fri May 10 18:16:10 2024</timestamp>
		<arg name='tids'>16732</arg>
		<arg name='syscalls'>0</arg>
		<arg name='calls'>24216492</arg>
	</msg>
	<msg id='97' display='false' source='tcet'>
		<type>HEARTBEAT</type>
		<severity>INFO</severity>
		<timestamp>Fri May 10 18:16:11 2024</timestamp>
		<arg name='tids'>16732</arg>
		<arg name='syscalls'>0</arg>
		<arg name='calls'>24215252</arg>
	</msg>
	<msg id='98' display='false' source='tcet'>
		<type>HEARTBEAT</type>
		<severity>INFO</severity>
		<timestamp>Fri May 10 18:16:12 2024</timestamp>
		<arg name='tids'>16732</arg>
		<arg name='syscalls'>0</arg>
		<arg name='calls'>24011947</arg>
	</msg>
	<msg id='99' display='false' source='tcet'>
		<type>HEARTBEAT</type>
		<severity>INFO</severity>
		<timestamp>Fri May 10 18:16:13 2024</timestamp>
		<arg name='tids'>16732</arg>
		<arg name='syscalls'>0</arg>
		<arg name='calls'>23970213</arg>
	</msg>
	<msg id='100' source='tcet'>
		<type>LOAD_MODULE</type>
		<severity>INFO</severity>
		<timestamp>Fri May 10 18:16:14 2024</timestamp>
		<arg name='module'>c:\program files (x86)\intel\oneapi\inspector\2024.0\bin64\pinjitprofiling.dll</arg>
		<arg name='basement'>0x7ff8a03e0000</arg>
		<arg name='ceiling'>0x7ff8a03e7fff</arg>
		<arg name='id'>20</arg>
	</msg>
	<msg id='101' source='tcet'>
		<type>LOAD_MODULE</type>
		<severity>INFO</severity>
		<timestamp>Fri May 10 18:16:14 2024</timestamp>
		<arg name='module'>dynamiccodebin</arg>
		<arg name='basement'>0x0</arg>
		<arg name='ceiling'>0x0</arg>
		<arg name='id'>21</arg>
	</msg>
	<!-- Target OS: Win8 or Server 2K2012 or later -->
	<!-- Routine at entry point of image dynamiccodebin is invalid -->
	<msg id='102' display='false' source='tcet'>
		<type>HEARTBEAT</type>
		<severity>INFO</severity>
		<timestamp>Fri May 10 18:16:14 2024</timestamp>
		<arg name='tids'>16732</arg>
		<arg name='syscalls'>0</arg>
		<arg name='calls'>20335747</arg>
	</msg>
	<msg id='103' display='false' source='tcet'>
		<type>THREADNAME</type>
		<severity>INFO</severity>
		<timestamp>Fri May 10 18:16:15 2024</timestamp>
		<arg name='tid'>16732</arg>
		<arg name='name'>OMP Primary Thread #0</arg>
	</msg>
	<msg id='104' display='false' source='tcet'>
		<type>HEARTBEAT</type>
		<severity>INFO</severity>
		<timestamp>Fri May 10 18:16:15 2024</timestamp>
		<arg name='tids'>17404,9076,17216,16372,17396,16820,6116,16812,2804,17400,12896,16872,1388,14168,1144,16732</arg>
		<arg name='syscalls'>1,1,1,1,1,1,1,1,1,1,1,1,1,1,0,0</arg>
		<arg name='calls'>30,30,30,30,31,30,31,52,50,43,77,95,93,96,647,28117</arg>
	</msg>
	<msg id='105' source='tccore'>
		<type>CTSA_NO_STACK</type>
		<severity>WARNING</severity>
		<timestamp>Fri May 10 18:16:15 2024</timestamp>
	</msg>
	<msg id='106' display='false' source='tcet'>
		<type>THREADNAME</type>
		<severity>INFO</severity>
		<timestamp>Fri May 10 18:16:16 2024</timestamp>
		<arg name='tid'>17404</arg>
		<arg name='name'>OMP Worker Thread #15</arg>
	</msg>
	<msg id='107' display='false' source='tcet'>
		<type>THREADNAME</type>
		<severity>INFO</severity>
		<timestamp>Fri May 10 18:16:16 2024</timestamp>
		<arg name='tid'>9076</arg>
		<arg name='name'>OMP Worker Thread #14</arg>
	</msg>
	<msg id='108' display='false' source='tcet'>
		<type>THREADNAME</type>
		<severity>INFO</severity>
		<timestamp>Fri May 10 18:16:16 2024</timestamp>
		<arg name='tid'>17216</arg>
		<arg name='name'>OMP Worker Thread #13</arg>
	</msg>
	<msg id='109' display='false' source='tcet'>
		<type>THREADNAME</type>
		<severity>INFO</severity>
		<timestamp>Fri May 10 18:16:16 2024</timestamp>
		<arg name='tid'>16372</arg>
		<arg name='name'>OMP Worker Thread #12</arg>
	</msg>
	<msg id='110' display='false' source='tcet'>
		<type>THREADNAME</type>
		<severity>INFO</severity>
		<timestamp>Fri May 10 18:16:16 2024</timestamp>
		<arg name='tid'>17396</arg>
		<arg name='name'>OMP Worker Thread #11</arg>
	</msg>
	<msg id='111' display='false' source='tcet'>
		<type>THREADNAME</type>
		<severity>INFO</severity>
		<timestamp>Fri May 10 18:16:16 2024</timestamp>
		<arg name='tid'>16820</arg>
		<arg name='name'>OMP Worker Thread #10</arg>
	</msg>
	<msg id='112' display='false' source='tcet'>
		<type>THREADNAME</type>
		<severity>INFO</severity>
		<timestamp>Fri May 10 18:16:16 2024</timestamp>
		<arg name='tid'>6116</arg>
		<arg name='name'>OMP Worker Thread #9</arg>
	</msg>
	<msg id='113' display='false' source='tcet'>
		<type>THREADNAME</type>
		<severity>INFO</severity>
		<timestamp>Fri May 10 18:16:16 2024</timestamp>
		<arg name='tid'>16812</arg>
		<arg name='name'>OMP Worker Thread #8</arg>
	</msg>
	<msg id='114' display='false' source='tcet'>
		<type>THREADNAME</type>
		<severity>INFO</severity>
		<timestamp>Fri May 10 18:16:16 2024</timestamp>
		<arg name='tid'>2804</arg>
		<arg name='name'>OMP Worker Thread #7</arg>
	</msg>
	<msg id='115' display='false' source='tcet'>
		<type>THREADNAME</type>
		<severity>INFO</severity>
		<timestamp>Fri May 10 18:16:16 2024</timestamp>
		<arg name='tid'>17400</arg>
		<arg name='name'>OMP Worker Thread #6</arg>
	</msg>
	<msg id='116' display='false' source='tcet'>
		<type>THREADNAME</type>
		<severity>INFO</severity>
		<timestamp>Fri May 10 18:16:16 2024</timestamp>
		<arg name='tid'>12896</arg>
		<arg name='name'>OMP Worker Thread #5</arg>
	</msg>
	<msg id='117' display='false' source='tcet'>
		<type>THREADNAME</type>
		<severity>INFO</severity>
		<timestamp>Fri May 10 18:16:16 2024</timestamp>
		<arg name='tid'>16872</arg>
		<arg name='name'>OMP Worker Thread #4</arg>
	</msg>
	<msg id='118' display='false' source='tcet'>
		<type>THREADNAME</type>
		<severity>INFO</severity>
		<timestamp>Fri May 10 18:16:16 2024</timestamp>
		<arg name='tid'>1388</arg>
		<arg name='name'>OMP Worker Thread #3</arg>
	</msg>
	<msg id='119' display='false' source='tcet'>
		<type>THREADNAME</type>
		<severity>INFO</severity>
		<timestamp>Fri May 10 18:16:16 2024</timestamp>
		<arg name='tid'>14168</arg>
		<arg name='name'>OMP Worker Thread #2</arg>
	</msg>
	<msg id='120' display='false' source='tcet'>
		<type>THREADNAME</type>
		<severity>INFO</severity>
		<timestamp>Fri May 10 18:16:16 2024</timestamp>
		<arg name='tid'>1144</arg>
		<arg name='name'>OMP Worker Thread #1</arg>
	</msg>
	<msg id='121' display='false' source='tcet'>
		<type>HEARTBEAT</type>
		<severity>INFO</severity>
		<timestamp>Fri May 10 18:16:16 2024</timestamp>
		<arg name='tids'>17404,9076,17216,16372,17396,16820,6116,16812,2804,17400,12896,16872,1388,14168,1144,16732</arg>
		<arg name='syscalls'>1,1,1,1,1,1,1,1,1,1,1,1,1,1,1,0</arg>
		<arg name='calls'>2316478,2383140,2257062,2471003,2308219,2289226,1963312,2423948,1988226,1925166,1969214,2232066,2023890,1990629,1987628,11233271</arg>
	</msg>
	<msg id='122' display='false' source='tcet'>
		<type>HEARTBEAT</type>
		<severity>INFO</severity>
		<timestamp>Fri May 10 18:16:17 2024</timestamp>
		<arg name='tids'>17404,9076,17216,16372,17396,16820,6116,16812,2804,17400,12896,16872,1388,14168,1144,16732</arg>
		<arg name='syscalls'>1,1,1,1,1,1,1,1,1,1,1,1,1,1,1,0</arg>
		<arg name='calls'>0,0,0,0,0,0,0,0,0,0,0,0,0,0,0,23244407</arg>
	</msg>
	<msg id='123' display='false' source='tcet'>
		<type>HEARTBEAT</type>
		<severity>INFO</severity>
		<timestamp>Fri May 10 18:16:18 2024</timestamp>
		<arg name='tids'>17404,9076,17216,16372,17396,16820,6116,16812,2804,17400,12896,16872,1388,14168,1144,16732</arg>
		<arg name='syscalls'>1,1,1,1,1,1,1,1,1,1,1,1,1,1,1,0</arg>
		<arg name='calls'>0,0,0,0,0,0,0,0,0,0,0,0,0,0,0,23196638</arg>
	</msg>
	<msg id='124' display='false' source='tcet'>
		<type>HEARTBEAT</type>
		<severity>INFO</severity>
		<timestamp>Fri May 10 18:16:19 2024</timestamp>
		<arg name='tids'>17404,9076,17216,16372,17396,16820,6116,16812,2804,17400,12896,16872,1388,14168,1144,16732</arg>
		<arg name='syscalls'>1,1,1,1,1,1,1,1,1,1,1,1,1,1,1,0</arg>
		<arg name='calls'>0,0,0,0,0,0,0,0,0,0,0,0,0,0,0,25247985</arg>
	</msg>
	<msg id='125' display='false' source='tcet'>
		<type>HEARTBEAT</type>
		<severity>INFO</severity>
		<timestamp>Fri May 10 18:16:20 2024</timestamp>
		<arg name='tids'>17404,9076,17216,16372,17396,16820,6116,16812,2804,17400,12896,16872,1388,14168,1144,16732</arg>
		<arg name='syscalls'>1,1,1,1,1,1,1,1,1,1,1,1,1,1,1,0</arg>
		<arg name='calls'>0,0,0,0,0,0,0,0,0,0,0,0,0,0,0,25432676</arg>
	</msg>
	<msg id='126' display='false' source='tcet'>
		<type>HEARTBEAT</type>
		<severity>INFO</severity>
		<timestamp>Fri May 10 18:16:21 2024</timestamp>
		<arg name='tids'>17404,9076,17216,16372,17396,16820,6116,16812,2804,17400,12896,16872,1388,14168,1144,16732</arg>
		<arg name='syscalls'>1,1,1,1,1,1,1,1,1,1,1,1,1,1,1,0</arg>
		<arg name='calls'>7,7,7,7,7,7,7,7,7,7,7,7,7,7,7,25394924</arg>
	</msg>
	<msg id='127' display='false' source='tcet'>
		<type>HEARTBEAT</type>
		<severity>INFO</severity>
		<timestamp>Fri May 10 18:16:22 2024</timestamp>
		<arg name='tids'>17404,9076,17216,16372,17396,16820,6116,16812,2804,17400,12896,16872,1388,14168,1144,16732</arg>
		<arg name='syscalls'>1,1,1,1,1,1,1,1,1,1,1,1,1,1,1,0</arg>
		<arg name='calls'>0,0,0,0,0,0,0,0,0,0,0,0,0,0,0,25429793</arg>
	</msg>
	<msg id='128' display='false' source='tcet'>
		<type>HEARTBEAT</type>
		<severity>INFO</severity>
		<timestamp>Fri May 10 18:16:23 2024</timestamp>
		<arg name='tids'>17404,9076,17216,16372,17396,16820,6116,16812,2804,17400,12896,16872,1388,14168,1144,16732</arg>
		<arg name='syscalls'>1,1,1,1,1,1,1,1,1,1,1,1,1,1,1,0</arg>
		<arg name='calls'>0,0,0,0,0,0,0,0,0,0,0,0,0,0,0,25421149</arg>
	</msg>
	<msg id='129' display='false' source='tcet'>
		<type>HEARTBEAT</type>
		<severity>INFO</severity>
		<timestamp>Fri May 10 18:16:24 2024</timestamp>
		<arg name='tids'>17404,9076,17216,16372,17396,16820,6116,16812,2804,17400,12896,16872,1388,14168,1144,16732</arg>
		<arg name='syscalls'>1,1,1,1,1,1,1,1,1,1,1,1,1,1,1,0</arg>
		<arg name='calls'>0,0,0,0,0,0,0,0,0,0,0,0,0,0,0,25394446</arg>
	</msg>
	<msg id='130' display='false' source='tcet'>
		<type>HEARTBEAT</type>
		<severity>INFO</severity>
		<timestamp>Fri May 10 18:16:25 2024</timestamp>
		<arg name='tids'>17404,9076,17216,16372,17396,16820,6116,16812,2804,17400,12896,16872,1388,14168,1144,16732</arg>
		<arg name='syscalls'>1,1,1,1,1,1,1,1,1,1,1,1,1,1,1,0</arg>
		<arg name='calls'>0,0,0,0,0,0,0,0,0,0,0,0,0,0,0,25388534</arg>
	</msg>
	<msg id='131' display='false' source='tcet'>
		<type>HEARTBEAT</type>
		<severity>INFO</severity>
		<timestamp>Fri May 10 18:16:26 2024</timestamp>
		<arg name='tids'>17404,9076,17216,16372,17396,16820,6116,16812,2804,17400,12896,16872,1388,14168,1144,16732</arg>
		<arg name='syscalls'>1,1,1,1,1,1,1,1,1,1,1,1,1,1,1,0</arg>
		<arg name='calls'>7,7,7,7,7,7,7,7,7,7,7,7,7,7,7,25432912</arg>
	</msg>
	<msg id='132' display='false' source='tcet'>
		<type>HEARTBEAT</type>
		<severity>INFO</severity>
		<timestamp>Fri May 10 18:16:27 2024</timestamp>
		<arg name='tids'>17404,9076,17216,16372,17396,16820,6116,16812,2804,17400,12896,16872,1388,14168,1144,16732</arg>
		<arg name='syscalls'>1,1,1,1,1,1,1,1,1,1,1,1,1,1,1,0</arg>
		<arg name='calls'>0,0,0,0,0,0,0,0,0,0,0,0,0,0,0,24892724</arg>
	</msg>
	<msg id='133' display='false' source='tcet'>
		<type>HEARTBEAT</type>
		<severity>INFO</severity>
		<timestamp>Fri May 10 18:16:28 2024</timestamp>
		<arg name='tids'>17404,9076,17216,16372,17396,16820,6116,16812,2804,17400,12896,16872,1388,14168,1144,16732</arg>
		<arg name='syscalls'>1,1,1,1,1,1,1,1,1,1,1,1,1,1,1,0</arg>
		<arg name='calls'>0,0,0,0,0,0,0,0,0,0,0,0,0,0,0,23148222</arg>
	</msg>
	<msg id='134' display='false' source='tcet'>
		<type>HEARTBEAT</type>
		<severity>INFO</severity>
		<timestamp>Fri May 10 18:16:29 2024</timestamp>
		<arg name='tids'>17404,9076,17216,16372,17396,16820,6116,16812,2804,17400,12896,16872,1388,14168,1144,16732</arg>
		<arg name='syscalls'>1,1,1,1,1,1,1,1,1,1,1,1,1,1,1,0</arg>
		<arg name='calls'>0,0,0,0,0,0,0,0,0,0,0,0,0,0,0,23127681</arg>
	</msg>
	<msg id='135' display='false' source='tcet'>
		<type>HEARTBEAT</type>
		<severity>INFO</severity>
		<timestamp>Fri May 10 18:16:30 2024</timestamp>
		<arg name='tids'>17404,9076,17216,16372,17396,16820,6116,16812,2804,17400,12896,16872,1388,14168,1144,16732</arg>
		<arg name='syscalls'>1,1,1,1,1,1,1,1,1,1,1,1,1,1,1,0</arg>
		<arg name='calls'>0,0,0,0,0,0,0,0,0,0,0,0,0,0,0,23157618</arg>
	</msg>
	<msg id='136' display='false' source='tcet'>
		<type>HEARTBEAT</type>
		<severity>INFO</severity>
		<timestamp>Fri May 10 18:16:31 2024</timestamp>
		<arg name='tids'>17404,9076,17216,16372,17396,16820,6116,16812,2804,17400,12896,16872,1388,14168,1144,16732</arg>
		<arg name='syscalls'>1,1,1,1,1,1,1,1,1,1,1,1,1,1,1,0</arg>
		<arg name='calls'>7,7,7,7,7,7,7,7,7,7,7,7,7,7,7,23156687</arg>
	</msg>
	<msg id='137' display='false' source='tcet'>
		<type>HEARTBEAT</type>
		<severity>INFO</severity>
		<timestamp>Fri May 10 18:16:32 2024</timestamp>
		<arg name='tids'>17404,9076,17216,16372,17396,16820,6116,16812,2804,17400,12896,16872,1388,14168,1144,16732</arg>
		<arg name='syscalls'>1,1,1,1,1,1,1,1,1,1,1,1,1,1,1,0</arg>
		<arg name='calls'>0,0,0,0,0,0,0,0,0,0,0,0,0,0,0,23151500</arg>
	</msg>
	<msg id='138' display='false' source='tcet'>
		<type>HEARTBEAT</type>
		<severity>INFO</severity>
		<timestamp>Fri May 10 18:16:33 2024</timestamp>
		<arg name='tids'>17404,9076,17216,16372,17396,16820,6116,16812,2804,17400,12896,16872,1388,14168,1144,16732</arg>
		<arg name='syscalls'>1,1,1,1,1,1,1,1,1,1,1,1,1,1,1,0</arg>
		<arg name='calls'>0,0,0,0,0,0,0,0,0,0,0,0,0,0,0,23147907</arg>
	</msg>
	<msg id='139' display='false' source='tcet'>
		<type>HEARTBEAT</type>
		<severity>INFO</severity>
		<timestamp>Fri May 10 18:16:34 2024</timestamp>
		<arg name='tids'>17404,9076,17216,16372,17396,16820,6116,16812,2804,17400,12896,16872,1388,14168,1144,16732</arg>
		<arg name='syscalls'>1,1,1,1,1,1,1,1,1,1,1,1,1,1,1,0</arg>
		<arg name='calls'>0,0,0,0,0,0,0,0,0,0,0,0,0,0,0,23166351</arg>
	</msg>
	<msg id='140' display='false' source='tcet'>
		<type>HEARTBEAT</type>
		<severity>INFO</severity>
		<timestamp>Fri May 10 18:16:35 2024</timestamp>
		<arg name='tids'>17404,9076,17216,16372,17396,16820,6116,16812,2804,17400,12896,16872,1388,14168,1144,16732</arg>
		<arg name='syscalls'>1,1,1,1,1,1,1,1,1,1,1,1,1,1,1,0</arg>
		<arg name='calls'>0,0,0,0,0,0,0,0,0,0,0,0,0,0,0,23108479</arg>
	</msg>
	<msg id='141' display='false' source='tcet'>
		<type>HEARTBEAT</type>
		<severity>INFO</severity>
		<timestamp>Fri May 10 18:16:36 2024</timestamp>
		<arg name='tids'>17404,9076,17216,16372,17396,16820,6116,16812,2804,17400,12896,16872,1388,14168,1144,16732</arg>
		<arg name='syscalls'>1,1,1,1,1,1,1,1,1,1,1,1,1,1,1,0</arg>
		<arg name='calls'>7,7,7,7,7,7,7,7,7,7,7,7,7,7,7,23164272</arg>
	</msg>
	<msg id='142' display='false' source='tcet'>
		<type>HEARTBEAT</type>
		<severity>INFO</severity>
		<timestamp>Fri May 10 18:16:37 2024</timestamp>
		<arg name='tids'>17404,9076,17216,16372,17396,16820,6116,16812,2804,17400,12896,16872,1388,14168,1144,16732</arg>
		<arg name='syscalls'>1,1,1,1,1,1,1,1,1,1,1,1,1,1,1,0</arg>
		<arg name='calls'>0,0,0,0,0,0,0,0,0,0,0,0,0,0,0,23140840</arg>
	</msg>
	<msg id='143' display='false' source='tcet'>
		<type>HEARTBEAT</type>
		<severity>INFO</severity>
		<timestamp>Fri May 10 18:16:38 2024</timestamp>
		<arg name='tids'>17404,9076,17216,16372,17396,16820,6116,16812,2804,17400,12896,16872,1388,14168,1144,16732</arg>
		<arg name='syscalls'>1,1,1,1,1,1,1,1,1,1,1,1,1,1,1,0</arg>
		<arg name='calls'>0,0,0,0,0,0,0,0,0,0,0,0,0,0,0,23177562</arg>
	</msg>
	<msg id='144' display='false' source='tcet'>
		<type>HEARTBEAT</type>
		<severity>INFO</severity>
		<timestamp>Fri May 10 18:16:39 2024</timestamp>
		<arg name='tids'>17404,9076,17216,16372,17396,16820,6116,16812,2804,17400,12896,16872,1388,14168,1144,16732</arg>
		<arg name='syscalls'>1,1,1,1,1,1,1,1,1,1,1,1,1,1,1,0</arg>
		<arg name='calls'>0,0,0,0,0,0,0,0,0,0,0,0,0,0,0,23014382</arg>
	</msg>
	<msg id='145' display='false' source='tcet'>
		<type>HEARTBEAT</type>
		<severity>INFO</severity>
		<timestamp>Fri May 10 18:16:40 2024</timestamp>
		<arg name='tids'>17404,9076,17216,16372,17396,16820,6116,16812,2804,17400,12896,16872,1388,14168,1144,16732</arg>
		<arg name='syscalls'>1,1,1,1,1,1,1,1,1,1,1,1,1,1,1,0</arg>
		<arg name='calls'>0,0,0,0,0,0,0,0,0,0,0,0,0,0,0,22942257</arg>
	</msg>
	<msg id='146' display='false' source='tcet'>
		<type>HEARTBEAT</type>
		<severity>INFO</severity>
		<timestamp>Fri May 10 18:16:41 2024</timestamp>
		<arg name='tids'>17404,9076,17216,16372,17396,16820,6116,16812,2804,17400,12896,16872,1388,14168,1144,16732</arg>
		<arg name='syscalls'>1,1,1,1,1,1,1,1,1,1,1,1,1,1,1,0</arg>
		<arg name='calls'>7,7,7,7,7,7,7,7,7,7,7,7,7,7,7,23333251</arg>
	</msg>
	<msg id='147' display='false' source='tcet'>
		<type>HEARTBEAT</type>
		<severity>INFO</severity>
		<timestamp>Fri May 10 18:16:42 2024</timestamp>
		<arg name='tids'>17404,9076,17216,16372,17396,16820,6116,16812,2804,17400,12896,16872,1388,14168,1144,16732</arg>
		<arg name='syscalls'>1,1,1,1,1,1,1,1,1,1,1,1,1,1,1,0</arg>
		<arg name='calls'>0,0,0,0,0,0,0,0,0,0,0,0,0,0,0,23016689</arg>
	</msg>
	<msg id='148' display='false' source='tcet'>
		<type>HEARTBEAT</type>
		<severity>INFO</severity>
		<timestamp>Fri May 10 18:16:43 2024</timestamp>
		<arg name='tids'>17404,9076,17216,16372,17396,16820,6116,16812,2804,17400,12896,16872,1388,14168,1144,16732</arg>
		<arg name='syscalls'>1,1,1,1,1,1,1,1,1,1,1,1,1,1,1,0</arg>
		<arg name='calls'>0,0,0,0,0,0,0,0,0,0,0,0,0,0,0,23057809</arg>
	</msg>
	<msg id='149' display='false' source='tcet'>
		<type>HEARTBEAT</type>
		<severity>INFO</severity>
		<timestamp>Fri May 10 18:16:44 2024</timestamp>
		<arg name='tids'>17404,9076,17216,16372,17396,16820,6116,16812,2804,17400,12896,16872,1388,14168,1144,16732</arg>
		<arg name='syscalls'>1,1,1,1,1,1,1,1,1,1,1,1,1,1,1,0</arg>
		<arg name='calls'>0,0,0,0,0,0,0,0,0,0,0,0,0,0,0,23065598</arg>
	</msg>
	<msg id='150' display='false' source='tcet'>
		<type>HEARTBEAT</type>
		<severity>INFO</severity>
		<timestamp>Fri May 10 18:16:45 2024</timestamp>
		<arg name='tids'>17404,9076,17216,16372,17396,16820,6116,16812,2804,17400,12896,16872,1388,14168,1144,16732</arg>
		<arg name='syscalls'>1,1,1,1,1,1,1,1,1,1,1,1,1,1,1,0</arg>
		<arg name='calls'>0,0,0,0,0,0,0,0,0,0,0,0,0,0,0,46386234</arg>
	</msg>
	<msg id='151' display='false' source='tcet'>
		<type>HEARTBEAT</type>
		<severity>INFO</severity>
		<timestamp>Fri May 10 18:16:46 2024</timestamp>
		<arg name='tids'>17404,9076,17216,16372,17396,16820,6116,16812,2804,17400,12896,16872,1388,14168,1144,16732</arg>
		<arg name='syscalls'>1,1,1,1,1,1,1,1,1,1,1,1,1,1,1,0</arg>
		<arg name='calls'>7,7,7,7,7,7,7,7,7,7,7,7,7,7,7,24857569</arg>
	</msg>
	<msg id='152' display='false' source='tcet'>
		<type>HEARTBEAT</type>
		<severity>INFO</severity>
		<timestamp>Fri May 10 18:16:47 2024</timestamp>
		<arg name='tids'>17404,9076,17216,16372,17396,16820,6116,16812,2804,17400,12896,16872,1388,14168,1144,16732</arg>
		<arg name='syscalls'>1,1,1,1,1,1,1,1,1,1,1,1,1,1,1,0</arg>
		<arg name='calls'>0,0,0,0,0,0,0,0,0,0,0,0,0,0,0,24435670</arg>
	</msg>
	<msg id='153' display='false' source='tcet'>
		<type>HEARTBEAT</type>
		<severity>INFO</severity>
		<timestamp>Fri May 10 18:16:48 2024</timestamp>
		<arg name='tids'>17404,9076,17216,16372,17396,16820,6116,16812,2804,17400,12896,16872,1388,14168,1144,16732</arg>
		<arg name='syscalls'>1,1,1,1,1,1,1,1,1,1,1,1,1,1,1,0</arg>
		<arg name='calls'>0,0,0,0,0,0,0,0,0,0,0,0,0,0,0,47517514</arg>
	</msg>
	<msg id='154' display='false' source='tcet'>
		<type>HEARTBEAT</type>
		<severity>INFO</severity>
		<timestamp>Fri May 10 18:16:49 2024</timestamp>
		<arg name='tids'>17404,9076,17216,16372,17396,16820,6116,16812,2804,17400,12896,16872,1388,14168,1144,16732</arg>
		<arg name='syscalls'>1,1,1,1,1,1,1,1,1,1,1,1,1,1,1,0</arg>
		<arg name='calls'>0,0,0,0,0,0,0,0,0,0,0,0,0,0,0,70388201</arg>
	</msg>
	<msg id='155' display='false' source='tcet'>
		<type>HEARTBEAT</type>
		<severity>INFO</severity>
		<timestamp>Fri May 10 18:16:50 2024</timestamp>
		<arg name='tids'>17404,9076,17216,16372,17396,16820,6116,16812,2804,17400,12896,16872,1388,14168,1144,16732</arg>
		<arg name='syscalls'>1,1,1,1,1,1,1,1,1,1,1,1,1,1,1,0</arg>
		<arg name='calls'>0,0,0,0,0,0,0,0,0,0,0,0,0,0,0,23099737</arg>
	</msg>
	<msg id='156' display='false' source='tcet'>
		<type>HEARTBEAT</type>
		<severity>INFO</severity>
		<timestamp>Fri May 10 18:16:51 2024</timestamp>
		<arg name='tids'>17404,9076,17216,16372,17396,16820,6116,16812,2804,17400,12896,16872,1388,14168,1144,16732</arg>
		<arg name='syscalls'>1,1,1,1,1,1,1,1,1,1,1,1,1,1,1,0</arg>
		<arg name='calls'>7,7,7,7,7,7,7,7,7,7,7,7,7,7,7,23181578</arg>
	</msg>
	<msg id='157' display='false' source='tcet'>
		<type>HEARTBEAT</type>
		<severity>INFO</severity>
		<timestamp>Fri May 10 18:16:52 2024</timestamp>
		<arg name='tids'>17404,9076,17216,16372,17396,16820,6116,16812,2804,17400,12896,16872,1388,14168,1144,16732</arg>
		<arg name='syscalls'>1,1,1,1,1,1,1,1,1,1,1,1,1,1,1,0</arg>
		<arg name='calls'>0,0,0,0,0,0,0,0,0,0,0,0,0,0,0,23175802</arg>
	</msg>
	<msg id='158' display='false' source='tcet'>
		<type>HEARTBEAT</type>
		<severity>INFO</severity>
		<timestamp>Fri May 10 18:16:53 2024</timestamp>
		<arg name='tids'>17404,9076,17216,16372,17396,16820,6116,16812,2804,17400,12896,16872,1388,14168,1144,16732</arg>
		<arg name='syscalls'>1,1,1,1,1,1,1,1,1,1,1,1,1,1,1,0</arg>
		<arg name='calls'>0,0,0,0,0,0,0,0,0,0,0,0,0,0,0,23183727</arg>
	</msg>
	<msg id='159' display='false' source='tcet'>
		<type>HEARTBEAT</type>
		<severity>INFO</severity>
		<timestamp>Fri May 10 18:16:54 2024</timestamp>
		<arg name='tids'>17404,9076,17216,16372,17396,16820,6116,16812,2804,17400,12896,16872,1388,14168,1144,16732</arg>
		<arg name='syscalls'>1,1,1,1,1,1,1,1,1,1,1,1,1,1,1,0</arg>
		<arg name='calls'>0,0,0,0,0,0,0,0,0,0,0,0,0,0,0,23167317</arg>
	</msg>
	<msg id='160' display='false' source='tcet'>
		<type>HEARTBEAT</type>
		<severity>INFO</severity>
		<timestamp>Fri May 10 18:16:55 2024</timestamp>
		<arg name='tids'>17404,9076,17216,16372,17396,16820,6116,16812,2804,17400,12896,16872,1388,14168,1144,16732</arg>
		<arg name='syscalls'>1,1,1,1,1,1,1,1,1,1,1,1,1,1,1,0</arg>
		<arg name='calls'>0,0,0,0,0,0,0,0,0,0,0,0,0,0,0,23181312</arg>
	</msg>
	<msg id='161' display='false' source='tcet'>
		<type>HEARTBEAT</type>
		<severity>INFO</severity>
		<timestamp>Fri May 10 18:16:56 2024</timestamp>
		<arg name='tids'>17404,9076,17216,16372,17396,16820,6116,16812,2804,17400,12896,16872,1388,14168,1144,16732</arg>
		<arg name='syscalls'>1,1,1,1,1,1,1,1,1,1,1,1,1,1,1,0</arg>
		<arg name='calls'>7,7,7,7,7,7,7,7,7,7,7,7,7,7,7,23184368</arg>
	</msg>
	<msg id='162' display='false' source='tcet'>
		<type>HEARTBEAT</type>
		<severity>INFO</severity>
		<timestamp>Fri May 10 18:16:57 2024</timestamp>
		<arg name='tids'>17404,9076,17216,16372,17396,16820,6116,16812,2804,17400,12896,16872,1388,14168,1144,16732</arg>
		<arg name='syscalls'>1,1,1,1,1,1,1,1,1,1,1,1,1,1,1,0</arg>
		<arg name='calls'>0,0,0,0,0,0,0,0,0,0,0,0,0,0,0,23192638</arg>
	</msg>
	<msg id='163' display='false' source='tcet'>
		<type>HEARTBEAT</type>
		<severity>INFO</severity>
		<timestamp>Fri May 10 18:16:58 2024</timestamp>
		<arg name='tids'>17404,9076,17216,16372,17396,16820,6116,16812,2804,17400,12896,16872,1388,14168,1144,16732</arg>
		<arg name='syscalls'>1,1,1,1,1,1,1,1,1,1,1,1,1,1,1,0</arg>
		<arg name='calls'>0,0,0,0,0,0,0,0,0,0,0,0,0,0,0,23179368</arg>
	</msg>
	<msg id='164' display='false' source='tcet'>
		<type>HEARTBEAT</type>
		<severity>INFO</severity>
		<timestamp>Fri May 10 18:16:59 2024</timestamp>
		<arg name='tids'>17404,9076,17216,16372,17396,16820,6116,16812,2804,17400,12896,16872,1388,14168,1144,16732</arg>
		<arg name='syscalls'>1,1,1,1,1,1,1,1,1,1,1,1,1,1,1,0</arg>
		<arg name='calls'>0,0,0,0,0,0,0,0,0,0,0,0,0,0,0,23162239</arg>
	</msg>
	<msg id='165' display='false' source='tcet'>
		<type>HEARTBEAT</type>
		<severity>INFO</severity>
		<timestamp>Fri May 10 18:17:00 2024</timestamp>
		<arg name='tids'>17404,9076,17216,16372,17396,16820,6116,16812,2804,17400,12896,16872,1388,14168,1144,16732</arg>
		<arg name='syscalls'>1,1,1,1,1,1,1,1,1,1,1,1,1,1,1,0</arg>
		<arg name='calls'>0,0,0,0,0,0,0,0,0,0,0,0,0,0,0,23167014</arg>
	</msg>
	<msg id='166' display='false' source='tcet'>
		<type>HEARTBEAT</type>
		<severity>INFO</severity>
		<timestamp>Fri May 10 18:17:01 2024</timestamp>
		<arg name='tids'>17404,9076,17216,16372,17396,16820,6116,16812,2804,17400,12896,16872,1388,14168,1144,16732</arg>
		<arg name='syscalls'>1,1,1,1,1,1,1,1,1,1,1,1,1,1,1,0</arg>
		<arg name='calls'>7,7,7,7,7,7,7,7,7,7,7,7,7,7,7,23170065</arg>
	</msg>
	<msg id='167' display='false' source='tcet'>
		<type>HEARTBEAT</type>
		<severity>INFO</severity>
		<timestamp>Fri May 10 18:17:02 2024</timestamp>
		<arg name='tids'>17404,9076,17216,16372,17396,16820,6116,16812,2804,17400,12896,16872,1388,14168,1144,16732</arg>
		<arg name='syscalls'>1,1,1,1,1,1,1,1,1,1,1,1,1,1,1,0</arg>
		<arg name='calls'>0,0,0,0,0,0,0,0,0,0,0,0,0,0,0,23180392</arg>
	</msg>
	<msg id='168' display='false' source='tcet'>
		<type>HEARTBEAT</type>
		<severity>INFO</severity>
		<timestamp>Fri May 10 18:17:03 2024</timestamp>
		<arg name='tids'>17404,9076,17216,16372,17396,16820,6116,16812,2804,17400,12896,16872,1388,14168,1144,16732</arg>
		<arg name='syscalls'>1,1,1,1,1,1,1,1,1,1,1,1,1,1,1,0</arg>
		<arg name='calls'>0,0,0,0,0,0,0,0,0,0,0,0,0,0,0,23141455</arg>
	</msg>
	<msg id='169' display='false' source='tcet'>
		<type>HEARTBEAT</type>
		<severity>INFO</severity>
		<timestamp>Fri May 10 18:17:04 2024</timestamp>
		<arg name='tids'>17404,9076,17216,16372,17396,16820,6116,16812,2804,17400,12896,16872,1388,14168,1144,16732</arg>
		<arg name='syscalls'>1,1,1,1,1,1,1,1,1,1,1,1,1,1,1,0</arg>
		<arg name='calls'>0,0,0,0,0,0,0,0,0,0,0,0,0,0,0,23174447</arg>
	</msg>
	<msg id='170' display='false' source='tcet'>
		<type>HEARTBEAT</type>
		<severity>INFO</severity>
		<timestamp>Fri May 10 18:17:05 2024</timestamp>
		<arg name='tids'>17404,9076,17216,16372,17396,16820,6116,16812,2804,17400,12896,16872,1388,14168,1144,16732</arg>
		<arg name='syscalls'>1,1,1,1,1,1,1,1,1,1,1,1,1,1,1,0</arg>
		<arg name='calls'>0,0,0,0,0,0,0,0,0,0,0,0,0,0,0,23202175</arg>
	</msg>
	<msg id='171' display='false' source='tcet'>
		<type>HEARTBEAT</type>
		<severity>INFO</severity>
		<timestamp>Fri May 10 18:17:06 2024</timestamp>
		<arg name='tids'>17404,9076,17216,16372,17396,16820,6116,16812,2804,17400,12896,16872,1388,14168,1144,16732</arg>
		<arg name='syscalls'>1,1,1,1,1,1,1,1,1,1,1,1,1,1,1,0</arg>
		<arg name='calls'>7,7,7,7,7,7,7,7,7,7,7,7,7,7,7,23187855</arg>
	</msg>
	<msg id='172' display='false' source='tcet'>
		<type>HEARTBEAT</type>
		<severity>INFO</severity>
		<timestamp>Fri May 10 18:17:07 2024</timestamp>
		<arg name='tids'>17404,9076,17216,16372,17396,16820,6116,16812,2804,17400,12896,16872,1388,14168,1144,16732</arg>
		<arg name='syscalls'>1,1,1,1,1,1,1,1,1,1,1,1,1,1,1,0</arg>
		<arg name='calls'>0,0,0,0,0,0,0,0,0,0,0,0,0,0,0,23151888</arg>
	</msg>
	<msg id='173' display='false' source='tcet'>
		<type>HEARTBEAT</type>
		<severity>INFO</severity>
		<timestamp>Fri May 10 18:17:08 2024</timestamp>
		<arg name='tids'>17404,9076,17216,16372,17396,16820,6116,16812,2804,17400,12896,16872,1388,14168,1144,16732</arg>
		<arg name='syscalls'>1,1,1,1,1,1,1,1,1,1,1,1,1,1,1,0</arg>
		<arg name='calls'>0,0,0,0,0,0,0,0,0,0,0,0,0,0,0,23156364</arg>
	</msg>
	<msg id='174' display='false' source='tcet'>
		<type>HEARTBEAT</type>
		<severity>INFO</severity>
		<timestamp>Fri May 10 18:17:09 2024</timestamp>
		<arg name='tids'>17404,9076,17216,16372,17396,16820,6116,16812,2804,17400,12896,16872,1388,14168,1144,16732</arg>
		<arg name='syscalls'>1,1,1,1,1,1,1,1,1,1,1,1,1,1,1,0</arg>
		<arg name='calls'>0,0,0,0,0,0,0,0,0,0,0,0,0,0,0,23175055</arg>
	</msg>
	<msg id='175' display='false' source='tcet'>
		<type>HEARTBEAT</type>
		<severity>INFO</severity>
		<timestamp>Fri May 10 18:17:10 2024</timestamp>
		<arg name='tids'>17404,9076,17216,16372,17396,16820,6116,16812,2804,17400,12896,16872,1388,14168,1144,16732</arg>
		<arg name='syscalls'>1,1,1,1,1,1,1,1,1,1,1,1,1,1,1,0</arg>
		<arg name='calls'>0,0,0,0,0,0,0,0,0,0,0,0,0,0,0,23167916</arg>
	</msg>
	<msg id='176' display='false' source='tcet'>
		<type>HEARTBEAT</type>
		<severity>INFO</severity>
		<timestamp>Fri May 10 18:17:11 2024</timestamp>
		<arg name='tids'>17404,9076,17216,16372,17396,16820,6116,16812,2804,17400,12896,16872,1388,14168,1144,16732</arg>
		<arg name='syscalls'>1,1,1,1,1,1,1,1,1,1,1,1,1,1,1,0</arg>
		<arg name='calls'>7,7,7,7,7,7,7,7,7,7,7,7,7,7,7,23122979</arg>
	</msg>
	<msg id='177' display='false' source='tcet'>
		<type>HEARTBEAT</type>
		<severity>INFO</severity>
		<timestamp>Fri May 10 18:17:12 2024</timestamp>
		<arg name='tids'>17404,9076,17216,16372,17396,16820,6116,16812,2804,17400,12896,16872,1388,14168,1144,16732</arg>
		<arg name='syscalls'>1,1,1,1,1,1,1,1,1,1,1,1,1,1,1,0</arg>
		<arg name='calls'>0,0,0,0,0,0,0,0,0,0,0,0,0,0,0,23120482</arg>
	</msg>
	<msg id='178' display='false' source='tcet'>
		<type>STOP_PROCESSED</type>
		<severity>INFO</severity>
		<timestamp>Fri May 10 18:17:12 2024</timestamp>
	</msg>
	<msg id='179' source='tcet'>
		<type>UNLOAD_MODULE</type>
		<severity>INFO</severity>
		<timestamp>Fri May 10 18:17:12 2024</timestamp>
		<arg name='module'>d:\раб стол\УНИК\Мага\2 сем\Гетерогенные\labs\siw\build\getor\getor.exe</arg>
		<arg name='id'>2</arg>
	</msg>
	<msg id='180' source='tcet'>
		<type>UNLOAD_MODULE</type>
		<severity>INFO</severity>
		<timestamp>Fri May 10 18:17:12 2024</timestamp>
		<arg name='module'>c:\windows\system32\kernelbase.dll</arg>
		<arg name='id'>3</arg>
	</msg>
	<msg id='181' source='tcet'>
		<type>UNLOAD_MODULE</type>
		<severity>INFO</severity>
		<timestamp>Fri May 10 18:17:12 2024</timestamp>
		<arg name='module'>c:\windows\system32\kernel32.dll</arg>
		<arg name='id'>4</arg>
	</msg>
	<msg id='182' source='tcet'>
		<type>UNLOAD_MODULE</type>
		<severity>INFO</severity>
		<timestamp>Fri May 10 18:17:12 2024</timestamp>
		<arg name='module'>c:\windows\system32\ntdll.dll</arg>
		<arg name='id'>5</arg>
	</msg>
	<msg id='183' source='tcet'>
		<type>UNLOAD_MODULE</type>
		<severity>INFO</severity>
		<timestamp>Fri May 10 18:17:12 2024</timestamp>
		<arg name='module'>c:\windows\system32\vcruntime140d.dll</arg>
		<arg name='id'>6</arg>
	</msg>
	<msg id='184' source='tcet'>
		<type>UNLOAD_MODULE</type>
		<severity>INFO</severity>
		<timestamp>Fri May 10 18:17:12 2024</timestamp>
		<arg name='module'>c:\windows\system32\msvcp140d.dll</arg>
		<arg name='id'>7</arg>
	</msg>
	<msg id='185' source='tcet'>
		<type>UNLOAD_MODULE</type>
		<severity>INFO</severity>
		<timestamp>Fri May 10 18:17:12 2024</timestamp>
		<arg name='module'>c:\windows\system32\ucrtbased.dll</arg>
		<arg name='id'>8</arg>
	</msg>
	<msg id='186' source='tcet'>
		<type>UNLOAD_MODULE</type>
		<severity>INFO</severity>
		<timestamp>Fri May 10 18:17:12 2024</timestamp>
		<arg name='module'>c:\program files (x86)\intel\oneapi\compiler\latest\bin\libiomp5md.dll</arg>
		<arg name='id'>9</arg>
	</msg>
	<msg id='187' source='tcet'>
		<type>UNLOAD_MODULE</type>
		<severity>INFO</severity>
		<timestamp>Fri May 10 18:17:12 2024</timestamp>
		<arg name='module'>c:\windows\system32\ucrtbase.dll</arg>
		<arg name='id'>10</arg>
	</msg>
	<msg id='188' source='tcet'>
		<type>UNLOAD_MODULE</type>
		<severity>INFO</severity>
		<timestamp>Fri May 10 18:17:12 2024</timestamp>
		<arg name='module'>c:\windows\system32\vcruntime140.dll</arg>
		<arg name='id'>11</arg>
	</msg>
	<msg id='189' source='tcet'>
		<type>UNLOAD_MODULE</type>
		<severity>INFO</severity>
		<timestamp>Fri May 10 18:17:12 2024</timestamp>
		<arg name='module'>c:\windows\system32\vcruntime140_1d.dll</arg>
		<arg name='id'>12</arg>
	</msg>
	<msg id='190' source='tcet'>
		<type>UNLOAD_MODULE</type>
		<severity>INFO</severity>
		<timestamp>Fri May 10 18:17:12 2024</timestamp>
		<arg name='module'>c:\program files (x86)\intel\oneapi\inspector\2024.0\bin64\runtime\libittnotify.dll</arg>
		<arg name='id'>13</arg>
	</msg>
	<msg id='191' source='tcet'>
		<type>UNLOAD_MODULE</type>
		<severity>INFO</severity>
		<timestamp>Fri May 10 18:17:12 2024</timestamp>
		<arg name='module'>c:\windows\system32\advapi32.dll</arg>
		<arg name='id'>14</arg>
	</msg>
	<msg id='192' source='tcet'>
		<type>UNLOAD_MODULE</type>
		<severity>INFO</severity>
		<timestamp>Fri May 10 18:17:12 2024</timestamp>
		<arg name='module'>c:\windows\system32\msvcrt.dll</arg>
		<arg name='id'>15</arg>
	</msg>
	<msg id='193' source='tcet'>
		<type>UNLOAD_MODULE</type>
		<severity>INFO</severity>
		<timestamp>Fri May 10 18:17:12 2024</timestamp>
		<arg name='module'>c:\windows\system32\sechost.dll</arg>
		<arg name='id'>16</arg>
	</msg>
	<msg id='194' source='tcet'>
		<type>UNLOAD_MODULE</type>
		<severity>INFO</severity>
		<timestamp>Fri May 10 18:17:12 2024</timestamp>
		<arg name='module'>c:\windows\system32\rpcrt4.dll</arg>
		<arg name='id'>17</arg>
	</msg>
	<msg id='195' source='tcet'>
		<type>UNLOAD_MODULE</type>
		<severity>INFO</severity>
		<timestamp>Fri May 10 18:17:12 2024</timestamp>
		<arg name='module'>c:\windows\system32\cryptbase.dll</arg>
		<arg name='id'>18</arg>
	</msg>
	<msg id='196' source='tcet'>
		<type>UNLOAD_MODULE</type>
		<severity>INFO</severity>
		<timestamp>Fri May 10 18:17:12 2024</timestamp>
		<arg name='module'>c:\windows\system32\bcryptprimitives.dll</arg>
		<arg name='id'>19</arg>
	</msg>
	<msg id='197' source='tcet'>
		<type>UNLOAD_MODULE</type>
		<severity>INFO</severity>
		<timestamp>Fri May 10 18:17:12 2024</timestamp>
		<arg name='module'>c:\program files (x86)\intel\oneapi\inspector\2024.0\bin64\pinjitprofiling.dll</arg>
		<arg name='id'>20</arg>
	</msg>
	<msg id='198' source='tcet'>
		<type>PROCESS_TERMINATE</type>
		<severity>INFO</severity>
		<timestamp>Fri May 10 18:17:12 2024</timestamp>
		<arg name='process'>d:\раб стол\УНИК\Мага\2 сем\Гетерогенные\labs\siw\build\getor\getor.exe</arg>
		<arg name='pid'>15364</arg>
	</msg>
	<msg id='199' display='false' source='tccore'>
		<type>ANALYSIS_COMPLETE</type>
		<severity>INFO</severity>
		<timestamp>Fri May 10 18:17:12 2024</timestamp>
	</msg>
	<msg id='200' display='false' source='tccore'>
		<type>STOP</type>
		<severity>INFO</severity>
		<timestamp>Fri May 10 18:17:12 2024</timestamp>
	</msg>
</log>