44 [15092] INFO perfrun.launcher <> - Launcher main begin
47 [15092] INFO perfrun.launcher <> - MessageCatalogInit finished
47 [15092] INFO perfrun.launcher <> - Launcher instance created
47 [15092] INFO perfrun.launcher <> - argc = 7; cmdline = C:\Program Files (x86)\Intel\oneAPI\advisor\2024.0\bin64\advixe-runss.exe --ui-output-format xml --ui-output-fd 5716 --option-file D:\раб стол\УНИК\Мага\2 сем\Гетерогенные\labs\siw\advisor\srs\e000\st001\config\runss.options 
56 [15092] INFO perfrun.launcher <> - New signal handler callback was added
101 [15092] INFO perfrun.launcher <> - create msngr2::ICliToolContext
102 [15092] INFO perfrun.launcher <> - create file finder object
102 [15092] INFO perfrun.launcher <> - create a result directory: pattern = D:\раб стол\УНИК\Мага\2 сем\Гетерогенные\labs\siw\advisor\srs\e000\st001 pid = 4294967295
106 [15092] INFO perfrun.launcher <> - create data directory = D:\раб стол\УНИК\Мага\2 сем\Гетерогенные\labs\siw\advisor\srs\e000\st001\data.0
107 [15092] INFO perfrun.launcher <> - Creating the master collection flag
111 [15092] INFO perfrun.launcher <> - Done creating the master collection flag
111 [15104] INFO perfrun.launcher <> - plugin [remoteplug] was disabled because it doesn't support the given collection type.
112 [15104] INFO perfrun.sdk <> - Allocating TMU :D:\раб стол\УНИК\Мага\2 сем\Гетерогенные\labs\siw\advisor\srs\e000\st001\data.0\systemcollector-3348-Revision-PC.sc
112 [15104] INFO perfrun.launcher <> - plugin [] was disabled because it doesn't support the given collection type.
114 [15104] INFO perfrun.launcher <> - plugin [] was disabled because it doesn't support the given collection type.
114 [15104] INFO perfrun.launcher <> - plugin [gpu] was disabled because it doesn't support the given collection type.
114 [15104] INFO perfrun.launcher <> - plugin [] was disabled because it doesn't support the given collection type.
114 [15104] INFO perfrun.launcher <> - plugin [] was disabled because it doesn't support the given collection type.
114 [15104] INFO perfrun.launcher <> - plugin [] was disabled because it doesn't support the given collection type.
114 [15104] INFO perfrun.mrte <> - system-wide mode is 0
114 [15104] INFO perfrun.mrte <> - Getting  mrte profiling environment ...
120 [15104] INFO perfrun.mrte <> - INTEL_MRTE_DATA_DIR=D:\раб стол\УНИК\Мага\2 сем\Гетерогенные\labs\siw\advisor\srs\e000\st001\data.0
120 [15104] INFO perfrun.mrte <> - INTEL_MRTE_HOST_NAME=Revision-PC
120 [15104] INFO perfrun.mrte <> - JAVA_TOOL_OPTIONS=-agentlib:advixe_tpssmrte_javaprof_1.0
120 [15104] INFO perfrun.mrte <> - PATH=C:\Program Files (x86)\Intel\oneAPI\advisor\2024.0\bin32\runtime;C:\Program Files (x86)\Intel\oneAPI\advisor\2024.0\bin64\runtime;C:\Program Files (x86)\Intel\oneAPI\tbb\latest\env\..\bin\\;C:\Program Files (x86)\Intel\oneAPI\mpi\latest\env\\..\opt\mpi\libfabric\bin;C:\Program Files (x86)\Intel\oneAPI\mpi\latest\env\\..\bin;C:\Program Files (x86)\Intel\oneAPI\mkl\latest\bin;C:\Program Files (x86)\Intel\oneAPI\itac\2022.0\bin;C:\Program Files (x86)\Intel\oneAPI\itac\2022.0\dll;C:\Program Files (x86)\Intel\oneAPI\ippcp\latest\bin;C:\Program Files (x86)\Intel\oneAPI\ipp\latest\bin;C:\Program Files (x86)\Intel\oneAPI\dpcpp-ct\latest\env\..\bin;C:\Program Files (x86)\Intel\oneAPI\dnnl\latest\env\..\bin;C:\Program Files (x86)\Intel\oneAPI\dev-utilities\latest\bin;C:\Program Files (x86)\Intel\oneAPI\debugger\latest\env\\..\opt\debugger\bin;C:\Program Files (x86)\Intel\oneAPI\dal\latest\bin;C:\Program Files (x86)\Intel\oneAPI\compiler\latest\bin;C:\Program Files (x86)\Intel\oneAPI\compiler\latest\opt\oclfpga\host\windows64\bin;C:\Program Files (x86)\Intel\oneAPI\compiler\latest\opt\oclfpga\bin;C:\Program Files\Microsoft Visual Studio\2022\Community\VC\Tools\MSVC\14.38.33130\bin\HostX64\x64;C:\Program Files\Microsoft Visual Studio\2022\Community\Common7\IDE\VC\VCPackages;C:\Program Files\Microsoft Visual Studio\2022\Community\Common7\IDE\CommonExtensions\Microsoft\TestWindow;C:\Program Files\Microsoft Visual Studio\2022\Community\Common7\IDE\CommonExtensions\Microsoft\TeamFoundation\Team Explorer;C:\Program Files\Microsoft Visual Studio\2022\Community\MSBuild\Current\bin\Roslyn;C:\Program Files\Microsoft Visual Studio\2022\Community\Team Tools\Performance Tools\x64;C:\Program Files\Microsoft Visual Studio\2022\Community\Team Tools\Performance Tools;C:\Program Files\Microsoft Visual Studio\2022\Community\Team Tools\DiagnosticsHub\Collector;C:\Program Files (x86)\Windows Kits\10\bin\10.0.22621.0\\x64;C:\Program Files (x86)\Windows Kits\10\bin\\x64;C:\Program Files\Microsoft Visual Studio\2022\Community\\MSBuild\Current\Bin\amd64;C:\Windows\Microsoft.NET\Framework64\v4.0.30319;C:\Program Files\Microsoft Visual Studio\2022\Community\Common7\IDE\;C:\Program Files\Microsoft Visual Studio\2022\Community\Common7\Tools\;C:\Program Files (x86)\Common Files\Oracle\Java\javapath;C:\Windows\system32;C:\Windows;C:\Windows\System32\Wbem;C:\Windows\System32\WindowsPowerShell\v1.0\;C:\Windows\System32\OpenSSH\;C:\Program Files (x86)\NVIDIA Corporation\PhysX\Common;C:\Program Files\NVIDIA Corporation\NVIDIA NvDLISR;C:\Program Files\Git\cmd;C:\Program Files (x86)\Windows Kits\10\Windows Performance Toolkit\;C:\MinGW\msys\1.0\bin;C:\msys64\ucrt64\bin;E:\Python;E:\Python\Scripts;C:\Program Files\dotnet\;C:\ProgramData\chocolatey\bin;C:\Program Files\CMake\bin;C:\Users\Cereg\AppData\Local\Microsoft\WindowsApps;;C:\Users\Cereg\AppData\Local\Programs\Microsoft VS Code\bin;C:\Program Files\Microsoft Visual Studio\2022\Community\Common7\IDE\CommonExtensions\Microsoft\CMake\CMake\bin;C:\Program Files\Microsoft Visual Studio\2022\Community\Common7\IDE\CommonExtensions\Microsoft\CMake\Ninja;C:\Program Files\Microsoft Visual Studio\2022\Community\Common7\IDE\VC\Linux\bin\ConnectionManagerExe;C:\Program Files\Microsoft Visual Studio\2022\Community\VC\vcpkg;C:\Program Files (x86)\Intel\oneAPI\advisor\2024.0\bin64;C:\Program Files (x86)\Intel\oneAPI\compiler\latest\lib\ocloc;C:\Program Files (x86)\Intel\oneAPI\inspector\2024.0\bin64;C:\Program Files (x86)\Intel\oneAPI\vtune\2024.0\bin64
120 [15104] INFO perfrun.mrte <> - COR_ENABLE_PROFILING=1
120 [15104] INFO perfrun.mrte <> - COR_PROFILER={10337B79-F6CD-4df9-8D18-26A67272096B}
120 [15104] INFO perfrun.mrte <> - COMPLUS_ProfAPI_ProfilerCompatibilitySetting=EnableV2Profiler
120 [15104] INFO perfrun.mrte <> - CORECLR_ENABLE_PROFILING=1
120 [15104] INFO perfrun.mrte <> - CORECLR_PROFILER={10337B79-F6CD-4df9-8D18-26A67272096B}
120 [15104] INFO perfrun.mrte <> - CORECLR_PROFILER_PATH=C:\Program Files (x86)\Intel\oneAPI\advisor\2024.0\bin64/advixe_samplingmrte_clrprof_1.0.dll
120 [15104] INFO perfrun.mrte <> - INTEL_MRTE_PROFILER_MODE=mixed
120 [15104] INFO perfrun.mrte <> - Data directory: D:\раб стол\УНИК\Мага\2 сем\Гетерогенные\labs\siw\advisor\srs\e000\st001\data.0
120 [15104] INFO perfrun.mrte <> - Mrte plugin is initialized
120 [15104] INFO perfrun.launcher <> - plugin [] was disabled because it doesn't support the given collection type.
120 [15104] INFO perfrun.launcher <> - plugin [] was disabled because it doesn't support the given collection type.
120 [15104] INFO perfrun.launcher <> - plugin [] was disabled because it doesn't support the given collection type.
120 [15104] INFO perfrun.launcher <> - plugin [] was disabled because it doesn't support the given collection type.
120 [15104] INFO perfrun.launcher <> - plugin [] was disabled because it doesn't support the given collection type.
120 [15104] INFO perfrun.launcher <> - plugin [] was disabled because it doesn't support the given collection type.
120 [15104] INFO perfrun.launcher <> - plugin [] was disabled because it doesn't support the given collection type.
120 [15104] INFO perfrun.tpss <> - initialize tpss controller
120 [15104] INFO perfrun.tpss <> - configure collection mode: value = projection:stack
120 [15104] INFO perfrun.tpss <> - default obj-size-min=1024
120 [15104] INFO perfrun.tpss <> - default hash-table-size=0
120 [15104] INFO perfrun.launcher <> - plugin [] was disabled because it doesn't support the given collection type.
120 [15104] INFO perfrun.launcher <> - plugin [] was disabled because it doesn't support the given collection type.
120 [15104] INFO perfrun.launcher <> - plugin [] was disabled because it doesn't support the given collection type.
120 [15104] INFO perfrun.launcher <> - plugin [] was disabled because it doesn't support the given collection type.
120 [15104] INFO perfrun.launcher <> - plugin [] was disabled because it doesn't support the given collection type.
120 [15104] INFO perfrun.launcher <> - plugin [] was disabled because it doesn't support the given collection type.
120 [15104] INFO perfrun.launcher <> - plugin [] was disabled because it doesn't support the given collection type.
120 [15104] INFO perfrun.launcher <> - plugin [] was disabled because it doesn't support the given collection type.
120 [15104] INFO perfrun.launcher <> - plugin [] was disabled because it doesn't support the given collection type.
120 [15092] INFO perfrun.launcher <> - set environment variable: PATH = C:\Program Files (x86)\Intel\oneAPI\advisor\2024.0\bin32\runtime;C:\Program Files (x86)\Intel\oneAPI\advisor\2024.0\bin64\runtime;C:\Program Files (x86)\Intel\oneAPI\tbb\latest\env\..\bin\\;C:\Program Files (x86)\Intel\oneAPI\mpi\latest\env\\..\opt\mpi\libfabric\bin;C:\Program Files (x86)\Intel\oneAPI\mpi\latest\env\\..\bin;C:\Program Files (x86)\Intel\oneAPI\mkl\latest\bin;C:\Program Files (x86)\Intel\oneAPI\itac\2022.0\bin;C:\Program Files (x86)\Intel\oneAPI\itac\2022.0\dll;C:\Program Files (x86)\Intel\oneAPI\ippcp\latest\bin;C:\Program Files (x86)\Intel\oneAPI\ipp\latest\bin;C:\Program Files (x86)\Intel\oneAPI\dpcpp-ct\latest\env\..\bin;C:\Program Files (x86)\Intel\oneAPI\dnnl\latest\env\..\bin;C:\Program Files (x86)\Intel\oneAPI\dev-utilities\latest\bin;C:\Program Files (x86)\Intel\oneAPI\debugger\latest\env\\..\opt\debugger\bin;C:\Program Files (x86)\Intel\oneAPI\dal\latest\bin;C:\Program Files (x86)\Intel\oneAPI\compiler\latest\bin;C:\Program Files (x86)\Intel\oneAPI\compiler\latest\opt\oclfpga\host\windows64\bin;C:\Program Files (x86)\Intel\oneAPI\compiler\latest\opt\oclfpga\bin;C:\Program Files\Microsoft Visual Studio\2022\Community\VC\Tools\MSVC\14.38.33130\bin\HostX64\x64;C:\Program Files\Microsoft Visual Studio\2022\Community\Common7\IDE\VC\VCPackages;C:\Program Files\Microsoft Visual Studio\2022\Community\Common7\IDE\CommonExtensions\Microsoft\TestWindow;C:\Program Files\Microsoft Visual Studio\2022\Community\Common7\IDE\CommonExtensions\Microsoft\TeamFoundation\Team Explorer;C:\Program Files\Microsoft Visual Studio\2022\Community\MSBuild\Current\bin\Roslyn;C:\Program Files\Microsoft Visual Studio\2022\Community\Team Tools\Performance Tools\x64;C:\Program Files\Microsoft Visual Studio\2022\Community\Team Tools\Performance Tools;C:\Program Files\Microsoft Visual Studio\2022\Community\Team Tools\DiagnosticsHub\Collector;C:\Program Files (x86)\Windows Kits\10\bin\10.0.22621.0\\x64;C:\Program Files (x86)\Windows Kits\10\bin\\x64;C:\Program Files\Microsoft Visual Studio\2022\Community\\MSBuild\Current\Bin\amd64;C:\Windows\Microsoft.NET\Framework64\v4.0.30319;C:\Program Files\Microsoft Visual Studio\2022\Community\Common7\IDE\;C:\Program Files\Microsoft Visual Studio\2022\Community\Common7\Tools\;C:\Program Files (x86)\Common Files\Oracle\Java\javapath;C:\Windows\system32;C:\Windows;C:\Windows\System32\Wbem;C:\Windows\System32\WindowsPowerShell\v1.0\;C:\Windows\System32\OpenSSH\;C:\Program Files (x86)\NVIDIA Corporation\PhysX\Common;C:\Program Files\NVIDIA Corporation\NVIDIA NvDLISR;C:\Program Files\Git\cmd;C:\Program Files (x86)\Windows Kits\10\Windows Performance Toolkit\;C:\MinGW\msys\1.0\bin;C:\msys64\ucrt64\bin;E:\Python;E:\Python\Scripts;C:\Program Files\dotnet\;C:\ProgramData\chocolatey\bin;C:\Program Files\CMake\bin;C:\Users\Cereg\AppData\Local\Microsoft\WindowsApps;;C:\Users\Cereg\AppData\Local\Programs\Microsoft VS Code\bin;C:\Program Files\Microsoft Visual Studio\2022\Community\Common7\IDE\CommonExtensions\Microsoft\CMake\CMake\bin;C:\Program Files\Microsoft Visual Studio\2022\Community\Common7\IDE\CommonExtensions\Microsoft\CMake\Ninja;C:\Program Files\Microsoft Visual Studio\2022\Community\Common7\IDE\VC\Linux\bin\ConnectionManagerExe;C:\Program Files\Microsoft Visual Studio\2022\Community\VC\vcpkg;C:\Program Files (x86)\Intel\oneAPI\advisor\2024.0\bin64;C:\Program Files (x86)\Intel\oneAPI\compiler\latest\lib\ocloc;C:\Program Files (x86)\Intel\oneAPI\inspector\2024.0\bin64;C:\Program Files (x86)\Intel\oneAPI\vtune\2024.0\bin64
121 [15092] INFO perfrun.launcher <> - set environment variable: INTEL_LIBITTNOTIFY32 = C:\Program Files (x86)\Intel\oneAPI\advisor\2024.0\bin32\runtime\ittnotify_collector.dll
121 [15092] INFO perfrun.launcher <> - set environment variable: INTEL_LIBITTNOTIFY64 = C:\Program Files (x86)\Intel\oneAPI\advisor\2024.0\bin64\runtime\ittnotify_collector.dll
121 [15092] INFO perfrun.launcher <> - set environment variable: INTEL_ITTNOTIFY_GROUPS = 
121 [15092] INFO perfrun.launcher <> - set environment variable: INTEL_JIT_PROFILER32 = C:\Program Files (x86)\Intel\oneAPI\advisor\2024.0\bin32\runtime\ittnotify_collector.dll
121 [15092] INFO perfrun.launcher <> - set environment variable: INTEL_JIT_PROFILER64 = C:\Program Files (x86)\Intel\oneAPI\advisor\2024.0\bin64\runtime\ittnotify_collector.dll
121 [15092] INFO perfrun.launcher <> - set environment variable: ENABLE_JITPROFILING = 1
121 [15092] INFO perfrun.launcher <> - set environment variable: CL_CONFIG_USE_VTUNE = True
121 [15092] INFO perfrun.launcher <> - set environment variable: KMP_FORKJOIN_FRAMES = 0
121 [15092] INFO perfrun.launcher <> - set environment variable: KMP_FORKJOIN_FRAMES_MODE = 0
121 [15092] INFO perfrun.launcher <> - set environment variable: INTEL_MRTE_DATA_DIR = D:\раб стол\УНИК\Мага\2 сем\Гетерогенные\labs\siw\advisor\srs\e000\st001\data.0
121 [15092] INFO perfrun.launcher <> - set environment variable: INTEL_MRTE_HOST_NAME = Revision-PC
121 [15092] INFO perfrun.launcher <> - set environment variable: JAVA_TOOL_OPTIONS = -agentlib:advixe_tpssmrte_javaprof_1.0
121 [15092] INFO perfrun.launcher <> - set environment variable: PATH = C:\Program Files (x86)\Intel\oneAPI\advisor\2024.0\bin32\runtime;C:\Program Files (x86)\Intel\oneAPI\advisor\2024.0\bin64\runtime;C:\Program Files (x86)\Intel\oneAPI\tbb\latest\env\..\bin\\;C:\Program Files (x86)\Intel\oneAPI\mpi\latest\env\\..\opt\mpi\libfabric\bin;C:\Program Files (x86)\Intel\oneAPI\mpi\latest\env\\..\bin;C:\Program Files (x86)\Intel\oneAPI\mkl\latest\bin;C:\Program Files (x86)\Intel\oneAPI\itac\2022.0\bin;C:\Program Files (x86)\Intel\oneAPI\itac\2022.0\dll;C:\Program Files (x86)\Intel\oneAPI\ippcp\latest\bin;C:\Program Files (x86)\Intel\oneAPI\ipp\latest\bin;C:\Program Files (x86)\Intel\oneAPI\dpcpp-ct\latest\env\..\bin;C:\Program Files (x86)\Intel\oneAPI\dnnl\latest\env\..\bin;C:\Program Files (x86)\Intel\oneAPI\dev-utilities\latest\bin;C:\Program Files (x86)\Intel\oneAPI\debugger\latest\env\\..\opt\debugger\bin;C:\Program Files (x86)\Intel\oneAPI\dal\latest\bin;C:\Program Files (x86)\Intel\oneAPI\compiler\latest\bin;C:\Program Files (x86)\Intel\oneAPI\compiler\latest\opt\oclfpga\host\windows64\bin;C:\Program Files (x86)\Intel\oneAPI\compiler\latest\opt\oclfpga\bin;C:\Program Files\Microsoft Visual Studio\2022\Community\VC\Tools\MSVC\14.38.33130\bin\HostX64\x64;C:\Program Files\Microsoft Visual Studio\2022\Community\Common7\IDE\VC\VCPackages;C:\Program Files\Microsoft Visual Studio\2022\Community\Common7\IDE\CommonExtensions\Microsoft\TestWindow;C:\Program Files\Microsoft Visual Studio\2022\Community\Common7\IDE\CommonExtensions\Microsoft\TeamFoundation\Team Explorer;C:\Program Files\Microsoft Visual Studio\2022\Community\MSBuild\Current\bin\Roslyn;C:\Program Files\Microsoft Visual Studio\2022\Community\Team Tools\Performance Tools\x64;C:\Program Files\Microsoft Visual Studio\2022\Community\Team Tools\Performance Tools;C:\Program Files\Microsoft Visual Studio\2022\Community\Team Tools\DiagnosticsHub\Collector;C:\Program Files (x86)\Windows Kits\10\bin\10.0.22621.0\\x64;C:\Program Files (x86)\Windows Kits\10\bin\\x64;C:\Program Files\Microsoft Visual Studio\2022\Community\\MSBuild\Current\Bin\amd64;C:\Windows\Microsoft.NET\Framework64\v4.0.30319;C:\Program Files\Microsoft Visual Studio\2022\Community\Common7\IDE\;C:\Program Files\Microsoft Visual Studio\2022\Community\Common7\Tools\;C:\Program Files (x86)\Common Files\Oracle\Java\javapath;C:\Windows\system32;C:\Windows;C:\Windows\System32\Wbem;C:\Windows\System32\WindowsPowerShell\v1.0\;C:\Windows\System32\OpenSSH\;C:\Program Files (x86)\NVIDIA Corporation\PhysX\Common;C:\Program Files\NVIDIA Corporation\NVIDIA NvDLISR;C:\Program Files\Git\cmd;C:\Program Files (x86)\Windows Kits\10\Windows Performance Toolkit\;C:\MinGW\msys\1.0\bin;C:\msys64\ucrt64\bin;E:\Python;E:\Python\Scripts;C:\Program Files\dotnet\;C:\ProgramData\chocolatey\bin;C:\Program Files\CMake\bin;C:\Users\Cereg\AppData\Local\Microsoft\WindowsApps;;C:\Users\Cereg\AppData\Local\Programs\Microsoft VS Code\bin;C:\Program Files\Microsoft Visual Studio\2022\Community\Common7\IDE\CommonExtensions\Microsoft\CMake\CMake\bin;C:\Program Files\Microsoft Visual Studio\2022\Community\Common7\IDE\CommonExtensions\Microsoft\CMake\Ninja;C:\Program Files\Microsoft Visual Studio\2022\Community\Common7\IDE\VC\Linux\bin\ConnectionManagerExe;C:\Program Files\Microsoft Visual Studio\2022\Community\VC\vcpkg;C:\Program Files (x86)\Intel\oneAPI\advisor\2024.0\bin64;C:\Program Files (x86)\Intel\oneAPI\compiler\latest\lib\ocloc;C:\Program Files (x86)\Intel\oneAPI\inspector\2024.0\bin64;C:\Program Files (x86)\Intel\oneAPI\vtune\2024.0\bin64
121 [15092] INFO perfrun.launcher <> - set environment variable: COR_ENABLE_PROFILING = 1
121 [15092] INFO perfrun.launcher <> - set environment variable: COR_PROFILER = {10337B79-F6CD-4df9-8D18-26A67272096B}
121 [15092] INFO perfrun.launcher <> - set environment variable: COMPLUS_ProfAPI_ProfilerCompatibilitySetting = EnableV2Profiler
121 [15092] INFO perfrun.launcher <> - set environment variable: CORECLR_ENABLE_PROFILING = 1
121 [15092] INFO perfrun.launcher <> - set environment variable: CORECLR_PROFILER = {10337B79-F6CD-4df9-8D18-26A67272096B}
122 [15092] INFO perfrun.launcher <> - set environment variable: CORECLR_PROFILER_PATH = C:\Program Files (x86)\Intel\oneAPI\advisor\2024.0\bin64/advixe_samplingmrte_clrprof_1.0.dll
122 [15092] INFO perfrun.launcher <> - set environment variable: INTEL_MRTE_PROFILER_MODE = mixed
122 [15092] INFO perfrun.launcher <> - RpcServer: run RPC server to handle requests
128 [15092] INFO perfrun.sdk <> - IProcessUtil: the given executable 'D:\раб стол\УНИК\Мага\2 сем\Гетерогенные\labs\siw\build\getor\getor.exe' is valid.
128 [15092] INFO perfrun.launcher <> - Launcher: command line to start before modification = D:\раб стол\УНИК\Мага\2 сем\Гетерогенные\labs\siw\build\getor\getor.exe
130 [15092] INFO perfrun.launcher <> - Launcher: command line to start after modification = C:\Program Files (x86)\Intel\oneAPI\advisor\2024.0\bin64\pin.exe -error_file D:\раб стол\УНИК\Мага\2 сем\Гетерогенные\labs\siw\advisor\srs\e000\st001\data.0\pinerr.tpsslog -detach_reattach -probe -follow_execv -p32 C:\Program Files (x86)\Intel\oneAPI\advisor\2024.0\bin32\pin.exe -p64 C:\Program Files (x86)\Intel\oneAPI\advisor\2024.0\bin64\pin.exe -t64 C:\Program Files (x86)\Intel\oneAPI\advisor\2024.0\bin64\tpsstool.dll -t C:\Program Files (x86)\Intel\oneAPI\advisor\2024.0\bin32\tpsstool.dll -server_name tpss_ipc.3348 -prd_dir C:\Program Files (x86)\Intel\oneAPI\advisor\2024.0 -- D:\раб стол\УНИК\Мага\2 сем\Гетерогенные\labs\siw\build\getor\getor.exe
130 [15092] INFO perfrun.launcher <> - ProcessCreator object was created
133 [15092] INFO perfrun.launcher <> - Launcher: the process was started in suspend mode
133 [15104] INFO perfrun.itt <> - start itt controller for pid #17348
134 [15104] INFO perfrun.tpss <> - start tpss controller for pid #17348
184 [15092] INFO perfrun.launcher <> - Launcher: all plugins were started
184 [15092] INFO perfrun.launcher <> - DirectoryMonitor object was created
184 [15092] INFO perfrun.launcher <> - DirectoryMonitor: a callback was added
184 [15092] INFO perfrun.launcher <> - DirectoryMonitor was started with pingTime = 1000
184 [15092] INFO perfrun.launcher <> - DeadlineTimer is going to be constructed
184 [15092] INFO perfrun.launcher <> - DeadlineTimer: a callback was added
189 [15092] INFO perfrun.launcher <> - Launcher: resume the profiled application and  wait its termination or stop command
7947 [15092] INFO perfrun.launcher <> - Launcher: the profiled application was terminated  with exit code = 0
7957 [15104] INFO perfrun.itt <> - detach itt controller
7957 [15104] INFO perfrun.itt <> - detach itt controller done
7957 [15104] INFO perfrun.tpss <> - stop tpss controller
7958 [15104] INFO perfrun.sdk <> - De-allocating TMU: D:\раб стол\УНИК\Мага\2 сем\Гетерогенные\labs\siw\advisor\srs\e000\st001\data.0\systemcollector-3348-Revision-PC.sc
7968 [15104] INFO perfrun.system <> - closed the system trace file: D:\раб стол\УНИК\Мага\2 сем\Гетерогенные\labs\siw\advisor\srs\e000\st001\data.0\systemcollector-3348-Revision-PC.sc
7968 [15092] INFO perfrun.launcher <> - Launcher: all plugins were stopped.
7968 [15092] INFO perfrun.launcher <> - DeadlineTimer is going to be destroyed
7968 [15092] INFO perfrun.launcher <> - DeadlineTimer was destroyed
7968 [15092] INFO perfrun.launcher <> - DirectoryMonitor object was destroyed
7968 [15092] WARN perfrun.launcher <> - Stop command is ignored because it is received when collection is already stopped, at file: vcs\perfrun1\launcher\src\command_handler.cpp:226
7969 [15092] INFO perfrun.launcher <> - Application exit code: 0
7969 [15092] INFO perfrun.launcher <> - Exit code: 0
