46 [17204] INFO perfrun.launcher <> - Launcher main begin
50 [17204] INFO perfrun.launcher <> - MessageCatalogInit finished
50 [17204] INFO perfrun.launcher <> - Launcher instance created
50 [17204] INFO perfrun.launcher <> - argc = 6; cmdline = C:\Program Files (x86)\Intel\oneAPI\advisor\2024.0\bin64\advixe-runss.exe --ui-output-format xml --ui-output-fd 6040 --context-value-list 
58 [17204] INFO perfrun.launcher <> - New signal handler callback was added
140 [17204] INFO perfrun.launcher <> - create msngr2::ICliToolContext
141 [17204] INFO perfrun.launcher <> - create file finder object
141 [17204] INFO perfrun.launcher <> - Put into the variant bag the context value: name = targetOS; value = Windows
141 [17204] INFO perfrun.launcher <> - Put into the variant bag the context value: name = OS; value = Windows
141 [17204] INFO perfrun.launcher <> - Put into the variant bag the context value: name = OSBuildNumber; value = 22621
141 [17204] INFO perfrun.launcher <> - Put into the variant bag the context value: name = OSBitness; value = 64
141 [17204] INFO perfrun.launcher <> - Put into the variant bag the context value: name = AdministratorPrivileges; value = true
141 [17204] INFO perfrun.launcher <> - Put into the variant bag the context value: name = isPtraceScopeLimited; value = false
141 [17204] INFO perfrun.launcher <> - Put into the variant bag the context value: name = isCATSupportedByCPU; value = true
141 [17204] INFO perfrun.launcher <> - Put into the variant bag the context value: name = isL3CATAvailable; value = true
141 [17204] INFO perfrun.launcher <> - Put into the variant bag the context value: name = L3CATDetails; value = COS=16;ways=16
141 [17204] INFO perfrun.launcher <> - Put into the variant bag the context value: name = isL2CATAvailable; value = false
141 [17204] INFO perfrun.launcher <> - Put into the variant bag the context value: name = isL3MonitoringSupportedByCPU; value = true
141 [17204] INFO perfrun.launcher <> - Put into the variant bag the context value: name = LLCSize; value = 0
141 [17204] INFO perfrun.launcher <> - Put into the variant bag the context value: name = cacheMonitoringUpscalingFactor; value = 64
141 [17204] INFO perfrun.launcher <> - Put into the variant bag the context value: name = isL3CacheOccupancyAvailable; value = true
141 [17204] INFO perfrun.launcher <> - Put into the variant bag the context value: name = isL3TotalBWAvailable; value = true
142 [17204] INFO perfrun.launcher <> - Put into the variant bag the context value: name = isL3LocalBWAvailable; value = true
142 [17204] INFO perfrun.launcher <> - Put into the variant bag the context value: name = isTSXAvailable; value = false
142 [17204] INFO perfrun.launcher <> - Put into the variant bag the context value: name = isPTAvailable; value = false
142 [17204] INFO perfrun.launcher <> - Put into the variant bag the context value: name = isHTEnabled; value = true
142 [17204] INFO perfrun.launcher <> - Put into the variant bag the context value: name = fpgaOnBoard; value = None
142 [17204] INFO perfrun.launcher <> - Put into the variant bag the context value: name = omniPathOnBoard; value = None
142 [17204] INFO perfrun.launcher <> - Put into the variant bag the context value: name = genArchOnBoard; value = 0
142 [17204] INFO perfrun.launcher <> - Put into the variant bag the context value: name = pciClassParts; value = 
142 [17204] INFO perfrun.launcher <> - Put into the variant bag the context value: name = tidValuesForIO; value = 
142 [17204] INFO perfrun.launcher <> - Put into the variant bag the context value: name = populatedIoParts; value = 
142 [17204] INFO perfrun.launcher <> - Put into the variant bag the context value: name = populatedIoUnits; value = 
142 [17204] INFO perfrun.launcher <> - Put into the variant bag the context value: name = populatedTidValuesForIO; value = 
142 [17204] INFO perfrun.launcher <> - Put into the variant bag the context value: name = isSGXAvailable; value = false
142 [17204] INFO perfrun.launcher <> - Put into the variant bag the context value: name = Hypervisor; value = None
142 [17204] INFO perfrun.launcher <> - Put into the variant bag the context value: name = PerfmonVersion; value = 0
142 [17204] INFO perfrun.launcher <> - Put into the variant bag the context value: name = isMaxDRAMBandwidthMeasurementSupported; value = false
142 [17204] INFO perfrun.launcher <> - Put into the variant bag the context value: name = preferedGpuAdapter; value = 0:10:0.0
142 [17204] INFO perfrun.launcher <> - Put into the variant bag the context value: name = isEHFIAvailable; value = false
142 [17204] INFO perfrun.launcher <> - Put into the variant bag the context value: name = areGpuHardwareMetricsAvailableList; value = 
142 [17204] INFO perfrun.launcher <> - Put into the variant bag the context value: name = gpuPlatformIndexList; value = 
142 [17204] INFO perfrun.launcher <> - Put into the variant bag the context value: name = isTPSSAvailable; value = true
142 [17204] INFO perfrun.launcher <> - Put into the variant bag the context value: name = isPytraceAvailable; value = true
142 [17204] INFO perfrun.launcher <> - Put into the variant bag the context value: name = isGENDebugInfoAvailableList; value = 
142 [17204] INFO perfrun.launcher <> - Put into the variant bag the context value: name = isGTPinCollectionAvailableList; value = 
142 [17204] INFO perfrun.launcher <> - Put into the variant bag the context value: name = forceShowInlines; value = false
142 [17204] INFO perfrun.launcher <> - Application exit code: 0
142 [17204] INFO perfrun.launcher <> - Exit code: 0
