<?xml version="1.0" encoding="utf-8"?>
<log version="1.0" tool="runtool">

<msg id="1" tool="runtool">
  <type>log-start</type>
  <arg>2024/05/10 21:09:11</arg>
</msg>
<msg id="2" tool="runtool">
  <type>bandwidth-measurement-starts</type>
</msg>
<msg id="3" tool="runtool">
  <type>bandwidth-measurement-done</type>
</msg>
<msg id="4" tool="runtool">
  <type>collector-starts</type>
</msg>
<msg id="5" tool="runtool">
  <type>marker-file</type>
  <arg>D:\раб стол\УНИК\Мага\2 сем\Гетерогенные\labs\siw\advisor\srs\e000\trc000\trc000.advixe</arg>
</msg>
<msg id="6" tool="runtool">
  <type>app-exit-code</type>
  <arg>0</arg>
</msg>
<msg id="7" tool="runtool">
  <type>marker-file</type>
  <arg>D:\раб стол\УНИК\Мага\2 сем\Гетерогенные\labs\siw\advisor\srs\e000\trc000\trc000.advixe</arg>
</msg>
<msg id="8" tool="runtool">
  <type>collector-done</type>
</msg>
<msg id="9" tool="runtool">
  <type>log-end</type>
  <arg>2024/05/10 21:10:08</arg>
</msg>

</log>

