<?xml version="1.0" encoding="utf-8" ?>
<!-- DO NOT EDIT THIS FILE -->

<log version='2.0' source='trc'>
	<msg id='1' display='false' source='trc'>
		<type>PROCESS_START</type>
		<severity>INFO</severity>
		<timestamp>Fri May 10 21:09:25 2024</timestamp>
		<arg name='process'>D:\‡· ÒÚÓÎ\”Õ» \Ã‡„‡\2 ÒÂÏ\√ÂÚÂÓ„ÂÌÌ˚Â\labs\siw\build\getor\getor.exe</arg>
		<arg name='pid'>15892</arg>
	</msg>
	<!-- Instrumentation filter's state:
    Patterns applicability:
        Generic loop pattern.....................: enabled
        Generic loop pattern (with dynamic jumps): enabled
        Known trip value loop pattern............: enabled
        Runtime final value loop pattern.........: enabled
        No initial IV loop pattern...............: enabled
        IV step only loop pattern................: enabled
        No entry loop pattern....................: enabled
    Clustered memory model (CMM) applicability:
        Generic loop pattern.....................: enabled
        Generic loop pattern (with dynamic jumps): enabled
        Known trip value loop pattern............: enabled
        Runtime final value loop pattern.........: enabled
        No initial IV loop pattern...............: enabled
        IV step only loop pattern................: enabled
        No entry loop pattern....................: disabled
 -->
	<!-- Callstack mode:
    filter modules.........: true
    filter routines........: true
    count loops............: false
    count flops............: false
    trace..................: false
    extended trace.........: false
    omp trace..............: false
    jit trace..............: false
    failures trace.........: false
    dump raw...............: false
    dump final.............: false
    dump all...............: false
    stack stitching........: true
    stl profiling..........: true
    aggressive frame switch: true
    unwind frame exit......: true
    analyze child loops....: true
 -->
	<!-- Managed application profiling: -->
	<!-- 	State...................: enabled -->
	<!-- Gpu Profiling: -->
	<!-- 	State  : disabled -->
	<!-- 	Filter : * -->
	<!-- 	GPUs   : none -->
	<!-- 	Options:  -->
	<msg id='2' display='false' source='trc'>
		<type>PROCESS_ANALYSIS_MODE</type>
		<severity>INFO</severity>
		<timestamp>Fri May 10 21:09:25 2024</timestamp>
		<arg name='mode'>full</arg>
	</msg>
	<!-- Update image info for [1:0xB3980000:YN] D:\—Ä–∞–± —Å—Ç–æ–ª\–£–ù–ò–ö\–ú–∞–≥–∞\2 —Å–µ–º\–ì–µ—Ç–µ—Ä–æ–≥–µ–Ω–Ω—ã–µ\labs\siw\build\getor\getor.exe -->
	<msg id='3' display='false' source='trc'>
		<type>LOAD_MODULE</type>
		<severity>INFO</severity>
		<timestamp>Fri May 10 21:09:25 2024</timestamp>
		<arg name='module'>D:\—Ä–∞–± —Å—Ç–æ–ª\–£–ù–ò–ö\–ú–∞–≥–∞\2 —Å–µ–º\–ì–µ—Ç–µ—Ä–æ–≥–µ–Ω–Ω—ã–µ\labs\siw\build\getor\getor.exe</arg>
		<arg name='basement'>0x7ff7b3980000</arg>
		<arg name='ceiling'>0x7ff7b3a8ffff</arg>
		<arg name='symtab'>yes</arg>
	</msg>
	<!-- Instrumenting image: id = 1, name = D:\—Ä–∞–± —Å—Ç–æ–ª\–£–ù–ò–ö\–ú–∞–≥–∞\2 —Å–µ–º\–ì–µ—Ç–µ—Ä–æ–≥–µ–Ω–Ω—ã–µ\labs\siw\build\getor\getor.exe -->
	<!-- Instrumenting loops in routine "std::mersenne_twister<unsigned int, 32, 624, 397, 31, 2567483615, 11, 7, 2636928640, 15, 4022730752, 18>::seed" -->
	<!-- Instrumenting loops in routine "std::mersenne_twister<unsigned int, 32, 624, 397, 31, 2567483615, 11, 7, 2636928640, 15, 4022730752, 18>::_Refill_upper" -->
	<!-- Instrumenting loops in routine "main" -->
	<!-- Instrumenting loops in routine "Simulation::start" -->
	<!-- Instrumenting loops in routine "Simulation::compute_func" -->
	<!-- Instrumenting loops in routine "Simulation::get_energy" -->
	<!-- Update image info for [2:0xACB50000:YN] C:\Windows\System32\KERNELBASE.dll -->
	<msg id='4' display='false' source='trc'>
		<type>LOAD_MODULE</type>
		<severity>INFO</severity>
		<timestamp>Fri May 10 21:09:25 2024</timestamp>
		<arg name='module'>C:\Windows\System32\KERNELBASE.dll</arg>
		<arg name='basement'>0x7ff8acb50000</arg>
		<arg name='ceiling'>0x7ff8aceebfff</arg>
		<arg name='symtab'>yes</arg>
	</msg>
	<!-- Instrumentation of C:\Windows\System32\KERNELBASE.dll image skipped because of filter conditions. -->
	<!-- Update image info for [3:0xAF240000:YN] C:\Windows\System32\KERNEL32.DLL -->
	<msg id='5' display='false' source='trc'>
		<type>LOAD_MODULE</type>
		<severity>INFO</severity>
		<timestamp>Fri May 10 21:09:25 2024</timestamp>
		<arg name='module'>C:\Windows\System32\KERNEL32.DLL</arg>
		<arg name='basement'>0x7ff8af240000</arg>
		<arg name='ceiling'>0x7ff8af302fff</arg>
		<arg name='symtab'>yes</arg>
	</msg>
	<!-- Instrumentation of C:\Windows\System32\KERNEL32.DLL image skipped because of filter conditions. -->
	<!-- NtDelayExecution was replaced in ntdll.dll -->
	<!-- Update image info for [4:0xAF690000:YN] C:\Windows\SYSTEM32\ntdll.dll -->
	<msg id='6' display='false' source='trc'>
		<type>LOAD_MODULE</type>
		<severity>INFO</severity>
		<timestamp>Fri May 10 21:09:25 2024</timestamp>
		<arg name='module'>C:\Windows\SYSTEM32\ntdll.dll</arg>
		<arg name='basement'>0x7ff8af690000</arg>
		<arg name='ceiling'>0x7ff8af8a3fff</arg>
		<arg name='symtab'>yes</arg>
	</msg>
	<!-- Instrumentation of C:\Windows\SYSTEM32\ntdll.dll image skipped because of filter conditions [cs-mode]. -->
	<!-- Update image info for [5:0x99760000:YN] C:\Windows\SYSTEM32\VCRUNTIME140D.dll -->
	<msg id='7' display='false' source='trc'>
		<type>LOAD_MODULE</type>
		<severity>INFO</severity>
		<timestamp>Fri May 10 21:09:25 2024</timestamp>
		<arg name='module'>C:\Windows\SYSTEM32\VCRUNTIME140D.dll</arg>
		<arg name='basement'>0x7ff899760000</arg>
		<arg name='ceiling'>0x7ff89978dfff</arg>
		<arg name='symtab'>yes</arg>
	</msg>
	<!-- Instrumentation of C:\Windows\SYSTEM32\VCRUNTIME140D.dll image skipped because of filter conditions [cs-mode]. -->
	<!-- Update image info for [6:0x3A230000:YN] C:\Windows\SYSTEM32\MSVCP140D.dll -->
	<msg id='8' display='false' source='trc'>
		<type>LOAD_MODULE</type>
		<severity>INFO</severity>
		<timestamp>Fri May 10 21:09:25 2024</timestamp>
		<arg name='module'>C:\Windows\SYSTEM32\MSVCP140D.dll</arg>
		<arg name='basement'>0x7ff83a230000</arg>
		<arg name='ceiling'>0x7ff83a310fff</arg>
		<arg name='symtab'>yes</arg>
	</msg>
	<!-- Instrumentation of C:\Windows\SYSTEM32\MSVCP140D.dll image skipped because of filter conditions [cs-mode]. -->
	<!-- Update image info for [7:0x18D20000:YN] C:\Windows\SYSTEM32\ucrtbased.dll -->
	<msg id='9' display='false' source='trc'>
		<type>LOAD_MODULE</type>
		<severity>INFO</severity>
		<timestamp>Fri May 10 21:09:25 2024</timestamp>
		<arg name='module'>C:\Windows\SYSTEM32\ucrtbased.dll</arg>
		<arg name='basement'>0x7ff818d20000</arg>
		<arg name='ceiling'>0x7ff818f40fff</arg>
		<arg name='symtab'>yes</arg>
	</msg>
	<!-- Instrumentation of C:\Windows\SYSTEM32\ucrtbased.dll image skipped because of filter conditions. -->
	<!-- Update image info for [8:0xA2660000:YN] C:\Windows\SYSTEM32\VCRUNTIME140_1D.dll -->
	<msg id='10' display='false' source='trc'>
		<type>LOAD_MODULE</type>
		<severity>INFO</severity>
		<timestamp>Fri May 10 21:09:25 2024</timestamp>
		<arg name='module'>C:\Windows\SYSTEM32\VCRUNTIME140_1D.dll</arg>
		<arg name='basement'>0x7ff8a2660000</arg>
		<arg name='ceiling'>0x7ff8a266efff</arg>
		<arg name='symtab'>yes</arg>
	</msg>
	<!-- Instrumentation of C:\Windows\SYSTEM32\VCRUNTIME140_1D.dll image skipped because of filter conditions [cs-mode]. -->
	<!-- Update image info for [9:0x17ED0000:YN] C:\Program Files (x86)\Intel\oneAPI\compiler\latest\bin\libiomp5md.dll -->
	<msg id='11' display='false' source='trc'>
		<type>LOAD_MODULE</type>
		<severity>INFO</severity>
		<timestamp>Fri May 10 21:09:25 2024</timestamp>
		<arg name='module'>C:\Program Files (x86)\Intel\oneAPI\compiler\latest\bin\libiomp5md.dll</arg>
		<arg name='basement'>0x7ff817ed0000</arg>
		<arg name='ceiling'>0x7ff8180fcfff</arg>
		<arg name='symtab'>yes</arg>
	</msg>
	<!-- Instrumenting image: id = 9, name = C:\Program Files (x86)\Intel\oneAPI\compiler\latest\bin\libiomp5md.dll -->
	<!-- Instrumenting loops in routine "__kmp_barrier_template" -->
	<!-- Instrumenting loops in routine "__kmp_hyper_barrier_gather" -->
	<!-- Instrumenting loops in routine "__kmp_hyper_barrier_release" -->
	<!-- Instrumenting loops in routine "__kmp_join_barrier" -->
	<!-- Instrumenting loops in routine "__kmp_hyper_barrier_gather" -->
	<!-- Instrumenting loops in routine "__kmp_fork_barrier" -->
	<!-- Instrumenting loops in routine "__kmp_itt_initialize" -->
	<!-- Instrumenting loops in routine "__kmp_internal_end_library" -->
	<!-- Instrumenting loops in routine "__kmp_get_global_thread_id_reg" -->
	<!-- Instrumenting loops in routine "__kmp_allocate_thread" -->
	<!-- Instrumenting loops in routine "__kmp_launch_thread" -->
	<!-- Instrumenting loops in routine "__kmp_fork_call" -->
	<!-- Instrumenting loops in routine "__kmp_allocate_team" -->
	<!-- Instrumenting loops in routine "__kmp_join_call" -->
	<!-- Instrumenting loops in routine "__kmp_do_serial_initialize" -->
	<!-- Instrumenting loops in routine "__kmp_str_buf_print" -->
	<!-- Instrumenting loops in routine "__kmp_runtime_initialize" -->
	<!-- Instrumenting loops in routine "rml::internal::MemoryPool::destroy" -->
	<!-- Instrumenting loops in routine "rml::internal::LargeObjectCache::reset" -->
	<!-- Instrumenting loops in routine "__kmp_invoke_microtask" -->
	<!-- Update image info for [10:0xACEF0000:YN] C:\Windows\System32\ucrtbase.dll -->
	<msg id='12' display='false' source='trc'>
		<type>LOAD_MODULE</type>
		<severity>INFO</severity>
		<timestamp>Fri May 10 21:09:25 2024</timestamp>
		<arg name='module'>C:\Windows\System32\ucrtbase.dll</arg>
		<arg name='basement'>0x7ff8acef0000</arg>
		<arg name='ceiling'>0x7ff8ad000fff</arg>
		<arg name='symtab'>yes</arg>
	</msg>
	<!-- Instrumentation of C:\Windows\System32\ucrtbase.dll image skipped because of filter conditions [cs-mode]. -->
	<!-- Update image info for [11:0x9F690000:YN] C:\Windows\SYSTEM32\VCRUNTIME140.dll -->
	<msg id='13' display='false' source='trc'>
		<type>LOAD_MODULE</type>
		<severity>INFO</severity>
		<timestamp>Fri May 10 21:09:25 2024</timestamp>
		<arg name='module'>C:\Windows\SYSTEM32\VCRUNTIME140.dll</arg>
		<arg name='basement'>0x7ff89f690000</arg>
		<arg name='ceiling'>0x7ff89f6acfff</arg>
		<arg name='symtab'>yes</arg>
	</msg>
	<!-- Instrumentation of C:\Windows\SYSTEM32\VCRUNTIME140.dll image skipped because of filter conditions [cs-mode]. -->
	<!-- Update image info for [12:0x3BE10000:YN] C:\Program Files (x86)\Intel\oneAPI\advisor\2024.0\bin64\runtime\libittnotify.dll -->
	<msg id='14' display='false' source='trc'>
		<type>LOAD_MODULE</type>
		<severity>INFO</severity>
		<timestamp>Fri May 10 21:09:26 2024</timestamp>
		<arg name='module'>C:\Program Files (x86)\Intel\oneAPI\advisor\2024.0\bin64\runtime\libittnotify.dll</arg>
		<arg name='basement'>0x7ff83be10000</arg>
		<arg name='ceiling'>0x7ff83be87fff</arg>
		<arg name='symtab'>yes</arg>
	</msg>
	<!-- __itt_pause was instrumented -->
	<!-- __itt_resume was instrumented -->
	<!-- __itt_metadata_add was instrumented -->
	<!-- Instrumentation of C:\Program Files (x86)\Intel\oneAPI\advisor\2024.0\bin64\runtime\libittnotify.dll image skipped because of filter conditions [cs-mode]. -->
	<!-- Update image info for [13:0xAF0D0000:YN] C:\Windows\System32\advapi32.dll -->
	<msg id='15' display='false' source='trc'>
		<type>LOAD_MODULE</type>
		<severity>INFO</severity>
		<timestamp>Fri May 10 21:09:26 2024</timestamp>
		<arg name='module'>C:\Windows\System32\advapi32.dll</arg>
		<arg name='basement'>0x7ff8af0d0000</arg>
		<arg name='ceiling'>0x7ff8af17dfff</arg>
		<arg name='symtab'>yes</arg>
	</msg>
	<!-- Instrumentation of C:\Windows\System32\advapi32.dll image skipped because of filter conditions [cs-mode]. -->
	<!-- Update image info for [14:0xADF80000:YN] C:\Windows\System32\msvcrt.dll -->
	<msg id='16' display='false' source='trc'>
		<type>LOAD_MODULE</type>
		<severity>INFO</severity>
		<timestamp>Fri May 10 21:09:26 2024</timestamp>
		<arg name='module'>C:\Windows\System32\msvcrt.dll</arg>
		<arg name='basement'>0x7ff8adf80000</arg>
		<arg name='ceiling'>0x7ff8ae026fff</arg>
		<arg name='symtab'>yes</arg>
	</msg>
	<!-- Instrumentation of C:\Windows\System32\msvcrt.dll image skipped because of filter conditions [cs-mode]. -->
	<!-- Update image info for [15:0xAE030000:YN] C:\Windows\System32\sechost.dll -->
	<msg id='17' display='false' source='trc'>
		<type>LOAD_MODULE</type>
		<severity>INFO</severity>
		<timestamp>Fri May 10 21:09:26 2024</timestamp>
		<arg name='module'>C:\Windows\System32\sechost.dll</arg>
		<arg name='basement'>0x7ff8ae030000</arg>
		<arg name='ceiling'>0x7ff8ae0d3fff</arg>
		<arg name='symtab'>yes</arg>
	</msg>
	<!-- Instrumentation of C:\Windows\System32\sechost.dll image skipped because of filter conditions [cs-mode]. -->
	<!-- Update image info for [16:0xAD4A0000:YN] C:\Windows\System32\RPCRT4.dll -->
	<msg id='18' display='false' source='trc'>
		<type>LOAD_MODULE</type>
		<severity>INFO</severity>
		<timestamp>Fri May 10 21:09:26 2024</timestamp>
		<arg name='module'>C:\Windows\System32\RPCRT4.dll</arg>
		<arg name='basement'>0x7ff8ad4a0000</arg>
		<arg name='ceiling'>0x7ff8ad5b4fff</arg>
		<arg name='symtab'>yes</arg>
	</msg>
	<!-- Instrumentation of C:\Windows\System32\RPCRT4.dll image skipped because of filter conditions [cs-mode]. -->
	<!-- Update image info for [17:0xAC300000:YN] C:\Windows\SYSTEM32\CRYPTBASE.DLL -->
	<msg id='19' display='false' source='trc'>
		<type>LOAD_MODULE</type>
		<severity>INFO</severity>
		<timestamp>Fri May 10 21:09:26 2024</timestamp>
		<arg name='module'>C:\Windows\SYSTEM32\CRYPTBASE.DLL</arg>
		<arg name='basement'>0x7ff8ac300000</arg>
		<arg name='ceiling'>0x7ff8ac30bfff</arg>
		<arg name='symtab'>yes</arg>
	</msg>
	<!-- Instrumentation of C:\Windows\SYSTEM32\CRYPTBASE.DLL image skipped because of filter conditions [cs-mode]. -->
	<!-- Update image info for [18:0xACAD0000:YN] C:\Windows\System32\bcryptPrimitives.dll -->
	<msg id='20' display='false' source='trc'>
		<type>LOAD_MODULE</type>
		<severity>INFO</severity>
		<timestamp>Fri May 10 21:09:26 2024</timestamp>
		<arg name='module'>C:\Windows\System32\bcryptPrimitives.dll</arg>
		<arg name='basement'>0x7ff8acad0000</arg>
		<arg name='ceiling'>0x7ff8acb4afff</arg>
		<arg name='symtab'>yes</arg>
	</msg>
	<!-- Instrumentation of C:\Windows\System32\bcryptPrimitives.dll image skipped because of filter conditions [cs-mode]. -->
	<!-- Update image info for [19:0xA1310000:YN] C:\Program Files (x86)\Intel\oneAPI\advisor\2024.0\bin64\pinjitprofiling.dll -->
	<msg id='21' display='false' source='trc'>
		<type>LOAD_MODULE</type>
		<severity>INFO</severity>
		<timestamp>Fri May 10 21:09:26 2024</timestamp>
		<arg name='module'>C:\Program Files (x86)\Intel\oneAPI\advisor\2024.0\bin64\pinjitprofiling.dll</arg>
		<arg name='basement'>0x7ff8a1310000</arg>
		<arg name='ceiling'>0x7ff8a1317fff</arg>
		<arg name='symtab'>yes</arg>
	</msg>
	<!-- Instrumentation of C:\Program Files (x86)\Intel\oneAPI\advisor\2024.0\bin64\pinjitprofiling.dll image skipped because of filter conditions [cs-mode]. -->
	<!-- Update image info for [21:0xABC10000:YN] C:\Windows\SYSTEM32\kernel.appcore.dll -->
	<msg id='22' display='false' source='trc'>
		<type>LOAD_MODULE</type>
		<severity>INFO</severity>
		<timestamp>Fri May 10 21:10:03 2024</timestamp>
		<arg name='module'>C:\Windows\SYSTEM32\kernel.appcore.dll</arg>
		<arg name='basement'>0x7ff8abc10000</arg>
		<arg name='ceiling'>0x7ff8abc27fff</arg>
		<arg name='symtab'>yes</arg>
	</msg>
	<!-- Instrumentation of C:\Windows\SYSTEM32\kernel.appcore.dll image skipped because of filter conditions [cs-mode]. -->
	<msg id='23' display='false' source='trc'>
		<type>UNLOAD_MODULE</type>
		<severity>INFO</severity>
		<timestamp>Fri May 10 21:10:04 2024</timestamp>
		<arg name='module'>D:\—Ä–∞–± —Å—Ç–æ–ª\–£–ù–ò–ö\–ú–∞–≥–∞\2 —Å–µ–º\–ì–µ—Ç–µ—Ä–æ–≥–µ–Ω–Ω—ã–µ\labs\siw\build\getor\getor.exe</arg>
	</msg>
	<msg id='24' display='false' source='trc'>
		<type>UNLOAD_MODULE</type>
		<severity>INFO</severity>
		<timestamp>Fri May 10 21:10:04 2024</timestamp>
		<arg name='module'>C:\Windows\System32\KERNELBASE.dll</arg>
	</msg>
	<msg id='25' display='false' source='trc'>
		<type>UNLOAD_MODULE</type>
		<severity>INFO</severity>
		<timestamp>Fri May 10 21:10:04 2024</timestamp>
		<arg name='module'>C:\Windows\System32\KERNEL32.DLL</arg>
	</msg>
	<msg id='26' display='false' source='trc'>
		<type>UNLOAD_MODULE</type>
		<severity>INFO</severity>
		<timestamp>Fri May 10 21:10:04 2024</timestamp>
		<arg name='module'>C:\Windows\SYSTEM32\ntdll.dll</arg>
	</msg>
	<msg id='27' display='false' source='trc'>
		<type>UNLOAD_MODULE</type>
		<severity>INFO</severity>
		<timestamp>Fri May 10 21:10:04 2024</timestamp>
		<arg name='module'>C:\Windows\SYSTEM32\VCRUNTIME140D.dll</arg>
	</msg>
	<msg id='28' display='false' source='trc'>
		<type>UNLOAD_MODULE</type>
		<severity>INFO</severity>
		<timestamp>Fri May 10 21:10:04 2024</timestamp>
		<arg name='module'>C:\Windows\SYSTEM32\MSVCP140D.dll</arg>
	</msg>
	<msg id='29' display='false' source='trc'>
		<type>UNLOAD_MODULE</type>
		<severity>INFO</severity>
		<timestamp>Fri May 10 21:10:04 2024</timestamp>
		<arg name='module'>C:\Windows\SYSTEM32\ucrtbased.dll</arg>
	</msg>
	<msg id='30' display='false' source='trc'>
		<type>UNLOAD_MODULE</type>
		<severity>INFO</severity>
		<timestamp>Fri May 10 21:10:04 2024</timestamp>
		<arg name='module'>C:\Windows\SYSTEM32\VCRUNTIME140_1D.dll</arg>
	</msg>
	<msg id='31' display='false' source='trc'>
		<type>UNLOAD_MODULE</type>
		<severity>INFO</severity>
		<timestamp>Fri May 10 21:10:04 2024</timestamp>
		<arg name='module'>C:\Program Files (x86)\Intel\oneAPI\compiler\latest\bin\libiomp5md.dll</arg>
	</msg>
	<msg id='32' display='false' source='trc'>
		<type>UNLOAD_MODULE</type>
		<severity>INFO</severity>
		<timestamp>Fri May 10 21:10:04 2024</timestamp>
		<arg name='module'>C:\Windows\System32\ucrtbase.dll</arg>
	</msg>
	<msg id='33' display='false' source='trc'>
		<type>UNLOAD_MODULE</type>
		<severity>INFO</severity>
		<timestamp>Fri May 10 21:10:04 2024</timestamp>
		<arg name='module'>C:\Windows\SYSTEM32\VCRUNTIME140.dll</arg>
	</msg>
	<msg id='34' display='false' source='trc'>
		<type>UNLOAD_MODULE</type>
		<severity>INFO</severity>
		<timestamp>Fri May 10 21:10:04 2024</timestamp>
		<arg name='module'>C:\Program Files (x86)\Intel\oneAPI\advisor\2024.0\bin64\runtime\libittnotify.dll</arg>
	</msg>
	<msg id='35' display='false' source='trc'>
		<type>UNLOAD_MODULE</type>
		<severity>INFO</severity>
		<timestamp>Fri May 10 21:10:04 2024</timestamp>
		<arg name='module'>C:\Windows\System32\advapi32.dll</arg>
	</msg>
	<msg id='36' display='false' source='trc'>
		<type>UNLOAD_MODULE</type>
		<severity>INFO</severity>
		<timestamp>Fri May 10 21:10:04 2024</timestamp>
		<arg name='module'>C:\Windows\System32\msvcrt.dll</arg>
	</msg>
	<msg id='37' display='false' source='trc'>
		<type>UNLOAD_MODULE</type>
		<severity>INFO</severity>
		<timestamp>Fri May 10 21:10:04 2024</timestamp>
		<arg name='module'>C:\Windows\System32\sechost.dll</arg>
	</msg>
	<msg id='38' display='false' source='trc'>
		<type>UNLOAD_MODULE</type>
		<severity>INFO</severity>
		<timestamp>Fri May 10 21:10:04 2024</timestamp>
		<arg name='module'>C:\Windows\System32\RPCRT4.dll</arg>
	</msg>
	<msg id='39' display='false' source='trc'>
		<type>UNLOAD_MODULE</type>
		<severity>INFO</severity>
		<timestamp>Fri May 10 21:10:04 2024</timestamp>
		<arg name='module'>C:\Windows\SYSTEM32\CRYPTBASE.DLL</arg>
	</msg>
	<msg id='40' display='false' source='trc'>
		<type>UNLOAD_MODULE</type>
		<severity>INFO</severity>
		<timestamp>Fri May 10 21:10:04 2024</timestamp>
		<arg name='module'>C:\Windows\System32\bcryptPrimitives.dll</arg>
	</msg>
	<msg id='41' display='false' source='trc'>
		<type>UNLOAD_MODULE</type>
		<severity>INFO</severity>
		<timestamp>Fri May 10 21:10:04 2024</timestamp>
		<arg name='module'>C:\Program Files (x86)\Intel\oneAPI\advisor\2024.0\bin64\pinjitprofiling.dll</arg>
	</msg>
	<msg id='42' display='false' source='trc'>
		<type>UNLOAD_MODULE</type>
		<severity>INFO</severity>
		<timestamp>Fri May 10 21:10:04 2024</timestamp>
		<arg name='module'>DynamicCodeBin</arg>
	</msg>
	<msg id='43' display='false' source='trc'>
		<type>UNLOAD_MODULE</type>
		<severity>INFO</severity>
		<timestamp>Fri May 10 21:10:04 2024</timestamp>
		<arg name='module'>C:\Windows\SYSTEM32\kernel.appcore.dll</arg>
	</msg>
	<msg id='44' display='false' source='trc'>
		<type>PROCESS_FINISH</type>
		<severity>INFO</severity>
		<timestamp>Fri May 10 21:10:04 2024</timestamp>
		<arg name='process'>D:\‡· ÒÚÓÎ\”Õ» \Ã‡„‡\2 ÒÂÏ\√ÂÚÂÓ„ÂÌÌ˚Â\labs\siw\build\getor\getor.exe</arg>
		<arg name='pid'>15892</arg>
		<arg name='exitcode'>0x0</arg>
	</msg>
	<!-- Application exited with code 0 -->
</log>