<?xml version="1.0" encoding="utf-8"?>
<log version="1.0" tool="runtool">

<msg id="1" tool="runtool">
  <type>log-start</type>
  <arg>2024/05/10 18:22:46</arg>
</msg>
<msg id="2" tool="runtool">
  <type>collector-starts</type>
</msg>
<msg id="3" tool="runtool">
  <type>marker-file</type>
  <arg>D:\раб стол\УНИК\Мага\2 сем\Гетерогенные\labs\siw\inspector\srs\r003ti3\r003ti3.inspxe</arg>
</msg>
<msg id="4" tool="tc">
  <type>START</type>
  <severity>INFO</severity>
  <timestamp>Fri May 10 18:22:46 2024</timestamp>
</msg>
<msg id="5" tool="tc">
  <type>EXEC_OF_INTEREST</type>
  <arg>d:\раб стол\УНИК\Мага\2 сем\Гетерогенные\labs\siw\build\getor\getor.exe</arg>
  <arg>10356</arg>
  <severity>INFO</severity>
  <timestamp>Fri May 10 18:22:46 2024</timestamp>
</msg>
<msg id="6" tool="tc">
  <type>LOAD_MODULE</type>
  <arg>d:\раб стол\УНИК\Мага\2 сем\Гетерогенные\labs\siw\build\getor\getor.exe</arg>
  <arg>0x7ff78f550000</arg>
  <arg>0x7ff78f65ffff</arg>
  <arg>2</arg>
  <severity>INFO</severity>
  <timestamp>Fri May 10 18:22:46 2024</timestamp>
</msg>
<msg id="7" tool="tc">
  <type>LOAD_MODULE</type>
  <arg>c:\windows\system32\kernelbase.dll</arg>
  <arg>0x7ff8acb50000</arg>
  <arg>0x7ff8aceebfff</arg>
  <arg>3</arg>
  <severity>INFO</severity>
  <timestamp>Fri May 10 18:22:46 2024</timestamp>
</msg>
<msg id="8" tool="tc">
  <type>LOAD_MODULE</type>
  <arg>c:\windows\system32\kernel32.dll</arg>
  <arg>0x7ff8af240000</arg>
  <arg>0x7ff8af302fff</arg>
  <arg>4</arg>
  <severity>INFO</severity>
  <timestamp>Fri May 10 18:22:46 2024</timestamp>
</msg>
<msg id="9" tool="tc">
  <type>LOAD_MODULE</type>
  <arg>c:\windows\system32\ntdll.dll</arg>
  <arg>0x7ff8af690000</arg>
  <arg>0x7ff8af8a3fff</arg>
  <arg>5</arg>
  <severity>INFO</severity>
  <timestamp>Fri May 10 18:22:47 2024</timestamp>
</msg>
<msg id="10" tool="tc">
  <type>LOAD_MODULE</type>
  <arg>c:\windows\system32\msvcp140d.dll</arg>
  <arg>0x7ff8184a0000</arg>
  <arg>0x7ff818580fff</arg>
  <arg>6</arg>
  <severity>INFO</severity>
  <timestamp>Fri May 10 18:22:47 2024</timestamp>
</msg>
<msg id="11" tool="tc">
  <type>LOAD_MODULE</type>
  <arg>c:\windows\system32\vcruntime140d.dll</arg>
  <arg>0x7ff8a0130000</arg>
  <arg>0x7ff8a015dfff</arg>
  <arg>7</arg>
  <severity>INFO</severity>
  <timestamp>Fri May 10 18:22:47 2024</timestamp>
</msg>
<msg id="12" tool="tc">
  <type>LOAD_MODULE</type>
  <arg>c:\windows\system32\ucrtbased.dll</arg>
  <arg>0x7ff818590000</arg>
  <arg>0x7ff8187b0fff</arg>
  <arg>8</arg>
  <severity>INFO</severity>
  <timestamp>Fri May 10 18:22:47 2024</timestamp>
</msg>
<msg id="13" tool="tc">
  <type>LOAD_MODULE</type>
  <arg>c:\program files (x86)\intel\oneapi\compiler\latest\bin\libiomp5md.dll</arg>
  <arg>0x7ff818270000</arg>
  <arg>0x7ff81849cfff</arg>
  <arg>9</arg>
  <severity>INFO</severity>
  <timestamp>Fri May 10 18:22:48 2024</timestamp>
</msg>
<msg id="14" tool="tc">
  <type>LOAD_MODULE</type>
  <arg>c:\windows\system32\ucrtbase.dll</arg>
  <arg>0x7ff8acef0000</arg>
  <arg>0x7ff8ad000fff</arg>
  <arg>10</arg>
  <severity>INFO</severity>
  <timestamp>Fri May 10 18:22:48 2024</timestamp>
</msg>
<msg id="15" tool="tc">
  <type>LOAD_MODULE</type>
  <arg>c:\windows\system32\vcruntime140.dll</arg>
  <arg>0x7ff89f690000</arg>
  <arg>0x7ff89f6acfff</arg>
  <arg>11</arg>
  <severity>INFO</severity>
  <timestamp>Fri May 10 18:22:48 2024</timestamp>
</msg>
<msg id="16" tool="tc">
  <type>LOAD_MODULE</type>
  <arg>c:\windows\system32\vcruntime140_1d.dll</arg>
  <arg>0x7ff8a17c0000</arg>
  <arg>0x7ff8a17cefff</arg>
  <arg>12</arg>
  <severity>INFO</severity>
  <timestamp>Fri May 10 18:22:48 2024</timestamp>
</msg>
<msg id="17" tool="tc">
  <type>LOAD_MODULE</type>
  <arg>c:\program files (x86)\intel\oneapi\inspector\2024.0\bin64\runtime\libittnotify.dll</arg>
  <arg>0x7ff887440000</arg>
  <arg>0x7ff8874b0fff</arg>
  <arg>13</arg>
  <severity>INFO</severity>
  <timestamp>Fri May 10 18:22:49 2024</timestamp>
</msg>
<msg id="18" tool="tc">
  <type>LOAD_MODULE</type>
  <arg>c:\windows\system32\advapi32.dll</arg>
  <arg>0x7ff8af0d0000</arg>
  <arg>0x7ff8af17dfff</arg>
  <arg>14</arg>
  <severity>INFO</severity>
  <timestamp>Fri May 10 18:22:50 2024</timestamp>
</msg>
<msg id="19" tool="tc">
  <type>LOAD_MODULE</type>
  <arg>c:\windows\system32\msvcrt.dll</arg>
  <arg>0x7ff8adf80000</arg>
  <arg>0x7ff8ae026fff</arg>
  <arg>15</arg>
  <severity>INFO</severity>
  <timestamp>Fri May 10 18:22:50 2024</timestamp>
</msg>
<msg id="20" tool="tc">
  <type>LOAD_MODULE</type>
  <arg>c:\windows\system32\sechost.dll</arg>
  <arg>0x7ff8ae030000</arg>
  <arg>0x7ff8ae0d3fff</arg>
  <arg>16</arg>
  <severity>INFO</severity>
  <timestamp>Fri May 10 18:22:50 2024</timestamp>
</msg>
<msg id="21" tool="tc">
  <type>LOAD_MODULE</type>
  <arg>c:\windows\system32\rpcrt4.dll</arg>
  <arg>0x7ff8ad4a0000</arg>
  <arg>0x7ff8ad5b4fff</arg>
  <arg>17</arg>
  <severity>INFO</severity>
  <timestamp>Fri May 10 18:22:50 2024</timestamp>
</msg>
<msg id="22" tool="tc">
  <type>HEARTBEAT</type>
  <arg>16604,5172,15628,16848</arg>
  <arg>1,1,1,0</arg>
  <arg>1983,1108,4554,53641</arg>
  <severity>INFO</severity>
  <timestamp>Fri May 10 18:22:50 2024</timestamp>
</msg>
<msg id="23" tool="tc">
  <type>LOAD_MODULE</type>
  <arg>c:\windows\system32\cryptbase.dll</arg>
  <arg>0x7ff8ac300000</arg>
  <arg>0x7ff8ac30bfff</arg>
  <arg>18</arg>
  <severity>INFO</severity>
  <timestamp>Fri May 10 18:22:50 2024</timestamp>
</msg>
<msg id="24" tool="tc">
  <type>LOAD_MODULE</type>
  <arg>c:\windows\system32\bcryptprimitives.dll</arg>
  <arg>0x7ff8acad0000</arg>
  <arg>0x7ff8acb4afff</arg>
  <arg>19</arg>
  <severity>INFO</severity>
  <timestamp>Fri May 10 18:22:50 2024</timestamp>
</msg>
<msg id="25" tool="tc">
  <type>HEARTBEAT</type>
  <arg>16604,5172,15628,16848</arg>
  <arg>1,1,1,0</arg>
  <arg>78,0,0,2387959</arg>
  <severity>INFO</severity>
  <timestamp>Fri May 10 18:22:51 2024</timestamp>
</msg>
<msg id="26" tool="tc">
  <type>LOAD_MODULE</type>
  <arg>c:\program files (x86)\intel\oneapi\inspector\2024.0\bin64\pinjitprofiling.dll</arg>
  <arg>0x7ff8a1310000</arg>
  <arg>0x7ff8a1317fff</arg>
  <arg>20</arg>
  <severity>INFO</severity>
  <timestamp>Fri May 10 18:22:51 2024</timestamp>
</msg>
<msg id="27" tool="tc">
  <type>LOAD_MODULE</type>
  <arg>dynamiccodebin</arg>
  <arg>0x0</arg>
  <arg>0x0</arg>
  <arg>21</arg>
  <severity>INFO</severity>
  <timestamp>Fri May 10 18:22:51 2024</timestamp>
</msg>
<msg id="28" tool="tc">
  <type>THREADNAME</type>
  <arg>16848</arg>
  <arg>OMP Primary Thread #0</arg>
  <severity>INFO</severity>
  <timestamp>Fri May 10 18:22:52 2024</timestamp>
</msg>
<msg id="29" tool="tc">
  <type>HEARTBEAT</type>
  <arg>15212,240,16952,12172,10796,7616,15876,13692,16764,17004,15232,17252,16604,5172,15628,16848</arg>
  <arg>0,0,1,1,1,1,1,1,1,1,1,0,1,1,1,0</arg>
  <arg>4,27,31,109,41,46,47,34,34,35,38,239,0,0,0,31539</arg>
  <severity>INFO</severity>
  <timestamp>Fri May 10 18:22:52 2024</timestamp>
</msg>
<msg id="30" tool="tc">
  <type>CTSA_NO_STACK</type>
  <severity>WARNING</severity>
  <timestamp>Fri May 10 18:22:52 2024</timestamp>
</msg>
<msg id="31" tool="tc">
  <type>THREADNAME</type>
  <arg>10400</arg>
  <arg>OMP Worker Thread #15</arg>
  <severity>INFO</severity>
  <timestamp>Fri May 10 18:22:53 2024</timestamp>
</msg>
<msg id="32" tool="tc">
  <type>THREADNAME</type>
  <arg>13748</arg>
  <arg>OMP Worker Thread #14</arg>
  <severity>INFO</severity>
  <timestamp>Fri May 10 18:22:53 2024</timestamp>
</msg>
<msg id="33" tool="tc">
  <type>THREADNAME</type>
  <arg>14680</arg>
  <arg>OMP Worker Thread #13</arg>
  <severity>INFO</severity>
  <timestamp>Fri May 10 18:22:53 2024</timestamp>
</msg>
<msg id="34" tool="tc">
  <type>THREADNAME</type>
  <arg>15212</arg>
  <arg>OMP Worker Thread #12</arg>
  <severity>INFO</severity>
  <timestamp>Fri May 10 18:22:53 2024</timestamp>
</msg>
<msg id="35" tool="tc">
  <type>THREADNAME</type>
  <arg>240</arg>
  <arg>OMP Worker Thread #11</arg>
  <severity>INFO</severity>
  <timestamp>Fri May 10 18:22:53 2024</timestamp>
</msg>
<msg id="36" tool="tc">
  <type>THREADNAME</type>
  <arg>16952</arg>
  <arg>OMP Worker Thread #9</arg>
  <severity>INFO</severity>
  <timestamp>Fri May 10 18:22:53 2024</timestamp>
</msg>
<msg id="37" tool="tc">
  <type>THREADNAME</type>
  <arg>12172</arg>
  <arg>OMP Worker Thread #10</arg>
  <severity>INFO</severity>
  <timestamp>Fri May 10 18:22:53 2024</timestamp>
</msg>
<msg id="38" tool="tc">
  <type>THREADNAME</type>
  <arg>10796</arg>
  <arg>OMP Worker Thread #8</arg>
  <severity>INFO</severity>
  <timestamp>Fri May 10 18:22:53 2024</timestamp>
</msg>
<msg id="39" tool="tc">
  <type>THREADNAME</type>
  <arg>7616</arg>
  <arg>OMP Worker Thread #7</arg>
  <severity>INFO</severity>
  <timestamp>Fri May 10 18:22:53 2024</timestamp>
</msg>
<msg id="40" tool="tc">
  <type>THREADNAME</type>
  <arg>15876</arg>
  <arg>OMP Worker Thread #5</arg>
  <severity>INFO</severity>
  <timestamp>Fri May 10 18:22:53 2024</timestamp>
</msg>
<msg id="41" tool="tc">
  <type>THREADNAME</type>
  <arg>13692</arg>
  <arg>OMP Worker Thread #6</arg>
  <severity>INFO</severity>
  <timestamp>Fri May 10 18:22:53 2024</timestamp>
</msg>
<msg id="42" tool="tc">
  <type>THREADNAME</type>
  <arg>16764</arg>
  <arg>OMP Worker Thread #4</arg>
  <severity>INFO</severity>
  <timestamp>Fri May 10 18:22:53 2024</timestamp>
</msg>
<msg id="43" tool="tc">
  <type>THREADNAME</type>
  <arg>17004</arg>
  <arg>OMP Worker Thread #3</arg>
  <severity>INFO</severity>
  <timestamp>Fri May 10 18:22:53 2024</timestamp>
</msg>
<msg id="44" tool="tc">
  <type>THREADNAME</type>
  <arg>15232</arg>
  <arg>OMP Worker Thread #2</arg>
  <severity>INFO</severity>
  <timestamp>Fri May 10 18:22:53 2024</timestamp>
</msg>
<msg id="45" tool="tc">
  <type>THREADNAME</type>
  <arg>17252</arg>
  <arg>OMP Worker Thread #1</arg>
  <severity>INFO</severity>
  <timestamp>Fri May 10 18:22:53 2024</timestamp>
</msg>
<msg id="46" tool="tc">
  <type>HEARTBEAT</type>
  <arg>10400,13748,14680,15212,240,16952,12172,10796,7616,15876,13692,16764,17004,15232,17252,16604,5172,15628,16848</arg>
  <arg>0,0,0,0,0,0,0,0,0,0,0,0,0,0,0,1,1,1,0</arg>
  <arg>11681846,10838825,11749243,12002277,11180495,11841516,12347048,11832895,11551955,12702930,12612157,12428526,12292821,12602279,12233713,0,0,0,7751204</arg>
  <severity>INFO</severity>
  <timestamp>Fri May 10 18:22:53 2024</timestamp>
</msg>
<msg id="47" tool="tc">
  <type>HEARTBEAT</type>
  <arg>10400,13748,14680,15212,240,16952,12172,10796,7616,15876,13692,16764,17004,15232,17252,16604,5172,15628,16848</arg>
  <arg>0,0,0,0,0,0,0,0,0,0,0,0,0,0,0,1,1,1,0</arg>
  <arg>15210447,12663874,14835993,27170030,12729490,14424789,15453306,15077201,15289359,15404332,27777129,14602667,14456309,13389102,12904653,0,0,0,22453119</arg>
  <severity>INFO</severity>
  <timestamp>Fri May 10 18:22:54 2024</timestamp>
</msg>
<msg id="48" tool="tc">
  <type>HEARTBEAT</type>
  <arg>10400,13748,14680,15212,240,16952,12172,10796,7616,15876,13692,16764,17004,15232,17252,16604,5172,15628,16848</arg>
  <arg>0,0,0,0,0,0,0,0,0,0,0,0,0,0,0,1,1,1,0</arg>
  <arg>15362381,13067382,15356181,14698087,12562451,14121319,15143517,15405866,15257401,15013579,15314436,14648772,14458344,12620908,25155840,0,0,0,14318430</arg>
  <severity>INFO</severity>
  <timestamp>Fri May 10 18:22:55 2024</timestamp>
</msg>
<msg id="49" tool="tc">
  <type>HEARTBEAT</type>
  <arg>10400,13748,14680,15212,240,16952,12172,10796,7616,15876,13692,16764,17004,15232,17252,16604,5172,15628,16848</arg>
  <arg>0,0,0,0,0,0,0,0,0,0,0,0,0,0,0,1,1,1,0</arg>
  <arg>15340565,12746334,15375984,15282890,13137237,14857980,14913321,15444189,15298587,15276552,15524346,14256117,14580874,13005398,12686165,0,0,0,14928269</arg>
  <severity>INFO</severity>
  <timestamp>Fri May 10 18:22:56 2024</timestamp>
</msg>
<msg id="50" tool="tc">
  <type>HEARTBEAT</type>
  <arg>10400,13748,14680,15212,240,16952,12172,10796,7616,15876,13692,16764,17004,15232,17252,16604,5172,15628,16848</arg>
  <arg>0,0,0,0,0,0,0,0,0,0,0,0,0,0,0,1,1,1,0</arg>
  <arg>15382768,14065670,15334152,15278748,14358504,15141814,15261093,15389123,15296031,15233618,15334477,14918910,14425302,14169859,14303511,0,0,0,29644435</arg>
  <severity>INFO</severity>
  <timestamp>Fri May 10 18:22:57 2024</timestamp>
</msg>
<msg id="51" tool="tc">
  <type>HEARTBEAT</type>
  <arg>10400,13748,14680,15212,240,16952,12172,10796,7616,15876,13692,16764,17004,15232,17252,16604,5172,15628,16848</arg>
  <arg>0,0,0,0,0,0,0,0,0,0,0,0,0,0,0,1,1,1,0</arg>
  <arg>15219119,13293161,15195839,15283288,13601940,14903370,15252863,14974263,15099599,15167949,15175698,29362248,14325240,13020195,12783426,0,0,0,14941677</arg>
  <severity>INFO</severity>
  <timestamp>Fri May 10 18:22:58 2024</timestamp>
</msg>
<msg id="52" tool="tc">
  <type>HEARTBEAT</type>
  <arg>10400,13748,14680,15212,240,16952,12172,10796,7616,15876,13692,16764,17004,15232,17252,16604,5172,15628,16848</arg>
  <arg>0,0,0,0,0,0,0,0,0,0,0,0,0,0,0,1,1,1,0</arg>
  <arg>14994046,12329176,15226440,14970293,12858928,14777741,12340814,14763412,15252034,14977734,14610815,43368707,14257487,12216171,14684720,0,0,0,14304000</arg>
  <severity>INFO</severity>
  <timestamp>Fri May 10 18:22:59 2024</timestamp>
</msg>
<msg id="53" tool="tc">
  <type>HEARTBEAT</type>
  <arg>10400,13748,14680,15212,240,16952,12172,10796,7616,15876,13692,16764,17004,15232,17252,16604,5172,15628,16848</arg>
  <arg>0,0,0,0,0,0,0,0,0,0,0,0,0,0,0,1,1,1,0</arg>
  <arg>15029872,14137568,15399282,15156543,14217759,14518270,14073277,15103084,14745606,15102245,15137046,14921584,14921867,14163115,15417324,0,0,0,14545869</arg>
  <severity>INFO</severity>
  <timestamp>Fri May 10 18:23:00 2024</timestamp>
</msg>
<msg id="54" tool="tc">
  <type>HEARTBEAT</type>
  <arg>10400,13748,14680,15212,240,16952,12172,10796,7616,15876,13692,16764,17004,15232,17252,16604,5172,15628,16848</arg>
  <arg>1,0,1,1,0,1,1,1,1,1,1,1,1,0,0,1,1,1,0</arg>
  <arg>7860104,15459064,8049332,8158081,15797004,12809957,12721009,10862662,8601108,6992890,7054924,13179885,13741532,15537295,15780711,0,0,0,15306647</arg>
  <severity>INFO</severity>
  <timestamp>Fri May 10 18:23:01 2024</timestamp>
</msg>
<msg id="55" tool="tc">
  <type>HEARTBEAT</type>
  <arg>10400,13748,14680,15212,240,16952,12172,10796,7616,15876,13692,16764,17004,15232,17252,16604,5172,15628,16848</arg>
  <arg>1,1,1,1,1,1,1,1,1,1,1,1,1,1,1,1,1,1,0</arg>
  <arg>2196856,26673032,2184961,4272860,9959925,2139760,2173075,5425228,2217076,2157625,2085043,2159109,2143327,9791114,7240307,0,0,0,15254970</arg>
  <severity>INFO</severity>
  <timestamp>Fri May 10 18:23:02 2024</timestamp>
</msg>
<msg id="56" tool="tc">
  <type>HEARTBEAT</type>
  <arg>10400,13748,14680,15212,240,16952,12172,10796,7616,15876,13692,16764,17004,15232,17252,16604,5172,15628,16848</arg>
  <arg>1,1,1,1,1,1,1,1,1,1,1,1,1,1,1,1,1,1,0</arg>
  <arg>0,0,0,0,0,0,0,0,0,0,0,0,0,0,0,0,0,0,23189132</arg>
  <severity>INFO</severity>
  <timestamp>Fri May 10 18:23:03 2024</timestamp>
</msg>
<msg id="57" tool="tc">
  <type>HEARTBEAT</type>
  <arg>10400,13748,14680,15212,240,16952,12172,10796,7616,15876,13692,16764,17004,15232,17252,16604,5172,15628,16848</arg>
  <arg>1,1,1,1,1,1,1,1,1,1,1,1,1,1,1,1,1,1,0</arg>
  <arg>0,0,0,0,0,0,0,0,0,0,0,0,0,0,0,0,0,0,23215374</arg>
  <severity>INFO</severity>
  <timestamp>Fri May 10 18:23:04 2024</timestamp>
</msg>
<msg id="58" tool="tc">
  <type>HEARTBEAT</type>
  <arg>10400,13748,14680,15212,240,16952,12172,10796,7616,15876,13692,16764,17004,15232,17252,16604,5172,15628,16848</arg>
  <arg>1,1,1,1,1,1,1,1,1,1,1,1,1,1,1,1,1,1,0</arg>
  <arg>0,0,0,0,0,0,0,0,0,0,0,0,0,0,0,0,0,0,23216704</arg>
  <severity>INFO</severity>
  <timestamp>Fri May 10 18:23:05 2024</timestamp>
</msg>
<msg id="59" tool="tc">
  <type>HEARTBEAT</type>
  <arg>10400,13748,14680,15212,240,16952,12172,10796,7616,15876,13692,16764,17004,15232,17252,16604,5172,15628,16848</arg>
  <arg>1,1,1,1,1,1,1,1,1,1,1,1,1,1,1,1,1,1,0</arg>
  <arg>0,0,0,0,0,0,0,0,0,0,0,0,0,0,0,0,0,0,23249931</arg>
  <severity>INFO</severity>
  <timestamp>Fri May 10 18:23:06 2024</timestamp>
</msg>
<msg id="60" tool="tc">
  <type>HEARTBEAT</type>
  <arg>10400,13748,14680,15212,240,16952,12172,10796,7616,15876,13692,16764,17004,15232,17252,16604,5172,15628,16848</arg>
  <arg>1,1,1,1,1,1,1,1,1,1,1,1,1,1,1,1,1,1,0</arg>
  <arg>7,7,7,7,7,7,7,7,7,7,7,7,7,7,7,0,0,0,23249614</arg>
  <severity>INFO</severity>
  <timestamp>Fri May 10 18:23:07 2024</timestamp>
</msg>
<msg id="61" tool="tc">
  <type>HEARTBEAT</type>
  <arg>10400,13748,14680,15212,240,16952,12172,10796,7616,15876,13692,16764,17004,15232,17252,16604,5172,15628,16848</arg>
  <arg>1,1,1,1,1,1,1,1,1,1,1,1,1,1,1,1,1,1,0</arg>
  <arg>0,0,0,0,0,0,0,0,0,0,0,0,0,0,0,0,0,0,23221087</arg>
  <severity>INFO</severity>
  <timestamp>Fri May 10 18:23:08 2024</timestamp>
</msg>
<msg id="62" tool="tc">
  <type>HEARTBEAT</type>
  <arg>10400,13748,14680,15212,240,16952,12172,10796,7616,15876,13692,16764,17004,15232,17252,16604,5172,15628,16848</arg>
  <arg>1,1,1,1,1,1,1,1,1,1,1,1,1,1,1,1,1,1,0</arg>
  <arg>0,0,0,0,0,0,0,0,0,0,0,0,0,0,0,0,0,0,46421102</arg>
  <severity>INFO</severity>
  <timestamp>Fri May 10 18:23:09 2024</timestamp>
</msg>
<msg id="63" tool="tc">
  <type>HEARTBEAT</type>
  <arg>10400,13748,14680,15212,240,16952,12172,10796,7616,15876,13692,16764,17004,15232,17252,16604,5172,15628,16848</arg>
  <arg>1,1,1,1,1,1,1,1,1,1,1,1,1,1,1,1,1,1,0</arg>
  <arg>0,0,0,0,0,0,0,0,0,0,0,0,0,0,0,0,0,0,23230585</arg>
  <severity>INFO</severity>
  <timestamp>Fri May 10 18:23:10 2024</timestamp>
</msg>
<msg id="64" tool="tc">
  <type>HEARTBEAT</type>
  <arg>10400,13748,14680,15212,240,16952,12172,10796,7616,15876,13692,16764,17004,15232,17252,16604,5172,15628,16848</arg>
  <arg>1,1,1,1,1,1,1,1,1,1,1,1,1,1,1,1,1,1,0</arg>
  <arg>0,0,0,0,0,0,0,0,0,0,0,0,0,0,0,0,0,0,23262194</arg>
  <severity>INFO</severity>
  <timestamp>Fri May 10 18:23:11 2024</timestamp>
</msg>
<msg id="65" tool="tc">
  <type>HEARTBEAT</type>
  <arg>10400,13748,14680,15212,240,16952,12172,10796,7616,15876,13692,16764,17004,15232,17252,16604,5172,15628,16848</arg>
  <arg>1,1,1,1,1,1,1,1,1,1,1,1,1,1,1,1,1,1,0</arg>
  <arg>7,7,7,7,7,7,7,7,7,7,7,7,7,7,7,0,0,0,23244465</arg>
  <severity>INFO</severity>
  <timestamp>Fri May 10 18:23:12 2024</timestamp>
</msg>
<msg id="66" tool="tc">
  <type>HEARTBEAT</type>
  <arg>10400,13748,14680,15212,240,16952,12172,10796,7616,15876,13692,16764,17004,15232,17252,16604,5172,15628,16848</arg>
  <arg>1,1,1,1,1,1,1,1,1,1,1,1,1,1,1,1,1,1,0</arg>
  <arg>0,0,0,0,0,0,0,0,0,0,0,0,0,0,0,0,0,0,23233775</arg>
  <severity>INFO</severity>
  <timestamp>Fri May 10 18:23:13 2024</timestamp>
</msg>
<msg id="67" tool="tc">
  <type>HEARTBEAT</type>
  <arg>10400,13748,14680,15212,240,16952,12172,10796,7616,15876,13692,16764,17004,15232,17252,16604,5172,15628,16848</arg>
  <arg>1,1,1,1,1,1,1,1,1,1,1,1,1,1,1,1,1,1,0</arg>
  <arg>0,0,0,0,0,0,0,0,0,0,0,0,0,0,0,0,0,0,23216073</arg>
  <severity>INFO</severity>
  <timestamp>Fri May 10 18:23:14 2024</timestamp>
</msg>
<msg id="68" tool="tc">
  <type>HEARTBEAT</type>
  <arg>10400,13748,14680,15212,240,16952,12172,10796,7616,15876,13692,16764,17004,15232,17252,16604,5172,15628,16848</arg>
  <arg>1,1,1,1,1,1,1,1,1,1,1,1,1,1,1,1,1,1,0</arg>
  <arg>0,0,0,0,0,0,0,0,0,0,0,0,0,0,0,0,0,0,23228718</arg>
  <severity>INFO</severity>
  <timestamp>Fri May 10 18:23:15 2024</timestamp>
</msg>
<msg id="69" tool="tc">
  <type>HEARTBEAT</type>
  <arg>10400,13748,14680,15212,240,16952,12172,10796,7616,15876,13692,16764,17004,15232,17252,16604,5172,15628,16848</arg>
  <arg>1,1,1,1,1,1,1,1,1,1,1,1,1,1,1,1,1,1,0</arg>
  <arg>0,0,0,0,0,0,0,0,0,0,0,0,0,0,0,0,0,0,23237695</arg>
  <severity>INFO</severity>
  <timestamp>Fri May 10 18:23:16 2024</timestamp>
</msg>
<msg id="70" tool="tc">
  <type>HEARTBEAT</type>
  <arg>10400,13748,14680,15212,240,16952,12172,10796,7616,15876,13692,16764,17004,15232,17252,16604,5172,15628,16848</arg>
  <arg>1,1,1,1,1,1,1,1,1,1,1,1,1,1,1,1,1,1,0</arg>
  <arg>7,7,7,7,7,7,7,7,7,7,7,7,7,7,7,0,0,0,23225596</arg>
  <severity>INFO</severity>
  <timestamp>Fri May 10 18:23:17 2024</timestamp>
</msg>
<msg id="71" tool="tc">
  <type>HEARTBEAT</type>
  <arg>10400,13748,14680,15212,240,16952,12172,10796,7616,15876,13692,16764,17004,15232,17252,16604,5172,15628,16848</arg>
  <arg>1,1,1,1,1,1,1,1,1,1,1,1,1,1,1,1,1,1,0</arg>
  <arg>0,0,0,0,0,0,0,0,0,0,0,0,0,0,0,0,0,0,23246623</arg>
  <severity>INFO</severity>
  <timestamp>Fri May 10 18:23:18 2024</timestamp>
</msg>
<msg id="72" tool="tc">
  <type>HEARTBEAT</type>
  <arg>10400,13748,14680,15212,240,16952,12172,10796,7616,15876,13692,16764,17004,15232,17252,16604,5172,15628,16848</arg>
  <arg>1,1,1,1,1,1,1,1,1,1,1,1,1,1,1,1,1,1,0</arg>
  <arg>0,0,0,0,0,0,0,0,0,0,0,0,0,0,0,0,0,0,23235160</arg>
  <severity>INFO</severity>
  <timestamp>Fri May 10 18:23:19 2024</timestamp>
</msg>
<msg id="73" tool="tc">
  <type>HEARTBEAT</type>
  <arg>10400,13748,14680,15212,240,16952,12172,10796,7616,15876,13692,16764,17004,15232,17252,16604,5172,15628,16848</arg>
  <arg>1,1,1,1,1,1,1,1,1,1,1,1,1,1,1,1,1,1,0</arg>
  <arg>0,0,0,0,0,0,0,0,0,0,0,0,0,0,0,0,0,0,23210706</arg>
  <severity>INFO</severity>
  <timestamp>Fri May 10 18:23:20 2024</timestamp>
</msg>
<msg id="74" tool="tc">
  <type>HEARTBEAT</type>
  <arg>10400,13748,14680,15212,240,16952,12172,10796,7616,15876,13692,16764,17004,15232,17252,16604,5172,15628,16848</arg>
  <arg>1,1,1,1,1,1,1,1,1,1,1,1,1,1,1,1,1,1,0</arg>
  <arg>0,0,0,0,0,0,0,0,0,0,0,0,0,0,0,0,0,0,23211823</arg>
  <severity>INFO</severity>
  <timestamp>Fri May 10 18:23:21 2024</timestamp>
</msg>
<msg id="75" tool="tc">
  <type>HEARTBEAT</type>
  <arg>10400,13748,14680,15212,240,16952,12172,10796,7616,15876,13692,16764,17004,15232,17252,16604,5172,15628,16848</arg>
  <arg>1,1,1,1,1,1,1,1,1,1,1,1,1,1,1,1,1,1,0</arg>
  <arg>7,7,7,7,7,7,7,7,7,7,7,7,7,7,7,0,0,0,23232099</arg>
  <severity>INFO</severity>
  <timestamp>Fri May 10 18:23:22 2024</timestamp>
</msg>
<msg id="76" tool="tc">
  <type>HEARTBEAT</type>
  <arg>10400,13748,14680,15212,240,16952,12172,10796,7616,15876,13692,16764,17004,15232,17252,16604,5172,15628,16848</arg>
  <arg>1,1,1,1,1,1,1,1,1,1,1,1,1,1,1,1,1,1,0</arg>
  <arg>0,0,0,0,0,0,0,0,0,0,0,0,0,0,0,0,0,0,23254800</arg>
  <severity>INFO</severity>
  <timestamp>Fri May 10 18:23:23 2024</timestamp>
</msg>
<msg id="77" tool="tc">
  <type>HEARTBEAT</type>
  <arg>10400,13748,14680,15212,240,16952,12172,10796,7616,15876,13692,16764,17004,15232,17252,16604,5172,15628,16848</arg>
  <arg>1,1,1,1,1,1,1,1,1,1,1,1,1,1,1,1,1,1,0</arg>
  <arg>0,0,0,0,0,0,0,0,0,0,0,0,0,0,0,0,0,0,23243480</arg>
  <severity>INFO</severity>
  <timestamp>Fri May 10 18:23:24 2024</timestamp>
</msg>
<msg id="78" tool="tc">
  <type>HEARTBEAT</type>
  <arg>10400,13748,14680,15212,240,16952,12172,10796,7616,15876,13692,16764,17004,15232,17252,16604,5172,15628,16848</arg>
  <arg>1,1,1,1,1,1,1,1,1,1,1,1,1,1,1,1,1,1,0</arg>
  <arg>0,0,0,0,0,0,0,0,0,0,0,0,0,0,0,0,0,0,23256441</arg>
  <severity>INFO</severity>
  <timestamp>Fri May 10 18:23:25 2024</timestamp>
</msg>
<msg id="79" tool="tc">
  <type>HEARTBEAT</type>
  <arg>10400,13748,14680,15212,240,16952,12172,10796,7616,15876,13692,16764,17004,15232,17252,16604,5172,15628,16848</arg>
  <arg>1,1,1,1,1,1,1,1,1,1,1,1,1,1,1,1,1,1,0</arg>
  <arg>0,0,0,0,0,0,0,0,0,0,0,0,0,0,0,0,0,0,46504214</arg>
  <severity>INFO</severity>
  <timestamp>Fri May 10 18:23:26 2024</timestamp>
</msg>
<msg id="80" tool="tc">
  <type>HEARTBEAT</type>
  <arg>10400,13748,14680,15212,240,16952,12172,10796,7616,15876,13692,16764,17004,15232,17252,16604,5172,15628,16848</arg>
  <arg>1,1,1,1,1,1,1,1,1,1,1,1,1,1,1,1,1,1,0</arg>
  <arg>7,7,7,7,7,7,7,7,7,7,7,7,7,7,7,0,0,0,23249951</arg>
  <severity>INFO</severity>
  <timestamp>Fri May 10 18:23:27 2024</timestamp>
</msg>
<msg id="81" tool="tc">
  <type>HEARTBEAT</type>
  <arg>10400,13748,14680,15212,240,16952,12172,10796,7616,15876,13692,16764,17004,15232,17252,16604,5172,15628,16848</arg>
  <arg>1,1,1,1,1,1,1,1,1,1,1,1,1,1,1,1,1,1,0</arg>
  <arg>0,0,0,0,0,0,0,0,0,0,0,0,0,0,0,0,0,0,23235630</arg>
  <severity>INFO</severity>
  <timestamp>Fri May 10 18:23:28 2024</timestamp>
</msg>
<msg id="82" tool="tc">
  <type>HEARTBEAT</type>
  <arg>10400,13748,14680,15212,240,16952,12172,10796,7616,15876,13692,16764,17004,15232,17252,16604,5172,15628,16848</arg>
  <arg>1,1,1,1,1,1,1,1,1,1,1,1,1,1,1,1,1,1,0</arg>
  <arg>0,0,0,0,0,0,0,0,0,0,0,0,0,0,0,0,0,0,23806917</arg>
  <severity>INFO</severity>
  <timestamp>Fri May 10 18:23:29 2024</timestamp>
</msg>
<msg id="83" tool="tc">
  <type>HEARTBEAT</type>
  <arg>10400,13748,14680,15212,240,16952,12172,10796,7616,15876,13692,16764,17004,15232,17252,16604,5172,15628,16848</arg>
  <arg>1,1,1,1,1,1,1,1,1,1,1,1,1,1,1,1,1,1,0</arg>
  <arg>0,0,0,0,0,0,0,0,0,0,0,0,0,0,0,0,0,0,26000828</arg>
  <severity>INFO</severity>
  <timestamp>Fri May 10 18:23:30 2024</timestamp>
</msg>
<msg id="84" tool="tc">
  <type>HEARTBEAT</type>
  <arg>10400,13748,14680,15212,240,16952,12172,10796,7616,15876,13692,16764,17004,15232,17252,16604,5172,15628,16848</arg>
  <arg>1,1,1,1,1,1,1,1,1,1,1,1,1,1,1,1,1,1,0</arg>
  <arg>0,0,0,0,0,0,0,0,0,0,0,0,0,0,0,0,0,0,25996178</arg>
  <severity>INFO</severity>
  <timestamp>Fri May 10 18:23:31 2024</timestamp>
</msg>
<msg id="85" tool="tc">
  <type>HEARTBEAT</type>
  <arg>10400,13748,14680,15212,240,16952,12172,10796,7616,15876,13692,16764,17004,15232,17252,16604,5172,15628,16848</arg>
  <arg>1,1,1,1,1,1,1,1,1,1,1,1,1,1,1,1,1,1,0</arg>
  <arg>7,7,7,7,7,7,7,7,7,7,7,7,7,7,7,0,0,0,25980436</arg>
  <severity>INFO</severity>
  <timestamp>Fri May 10 18:23:32 2024</timestamp>
</msg>
<msg id="86" tool="tc">
  <type>HEARTBEAT</type>
  <arg>10400,13748,14680,15212,240,16952,12172,10796,7616,15876,13692,16764,17004,15232,17252,16604,5172,15628,16848</arg>
  <arg>1,1,1,1,1,1,1,1,1,1,1,1,1,1,1,1,1,1,0</arg>
  <arg>0,0,0,0,0,0,0,0,0,0,0,0,0,0,0,0,0,0,25986846</arg>
  <severity>INFO</severity>
  <timestamp>Fri May 10 18:23:33 2024</timestamp>
</msg>
<msg id="87" tool="tc">
  <type>HEARTBEAT</type>
  <arg>10400,13748,14680,15212,240,16952,12172,10796,7616,15876,13692,16764,17004,15232,17252,16604,5172,15628,16848</arg>
  <arg>1,1,1,1,1,1,1,1,1,1,1,1,1,1,1,1,1,1,0</arg>
  <arg>0,0,0,0,0,0,0,0,0,0,0,0,0,0,0,0,0,0,26005758</arg>
  <severity>INFO</severity>
  <timestamp>Fri May 10 18:23:34 2024</timestamp>
</msg>
<msg id="88" tool="tc">
  <type>HEARTBEAT</type>
  <arg>10400,13748,14680,15212,240,16952,12172,10796,7616,15876,13692,16764,17004,15232,17252,16604,5172,15628,16848</arg>
  <arg>1,1,1,1,1,1,1,1,1,1,1,1,1,1,1,1,1,1,0</arg>
  <arg>0,0,0,0,0,0,0,0,0,0,0,0,0,0,0,0,0,0,25085561</arg>
  <severity>INFO</severity>
  <timestamp>Fri May 10 18:23:35 2024</timestamp>
</msg>
<msg id="89" tool="tc">
  <type>HEARTBEAT</type>
  <arg>10400,13748,14680,15212,240,16952,12172,10796,7616,15876,13692,16764,17004,15232,17252,16604,5172,15628,16848</arg>
  <arg>1,1,1,1,1,1,1,1,1,1,1,1,1,1,1,1,1,1,0</arg>
  <arg>0,0,0,0,0,0,0,0,0,0,0,0,0,0,0,0,0,0,23201328</arg>
  <severity>INFO</severity>
  <timestamp>Fri May 10 18:23:36 2024</timestamp>
</msg>
<msg id="90" tool="tc">
  <type>HEARTBEAT</type>
  <arg>10400,13748,14680,15212,240,16952,12172,10796,7616,15876,13692,16764,17004,15232,17252,16604,5172,15628,16848</arg>
  <arg>1,1,1,1,1,1,1,1,1,1,1,1,1,1,1,1,1,1,0</arg>
  <arg>7,7,7,7,7,7,7,7,7,7,7,7,7,7,7,0,0,0,23205849</arg>
  <severity>INFO</severity>
  <timestamp>Fri May 10 18:23:37 2024</timestamp>
</msg>
<msg id="91" tool="tc">
  <type>HEARTBEAT</type>
  <arg>10400,13748,14680,15212,240,16952,12172,10796,7616,15876,13692,16764,17004,15232,17252,16604,5172,15628,16848</arg>
  <arg>1,1,1,1,1,1,1,1,1,1,1,1,1,1,1,1,1,1,0</arg>
  <arg>0,0,0,0,0,0,0,0,0,0,0,0,0,0,0,0,0,0,24004483</arg>
  <severity>INFO</severity>
  <timestamp>Fri May 10 18:23:38 2024</timestamp>
</msg>
<msg id="92" tool="tc">
  <type>HEARTBEAT</type>
  <arg>10400,13748,14680,15212,240,16952,12172,10796,7616,15876,13692,16764,17004,15232,17252,16604,5172,15628,16848</arg>
  <arg>1,1,1,1,1,1,1,1,1,1,1,1,1,1,1,1,1,1,0</arg>
  <arg>0,0,0,0,0,0,0,0,0,0,0,0,0,0,0,0,0,0,23083232</arg>
  <severity>INFO</severity>
  <timestamp>Fri May 10 18:23:39 2024</timestamp>
</msg>
<msg id="93" tool="tc">
  <type>HEARTBEAT</type>
  <arg>10400,13748,14680,15212,240,16952,12172,10796,7616,15876,13692,16764,17004,15232,17252,16604,5172,15628,16848</arg>
  <arg>1,1,1,1,1,1,1,1,1,1,1,1,1,1,1,1,1,1,0</arg>
  <arg>0,0,0,0,0,0,0,0,0,0,0,0,0,0,0,0,0,0,23210082</arg>
  <severity>INFO</severity>
  <timestamp>Fri May 10 18:23:40 2024</timestamp>
</msg>
<msg id="94" tool="tc">
  <type>HEARTBEAT</type>
  <arg>10400,13748,14680,15212,240,16952,12172,10796,7616,15876,13692,16764,17004,15232,17252,16604,5172,15628,16848</arg>
  <arg>1,1,1,1,1,1,1,1,1,1,1,1,1,1,1,1,1,1,0</arg>
  <arg>0,0,0,0,0,0,0,0,0,0,0,0,0,0,0,0,0,0,23153976</arg>
  <severity>INFO</severity>
  <timestamp>Fri May 10 18:23:41 2024</timestamp>
</msg>
<msg id="95" tool="tc">
  <type>HEARTBEAT</type>
  <arg>10400,13748,14680,15212,240,16952,12172,10796,7616,15876,13692,16764,17004,15232,17252,16604,5172,15628,16848</arg>
  <arg>1,1,1,1,1,1,1,1,1,1,1,1,1,1,1,1,1,1,0</arg>
  <arg>7,7,7,7,7,7,7,7,7,7,7,7,7,7,7,0,0,0,23179791</arg>
  <severity>INFO</severity>
  <timestamp>Fri May 10 18:23:42 2024</timestamp>
</msg>
<msg id="96" tool="tc">
  <type>HEARTBEAT</type>
  <arg>10400,13748,14680,15212,240,16952,12172,10796,7616,15876,13692,16764,17004,15232,17252,16604,5172,15628,16848</arg>
  <arg>1,1,1,1,1,1,1,1,1,1,1,1,1,1,1,1,1,1,0</arg>
  <arg>0,0,0,0,0,0,0,0,0,0,0,0,0,0,0,0,0,0,23055514</arg>
  <severity>INFO</severity>
  <timestamp>Fri May 10 18:23:43 2024</timestamp>
</msg>
<msg id="97" tool="tc">
  <type>HEARTBEAT</type>
  <arg>10400,13748,14680,15212,240,16952,12172,10796,7616,15876,13692,16764,17004,15232,17252,16604,5172,15628,16848</arg>
  <arg>1,1,1,1,1,1,1,1,1,1,1,1,1,1,1,1,1,1,0</arg>
  <arg>0,0,0,0,0,0,0,0,0,0,0,0,0,0,0,0,0,0,23458206</arg>
  <severity>INFO</severity>
  <timestamp>Fri May 10 18:23:44 2024</timestamp>
</msg>
<msg id="98" tool="tc">
  <type>HEARTBEAT</type>
  <arg>10400,13748,14680,15212,240,16952,12172,10796,7616,15876,13692,16764,17004,15232,17252,16604,5172,15628,16848</arg>
  <arg>1,1,1,1,1,1,1,1,1,1,1,1,1,1,1,1,1,1,0</arg>
  <arg>0,0,0,0,0,0,0,0,0,0,0,0,0,0,0,0,0,0,25843867</arg>
  <severity>INFO</severity>
  <timestamp>Fri May 10 18:23:45 2024</timestamp>
</msg>
<msg id="99" tool="tc">
  <type>HEARTBEAT</type>
  <arg>10400,13748,14680,15212,240,16952,12172,10796,7616,15876,13692,16764,17004,15232,17252,16604,5172,15628,16848</arg>
  <arg>1,1,1,1,1,1,1,1,1,1,1,1,1,1,1,1,1,1,0</arg>
  <arg>0,0,0,0,0,0,0,0,0,0,0,0,0,0,0,0,0,0,24997540</arg>
  <severity>INFO</severity>
  <timestamp>Fri May 10 18:23:46 2024</timestamp>
</msg>
<msg id="100" tool="tc">
  <type>HEARTBEAT</type>
  <arg>10400,13748,14680,15212,240,16952,12172,10796,7616,15876,13692,16764,17004,15232,17252,16848</arg>
  <arg>1,1,1,1,1,1,1,1,1,1,1,1,1,1,1,0</arg>
  <arg>7,7,7,7,7,7,7,7,7,7,7,7,7,7,7,22304584</arg>
  <severity>INFO</severity>
  <timestamp>Fri May 10 18:23:47 2024</timestamp>
</msg>
<msg id="101" tool="tc">
  <type>HEARTBEAT</type>
  <arg>10400,13748,14680,15212,240,16952,12172,10796,7616,15876,13692,16764,17004,15232,17252,16848</arg>
  <arg>1,1,1,1,1,1,1,1,1,1,1,1,1,1,1,0</arg>
  <arg>0,0,0,0,0,0,0,0,0,0,0,0,0,0,0,23144530</arg>
  <severity>INFO</severity>
  <timestamp>Fri May 10 18:23:48 2024</timestamp>
</msg>
<msg id="102" tool="tc">
  <type>HEARTBEAT</type>
  <arg>10400,13748,14680,15212,240,16952,12172,10796,7616,15876,13692,16764,17004,15232,17252,16848</arg>
  <arg>1,1,1,1,1,1,1,1,1,1,1,1,1,1,1,0</arg>
  <arg>0,0,0,0,0,0,0,0,0,0,0,0,0,0,0,23209515</arg>
  <severity>INFO</severity>
  <timestamp>Fri May 10 18:23:49 2024</timestamp>
</msg>
<msg id="103" tool="tc">
  <type>HEARTBEAT</type>
  <arg>10400,13748,14680,15212,240,16952,12172,10796,7616,15876,13692,16764,17004,15232,17252,16848</arg>
  <arg>1,1,1,1,1,1,1,1,1,1,1,1,1,1,1,0</arg>
  <arg>0,0,0,0,0,0,0,0,0,0,0,0,0,0,0,23058624</arg>
  <severity>INFO</severity>
  <timestamp>Fri May 10 18:23:50 2024</timestamp>
</msg>
<msg id="104" tool="tc">
  <type>HEARTBEAT</type>
  <arg>10400,13748,14680,15212,240,16952,12172,10796,7616,15876,13692,16764,17004,15232,17252,16848</arg>
  <arg>1,1,1,1,1,1,1,1,1,1,1,1,1,1,1,0</arg>
  <arg>0,0,0,0,0,0,0,0,0,0,0,0,0,0,0,23093488</arg>
  <severity>INFO</severity>
  <timestamp>Fri May 10 18:23:51 2024</timestamp>
</msg>
<msg id="105" tool="tc">
  <type>HEARTBEAT</type>
  <arg>10400,13748,14680,15212,240,16952,12172,10796,7616,15876,13692,16764,17004,15232,17252,16848</arg>
  <arg>1,1,1,1,1,1,1,1,1,1,1,1,1,1,1,0</arg>
  <arg>7,7,7,7,7,7,7,7,7,7,7,7,7,7,7,24273024</arg>
  <severity>INFO</severity>
  <timestamp>Fri May 10 18:23:52 2024</timestamp>
</msg>
<msg id="106" tool="tc">
  <type>HEARTBEAT</type>
  <arg>10400,13748,14680,15212,240,16952,12172,10796,7616,15876,13692,16764,17004,15232,17252,16848</arg>
  <arg>1,1,1,1,1,1,1,1,1,1,1,1,1,1,1,0</arg>
  <arg>0,0,0,0,0,0,0,0,0,0,0,0,0,0,0,23996300</arg>
  <severity>INFO</severity>
  <timestamp>Fri May 10 18:23:53 2024</timestamp>
</msg>
<msg id="107" tool="tc">
  <type>HEARTBEAT</type>
  <arg>10400,13748,14680,15212,240,16952,12172,10796,7616,15876,13692,16764,17004,15232,17252,16848</arg>
  <arg>1,1,1,1,1,1,1,1,1,1,1,1,1,1,1,0</arg>
  <arg>0,0,0,0,0,0,0,0,0,0,0,0,0,0,0,49360573</arg>
  <severity>INFO</severity>
  <timestamp>Fri May 10 18:23:54 2024</timestamp>
</msg>
<msg id="108" tool="tc">
  <type>HEARTBEAT</type>
  <arg>10400,13748,14680,15212,240,16952,12172,10796,7616,15876,13692,16764,17004,15232,17252,16848</arg>
  <arg>1,1,1,1,1,1,1,1,1,1,1,1,1,1,1,0</arg>
  <arg>0,0,0,0,0,0,0,0,0,0,0,0,0,0,0,23000982</arg>
  <severity>INFO</severity>
  <timestamp>Fri May 10 18:23:55 2024</timestamp>
</msg>
<msg id="109" tool="tc">
  <type>HEARTBEAT</type>
  <arg>10400,13748,14680,15212,240,16952,12172,10796,7616,15876,13692,16764,17004,15232,17252,16848</arg>
  <arg>1,1,1,1,1,1,1,1,1,1,1,1,1,1,1,0</arg>
  <arg>0,0,0,0,0,0,0,0,0,0,0,0,0,0,0,23247784</arg>
  <severity>INFO</severity>
  <timestamp>Fri May 10 18:23:56 2024</timestamp>
</msg>
<msg id="110" tool="tc">
  <type>HEARTBEAT</type>
  <arg>10400,13748,14680,15212,240,16952,12172,10796,7616,15876,13692,16764,17004,15232,17252,16848</arg>
  <arg>1,1,1,1,1,1,1,1,1,1,1,1,1,1,1,0</arg>
  <arg>7,7,7,7,7,7,7,7,7,7,7,7,7,7,7,23251996</arg>
  <severity>INFO</severity>
  <timestamp>Fri May 10 18:23:57 2024</timestamp>
</msg>
<msg id="111" tool="tc">
  <type>HEARTBEAT</type>
  <arg>10400,13748,14680,15212,240,16952,12172,10796,7616,15876,13692,16764,17004,15232,17252,16848</arg>
  <arg>1,1,1,1,1,1,1,1,1,1,1,1,1,1,1,0</arg>
  <arg>0,0,0,0,0,0,0,0,0,0,0,0,0,0,0,23216842</arg>
  <severity>INFO</severity>
  <timestamp>Fri May 10 18:23:58 2024</timestamp>
</msg>
<msg id="112" tool="tc">
  <type>HEARTBEAT</type>
  <arg>10400,13748,14680,15212,240,16952,12172,10796,7616,15876,13692,16764,17004,15232,17252,16848</arg>
  <arg>1,1,1,1,1,1,1,1,1,1,1,1,1,1,1,0</arg>
  <arg>0,0,0,0,0,0,0,0,0,0,0,0,0,0,0,23209660</arg>
  <severity>INFO</severity>
  <timestamp>Fri May 10 18:23:59 2024</timestamp>
</msg>
<msg id="113" tool="tc">
  <type>HEARTBEAT</type>
  <arg>10400,13748,14680,15212,240,16952,12172,10796,7616,15876,13692,16764,17004,15232,17252,16848</arg>
  <arg>1,1,1,1,1,1,1,1,1,1,1,1,1,1,1,0</arg>
  <arg>0,0,0,0,0,0,0,0,0,0,0,0,0,0,0,22936071</arg>
  <severity>INFO</severity>
  <timestamp>Fri May 10 18:24:00 2024</timestamp>
</msg>
<msg id="114" tool="tc">
  <type>HEARTBEAT</type>
  <arg>10400,13748,14680,15212,240,16952,12172,10796,7616,15876,13692,16764,17004,15232,17252,16848</arg>
  <arg>1,1,1,1,1,1,1,1,1,1,1,1,1,1,1,0</arg>
  <arg>0,0,0,0,0,0,0,0,0,0,0,0,0,0,0,23163538</arg>
  <severity>INFO</severity>
  <timestamp>Fri May 10 18:24:01 2024</timestamp>
</msg>
<msg id="115" tool="tc">
  <type>HEARTBEAT</type>
  <arg>10400,13748,14680,15212,240,16952,12172,10796,7616,15876,13692,16764,17004,15232,17252,16848</arg>
  <arg>1,1,1,1,1,1,1,1,1,1,1,1,1,1,1,0</arg>
  <arg>7,7,7,7,7,7,7,7,7,7,7,7,7,7,7,22986195</arg>
  <severity>INFO</severity>
  <timestamp>Fri May 10 18:24:02 2024</timestamp>
</msg>
<msg id="116" tool="tc">
  <type>HEARTBEAT</type>
  <arg>10400,13748,14680,15212,240,16952,12172,10796,7616,15876,13692,16764,17004,15232,17252,16848</arg>
  <arg>1,1,1,1,1,1,1,1,1,1,1,1,1,1,1,0</arg>
  <arg>0,0,0,0,0,0,0,0,0,0,0,0,0,0,0,23202264</arg>
  <severity>INFO</severity>
  <timestamp>Fri May 10 18:24:03 2024</timestamp>
</msg>
<msg id="117" tool="tc">
  <type>HEARTBEAT</type>
  <arg>10400,13748,14680,15212,240,16952,12172,10796,7616,15876,13692,16764,17004,15232,17252,16848</arg>
  <arg>1,1,1,1,1,1,1,1,1,1,1,1,1,1,1,0</arg>
  <arg>0,0,0,0,0,0,0,0,0,0,0,0,0,0,0,47263563</arg>
  <severity>INFO</severity>
  <timestamp>Fri May 10 18:24:04 2024</timestamp>
</msg>
<msg id="118" tool="tc">
  <type>HEARTBEAT</type>
  <arg>10400,13748,14680,15212,240,16952,12172,10796,7616,15876,13692,16764,17004,15232,17252,16848</arg>
  <arg>1,1,1,1,1,1,1,1,1,1,1,1,1,1,1,0</arg>
  <arg>0,0,0,0,0,0,0,0,0,0,0,0,0,0,0,23184718</arg>
  <severity>INFO</severity>
  <timestamp>Fri May 10 18:24:05 2024</timestamp>
</msg>
<msg id="119" tool="tc">
  <type>HEARTBEAT</type>
  <arg>10400,13748,14680,15212,240,16952,12172,10796,7616,15876,13692,16764,17004,15232,17252,16848</arg>
  <arg>1,1,1,1,1,1,1,1,1,1,1,1,1,1,1,0</arg>
  <arg>0,0,0,0,0,0,0,0,0,0,0,0,0,0,0,23497214</arg>
  <severity>INFO</severity>
  <timestamp>Fri May 10 18:24:06 2024</timestamp>
</msg>
<msg id="120" tool="tc">
  <type>HEARTBEAT</type>
  <arg>10400,13748,14680,15212,240,16952,12172,10796,7616,15876,13692,16764,17004,15232,17252,16848</arg>
  <arg>1,1,1,1,1,1,1,1,1,1,1,1,1,1,1,0</arg>
  <arg>7,7,7,7,7,7,7,7,7,7,7,7,7,7,7,23106707</arg>
  <severity>INFO</severity>
  <timestamp>Fri May 10 18:24:07 2024</timestamp>
</msg>
<msg id="121" tool="tc">
  <type>HEARTBEAT</type>
  <arg>10400,13748,14680,15212,240,16952,12172,10796,7616,15876,13692,16764,17004,15232,17252,16848</arg>
  <arg>1,1,1,1,1,1,1,1,1,1,1,1,1,1,1,0</arg>
  <arg>0,0,0,0,0,0,0,0,0,0,0,0,0,0,0,23528606</arg>
  <severity>INFO</severity>
  <timestamp>Fri May 10 18:24:08 2024</timestamp>
</msg>
<msg id="122" tool="tc">
  <type>HEARTBEAT</type>
  <arg>10400,13748,14680,15212,240,16952,12172,10796,7616,15876,13692,16764,17004,15232,17252,16848</arg>
  <arg>1,1,1,1,1,1,1,1,1,1,1,1,1,1,1,0</arg>
  <arg>0,0,0,0,0,0,0,0,0,0,0,0,0,0,0,25853116</arg>
  <severity>INFO</severity>
  <timestamp>Fri May 10 18:24:09 2024</timestamp>
</msg>
<msg id="123" tool="tc">
  <type>HEARTBEAT</type>
  <arg>10400,13748,14680,15212,240,16952,12172,10796,7616,15876,13692,16764,17004,15232,17252,16848</arg>
  <arg>0,0,0,0,0,0,0,0,0,0,0,0,0,0,0,0</arg>
  <arg>2222002,2295084,2177645,2307255,2242467,2294283,2286642,2211101,2201368,2119732,2305085,2079735,2285933,2285093,2283641,8175071</arg>
  <severity>INFO</severity>
  <timestamp>Fri May 10 18:24:10 2024</timestamp>
</msg>
<msg id="124" tool="tc">
  <type>HEARTBEAT</type>
  <arg>10400,13748,14680,15212,240,16952,12172,10796,7616,15876,13692,16764,17004,15232,17252,16848</arg>
  <arg>0,0,0,0,0,0,0,0,0,0,0,0,0,0,0,0</arg>
  <arg>14090387,15115151,14618578,14264382,17228531,15039123,15127633,14613672,14837262,14229712,15048972,14543953,14963680,14825874,14730713,15171721</arg>
  <severity>INFO</severity>
  <timestamp>Fri May 10 18:24:11 2024</timestamp>
</msg>
<msg id="125" tool="tc">
  <type>HEARTBEAT</type>
  <arg>10400,13748,14680,15212,240,16952,12172,10796,7616,15876,13692,16764,17004,15232,17252,16848</arg>
  <arg>0,0,0,0,0,0,0,0,0,0,0,0,0,0,0,0</arg>
  <arg>13726095,15428026,15392598,13481371,32330342,15249773,15163066,14814202,15013323,14098285,15356163,14282393,15196652,14692082,14750286,15339624</arg>
  <severity>INFO</severity>
  <timestamp>Fri May 10 18:24:12 2024</timestamp>
</msg>
<msg id="126" tool="tc">
  <type>HEARTBEAT</type>
  <arg>10400,13748,14680,15212,240,16952,12172,10796,7616,15876,13692,16764,17004,15232,17252,16848</arg>
  <arg>0,0,0,0,0,0,0,0,0,0,0,0,0,0,0,0</arg>
  <arg>13313592,11705697,11897486,11879023,13324881,13891838,13087370,13678311,13127151,13412369,13864229,12124589,14151634,13191010,12987878,13859468</arg>
  <severity>INFO</severity>
  <timestamp>Fri May 10 18:24:13 2024</timestamp>
</msg>
<msg id="127" tool="tc">
  <type>HEARTBEAT</type>
  <arg>10400,13748,14680,15212,240,16952,12172,10796,7616,15876,13692,16764,17004,15232,17252,16848</arg>
  <arg>0,0,0,0,0,0,0,0,0,0,0,0,0,0,0,0</arg>
  <arg>28329949,13329604,12729453,12576699,14445974,28751315,14377515,13872270,13540085,14443646,14896936,13304459,14935183,26900787,13483355,28614215</arg>
  <severity>INFO</severity>
  <timestamp>Fri May 10 18:24:14 2024</timestamp>
</msg>
<msg id="128" tool="tc">
  <type>HEARTBEAT</type>
  <arg>10400,13748,14680,15212,240,16952,12172,10796,7616,15876,13692,16764,17004,15232,17252,16848</arg>
  <arg>0,0,0,0,0,0,0,0,0,0,0,0,0,0,0,0</arg>
  <arg>15247925,15310368,14066075,13957403,15396253,15153134,14281754,28600018,14744018,15227112,15089194,14277630,14896676,14586423,14271570,15072830</arg>
  <severity>INFO</severity>
  <timestamp>Fri May 10 18:24:15 2024</timestamp>
</msg>
<msg id="129" tool="tc">
  <type>HEARTBEAT</type>
  <arg>10400,13748,14680,15212,240,16952,12172,10796,7616,15876,13692,16764,17004,15232,17252,16848</arg>
  <arg>0,0,0,0,0,0,0,0,0,0,0,0,0,0,0,0</arg>
  <arg>15268438,15454266,13830057,14369011,15385149,15208915,14471352,14500639,14083030,15540903,15196151,14579562,15167267,14162748,14379141,15510973</arg>
  <severity>INFO</severity>
  <timestamp>Fri May 10 18:24:16 2024</timestamp>
</msg>
<msg id="130" tool="tc">
  <type>HEARTBEAT</type>
  <arg>10400,13748,14680,15212,240,16952,12172,10796,7616,15876,13692,16764,17004,15232,17252,16848</arg>
  <arg>0,0,0,0,0,0,0,0,0,0,0,0,0,0,0,0</arg>
  <arg>30293939,15299580,14043466,13053101,13185545,30453453,13693792,14741299,14452301,15341944,15153405,13785586,14993575,14725456,14259673,15179162</arg>
  <severity>INFO</severity>
  <timestamp>Fri May 10 18:24:17 2024</timestamp>
</msg>
<msg id="131" tool="tc">
  <type>HEARTBEAT</type>
  <arg>10400,13748,14680,15212,240,16952,12172,10796,7616,15876,13692,16764,17004,15232,17252,16848</arg>
  <arg>0,0,0,0,0,0,0,0,0,0,0,0,0,0,0,0</arg>
  <arg>15394491,15341691,15143480,13696988,13746055,15243345,14126028,12453343,12207607,15341328,15402267,13468855,15251080,12834070,12241744,15384393</arg>
  <severity>INFO</severity>
  <timestamp>Fri May 10 18:24:18 2024</timestamp>
</msg>
<msg id="132" tool="tc">
  <type>HEARTBEAT</type>
  <arg>10400,13748,14680,15212,240,16952,12172,10796,7616,15876,13692,16764,17004,15232,17252,16848</arg>
  <arg>0,0,0,0,0,0,0,0,0,0,0,0,0,0,0,0</arg>
  <arg>8412770,8273952,14279923,16129926,10163864,4339197,11543814,12699774,14074129,7639842,4138898,15830902,4724364,13177640,14372609,6633953</arg>
  <severity>INFO</severity>
  <timestamp>Fri May 10 18:24:19 2024</timestamp>
</msg>
<msg id="133" tool="tc">
  <type>HEARTBEAT</type>
  <arg>10400,13748,14680,15212,240,16952,12172,10796,7616,15876,13692,16764,17004,15232,17252,16848</arg>
  <arg>1,1,1,1,1,1,1,1,1,1,1,1,1,1,1,0</arg>
  <arg>1422168,1435198,1411769,1364655,1347183,1350456,1309041,1377654,1374497,1441505,1421561,1340243,6014527,1309953,1264252,22652194</arg>
  <severity>INFO</severity>
  <timestamp>Fri May 10 18:24:20 2024</timestamp>
</msg>
<msg id="134" tool="tc">
  <type>HEARTBEAT</type>
  <arg>10400,13748,14680,15212,240,16952,12172,10796,7616,15876,13692,16764,17004,15232,17252,16848</arg>
  <arg>1,1,1,1,1,1,1,1,1,1,1,1,1,1,1,0</arg>
  <arg>0,0,0,0,0,0,0,0,0,0,0,0,0,0,0,24643750</arg>
  <severity>INFO</severity>
  <timestamp>Fri May 10 18:24:21 2024</timestamp>
</msg>
<msg id="135" tool="tc">
  <type>HEARTBEAT</type>
  <arg>10400,13748,14680,15212,240,16952,12172,10796,7616,15876,13692,16764,17004,15232,17252,16848</arg>
  <arg>1,1,1,1,1,1,1,1,1,1,1,1,1,1,1,0</arg>
  <arg>0,0,0,0,0,0,0,0,0,0,0,0,0,0,0,25944301</arg>
  <severity>INFO</severity>
  <timestamp>Fri May 10 18:24:22 2024</timestamp>
</msg>
<msg id="136" tool="tc">
  <type>HEARTBEAT</type>
  <arg>10400,13748,14680,15212,240,16952,12172,10796,7616,15876,13692,16764,17004,15232,17252,16848</arg>
  <arg>1,1,1,1,1,1,1,1,1,1,1,1,1,1,1,0</arg>
  <arg>0,0,0,0,0,0,0,0,0,0,0,0,0,0,0,25807293</arg>
  <severity>INFO</severity>
  <timestamp>Fri May 10 18:24:23 2024</timestamp>
</msg>
<msg id="137" tool="tc">
  <type>HEARTBEAT</type>
  <arg>10400,13748,14680,15212,240,16952,12172,10796,7616,15876,13692,16764,17004,15232,17252,16848</arg>
  <arg>1,1,1,1,1,1,1,1,1,1,1,1,1,1,1,0</arg>
  <arg>0,0,0,0,0,0,0,0,0,0,0,0,0,0,0,23170114</arg>
  <severity>INFO</severity>
  <timestamp>Fri May 10 18:24:24 2024</timestamp>
</msg>
<msg id="138" tool="tc">
  <type>HEARTBEAT</type>
  <arg>10400,13748,14680,15212,240,16952,12172,10796,7616,15876,13692,16764,17004,15232,17252,16848</arg>
  <arg>1,1,1,1,1,1,1,1,1,1,1,1,1,1,1,0</arg>
  <arg>7,7,7,7,7,7,7,7,7,7,7,7,7,7,7,23131878</arg>
  <severity>INFO</severity>
  <timestamp>Fri May 10 18:24:25 2024</timestamp>
</msg>
<msg id="139" tool="tc">
  <type>HEARTBEAT</type>
  <arg>10400,13748,14680,15212,240,16952,12172,10796,7616,15876,13692,16764,17004,15232,17252,16848</arg>
  <arg>1,1,1,1,1,1,1,1,1,1,1,1,1,1,1,0</arg>
  <arg>0,0,0,0,0,0,0,0,0,0,0,0,0,0,0,22925800</arg>
  <severity>INFO</severity>
  <timestamp>Fri May 10 18:24:26 2024</timestamp>
</msg>
<msg id="140" tool="tc">
  <type>HEARTBEAT</type>
  <arg>10400,13748,14680,15212,240,16952,12172,10796,7616,15876,13692,16764,17004,15232,17252,16848</arg>
  <arg>1,1,1,1,1,1,1,1,1,1,1,1,1,1,1,0</arg>
  <arg>0,0,0,0,0,0,0,0,0,0,0,0,0,0,0,23190655</arg>
  <severity>INFO</severity>
  <timestamp>Fri May 10 18:24:27 2024</timestamp>
</msg>
<msg id="141" tool="tc">
  <type>HEARTBEAT</type>
  <arg>10400,13748,14680,15212,240,16952,12172,10796,7616,15876,13692,16764,17004,15232,17252,16848</arg>
  <arg>1,1,1,1,1,1,1,1,1,1,1,1,1,1,1,0</arg>
  <arg>0,0,0,0,0,0,0,0,0,0,0,0,0,0,0,23238031</arg>
  <severity>INFO</severity>
  <timestamp>Fri May 10 18:24:28 2024</timestamp>
</msg>
<msg id="142" tool="tc">
  <type>HEARTBEAT</type>
  <arg>10400,13748,14680,15212,240,16952,12172,10796,7616,15876,13692,16764,17004,15232,17252,16848</arg>
  <arg>1,1,1,1,1,1,1,1,1,1,1,1,1,1,1,0</arg>
  <arg>0,0,0,0,0,0,0,0,0,0,0,0,0,0,0,23234075</arg>
  <severity>INFO</severity>
  <timestamp>Fri May 10 18:24:29 2024</timestamp>
</msg>
<msg id="143" tool="tc">
  <type>HEARTBEAT</type>
  <arg>10400,13748,14680,15212,240,16952,12172,10796,7616,15876,13692,16764,17004,15232,17252,16848</arg>
  <arg>1,1,1,1,1,1,1,1,1,1,1,1,1,1,1,0</arg>
  <arg>7,7,7,7,7,7,7,7,7,7,7,7,7,7,7,23199686</arg>
  <severity>INFO</severity>
  <timestamp>Fri May 10 18:24:30 2024</timestamp>
</msg>
<msg id="144" tool="tc">
  <type>HEARTBEAT</type>
  <arg>10400,13748,14680,15212,240,16952,12172,10796,7616,15876,13692,16764,17004,15232,17252,16848</arg>
  <arg>1,1,1,1,1,1,1,1,1,1,1,1,1,1,1,0</arg>
  <arg>0,0,0,0,0,0,0,0,0,0,0,0,0,0,0,23243069</arg>
  <severity>INFO</severity>
  <timestamp>Fri May 10 18:24:31 2024</timestamp>
</msg>
<msg id="145" tool="tc">
  <type>HEARTBEAT</type>
  <arg>10400,13748,14680,15212,240,16952,12172,10796,7616,15876,13692,16764,17004,15232,17252,16848</arg>
  <arg>1,1,1,1,1,1,1,1,1,1,1,1,1,1,1,0</arg>
  <arg>0,0,0,0,0,0,0,0,0,0,0,0,0,0,0,23251328</arg>
  <severity>INFO</severity>
  <timestamp>Fri May 10 18:24:32 2024</timestamp>
</msg>
<msg id="146" tool="tc">
  <type>HEARTBEAT</type>
  <arg>10400,13748,14680,15212,240,16952,12172,10796,7616,15876,13692,16764,17004,15232,17252,16848</arg>
  <arg>1,1,1,1,1,1,1,1,1,1,1,1,1,1,1,0</arg>
  <arg>0,0,0,0,0,0,0,0,0,0,0,0,0,0,0,23156505</arg>
  <severity>INFO</severity>
  <timestamp>Fri May 10 18:24:33 2024</timestamp>
</msg>
<msg id="147" tool="tc">
  <type>HEARTBEAT</type>
  <arg>10400,13748,14680,15212,240,16952,12172,10796,7616,15876,13692,16764,17004,15232,17252,16848</arg>
  <arg>1,1,1,1,1,1,1,1,1,1,1,1,1,1,1,0</arg>
  <arg>0,0,0,0,0,0,0,0,0,0,0,0,0,0,0,23238200</arg>
  <severity>INFO</severity>
  <timestamp>Fri May 10 18:24:34 2024</timestamp>
</msg>
<msg id="148" tool="tc">
  <type>HEARTBEAT</type>
  <arg>10400,13748,14680,15212,240,16952,12172,10796,7616,15876,13692,16764,17004,15232,17252,16848</arg>
  <arg>1,1,1,1,1,1,1,1,1,1,1,1,1,1,1,0</arg>
  <arg>7,7,7,7,7,7,7,7,7,7,7,7,7,7,7,23246654</arg>
  <severity>INFO</severity>
  <timestamp>Fri May 10 18:24:35 2024</timestamp>
</msg>
<msg id="149" tool="tc">
  <type>HEARTBEAT</type>
  <arg>10400,13748,14680,15212,240,16952,12172,10796,7616,15876,13692,16764,17004,15232,17252,16848</arg>
  <arg>1,1,1,1,1,1,1,1,1,1,1,1,1,1,1,0</arg>
  <arg>0,0,0,0,0,0,0,0,0,0,0,0,0,0,0,46498614</arg>
  <severity>INFO</severity>
  <timestamp>Fri May 10 18:24:36 2024</timestamp>
</msg>
<msg id="150" tool="tc">
  <type>HEARTBEAT</type>
  <arg>10400,13748,14680,15212,240,16952,12172,10796,7616,15876,13692,16764,17004,15232,17252,16848</arg>
  <arg>1,1,1,1,1,1,1,1,1,1,1,1,1,1,1,0</arg>
  <arg>0,0,0,0,0,0,0,0,0,0,0,0,0,0,0,23217583</arg>
  <severity>INFO</severity>
  <timestamp>Fri May 10 18:24:37 2024</timestamp>
</msg>
<msg id="151" tool="tc">
  <type>HEARTBEAT</type>
  <arg>10400,13748,14680,15212,240,16952,12172,10796,7616,15876,13692,16764,17004,15232,17252,16848</arg>
  <arg>1,1,1,1,1,1,1,1,1,1,1,1,1,1,1,0</arg>
  <arg>0,0,0,0,0,0,0,0,0,0,0,0,0,0,0,23241128</arg>
  <severity>INFO</severity>
  <timestamp>Fri May 10 18:24:38 2024</timestamp>
</msg>
<msg id="152" tool="tc">
  <type>HEARTBEAT</type>
  <arg>10400,13748,14680,15212,240,16952,12172,10796,7616,15876,13692,16764,17004,15232,17252,16848</arg>
  <arg>1,1,1,1,1,1,1,1,1,1,1,1,1,1,1,0</arg>
  <arg>0,0,0,0,0,0,0,0,0,0,0,0,0,0,0,23216095</arg>
  <severity>INFO</severity>
  <timestamp>Fri May 10 18:24:39 2024</timestamp>
</msg>
<msg id="153" tool="tc">
  <type>HEARTBEAT</type>
  <arg>10400,13748,14680,15212,240,16952,12172,10796,7616,15876,13692,16764,17004,15232,17252,16848</arg>
  <arg>1,1,1,1,1,1,1,1,1,1,1,1,1,1,1,0</arg>
  <arg>7,7,7,7,7,7,7,7,7,7,7,7,7,7,7,23263279</arg>
  <severity>INFO</severity>
  <timestamp>Fri May 10 18:24:40 2024</timestamp>
</msg>
<msg id="154" tool="tc">
  <type>HEARTBEAT</type>
  <arg>10400,13748,14680,15212,240,16952,12172,10796,7616,15876,13692,16764,17004,15232,17252,16848</arg>
  <arg>1,1,1,1,1,1,1,1,1,1,1,1,1,1,1,0</arg>
  <arg>0,0,0,0,0,0,0,0,0,0,0,0,0,0,0,23249599</arg>
  <severity>INFO</severity>
  <timestamp>Fri May 10 18:24:41 2024</timestamp>
</msg>
<msg id="155" tool="tc">
  <type>HEARTBEAT</type>
  <arg>10400,13748,14680,15212,240,16952,12172,10796,7616,15876,13692,16764,17004,15232,17252,16848</arg>
  <arg>1,1,1,1,1,1,1,1,1,1,1,1,1,1,1,0</arg>
  <arg>0,0,0,0,0,0,0,0,0,0,0,0,0,0,0,46505325</arg>
  <severity>INFO</severity>
  <timestamp>Fri May 10 18:24:42 2024</timestamp>
</msg>
<msg id="156" tool="tc">
  <type>HEARTBEAT</type>
  <arg>10400,13748,14680,15212,240,16952,12172,10796,7616,15876,13692,16764,17004,15232,17252,16848</arg>
  <arg>1,1,1,1,1,1,1,1,1,1,1,1,1,1,1,0</arg>
  <arg>0,0,0,0,0,0,0,0,0,0,0,0,0,0,0,69759068</arg>
  <severity>INFO</severity>
  <timestamp>Fri May 10 18:24:43 2024</timestamp>
</msg>
<msg id="157" tool="tc">
  <type>HEARTBEAT</type>
  <arg>10400,13748,14680,15212,240,16952,12172,10796,7616,15876,13692,16764,17004,15232,17252,16848</arg>
  <arg>1,1,1,1,1,1,1,1,1,1,1,1,1,1,1,0</arg>
  <arg>0,0,0,0,0,0,0,0,0,0,0,0,0,0,0,23229314</arg>
  <severity>INFO</severity>
  <timestamp>Fri May 10 18:24:44 2024</timestamp>
</msg>
<msg id="158" tool="tc">
  <type>HEARTBEAT</type>
  <arg>10400,13748,14680,15212,240,16952,12172,10796,7616,15876,13692,16764,17004,15232,17252,16848</arg>
  <arg>1,1,1,1,1,1,1,1,1,1,1,1,1,1,1,0</arg>
  <arg>7,7,7,7,7,7,7,7,7,7,7,7,7,7,7,23244024</arg>
  <severity>INFO</severity>
  <timestamp>Fri May 10 18:24:45 2024</timestamp>
</msg>
<msg id="159" tool="tc">
  <type>HEARTBEAT</type>
  <arg>10400,13748,14680,15212,240,16952,12172,10796,7616,15876,13692,16764,17004,15232,17252,16848</arg>
  <arg>1,1,1,1,1,1,1,1,1,1,1,1,1,1,1,0</arg>
  <arg>0,0,0,0,0,0,0,0,0,0,0,0,0,0,0,23270603</arg>
  <severity>INFO</severity>
  <timestamp>Fri May 10 18:24:46 2024</timestamp>
</msg>
<msg id="160" tool="tc">
  <type>HEARTBEAT</type>
  <arg>10400,13748,14680,15212,240,16952,12172,10796,7616,15876,13692,16764,17004,15232,17252,16848</arg>
  <arg>1,1,1,1,1,1,1,1,1,1,1,1,1,1,1,0</arg>
  <arg>0,0,0,0,0,0,0,0,0,0,0,0,0,0,0,23269808</arg>
  <severity>INFO</severity>
  <timestamp>Fri May 10 18:24:47 2024</timestamp>
</msg>
<msg id="161" tool="tc">
  <type>HEARTBEAT</type>
  <arg>10400,13748,14680,15212,240,16952,12172,10796,7616,15876,13692,16764,17004,15232,17252,16848</arg>
  <arg>1,1,1,1,1,1,1,1,1,1,1,1,1,1,1,0</arg>
  <arg>0,0,0,0,0,0,0,0,0,0,0,0,0,0,0,23249449</arg>
  <severity>INFO</severity>
  <timestamp>Fri May 10 18:24:48 2024</timestamp>
</msg>
<msg id="162" tool="tc">
  <type>HEARTBEAT</type>
  <arg>10400,13748,14680,15212,240,16952,12172,10796,7616,15876,13692,16764,17004,15232,17252,16848</arg>
  <arg>1,1,1,1,1,1,1,1,1,1,1,1,1,1,1,0</arg>
  <arg>0,0,0,0,0,0,0,0,0,0,0,0,0,0,0,23273150</arg>
  <severity>INFO</severity>
  <timestamp>Fri May 10 18:24:49 2024</timestamp>
</msg>
<msg id="163" tool="tc">
  <type>HEARTBEAT</type>
  <arg>10400,13748,14680,15212,240,16952,12172,10796,7616,15876,13692,16764,17004,15232,17252,16848</arg>
  <arg>1,1,1,1,1,1,1,1,1,1,1,1,1,1,1,0</arg>
  <arg>7,7,7,7,7,7,7,7,7,7,7,7,7,7,7,23269692</arg>
  <severity>INFO</severity>
  <timestamp>Fri May 10 18:24:50 2024</timestamp>
</msg>
<msg id="164" tool="tc">
  <type>HEARTBEAT</type>
  <arg>10400,13748,14680,15212,240,16952,12172,10796,7616,15876,13692,16764,17004,15232,17252,16848</arg>
  <arg>1,1,1,1,1,1,1,1,1,1,1,1,1,1,1,0</arg>
  <arg>0,0,0,0,0,0,0,0,0,0,0,0,0,0,0,23201807</arg>
  <severity>INFO</severity>
  <timestamp>Fri May 10 18:24:51 2024</timestamp>
</msg>
<msg id="165" tool="tc">
  <type>HEARTBEAT</type>
  <arg>10400,13748,14680,15212,240,16952,12172,10796,7616,15876,13692,16764,17004,15232,17252,16848</arg>
  <arg>1,1,1,1,1,1,1,1,1,1,1,1,1,1,1,0</arg>
  <arg>0,0,0,0,0,0,0,0,0,0,0,0,0,0,0,23250975</arg>
  <severity>INFO</severity>
  <timestamp>Fri May 10 18:24:52 2024</timestamp>
</msg>
<msg id="166" tool="tc">
  <type>HEARTBEAT</type>
  <arg>10400,13748,14680,15212,240,16952,12172,10796,7616,15876,13692,16764,17004,15232,17252,16848</arg>
  <arg>1,1,1,1,1,1,1,1,1,1,1,1,1,1,1,0</arg>
  <arg>0,0,0,0,0,0,0,0,0,0,0,0,0,0,0,23259883</arg>
  <severity>INFO</severity>
  <timestamp>Fri May 10 18:24:53 2024</timestamp>
</msg>
<msg id="167" tool="tc">
  <type>HEARTBEAT</type>
  <arg>10400,13748,14680,15212,240,16952,12172,10796,7616,15876,13692,16764,17004,15232,17252,16848</arg>
  <arg>1,1,1,1,1,1,1,1,1,1,1,1,1,1,1,0</arg>
  <arg>0,0,0,0,0,0,0,0,0,0,0,0,0,0,0,23193108</arg>
  <severity>INFO</severity>
  <timestamp>Fri May 10 18:24:54 2024</timestamp>
</msg>
<msg id="168" tool="tc">
  <type>HEARTBEAT</type>
  <arg>10400,13748,14680,15212,240,16952,12172,10796,7616,15876,13692,16764,17004,15232,17252,16848</arg>
  <arg>1,1,1,1,1,1,1,1,1,1,1,1,1,1,1,0</arg>
  <arg>7,7,7,7,7,7,7,7,7,7,7,7,7,7,7,23002579</arg>
  <severity>INFO</severity>
  <timestamp>Fri May 10 18:24:55 2024</timestamp>
</msg>
<msg id="169" tool="tc">
  <type>HEARTBEAT</type>
  <arg>10400,13748,14680,15212,240,16952,12172,10796,7616,15876,13692,16764,17004,15232,17252,16848</arg>
  <arg>1,1,1,1,1,1,1,1,1,1,1,1,1,1,1,0</arg>
  <arg>0,0,0,0,0,0,0,0,0,0,0,0,0,0,0,22994518</arg>
  <severity>INFO</severity>
  <timestamp>Fri May 10 18:24:56 2024</timestamp>
</msg>
<msg id="170" tool="tc">
  <type>HEARTBEAT</type>
  <arg>10400,13748,14680,15212,240,16952,12172,10796,7616,15876,13692,16764,17004,15232,17252,16848</arg>
  <arg>1,1,1,1,1,1,1,1,1,1,1,1,1,1,1,0</arg>
  <arg>0,0,0,0,0,0,0,0,0,0,0,0,0,0,0,23458828</arg>
  <severity>INFO</severity>
  <timestamp>Fri May 10 18:24:57 2024</timestamp>
</msg>
<msg id="171" tool="tc">
  <type>HEARTBEAT</type>
  <arg>10400,13748,14680,15212,240,16952,12172,10796,7616,15876,13692,16764,17004,15232,17252,16848</arg>
  <arg>1,1,1,1,1,1,1,1,1,1,1,1,1,1,1,0</arg>
  <arg>0,0,0,0,0,0,0,0,0,0,0,0,0,0,0,23150592</arg>
  <severity>INFO</severity>
  <timestamp>Fri May 10 18:24:58 2024</timestamp>
</msg>
<msg id="172" tool="tc">
  <type>HEARTBEAT</type>
  <arg>10400,13748,14680,15212,240,16952,12172,10796,7616,15876,13692,16764,17004,15232,17252,16848</arg>
  <arg>1,1,1,1,1,1,1,1,1,1,1,1,1,1,1,0</arg>
  <arg>0,0,0,0,0,0,0,0,0,0,0,0,0,0,0,23316510</arg>
  <severity>INFO</severity>
  <timestamp>Fri May 10 18:24:59 2024</timestamp>
</msg>
<msg id="173" tool="tc">
  <type>HEARTBEAT</type>
  <arg>10400,13748,14680,15212,240,16952,12172,10796,7616,15876,13692,16764,17004,15232,17252,16848</arg>
  <arg>1,1,1,1,1,1,1,1,1,1,1,1,1,1,1,0</arg>
  <arg>7,7,7,7,7,7,7,7,7,7,7,7,7,7,7,23633308</arg>
  <severity>INFO</severity>
  <timestamp>Fri May 10 18:25:00 2024</timestamp>
</msg>
<msg id="174" tool="tc">
  <type>HEARTBEAT</type>
  <arg>10400,13748,14680,15212,240,16952,12172,10796,7616,15876,13692,16764,17004,15232,17252,16848</arg>
  <arg>1,1,1,1,1,1,1,1,1,1,1,1,1,1,1,0</arg>
  <arg>0,0,0,0,0,0,0,0,0,0,0,0,0,0,0,23232733</arg>
  <severity>INFO</severity>
  <timestamp>Fri May 10 18:25:01 2024</timestamp>
</msg>
<msg id="175" tool="tc">
  <type>HEARTBEAT</type>
  <arg>10400,13748,14680,15212,240,16952,12172,10796,7616,15876,13692,16764,17004,15232,17252,16848</arg>
  <arg>1,1,1,1,1,1,1,1,1,1,1,1,1,1,1,0</arg>
  <arg>0,0,0,0,0,0,0,0,0,0,0,0,0,0,0,23149550</arg>
  <severity>INFO</severity>
  <timestamp>Fri May 10 18:25:02 2024</timestamp>
</msg>
<msg id="176" tool="tc">
  <type>HEARTBEAT</type>
  <arg>10400,13748,14680,15212,240,16952,12172,10796,7616,15876,13692,16764,17004,15232,17252,16848</arg>
  <arg>1,1,1,1,1,1,1,1,1,1,1,1,1,1,1,0</arg>
  <arg>0,0,0,0,0,0,0,0,0,0,0,0,0,0,0,23189021</arg>
  <severity>INFO</severity>
  <timestamp>Fri May 10 18:25:03 2024</timestamp>
</msg>
<msg id="177" tool="tc">
  <type>HEARTBEAT</type>
  <arg>10400,13748,14680,15212,240,16952,12172,10796,7616,15876,13692,16764,17004,15232,17252,16848</arg>
  <arg>1,1,1,1,1,1,1,1,1,1,1,1,1,1,1,0</arg>
  <arg>0,0,0,0,0,0,0,0,0,0,0,0,0,0,0,23218169</arg>
  <severity>INFO</severity>
  <timestamp>Fri May 10 18:25:04 2024</timestamp>
</msg>
<msg id="178" tool="tc">
  <type>HEARTBEAT</type>
  <arg>10400,13748,14680,15212,240,16952,12172,10796,7616,15876,13692,16764,17004,15232,17252,16848</arg>
  <arg>1,1,1,1,1,1,1,1,1,1,1,1,1,1,1,0</arg>
  <arg>7,7,7,7,7,7,7,7,7,7,7,7,7,7,7,23224367</arg>
  <severity>INFO</severity>
  <timestamp>Fri May 10 18:25:05 2024</timestamp>
</msg>
<msg id="179" tool="tc">
  <type>HEARTBEAT</type>
  <arg>10400,13748,14680,15212,240,16952,12172,10796,7616,15876,13692,16764,17004,15232,17252,16848</arg>
  <arg>1,1,1,1,1,1,1,1,1,1,1,1,1,1,1,0</arg>
  <arg>0,0,0,0,0,0,0,0,0,0,0,0,0,0,0,23244718</arg>
  <severity>INFO</severity>
  <timestamp>Fri May 10 18:25:06 2024</timestamp>
</msg>
<msg id="180" tool="tc">
  <type>HEARTBEAT</type>
  <arg>10400,13748,14680,15212,240,16952,12172,10796,7616,15876,13692,16764,17004,15232,17252,16848</arg>
  <arg>1,1,1,1,1,1,1,1,1,1,1,1,1,1,1,0</arg>
  <arg>0,0,0,0,0,0,0,0,0,0,0,0,0,0,0,23255343</arg>
  <severity>INFO</severity>
  <timestamp>Fri May 10 18:25:07 2024</timestamp>
</msg>
<msg id="181" tool="tc">
  <type>HEARTBEAT</type>
  <arg>10400,13748,14680,15212,240,16952,12172,10796,7616,15876,13692,16764,17004,15232,17252,16848</arg>
  <arg>1,1,1,1,1,1,1,1,1,1,1,1,1,1,1,0</arg>
  <arg>0,0,0,0,0,0,0,0,0,0,0,0,0,0,0,46521147</arg>
  <severity>INFO</severity>
  <timestamp>Fri May 10 18:25:08 2024</timestamp>
</msg>
<msg id="182" tool="tc">
  <type>HEARTBEAT</type>
  <arg>10400,13748,14680,15212,240,16952,12172,10796,7616,15876,13692,16764,17004,15232,17252,16848</arg>
  <arg>1,1,1,1,1,1,1,1,1,1,1,1,1,1,1,0</arg>
  <arg>0,0,0,0,0,0,0,0,0,0,0,0,0,0,0,23239667</arg>
  <severity>INFO</severity>
  <timestamp>Fri May 10 18:25:09 2024</timestamp>
</msg>
<msg id="183" tool="tc">
  <type>HEARTBEAT</type>
  <arg>10400,13748,14680,15212,240,16952,12172,10796,7616,15876,13692,16764,17004,15232,17252,16848</arg>
  <arg>1,1,1,1,1,1,1,1,1,1,1,1,1,1,1,0</arg>
  <arg>7,7,7,7,7,7,7,7,7,7,7,7,7,7,7,23171536</arg>
  <severity>INFO</severity>
  <timestamp>Fri May 10 18:25:10 2024</timestamp>
</msg>
<msg id="184" tool="tc">
  <type>HEARTBEAT</type>
  <arg>10400,13748,14680,15212,240,16952,12172,10796,7616,15876,13692,16764,17004,15232,17252,16848</arg>
  <arg>1,1,1,1,1,1,1,1,1,1,1,1,1,1,1,0</arg>
  <arg>0,0,0,0,0,0,0,0,0,0,0,0,0,0,0,23246894</arg>
  <severity>INFO</severity>
  <timestamp>Fri May 10 18:25:11 2024</timestamp>
</msg>
<msg id="185" tool="tc">
  <type>HEARTBEAT</type>
  <arg>10400,13748,14680,15212,240,16952,12172,10796,7616,15876,13692,16764,17004,15232,17252,16848</arg>
  <arg>1,1,1,1,1,1,1,1,1,1,1,1,1,1,1,0</arg>
  <arg>0,0,0,0,0,0,0,0,0,0,0,0,0,0,0,23232608</arg>
  <severity>INFO</severity>
  <timestamp>Fri May 10 18:25:12 2024</timestamp>
</msg>
<msg id="186" tool="tc">
  <type>HEARTBEAT</type>
  <arg>10400,13748,14680,15212,240,16952,12172,10796,7616,15876,13692,16764,17004,15232,17252,16848</arg>
  <arg>1,1,1,1,1,1,1,1,1,1,1,1,1,1,1,0</arg>
  <arg>0,0,0,0,0,0,0,0,0,0,0,0,0,0,0,23244787</arg>
  <severity>INFO</severity>
  <timestamp>Fri May 10 18:25:13 2024</timestamp>
</msg>
<msg id="187" tool="tc">
  <type>HEARTBEAT</type>
  <arg>10400,13748,14680,15212,240,16952,12172,10796,7616,15876,13692,16764,17004,15232,17252,16848</arg>
  <arg>1,1,1,1,1,1,1,1,1,1,1,1,1,1,1,0</arg>
  <arg>0,0,0,0,0,0,0,0,0,0,0,0,0,0,0,23248247</arg>
  <severity>INFO</severity>
  <timestamp>Fri May 10 18:25:14 2024</timestamp>
</msg>
<msg id="188" tool="tc">
  <type>HEARTBEAT</type>
  <arg>10400,13748,14680,15212,240,16952,12172,10796,7616,15876,13692,16764,17004,15232,17252,16848</arg>
  <arg>1,1,1,1,1,1,1,1,1,1,1,1,1,1,1,0</arg>
  <arg>7,7,7,7,7,7,7,7,7,7,7,7,7,7,7,23137523</arg>
  <severity>INFO</severity>
  <timestamp>Fri May 10 18:25:15 2024</timestamp>
</msg>
<msg id="189" tool="tc">
  <type>HEARTBEAT</type>
  <arg>10400,13748,14680,15212,240,16952,12172,10796,7616,15876,13692,16764,17004,15232,17252,16848</arg>
  <arg>1,1,1,1,1,1,1,1,1,1,1,1,1,1,1,0</arg>
  <arg>0,0,0,0,0,0,0,0,0,0,0,0,0,0,0,23144112</arg>
  <severity>INFO</severity>
  <timestamp>Fri May 10 18:25:16 2024</timestamp>
</msg>
<msg id="190" tool="tc">
  <type>HEARTBEAT</type>
  <arg>10400,13748,14680,15212,240,16952,12172,10796,7616,15876,13692,16764,17004,15232,17252,16848</arg>
  <arg>1,1,1,1,1,1,1,1,1,1,1,1,1,1,1,0</arg>
  <arg>0,0,0,0,0,0,0,0,0,0,0,0,0,0,0,23259214</arg>
  <severity>INFO</severity>
  <timestamp>Fri May 10 18:25:17 2024</timestamp>
</msg>
<msg id="191" tool="tc">
  <type>HEARTBEAT</type>
  <arg>10400,13748,14680,15212,240,16952,12172,10796,7616,15876,13692,16764,17004,15232,17252,16848</arg>
  <arg>1,1,1,1,1,1,1,1,1,1,1,1,1,1,1,0</arg>
  <arg>0,0,0,0,0,0,0,0,0,0,0,0,0,0,0,23117341</arg>
  <severity>INFO</severity>
  <timestamp>Fri May 10 18:25:18 2024</timestamp>
</msg>
<msg id="192" tool="tc">
  <type>HEARTBEAT</type>
  <arg>10400,13748,14680,15212,240,16952,12172,10796,7616,15876,13692,16764,17004,15232,17252,16848</arg>
  <arg>1,1,1,1,1,1,1,1,1,1,1,1,1,1,1,0</arg>
  <arg>0,0,0,0,0,0,0,0,0,0,0,0,0,0,0,46376106</arg>
  <severity>INFO</severity>
  <timestamp>Fri May 10 18:25:19 2024</timestamp>
</msg>
<msg id="193" tool="tc">
  <type>HEARTBEAT</type>
  <arg>10400,13748,14680,15212,240,16952,12172,10796,7616,15876,13692,16764,17004,15232,17252,16848</arg>
  <arg>1,1,1,1,1,1,1,1,1,1,1,1,1,1,1,0</arg>
  <arg>7,7,7,7,7,7,7,7,7,7,7,7,7,7,7,23247753</arg>
  <severity>INFO</severity>
  <timestamp>Fri May 10 18:25:20 2024</timestamp>
</msg>
<msg id="194" tool="tc">
  <type>HEARTBEAT</type>
  <arg>10400,13748,14680,15212,240,16952,12172,10796,7616,15876,13692,16764,17004,15232,17252,16848</arg>
  <arg>1,1,1,1,1,1,1,1,1,1,1,1,1,1,1,0</arg>
  <arg>0,0,0,0,0,0,0,0,0,0,0,0,0,0,0,23257033</arg>
  <severity>INFO</severity>
  <timestamp>Fri May 10 18:25:21 2024</timestamp>
</msg>
<msg id="195" tool="tc">
  <type>HEARTBEAT</type>
  <arg>10400,13748,14680,15212,240,16952,12172,10796,7616,15876,13692,16764,17004,15232,17252,16848</arg>
  <arg>1,1,1,1,1,1,1,1,1,1,1,1,1,1,1,0</arg>
  <arg>0,0,0,0,0,0,0,0,0,0,0,0,0,0,0,23243999</arg>
  <severity>INFO</severity>
  <timestamp>Fri May 10 18:25:22 2024</timestamp>
</msg>
<msg id="196" tool="tc">
  <type>HEARTBEAT</type>
  <arg>10400,13748,14680,15212,240,16952,12172,10796,7616,15876,13692,16764,17004,15232,17252,16848</arg>
  <arg>1,1,1,1,1,1,1,1,1,1,1,1,1,1,1,0</arg>
  <arg>0,0,0,0,0,0,0,0,0,0,0,0,0,0,0,47489895</arg>
  <severity>INFO</severity>
  <timestamp>Fri May 10 18:25:23 2024</timestamp>
</msg>
<msg id="197" tool="tc">
  <type>HEARTBEAT</type>
  <arg>10400,13748,14680,15212,240,16952,12172,10796,7616,15876,13692,16764,17004,15232,17252,16848</arg>
  <arg>1,1,1,1,1,1,1,1,1,1,1,1,1,1,1,0</arg>
  <arg>0,0,0,0,0,0,0,0,0,0,0,0,0,0,0,26109164</arg>
  <severity>INFO</severity>
  <timestamp>Fri May 10 18:25:24 2024</timestamp>
</msg>
<msg id="198" tool="tc">
  <type>HEARTBEAT</type>
  <arg>10400,13748,14680,15212,240,16952,12172,10796,7616,15876,13692,16764,17004,15232,17252,16848</arg>
  <arg>1,1,1,1,1,1,1,1,1,1,1,1,1,1,1,0</arg>
  <arg>7,7,7,7,7,7,7,7,7,7,7,7,7,7,7,26131059</arg>
  <severity>INFO</severity>
  <timestamp>Fri May 10 18:25:25 2024</timestamp>
</msg>
<msg id="199" tool="tc">
  <type>HEARTBEAT</type>
  <arg>10400,13748,14680,15212,240,16952,12172,10796,7616,15876,13692,16764,17004,15232,17252,16848</arg>
  <arg>1,1,1,1,1,1,1,1,1,1,1,1,1,1,1,0</arg>
  <arg>0,0,0,0,0,0,0,0,0,0,0,0,0,0,0,26129853</arg>
  <severity>INFO</severity>
  <timestamp>Fri May 10 18:25:26 2024</timestamp>
</msg>
<msg id="200" tool="tc">
  <type>HEARTBEAT</type>
  <arg>10400,13748,14680,15212,240,16952,12172,10796,7616,15876,13692,16764,17004,15232,17252,16848</arg>
  <arg>1,1,1,1,1,1,1,1,1,1,1,1,1,1,1,0</arg>
  <arg>0,0,0,0,0,0,0,0,0,0,0,0,0,0,0,26134848</arg>
  <severity>INFO</severity>
  <timestamp>Fri May 10 18:25:27 2024</timestamp>
</msg>
<msg id="201" tool="tc">
  <type>HEARTBEAT</type>
  <arg>10400,13748,14680,15212,240,16952,12172,10796,7616,15876,13692,16764,17004,15232,17252,16848</arg>
  <arg>0,0,0,0,0,0,0,0,0,0,0,0,0,0,0,0</arg>
  <arg>14097199,14152646,13192661,14135493,12656726,13461194,13669786,14026903,14087181,13167417,13604672,13533390,13463970,14109025,14101312,15679342</arg>
  <severity>INFO</severity>
  <timestamp>Fri May 10 18:25:28 2024</timestamp>
</msg>
<msg id="202" tool="tc">
  <type>HEARTBEAT</type>
  <arg>10400,13748,14680,15212,240,16952,12172,10796,7616,15876,13692,16764,17004,15232,17252,16848</arg>
  <arg>0,0,0,0,0,0,0,0,0,0,0,0,0,0,0,0</arg>
  <arg>15555161,15397884,14894714,15451357,14547123,14929551,14800855,15514359,15564841,14466564,14386232,14882092,15027888,15416732,15431878,15342598</arg>
  <severity>INFO</severity>
  <timestamp>Fri May 10 18:25:29 2024</timestamp>
</msg>
<msg id="203" tool="tc">
  <type>HEARTBEAT</type>
  <arg>10400,13748,14680,15212,240,16952,12172,10796,7616,15876,13692,16764,17004,15232,17252,16848</arg>
  <arg>0,0,0,0,0,0,0,0,0,0,0,0,0,0,0,0</arg>
  <arg>15399383,15410241,14565069,15385886,14640417,14670909,15027044,15300887,15274746,13995063,14265501,14440661,14798200,15262846,15326700,15306764</arg>
  <severity>INFO</severity>
  <timestamp>Fri May 10 18:25:30 2024</timestamp>
</msg>
<msg id="204" tool="tc">
  <type>HEARTBEAT</type>
  <arg>10400,13748,14680,15212,240,16952,12172,10796,7616,15876,13692,16764,17004,15232,17252,16848</arg>
  <arg>0,0,0,0,0,0,0,0,0,0,0,0,0,0,0,0</arg>
  <arg>15450998,15410953,14159101,15222536,14611512,14465960,14771838,15486135,15440117,14338181,14160592,15043910,14712740,30433759,15401246,15295268</arg>
  <severity>INFO</severity>
  <timestamp>Fri May 10 18:25:31 2024</timestamp>
</msg>
<msg id="205" tool="tc">
  <type>HEARTBEAT</type>
  <arg>10400,13748,14680,15212,240,16952,12172,10796,7616,15876,13692,16764,17004,15232,17252,16848</arg>
  <arg>0,0,0,0,0,0,0,0,0,0,0,0,0,0,0,0</arg>
  <arg>15263066,15264948,28439164,15217184,14072939,14584418,14285405,15276320,15239650,13969183,14496443,14633713,14910433,45637128,15257157,15267703</arg>
  <severity>INFO</severity>
  <timestamp>Fri May 10 18:25:32 2024</timestamp>
</msg>
<msg id="206" tool="tc">
  <type>HEARTBEAT</type>
  <arg>10400,13748,14680,15212,240,16952,12172,10796,7616,15876,13692,16764,17004,15232,17252,16848</arg>
  <arg>0,0,0,0,0,0,0,0,0,0,0,0,0,0,0,0</arg>
  <arg>15379045,15390238,14331784,15295321,14308357,14614926,14533824,15318146,15359128,14003691,14443199,14828517,14840508,60813096,15188179,15303410</arg>
  <severity>INFO</severity>
  <timestamp>Fri May 10 18:25:33 2024</timestamp>
</msg>
<msg id="207" tool="tc">
  <type>HEARTBEAT</type>
  <arg>10400,13748,14680,15212,240,16952,12172,10796,7616,15876,13692,16764,17004,15232,17252,16848</arg>
  <arg>0,0,0,0,0,0,0,0,0,0,0,0,0,0,0,0</arg>
  <arg>15307919,15339437,14122503,15082913,14187396,14612289,14440365,15358630,15335242,28356787,14250314,14904450,14690449,15353506,15298127,15263524</arg>
  <severity>INFO</severity>
  <timestamp>Fri May 10 18:25:34 2024</timestamp>
</msg>
<msg id="208" tool="tc">
  <type>HEARTBEAT</type>
  <arg>10400,13748,14680,15212,240,16952,12172,10796,7616,15876,13692,16764,17004,15232,17252,16848</arg>
  <arg>0,0,0,0,0,0,0,0,0,0,0,0,0,0,0,0</arg>
  <arg>15306146,15345135,14129272,30257779,14191370,14371771,28663995,15211016,15312499,13767358,14171270,14474100,14533974,14885040,14905973,14967467</arg>
  <severity>INFO</severity>
  <timestamp>Fri May 10 18:25:35 2024</timestamp>
</msg>
<msg id="209" tool="tc">
  <type>HEARTBEAT</type>
  <arg>10400,13748,14680,15212,240,16952,12172,10796,7616,15876,13692,16764,17004,15232,17252,16848</arg>
  <arg>1,1,1,1,1,1,1,1,1,1,1,1,1,1,1,0</arg>
  <arg>7379577,7342587,14805177,9542633,14893718,13911108,14221972,10110016,7558392,15081538,14911819,13242776,12545757,8857309,8483682,12878069</arg>
  <severity>INFO</severity>
  <timestamp>Fri May 10 18:25:36 2024</timestamp>
</msg>
<msg id="210" tool="tc">
  <type>HEARTBEAT</type>
  <arg>10400,13748,14680,15212,240,16952,12172,10796,7616,15876,13692,16764,17004,15232,17252,16848</arg>
  <arg>1,1,1,1,1,1,1,1,1,1,1,1,1,1,1,0</arg>
  <arg>0,0,0,0,0,0,0,0,0,0,0,0,0,0,0,23234799</arg>
  <severity>INFO</severity>
  <timestamp>Fri May 10 18:25:37 2024</timestamp>
</msg>
<msg id="211" tool="tc">
  <type>HEARTBEAT</type>
  <arg>10400,13748,14680,15212,240,16952,12172,10796,7616,15876,13692,16764,17004,15232,17252,16848</arg>
  <arg>1,1,1,1,1,1,1,1,1,1,1,1,1,1,1,0</arg>
  <arg>0,0,0,0,0,0,0,0,0,0,0,0,0,0,0,23251150</arg>
  <severity>INFO</severity>
  <timestamp>Fri May 10 18:25:38 2024</timestamp>
</msg>
<msg id="212" tool="tc">
  <type>HEARTBEAT</type>
  <arg>10400,13748,14680,15212,240,16952,12172,10796,7616,15876,13692,16764,17004,15232,17252,16848</arg>
  <arg>1,1,1,1,1,1,1,1,1,1,1,1,1,1,1,0</arg>
  <arg>0,0,0,0,0,0,0,0,0,0,0,0,0,0,0,24949390</arg>
  <severity>INFO</severity>
  <timestamp>Fri May 10 18:25:39 2024</timestamp>
</msg>
<msg id="213" tool="tc">
  <type>HEARTBEAT</type>
  <arg>10400,13748,14680,15212,240,16952,12172,10796,7616,15876,13692,16764,17004,15232,17252,16848</arg>
  <arg>1,1,1,1,1,1,1,1,1,1,1,1,1,1,1,0</arg>
  <arg>0,0,0,0,0,0,0,0,0,0,0,0,0,0,0,26109643</arg>
  <severity>INFO</severity>
  <timestamp>Fri May 10 18:25:40 2024</timestamp>
</msg>
<msg id="214" tool="tc">
  <type>HEARTBEAT</type>
  <arg>10400,13748,14680,15212,240,16952,12172,10796,7616,15876,13692,16764,17004,15232,17252,16848</arg>
  <arg>1,1,1,1,1,1,1,1,1,1,1,1,1,1,1,0</arg>
  <arg>7,7,7,7,7,7,7,7,7,7,7,7,7,7,7,25546066</arg>
  <severity>INFO</severity>
  <timestamp>Fri May 10 18:25:41 2024</timestamp>
</msg>
<msg id="215" tool="tc">
  <type>HEARTBEAT</type>
  <arg>10400,13748,14680,15212,240,16952,12172,10796,7616,15876,13692,16764,17004,15232,17252,16848</arg>
  <arg>1,1,1,1,1,1,1,1,1,1,1,1,1,1,1,0</arg>
  <arg>0,0,0,0,0,0,0,0,0,0,0,0,0,0,0,26085134</arg>
  <severity>INFO</severity>
  <timestamp>Fri May 10 18:25:42 2024</timestamp>
</msg>
<msg id="216" tool="tc">
  <type>HEARTBEAT</type>
  <arg>10400,13748,14680,15212,240,16952,12172,10796,7616,15876,13692,16764,17004,15232,17252,16848</arg>
  <arg>1,1,1,1,1,1,1,1,1,1,1,1,1,1,1,0</arg>
  <arg>0,0,0,0,0,0,0,0,0,0,0,0,0,0,0,26089060</arg>
  <severity>INFO</severity>
  <timestamp>Fri May 10 18:25:43 2024</timestamp>
</msg>
<msg id="217" tool="tc">
  <type>HEARTBEAT</type>
  <arg>10400,13748,14680,15212,240,16952,12172,10796,7616,15876,13692,16764,17004,15232,17252,16848</arg>
  <arg>1,1,1,1,1,1,1,1,1,1,1,1,1,1,1,0</arg>
  <arg>0,0,0,0,0,0,0,0,0,0,0,0,0,0,0,26096446</arg>
  <severity>INFO</severity>
  <timestamp>Fri May 10 18:25:44 2024</timestamp>
</msg>
<msg id="218" tool="tc">
  <type>HEARTBEAT</type>
  <arg>10400,13748,14680,15212,240,16952,12172,10796,7616,15876,13692,16764,17004,15232,17252,16848</arg>
  <arg>1,1,1,1,1,1,1,1,1,1,1,1,1,1,1,0</arg>
  <arg>0,0,0,0,0,0,0,0,0,0,0,0,0,0,0,23796965</arg>
  <severity>INFO</severity>
  <timestamp>Fri May 10 18:25:45 2024</timestamp>
</msg>
<msg id="219" tool="tc">
  <type>HEARTBEAT</type>
  <arg>10400,13748,14680,15212,240,16952,12172,10796,7616,15876,13692,16764,17004,15232,17252,16848</arg>
  <arg>1,1,1,1,1,1,1,1,1,1,1,1,1,1,1,0</arg>
  <arg>7,7,7,7,7,7,7,7,7,7,7,7,7,7,7,24686277</arg>
  <severity>INFO</severity>
  <timestamp>Fri May 10 18:25:46 2024</timestamp>
</msg>
<msg id="220" tool="tc">
  <type>HEARTBEAT</type>
  <arg>10400,13748,14680,15212,240,16952,12172,10796,7616,15876,13692,16764,17004,15232,17252,16848</arg>
  <arg>1,1,1,1,1,1,1,1,1,1,1,1,1,1,1,0</arg>
  <arg>0,0,0,0,0,0,0,0,0,0,0,0,0,0,0,50778243</arg>
  <severity>INFO</severity>
  <timestamp>Fri May 10 18:25:47 2024</timestamp>
</msg>
<msg id="221" tool="tc">
  <type>HEARTBEAT</type>
  <arg>10400,13748,14680,15212,240,16952,12172,10796,7616,15876,13692,16764,17004,15232,17252,16848</arg>
  <arg>1,1,1,1,1,1,1,1,1,1,1,1,1,1,1,0</arg>
  <arg>0,0,0,0,0,0,0,0,0,0,0,0,0,0,0,76891470</arg>
  <severity>INFO</severity>
  <timestamp>Fri May 10 18:25:48 2024</timestamp>
</msg>
<msg id="222" tool="tc">
  <type>HEARTBEAT</type>
  <arg>10400,13748,14680,15212,240,16952,12172,10796,7616,15876,13692,16764,17004,15232,17252,16848</arg>
  <arg>1,1,1,1,1,1,1,1,1,1,1,1,1,1,1,0</arg>
  <arg>0,0,0,0,0,0,0,0,0,0,0,0,0,0,0,26111791</arg>
  <severity>INFO</severity>
  <timestamp>Fri May 10 18:25:49 2024</timestamp>
</msg>
<msg id="223" tool="tc">
  <type>HEARTBEAT</type>
  <arg>10400,13748,14680,15212,240,16952,12172,10796,7616,15876,13692,16764,17004,15232,17252,16848</arg>
  <arg>1,1,1,1,1,1,1,1,1,1,1,1,1,1,1,0</arg>
  <arg>0,0,0,0,0,0,0,0,0,0,0,0,0,0,0,26107500</arg>
  <severity>INFO</severity>
  <timestamp>Fri May 10 18:25:50 2024</timestamp>
</msg>
<msg id="224" tool="tc">
  <type>HEARTBEAT</type>
  <arg>10400,13748,14680,15212,240,16952,12172,10796,7616,15876,13692,16764,17004,15232,17252,16848</arg>
  <arg>1,1,1,1,1,1,1,1,1,1,1,1,1,1,1,0</arg>
  <arg>7,7,7,7,7,7,7,7,7,7,7,7,7,7,7,26114315</arg>
  <severity>INFO</severity>
  <timestamp>Fri May 10 18:25:51 2024</timestamp>
</msg>
<msg id="225" tool="tc">
  <type>HEARTBEAT</type>
  <arg>10400,13748,14680,15212,240,16952,12172,10796,7616,15876,13692,16764,17004,15232,17252,16848</arg>
  <arg>1,1,1,1,1,1,1,1,1,1,1,1,1,1,1,0</arg>
  <arg>0,0,0,0,0,0,0,0,0,0,0,0,0,0,0,26063623</arg>
  <severity>INFO</severity>
  <timestamp>Fri May 10 18:25:52 2024</timestamp>
</msg>
<msg id="226" tool="tc">
  <type>HEARTBEAT</type>
  <arg>10400,13748,14680,15212,240,16952,12172,10796,7616,15876,13692,16764,17004,15232,17252,16848</arg>
  <arg>1,1,1,1,1,1,1,1,1,1,1,1,1,1,1,0</arg>
  <arg>0,0,0,0,0,0,0,0,0,0,0,0,0,0,0,26103997</arg>
  <severity>INFO</severity>
  <timestamp>Fri May 10 18:25:53 2024</timestamp>
</msg>
<msg id="227" tool="tc">
  <type>HEARTBEAT</type>
  <arg>10400,13748,14680,15212,240,16952,12172,10796,7616,15876,13692,16764,17004,15232,17252,16848</arg>
  <arg>1,1,1,1,1,1,1,1,1,1,1,1,1,1,1,0</arg>
  <arg>0,0,0,0,0,0,0,0,0,0,0,0,0,0,0,26103965</arg>
  <severity>INFO</severity>
  <timestamp>Fri May 10 18:25:54 2024</timestamp>
</msg>
<msg id="228" tool="tc">
  <type>HEARTBEAT</type>
  <arg>10400,13748,14680,15212,240,16952,12172,10796,7616,15876,13692,16764,17004,15232,17252,16848</arg>
  <arg>1,1,1,1,1,1,1,1,1,1,1,1,1,1,1,0</arg>
  <arg>0,0,0,0,0,0,0,0,0,0,0,0,0,0,0,25534962</arg>
  <severity>INFO</severity>
  <timestamp>Fri May 10 18:25:55 2024</timestamp>
</msg>
<msg id="229" tool="tc">
  <type>HEARTBEAT</type>
  <arg>10400,13748,14680,15212,240,16952,12172,10796,7616,15876,13692,16764,17004,15232,17252,16848</arg>
  <arg>1,1,1,1,1,1,1,1,1,1,1,1,1,1,1,0</arg>
  <arg>7,7,7,7,7,7,7,7,7,7,7,7,7,7,7,23222840</arg>
  <severity>INFO</severity>
  <timestamp>Fri May 10 18:25:56 2024</timestamp>
</msg>
<msg id="230" tool="tc">
  <type>HEARTBEAT</type>
  <arg>10400,13748,14680,15212,240,16952,12172,10796,7616,15876,13692,16764,17004,15232,17252,16848</arg>
  <arg>1,1,1,1,1,1,1,1,1,1,1,1,1,1,1,0</arg>
  <arg>0,0,0,0,0,0,0,0,0,0,0,0,0,0,0,23221012</arg>
  <severity>INFO</severity>
  <timestamp>Fri May 10 18:25:57 2024</timestamp>
</msg>
<msg id="231" tool="tc">
  <type>HEARTBEAT</type>
  <arg>10400,13748,14680,15212,240,16952,12172,10796,7616,15876,13692,16764,17004,15232,17252,16848</arg>
  <arg>1,1,1,1,1,1,1,1,1,1,1,1,1,1,1,0</arg>
  <arg>0,0,0,0,0,0,0,0,0,0,0,0,0,0,0,23214846</arg>
  <severity>INFO</severity>
  <timestamp>Fri May 10 18:25:58 2024</timestamp>
</msg>
<msg id="232" tool="tc">
  <type>HEARTBEAT</type>
  <arg>10400,13748,14680,15212,240,16952,12172,10796,7616,15876,13692,16764,17004,15232,17252,16848</arg>
  <arg>1,1,1,1,1,1,1,1,1,1,1,1,1,1,1,0</arg>
  <arg>0,0,0,0,0,0,0,0,0,0,0,0,0,0,0,23241573</arg>
  <severity>INFO</severity>
  <timestamp>Fri May 10 18:25:59 2024</timestamp>
</msg>
<msg id="233" tool="tc">
  <type>HEARTBEAT</type>
  <arg>10400,13748,14680,15212,240,16952,12172,10796,7616,15876,13692,16764,17004,15232,17252,16848</arg>
  <arg>1,1,1,1,1,1,1,1,1,1,1,1,1,1,1,0</arg>
  <arg>0,0,0,0,0,0,0,0,0,0,0,0,0,0,0,23233652</arg>
  <severity>INFO</severity>
  <timestamp>Fri May 10 18:26:00 2024</timestamp>
</msg>
<msg id="234" tool="tc">
  <type>HEARTBEAT</type>
  <arg>10400,13748,14680,15212,240,16952,12172,10796,7616,15876,13692,16764,17004,15232,17252,16848</arg>
  <arg>1,1,1,1,1,1,1,1,1,1,1,1,1,1,1,0</arg>
  <arg>7,7,7,7,7,7,7,7,7,7,7,7,7,7,7,46454496</arg>
  <severity>INFO</severity>
  <timestamp>Fri May 10 18:26:01 2024</timestamp>
</msg>
<msg id="235" tool="tc">
  <type>HEARTBEAT</type>
  <arg>10400,13748,14680,15212,240,16952,12172,10796,7616,15876,13692,16764,17004,15232,17252,16848</arg>
  <arg>1,1,1,1,1,1,1,1,1,1,1,1,1,1,1,0</arg>
  <arg>0,0,0,0,0,0,0,0,0,0,0,0,0,0,0,23222399</arg>
  <severity>INFO</severity>
  <timestamp>Fri May 10 18:26:02 2024</timestamp>
</msg>
<msg id="236" tool="tc">
  <type>HEARTBEAT</type>
  <arg>10400,13748,14680,15212,240,16952,12172,10796,7616,15876,13692,16764,17004,15232,17252,16848</arg>
  <arg>1,1,1,1,1,1,1,1,1,1,1,1,1,1,1,0</arg>
  <arg>0,0,0,0,0,0,0,0,0,0,0,0,0,0,0,23232806</arg>
  <severity>INFO</severity>
  <timestamp>Fri May 10 18:26:03 2024</timestamp>
</msg>
<msg id="237" tool="tc">
  <type>HEARTBEAT</type>
  <arg>10400,13748,14680,15212,240,16952,12172,10796,7616,15876,13692,16764,17004,15232,17252,16848</arg>
  <arg>1,1,1,1,1,1,1,1,1,1,1,1,1,1,1,0</arg>
  <arg>0,0,0,0,0,0,0,0,0,0,0,0,0,0,0,23244931</arg>
  <severity>INFO</severity>
  <timestamp>Fri May 10 18:26:04 2024</timestamp>
</msg>
<msg id="238" tool="tc">
  <type>HEARTBEAT</type>
  <arg>10400,13748,14680,15212,240,16952,12172,10796,7616,15876,13692,16764,17004,15232,17252,16848</arg>
  <arg>1,1,1,1,1,1,1,1,1,1,1,1,1,1,1,0</arg>
  <arg>0,0,0,0,0,0,0,0,0,0,0,0,0,0,0,23221536</arg>
  <severity>INFO</severity>
  <timestamp>Fri May 10 18:26:05 2024</timestamp>
</msg>
<msg id="239" tool="tc">
  <type>HEARTBEAT</type>
  <arg>10400,13748,14680,15212,240,16952,12172,10796,7616,15876,13692,16764,17004,15232,17252,16848</arg>
  <arg>1,1,1,1,1,1,1,1,1,1,1,1,1,1,1,0</arg>
  <arg>7,7,7,7,7,7,7,7,7,7,7,7,7,7,7,23207676</arg>
  <severity>INFO</severity>
  <timestamp>Fri May 10 18:26:06 2024</timestamp>
</msg>
<msg id="240" tool="tc">
  <type>HEARTBEAT</type>
  <arg>10400,13748,14680,15212,240,16952,12172,10796,7616,15876,13692,16764,17004,15232,17252,16848</arg>
  <arg>1,1,1,1,1,1,1,1,1,1,1,1,1,1,1,0</arg>
  <arg>0,0,0,0,0,0,0,0,0,0,0,0,0,0,0,23752645</arg>
  <severity>INFO</severity>
  <timestamp>Fri May 10 18:26:07 2024</timestamp>
</msg>
<msg id="241" tool="tc">
  <type>HEARTBEAT</type>
  <arg>10400,13748,14680,15212,240,16952,12172,10796,7616,15876,13692,16764,17004,15232,17252,16848</arg>
  <arg>1,1,1,1,1,1,1,1,1,1,1,1,1,1,1,0</arg>
  <arg>0,0,0,0,0,0,0,0,0,0,0,0,0,0,0,23160801</arg>
  <severity>INFO</severity>
  <timestamp>Fri May 10 18:26:08 2024</timestamp>
</msg>
<msg id="242" tool="tc">
  <type>HEARTBEAT</type>
  <arg>10400,13748,14680,15212,240,16952,12172,10796,7616,15876,13692,16764,17004,15232,17252,16848</arg>
  <arg>1,1,1,1,1,1,1,1,1,1,1,1,1,1,1,0</arg>
  <arg>0,0,0,0,0,0,0,0,0,0,0,0,0,0,0,23260595</arg>
  <severity>INFO</severity>
  <timestamp>Fri May 10 18:26:09 2024</timestamp>
</msg>
<msg id="243" tool="tc">
  <type>HEARTBEAT</type>
  <arg>10400,13748,14680,15212,240,16952,12172,10796,7616,15876,13692,16764,17004,15232,17252,16848</arg>
  <arg>1,1,1,1,1,1,1,1,1,1,1,1,1,1,1,0</arg>
  <arg>0,0,0,0,0,0,0,0,0,0,0,0,0,0,0,23266741</arg>
  <severity>INFO</severity>
  <timestamp>Fri May 10 18:26:10 2024</timestamp>
</msg>
<msg id="244" tool="tc">
  <type>HEARTBEAT</type>
  <arg>10400,13748,14680,15212,240,16952,12172,10796,7616,15876,13692,16764,17004,15232,17252,16848</arg>
  <arg>1,1,1,1,1,1,1,1,1,1,1,1,1,1,1,0</arg>
  <arg>7,7,7,7,7,7,7,7,7,7,7,7,7,7,7,23265037</arg>
  <severity>INFO</severity>
  <timestamp>Fri May 10 18:26:11 2024</timestamp>
</msg>
<msg id="245" tool="tc">
  <type>HEARTBEAT</type>
  <arg>10400,13748,14680,15212,240,16952,12172,10796,7616,15876,13692,16764,17004,15232,17252,16848</arg>
  <arg>1,1,1,1,1,1,1,1,1,1,1,1,1,1,1,0</arg>
  <arg>0,0,0,0,0,0,0,0,0,0,0,0,0,0,0,25727796</arg>
  <severity>INFO</severity>
  <timestamp>Fri May 10 18:26:12 2024</timestamp>
</msg>
<msg id="246" tool="tc">
  <type>HEARTBEAT</type>
  <arg>10400,13748,14680,15212,240,16952,12172,10796,7616,15876,13692,16764,17004,15232,17252,16848</arg>
  <arg>1,1,1,1,1,1,1,1,1,1,1,1,1,1,1,0</arg>
  <arg>0,0,0,0,0,0,0,0,0,0,0,0,0,0,0,26068799</arg>
  <severity>INFO</severity>
  <timestamp>Fri May 10 18:26:13 2024</timestamp>
</msg>
<msg id="247" tool="tc">
  <type>HEARTBEAT</type>
  <arg>10400,13748,14680,15212,240,16952,12172,10796,7616,15876,13692,16764,17004,15232,17252,16848</arg>
  <arg>1,1,1,1,1,1,1,1,1,1,1,1,1,1,1,0</arg>
  <arg>0,0,0,0,0,0,0,0,0,0,0,0,0,0,0,26095199</arg>
  <severity>INFO</severity>
  <timestamp>Fri May 10 18:26:14 2024</timestamp>
</msg>
<msg id="248" tool="tc">
  <type>HEARTBEAT</type>
  <arg>10400,13748,14680,15212,240,16952,12172,10796,7616,15876,13692,16764,17004,15232,17252,16848</arg>
  <arg>1,1,1,1,1,1,1,1,1,1,1,1,1,1,1,0</arg>
  <arg>0,0,0,0,0,0,0,0,0,0,0,0,0,0,0,26091823</arg>
  <severity>INFO</severity>
  <timestamp>Fri May 10 18:26:15 2024</timestamp>
</msg>
<msg id="249" tool="tc">
  <type>HEARTBEAT</type>
  <arg>10400,13748,14680,15212,240,16952,12172,10796,7616,15876,13692,16764,17004,15232,17252,16848</arg>
  <arg>1,1,1,1,1,1,1,1,1,1,1,1,1,1,1,0</arg>
  <arg>7,7,7,7,7,7,7,7,7,7,7,7,7,7,7,26089245</arg>
  <severity>INFO</severity>
  <timestamp>Fri May 10 18:26:16 2024</timestamp>
</msg>
<msg id="250" tool="tc">
  <type>HEARTBEAT</type>
  <arg>10400,13748,14680,15212,240,16952,12172,10796,7616,15876,13692,16764,17004,15232,17252,16848</arg>
  <arg>1,1,1,1,1,1,1,1,1,1,1,1,1,1,1,0</arg>
  <arg>0,0,0,0,0,0,0,0,0,0,0,0,0,0,0,26097230</arg>
  <severity>INFO</severity>
  <timestamp>Fri May 10 18:26:17 2024</timestamp>
</msg>
<msg id="251" tool="tc">
  <type>HEARTBEAT</type>
  <arg>10400,13748,14680,15212,240,16952,12172,10796,7616,15876,13692,16764,17004,15232,17252,16848</arg>
  <arg>1,1,1,1,1,1,1,1,1,1,1,1,1,1,1,0</arg>
  <arg>0,0,0,0,0,0,0,0,0,0,0,0,0,0,0,26113438</arg>
  <severity>INFO</severity>
  <timestamp>Fri May 10 18:26:18 2024</timestamp>
</msg>
<msg id="252" tool="tc">
  <type>HEARTBEAT</type>
  <arg>10400,13748,14680,15212,240,16952,12172,10796,7616,15876,13692,16764,17004,15232,17252,16848</arg>
  <arg>1,1,1,1,1,1,1,1,1,1,1,1,1,1,1,0</arg>
  <arg>0,0,0,0,0,0,0,0,0,0,0,0,0,0,0,24623945</arg>
  <severity>INFO</severity>
  <timestamp>Fri May 10 18:26:19 2024</timestamp>
</msg>
<msg id="253" tool="tc">
  <type>HEARTBEAT</type>
  <arg>10400,13748,14680,15212,240,16952,12172,10796,7616,15876,13692,16764,17004,15232,17252,16848</arg>
  <arg>1,1,1,1,1,1,1,1,1,1,1,1,1,1,1,0</arg>
  <arg>0,0,0,0,0,0,0,0,0,0,0,0,0,0,0,23220137</arg>
  <severity>INFO</severity>
  <timestamp>Fri May 10 18:26:20 2024</timestamp>
</msg>
<msg id="254" tool="tc">
  <type>HEARTBEAT</type>
  <arg>10400,13748,14680,15212,240,16952,12172,10796,7616,15876,13692,16764,17004,15232,17252,16848</arg>
  <arg>1,1,1,1,1,1,1,1,1,1,1,1,1,1,1,0</arg>
  <arg>7,7,7,7,7,7,7,7,7,7,7,7,7,7,7,46416932</arg>
  <severity>INFO</severity>
  <timestamp>Fri May 10 18:26:21 2024</timestamp>
</msg>
<msg id="255" tool="tc">
  <type>HEARTBEAT</type>
  <arg>10400,13748,14680,15212,240,16952,12172,10796,7616,15876,13692,16764,17004,15232,17252,16848</arg>
  <arg>1,1,1,1,1,1,1,1,1,1,1,1,1,1,1,0</arg>
  <arg>0,0,0,0,0,0,0,0,0,0,0,0,0,0,0,23253103</arg>
  <severity>INFO</severity>
  <timestamp>Fri May 10 18:26:22 2024</timestamp>
</msg>
<msg id="256" tool="tc">
  <type>HEARTBEAT</type>
  <arg>10400,13748,14680,15212,240,16952,12172,10796,7616,15876,13692,16764,17004,15232,17252,16848</arg>
  <arg>1,1,1,1,1,1,1,1,1,1,1,1,1,1,1,0</arg>
  <arg>0,0,0,0,0,0,0,0,0,0,0,0,0,0,0,23237535</arg>
  <severity>INFO</severity>
  <timestamp>Fri May 10 18:26:23 2024</timestamp>
</msg>
<msg id="257" tool="tc">
  <type>HEARTBEAT</type>
  <arg>10400,13748,14680,15212,240,16952,12172,10796,7616,15876,13692,16764,17004,15232,17252,16848</arg>
  <arg>1,1,1,1,1,1,1,1,1,1,1,1,1,1,1,0</arg>
  <arg>0,0,0,0,0,0,0,0,0,0,0,0,0,0,0,23225422</arg>
  <severity>INFO</severity>
  <timestamp>Fri May 10 18:26:24 2024</timestamp>
</msg>
<msg id="258" tool="tc">
  <type>HEARTBEAT</type>
  <arg>10400,13748,14680,15212,240,16952,12172,10796,7616,15876,13692,16764,17004,15232,17252,16848</arg>
  <arg>1,1,1,1,1,1,1,1,1,1,1,1,1,1,1,0</arg>
  <arg>0,0,0,0,0,0,0,0,0,0,0,0,0,0,0,23237214</arg>
  <severity>INFO</severity>
  <timestamp>Fri May 10 18:26:25 2024</timestamp>
</msg>
<msg id="259" tool="tc">
  <type>HEARTBEAT</type>
  <arg>10400,13748,14680,15212,240,16952,12172,10796,7616,15876,13692,16764,17004,15232,17252,16848</arg>
  <arg>1,1,1,1,1,1,1,1,1,1,1,1,1,1,1,0</arg>
  <arg>7,7,7,7,7,7,7,7,7,7,7,7,7,7,7,23231935</arg>
  <severity>INFO</severity>
  <timestamp>Fri May 10 18:26:26 2024</timestamp>
</msg>
<msg id="260" tool="tc">
  <type>HEARTBEAT</type>
  <arg>10400,13748,14680,15212,240,16952,12172,10796,7616,15876,13692,16764,17004,15232,17252,16848</arg>
  <arg>1,1,1,1,1,1,1,1,1,1,1,1,1,1,1,0</arg>
  <arg>0,0,0,0,0,0,0,0,0,0,0,0,0,0,0,23240639</arg>
  <severity>INFO</severity>
  <timestamp>Fri May 10 18:26:27 2024</timestamp>
</msg>
<msg id="261" tool="tc">
  <type>HEARTBEAT</type>
  <arg>10400,13748,14680,15212,240,16952,12172,10796,7616,15876,13692,16764,17004,15232,17252,16848</arg>
  <arg>1,1,1,1,1,1,1,1,1,1,1,1,1,1,1,0</arg>
  <arg>0,0,0,0,0,0,0,0,0,0,0,0,0,0,0,23227525</arg>
  <severity>INFO</severity>
  <timestamp>Fri May 10 18:26:28 2024</timestamp>
</msg>
<msg id="262" tool="tc">
  <type>HEARTBEAT</type>
  <arg>10400,13748,14680,15212,240,16952,12172,10796,7616,15876,13692,16764,17004,15232,17252,16848</arg>
  <arg>1,1,1,1,1,1,1,1,1,1,1,1,1,1,1,0</arg>
  <arg>0,0,0,0,0,0,0,0,0,0,0,0,0,0,0,23221151</arg>
  <severity>INFO</severity>
  <timestamp>Fri May 10 18:26:29 2024</timestamp>
</msg>
<msg id="263" tool="tc">
  <type>HEARTBEAT</type>
  <arg>10400,13748,14680,15212,240,16952,12172,10796,7616,15876,13692,16764,17004,15232,17252,16848</arg>
  <arg>1,1,1,1,1,1,1,1,1,1,1,1,1,1,1,0</arg>
  <arg>0,0,0,0,0,0,0,0,0,0,0,0,0,0,0,23215081</arg>
  <severity>INFO</severity>
  <timestamp>Fri May 10 18:26:30 2024</timestamp>
</msg>
<msg id="264" tool="tc">
  <type>HEARTBEAT</type>
  <arg>10400,13748,14680,15212,240,16952,12172,10796,7616,15876,13692,16764,17004,15232,17252,16848</arg>
  <arg>1,1,1,1,1,1,1,1,1,1,1,1,1,1,1,0</arg>
  <arg>7,7,7,7,7,7,7,7,7,7,7,7,7,7,7,23226289</arg>
  <severity>INFO</severity>
  <timestamp>Fri May 10 18:26:31 2024</timestamp>
</msg>
<msg id="265" tool="tc">
  <type>HEARTBEAT</type>
  <arg>10400,13748,14680,15212,240,16952,12172,10796,7616,15876,13692,16764,17004,15232,17252,16848</arg>
  <arg>1,1,1,1,1,1,1,1,1,1,1,1,1,1,1,0</arg>
  <arg>0,0,0,0,0,0,0,0,0,0,0,0,0,0,0,23225094</arg>
  <severity>INFO</severity>
  <timestamp>Fri May 10 18:26:32 2024</timestamp>
</msg>
<msg id="266" tool="tc">
  <type>HEARTBEAT</type>
  <arg>10400,13748,14680,15212,240,16952,12172,10796,7616,15876,13692,16764,17004,15232,17252,16848</arg>
  <arg>1,1,1,1,1,1,1,1,1,1,1,1,1,1,1,0</arg>
  <arg>0,0,0,0,0,0,0,0,0,0,0,0,0,0,0,23220256</arg>
  <severity>INFO</severity>
  <timestamp>Fri May 10 18:26:33 2024</timestamp>
</msg>
<msg id="267" tool="tc">
  <type>HEARTBEAT</type>
  <arg>10400,13748,14680,15212,240,16952,12172,10796,7616,15876,13692,16764,17004,15232,17252,16848</arg>
  <arg>1,1,1,1,1,1,1,1,1,1,1,1,1,1,1,0</arg>
  <arg>0,0,0,0,0,0,0,0,0,0,0,0,0,0,0,46398321</arg>
  <severity>INFO</severity>
  <timestamp>Fri May 10 18:26:34 2024</timestamp>
</msg>
<msg id="268" tool="tc">
  <type>HEARTBEAT</type>
  <arg>10400,13748,14680,15212,240,16952,12172,10796,7616,15876,13692,16764,17004,15232,17252,16848</arg>
  <arg>1,1,1,1,1,1,1,1,1,1,1,1,1,1,1,0</arg>
  <arg>0,0,0,0,0,0,0,0,0,0,0,0,0,0,0,69627971</arg>
  <severity>INFO</severity>
  <timestamp>Fri May 10 18:26:35 2024</timestamp>
</msg>
<msg id="269" tool="tc">
  <type>HEARTBEAT</type>
  <arg>10400,13748,14680,15212,240,16952,12172,10796,7616,15876,13692,16764,17004,15232,17252,16848</arg>
  <arg>1,1,1,1,1,1,1,1,1,1,1,1,1,1,1,0</arg>
  <arg>7,7,7,7,7,7,7,7,7,7,7,7,7,7,7,23064641</arg>
  <severity>INFO</severity>
  <timestamp>Fri May 10 18:26:36 2024</timestamp>
</msg>
<msg id="270" tool="tc">
  <type>HEARTBEAT</type>
  <arg>10400,13748,14680,15212,240,16952,12172,10796,7616,15876,13692,16764,17004,15232,17252,16848</arg>
  <arg>1,1,1,1,1,1,1,1,1,1,1,1,1,1,1,0</arg>
  <arg>0,0,0,0,0,0,0,0,0,0,0,0,0,0,0,46198896</arg>
  <severity>INFO</severity>
  <timestamp>Fri May 10 18:26:37 2024</timestamp>
</msg>
<msg id="271" tool="tc">
  <type>HEARTBEAT</type>
  <arg>10400,13748,14680,15212,240,16952,12172,10796,7616,15876,13692,16764,17004,15232,17252,16848</arg>
  <arg>1,1,1,1,1,1,1,1,1,1,1,1,1,1,1,0</arg>
  <arg>0,0,0,0,0,0,0,0,0,0,0,0,0,0,0,23464634</arg>
  <severity>INFO</severity>
  <timestamp>Fri May 10 18:26:38 2024</timestamp>
</msg>
<msg id="272" tool="tc">
  <type>HEARTBEAT</type>
  <arg>10400,13748,14680,15212,240,16952,12172,10796,7616,15876,13692,16764,17004,15232,17252,16848</arg>
  <arg>1,1,1,1,1,1,1,1,1,1,1,1,1,1,1,0</arg>
  <arg>0,0,0,0,0,0,0,0,0,0,0,0,0,0,0,25927596</arg>
  <severity>INFO</severity>
  <timestamp>Fri May 10 18:26:39 2024</timestamp>
</msg>
<msg id="273" tool="tc">
  <type>HEARTBEAT</type>
  <arg>10400,13748,14680,15212,240,16952,12172,10796,7616,15876,13692,16764,17004,15232,17252,16848</arg>
  <arg>1,1,1,1,1,1,1,1,1,1,1,1,1,1,1,0</arg>
  <arg>0,0,0,0,0,0,0,0,0,0,0,0,0,0,0,23651465</arg>
  <severity>INFO</severity>
  <timestamp>Fri May 10 18:26:40 2024</timestamp>
</msg>
<msg id="274" tool="tc">
  <type>HEARTBEAT</type>
  <arg>10400,13748,14680,15212,240,16952,12172,10796,7616,15876,13692,16764,17004,15232,17252,16848</arg>
  <arg>1,1,1,1,1,1,1,1,1,1,1,1,1,1,1,0</arg>
  <arg>7,7,7,7,7,7,7,7,7,7,7,7,7,7,7,48278895</arg>
  <severity>INFO</severity>
  <timestamp>Fri May 10 18:26:41 2024</timestamp>
</msg>
<msg id="275" tool="tc">
  <type>HEARTBEAT</type>
  <arg>10400,13748,14680,15212,240,16952,12172,10796,7616,15876,13692,16764,17004,15232,17252,16848</arg>
  <arg>0,0,0,0,0,0,0,0,0,0,0,0,0,0,0,0</arg>
  <arg>3888518,3627110,3502766,3676585,3313250,4164253,3893419,4186717,4156865,3709093,3613451,4121021,3474937,3784256,3463528,22050136</arg>
  <severity>INFO</severity>
  <timestamp>Fri May 10 18:26:42 2024</timestamp>
</msg>
<msg id="276" tool="tc">
  <type>HEARTBEAT</type>
  <arg>10400,13748,14680,15212,240,16952,12172,10796,7616,15876,13692,16764,17004,15232,17252,16848</arg>
  <arg>0,0,0,0,0,0,0,0,0,0,0,0,0,0,0,0</arg>
  <arg>14971064,15965515,13870366,14873119,15966988,15046518,14958763,15148896,15071811,14083612,14126372,15039532,13566392,12542304,12262628,14706983</arg>
  <severity>INFO</severity>
  <timestamp>Fri May 10 18:26:43 2024</timestamp>
</msg>
<msg id="277" tool="tc">
  <type>STOP_PROCESSED</type>
  <severity>INFO</severity>
  <timestamp>Fri May 10 18:26:44 2024</timestamp>
</msg>
<msg id="278" tool="tc">
  <type>UNLOAD_MODULE</type>
  <arg>d:\раб стол\УНИК\Мага\2 сем\Гетерогенные\labs\siw\build\getor\getor.exe</arg>
  <arg>2</arg>
  <severity>INFO</severity>
  <timestamp>Fri May 10 18:26:44 2024</timestamp>
</msg>
<msg id="279" tool="tc">
  <type>UNLOAD_MODULE</type>
  <arg>c:\windows\system32\kernelbase.dll</arg>
  <arg>3</arg>
  <severity>INFO</severity>
  <timestamp>Fri May 10 18:26:44 2024</timestamp>
</msg>
<msg id="280" tool="tc">
  <type>UNLOAD_MODULE</type>
  <arg>c:\windows\system32\kernel32.dll</arg>
  <arg>4</arg>
  <severity>INFO</severity>
  <timestamp>Fri May 10 18:26:44 2024</timestamp>
</msg>
<msg id="281" tool="tc">
  <type>UNLOAD_MODULE</type>
  <arg>c:\windows\system32\ntdll.dll</arg>
  <arg>5</arg>
  <severity>INFO</severity>
  <timestamp>Fri May 10 18:26:44 2024</timestamp>
</msg>
<msg id="282" tool="tc">
  <type>UNLOAD_MODULE</type>
  <arg>c:\windows\system32\msvcp140d.dll</arg>
  <arg>6</arg>
  <severity>INFO</severity>
  <timestamp>Fri May 10 18:26:44 2024</timestamp>
</msg>
<msg id="283" tool="tc">
  <type>UNLOAD_MODULE</type>
  <arg>c:\windows\system32\vcruntime140d.dll</arg>
  <arg>7</arg>
  <severity>INFO</severity>
  <timestamp>Fri May 10 18:26:44 2024</timestamp>
</msg>
<msg id="284" tool="tc">
  <type>UNLOAD_MODULE</type>
  <arg>c:\windows\system32\ucrtbased.dll</arg>
  <arg>8</arg>
  <severity>INFO</severity>
  <timestamp>Fri May 10 18:26:44 2024</timestamp>
</msg>
<msg id="285" tool="tc">
  <type>UNLOAD_MODULE</type>
  <arg>c:\program files (x86)\intel\oneapi\compiler\latest\bin\libiomp5md.dll</arg>
  <arg>9</arg>
  <severity>INFO</severity>
  <timestamp>Fri May 10 18:26:44 2024</timestamp>
</msg>
<msg id="286" tool="tc">
  <type>UNLOAD_MODULE</type>
  <arg>c:\windows\system32\ucrtbase.dll</arg>
  <arg>10</arg>
  <severity>INFO</severity>
  <timestamp>Fri May 10 18:26:44 2024</timestamp>
</msg>
<msg id="287" tool="tc">
  <type>UNLOAD_MODULE</type>
  <arg>c:\windows\system32\vcruntime140.dll</arg>
  <arg>11</arg>
  <severity>INFO</severity>
  <timestamp>Fri May 10 18:26:44 2024</timestamp>
</msg>
<msg id="288" tool="tc">
  <type>UNLOAD_MODULE</type>
  <arg>c:\windows\system32\vcruntime140_1d.dll</arg>
  <arg>12</arg>
  <severity>INFO</severity>
  <timestamp>Fri May 10 18:26:44 2024</timestamp>
</msg>
<msg id="289" tool="tc">
  <type>UNLOAD_MODULE</type>
  <arg>c:\program files (x86)\intel\oneapi\inspector\2024.0\bin64\runtime\libittnotify.dll</arg>
  <arg>13</arg>
  <severity>INFO</severity>
  <timestamp>Fri May 10 18:26:44 2024</timestamp>
</msg>
<msg id="290" tool="tc">
  <type>UNLOAD_MODULE</type>
  <arg>c:\windows\system32\advapi32.dll</arg>
  <arg>14</arg>
  <severity>INFO</severity>
  <timestamp>Fri May 10 18:26:44 2024</timestamp>
</msg>
<msg id="291" tool="tc">
  <type>UNLOAD_MODULE</type>
  <arg>c:\windows\system32\msvcrt.dll</arg>
  <arg>15</arg>
  <severity>INFO</severity>
  <timestamp>Fri May 10 18:26:44 2024</timestamp>
</msg>
<msg id="292" tool="tc">
  <type>UNLOAD_MODULE</type>
  <arg>c:\windows\system32\sechost.dll</arg>
  <arg>16</arg>
  <severity>INFO</severity>
  <timestamp>Fri May 10 18:26:44 2024</timestamp>
</msg>
<msg id="293" tool="tc">
  <type>UNLOAD_MODULE</type>
  <arg>c:\windows\system32\rpcrt4.dll</arg>
  <arg>17</arg>
  <severity>INFO</severity>
  <timestamp>Fri May 10 18:26:44 2024</timestamp>
</msg>
<msg id="294" tool="tc">
  <type>UNLOAD_MODULE</type>
  <arg>c:\windows\system32\cryptbase.dll</arg>
  <arg>18</arg>
  <severity>INFO</severity>
  <timestamp>Fri May 10 18:26:44 2024</timestamp>
</msg>
<msg id="295" tool="tc">
  <type>UNLOAD_MODULE</type>
  <arg>c:\windows\system32\bcryptprimitives.dll</arg>
  <arg>19</arg>
  <severity>INFO</severity>
  <timestamp>Fri May 10 18:26:44 2024</timestamp>
</msg>
<msg id="296" tool="tc">
  <type>UNLOAD_MODULE</type>
  <arg>c:\program files (x86)\intel\oneapi\inspector\2024.0\bin64\pinjitprofiling.dll</arg>
  <arg>20</arg>
  <severity>INFO</severity>
  <timestamp>Fri May 10 18:26:44 2024</timestamp>
</msg>
<msg id="297" tool="tc">
  <type>PROCESS_TERMINATE</type>
  <arg>d:\раб стол\УНИК\Мага\2 сем\Гетерогенные\labs\siw\build\getor\getor.exe</arg>
  <arg>10356</arg>
  <severity>INFO</severity>
  <timestamp>Fri May 10 18:26:44 2024</timestamp>
</msg>
<msg id="298" tool="tc">
  <type>ANALYSIS_COMPLETE</type>
  <severity>INFO</severity>
  <timestamp>Fri May 10 18:26:44 2024</timestamp>
</msg>
<msg id="299" tool="tc">
  <type>STOP</type>
  <severity>INFO</severity>
  <timestamp>Fri May 10 18:26:44 2024</timestamp>
</msg>
<msg id="300" tool="runtool">
  <type>app-exit-code</type>
  <arg>0</arg>
</msg>
<msg id="301" tool="runtool">
  <type>marker-file</type>
  <arg>D:\раб стол\УНИК\Мага\2 сем\Гетерогенные\labs\siw\inspector\srs\r003ti3\r003ti3.inspxe</arg>
</msg>
<msg id="302" tool="runtool">
  <type>collector-done</type>
</msg>
<msg id="303" tool="runtool">
  <type>log-end</type>
  <arg>2024/05/10 18:26:48</arg>
</msg>

</log>

