<?xml version="1.0" encoding="utf-8" ?>
<!-- DO NOT EDIT THIS FILE -->

<log version='2.0' source='tcet'>
	<!-- Sampling enabled with the following: -->
	<!--     Budget                              5: -->
	<!--     Overdraft Budget                   75: -->
	<!--     Savings Budget                      2: -->
	<!-- Opened annotation file C:\Program Files (x86)\Intel\oneAPI\inspector\2024.0\bin64\..\config\tc\qt.ant -->
	<!-- Opened annotation file C:\Program Files (x86)\Intel\oneAPI\inspector\2024.0\bin64\..\config\tc\cpp11.ant -->
	<!-- Opened annotation file C:\Program Files (x86)\Intel\oneAPI\inspector\2024.0\bin64\..\config\tc\cpp11_atomics.ant -->
	<!-- Opened annotation file C:\Program Files (x86)\Intel\oneAPI\inspector\2024.0\bin64\..\config\tc\fortran.ant -->
	<!-- Opened annotation file C:\Program Files (x86)\Intel\oneAPI\inspector\2024.0\bin64\..\config\tc\icl.ant -->
	<!-- Opened annotation file C:\Program Files (x86)\Intel\oneAPI\inspector\2024.0\bin64\..\config\tc\allocators.ant -->
	<!-- Opened annotation file C:\Program Files (x86)\Intel\oneAPI\inspector\2024.0\bin64\..\config\tc\boost.ant -->
	<!-- Opened annotation file C:\Program Files (x86)\Intel\oneAPI\inspector\2024.0\bin64\..\config\tc\system_api_filter.ant -->
	<!-- Opened annotation file C:\Program Files (x86)\Intel\oneAPI\inspector\2024.0\bin64\..\config\tc\system_api.ant -->
	<msg id='1' display='false' source='tccore'>
		<type>START</type>
		<severity>INFO</severity>
		<timestamp>Fri May 10 21:12:27 2024</timestamp>
	</msg>
	<!-- Successfully loaded CCRT 13.15.2 at address 0x7ff8a1330000 - 0x7ff8a1351000 -->
	<!-- Successfully loaded the TC Analysis Core 8.22.0 at address 0x7ff83a540000 - 0x7ff83a566000 -->
	<!-- Successfully loaded the TC Instrumentation Engine 8.22.0 at address 0x67ba0000 - 0x67e1b000 -->
	<!-- Environment: INTEL_LIBITTNOTIFY32=C:\Program Files (x86)\Intel\oneAPI\inspector\2024.0\bin32\runtime\libittnotify.dll -->
	<!-- Environment: INTEL_LIBITTNOTIFY64=C:\Program Files (x86)\Intel\oneAPI\inspector\2024.0\bin64\runtime\libittnotify.dll -->
	<!-- Environment: INTEL_JIT_PROFILER32=C:\Program Files (x86)\Intel\oneAPI\inspector\2024.0\bin32\pinjitprofiling.dll -->
	<!-- Environment: INTEL_JIT_PROFILER64=C:\Program Files (x86)\Intel\oneAPI\inspector\2024.0\bin64\pinjitprofiling.dll -->
	<!-- This is the instance of interest -->
	<msg id='2' source='tcet'>
		<type>EXEC_OF_INTEREST</type>
		<severity>INFO</severity>
		<timestamp>Fri May 10 21:12:27 2024</timestamp>
		<arg name='process'>d:\раб стол\УНИК\Мага\2 сем\Гетерогенные\labs\siw\build\getor\getor.exe</arg>
		<arg name='pid'>14356</arg>
	</msg>
	<msg id='3' source='tcet'>
		<type>LOAD_MODULE</type>
		<severity>INFO</severity>
		<timestamp>Fri May 10 21:12:27 2024</timestamp>
		<arg name='module'>d:\раб стол\УНИК\Мага\2 сем\Гетерогенные\labs\siw\build\getor\getor.exe</arg>
		<arg name='basement'>0x7ff7b3980000</arg>
		<arg name='ceiling'>0x7ff7b3a8ffff</arg>
		<arg name='id'>2</arg>
	</msg>
	<msg id='4' source='tcet'>
		<type>LOAD_MODULE</type>
		<severity>INFO</severity>
		<timestamp>Fri May 10 21:12:27 2024</timestamp>
		<arg name='module'>c:\windows\system32\kernelbase.dll</arg>
		<arg name='basement'>0x7ff8acb50000</arg>
		<arg name='ceiling'>0x7ff8aceebfff</arg>
		<arg name='id'>3</arg>
	</msg>
	<!-- Target OS: Win8 or Server 2K2012 or later -->
	<msg id='5' source='tcet'>
		<type>LOAD_MODULE</type>
		<severity>INFO</severity>
		<timestamp>Fri May 10 21:12:27 2024</timestamp>
		<arg name='module'>c:\windows\system32\kernel32.dll</arg>
		<arg name='basement'>0x7ff8af240000</arg>
		<arg name='ceiling'>0x7ff8af302fff</arg>
		<arg name='id'>4</arg>
	</msg>
	<!-- Target OS: Win8 or Server 2K2012 or later -->
	<msg id='6' source='tcet'>
		<type>LOAD_MODULE</type>
		<severity>INFO</severity>
		<timestamp>Fri May 10 21:12:27 2024</timestamp>
		<arg name='module'>c:\windows\system32\ntdll.dll</arg>
		<arg name='basement'>0x7ff8af690000</arg>
		<arg name='ceiling'>0x7ff8af8a3fff</arg>
		<arg name='id'>5</arg>
	</msg>
	<!-- Target OS: Win8 or Server 2K2012 or later -->
	<msg id='7' source='tcet'>
		<type>LOAD_MODULE</type>
		<severity>INFO</severity>
		<timestamp>Fri May 10 21:12:28 2024</timestamp>
		<arg name='module'>c:\windows\system32\vcruntime140d.dll</arg>
		<arg name='basement'>0x7ff8a0410000</arg>
		<arg name='ceiling'>0x7ff8a043dfff</arg>
		<arg name='id'>6</arg>
	</msg>
	<msg id='8' source='tcet'>
		<type>LOAD_MODULE</type>
		<severity>INFO</severity>
		<timestamp>Fri May 10 21:12:28 2024</timestamp>
		<arg name='module'>c:\windows\system32\msvcp140d.dll</arg>
		<arg name='basement'>0x7ff881370000</arg>
		<arg name='ceiling'>0x7ff881450fff</arg>
		<arg name='id'>7</arg>
	</msg>
	<msg id='9' source='tcet'>
		<type>LOAD_MODULE</type>
		<severity>INFO</severity>
		<timestamp>Fri May 10 21:12:28 2024</timestamp>
		<arg name='module'>c:\windows\system32\ucrtbased.dll</arg>
		<arg name='basement'>0x7ff839ba0000</arg>
		<arg name='ceiling'>0x7ff839dc0fff</arg>
		<arg name='id'>8</arg>
	</msg>
	<msg id='10' source='tcet'>
		<type>LOAD_MODULE</type>
		<severity>INFO</severity>
		<timestamp>Fri May 10 21:12:28 2024</timestamp>
		<arg name='module'>c:\program files (x86)\intel\oneapi\compiler\latest\bin\libiomp5md.dll</arg>
		<arg name='basement'>0x7ff839970000</arg>
		<arg name='ceiling'>0x7ff839b9cfff</arg>
		<arg name='id'>9</arg>
	</msg>
	<msg id='11' source='tcet'>
		<type>LOAD_MODULE</type>
		<severity>INFO</severity>
		<timestamp>Fri May 10 21:12:28 2024</timestamp>
		<arg name='module'>c:\windows\system32\ucrtbase.dll</arg>
		<arg name='basement'>0x7ff8acef0000</arg>
		<arg name='ceiling'>0x7ff8ad000fff</arg>
		<arg name='id'>10</arg>
	</msg>
	<msg id='12' source='tcet'>
		<type>LOAD_MODULE</type>
		<severity>INFO</severity>
		<timestamp>Fri May 10 21:12:29 2024</timestamp>
		<arg name='module'>c:\windows\system32\vcruntime140_1d.dll</arg>
		<arg name='basement'>0x7ff8a13a0000</arg>
		<arg name='ceiling'>0x7ff8a13aefff</arg>
		<arg name='id'>11</arg>
	</msg>
	<msg id='13' source='tcet'>
		<type>LOAD_MODULE</type>
		<severity>INFO</severity>
		<timestamp>Fri May 10 21:12:29 2024</timestamp>
		<arg name='module'>c:\windows\system32\vcruntime140.dll</arg>
		<arg name='basement'>0x7ff89f690000</arg>
		<arg name='ceiling'>0x7ff89f6acfff</arg>
		<arg name='id'>12</arg>
	</msg>
	<msg id='14' source='tcet'>
		<type>LOAD_MODULE</type>
		<severity>INFO</severity>
		<timestamp>Fri May 10 21:12:30 2024</timestamp>
		<arg name='module'>c:\program files (x86)\intel\oneapi\inspector\2024.0\bin64\runtime\libittnotify.dll</arg>
		<arg name='basement'>0x7ff880b80000</arg>
		<arg name='ceiling'>0x7ff880bf0fff</arg>
		<arg name='id'>13</arg>
	</msg>
	<!-- Target OS: Win8 or Server 2K2012 or later -->
	<msg id='15' source='tcet'>
		<type>LOAD_MODULE</type>
		<severity>INFO</severity>
		<timestamp>Fri May 10 21:12:30 2024</timestamp>
		<arg name='module'>c:\windows\system32\advapi32.dll</arg>
		<arg name='basement'>0x7ff8af0d0000</arg>
		<arg name='ceiling'>0x7ff8af17dfff</arg>
		<arg name='id'>14</arg>
	</msg>
	<msg id='16' source='tcet'>
		<type>LOAD_MODULE</type>
		<severity>INFO</severity>
		<timestamp>Fri May 10 21:12:30 2024</timestamp>
		<arg name='module'>c:\windows\system32\msvcrt.dll</arg>
		<arg name='basement'>0x7ff8adf80000</arg>
		<arg name='ceiling'>0x7ff8ae026fff</arg>
		<arg name='id'>15</arg>
	</msg>
	<msg id='17' source='tcet'>
		<type>LOAD_MODULE</type>
		<severity>INFO</severity>
		<timestamp>Fri May 10 21:12:30 2024</timestamp>
		<arg name='module'>c:\windows\system32\sechost.dll</arg>
		<arg name='basement'>0x7ff8ae030000</arg>
		<arg name='ceiling'>0x7ff8ae0d3fff</arg>
		<arg name='id'>16</arg>
	</msg>
	<msg id='18' source='tcet'>
		<type>LOAD_MODULE</type>
		<severity>INFO</severity>
		<timestamp>Fri May 10 21:12:30 2024</timestamp>
		<arg name='module'>c:\windows\system32\rpcrt4.dll</arg>
		<arg name='basement'>0x7ff8ad4a0000</arg>
		<arg name='ceiling'>0x7ff8ad5b4fff</arg>
		<arg name='id'>17</arg>
	</msg>
	<msg id='19' display='false' source='tcet'>
		<type>HEARTBEAT</type>
		<severity>INFO</severity>
		<timestamp>Fri May 10 21:12:31 2024</timestamp>
		<arg name='tids'>10864,14588,13728,13148</arg>
		<arg name='syscalls'>1,1,1,0</arg>
		<arg name='calls'>1862,949,2914,55633</arg>
	</msg>
	<msg id='20' source='tcet'>
		<type>LOAD_MODULE</type>
		<severity>INFO</severity>
		<timestamp>Fri May 10 21:12:31 2024</timestamp>
		<arg name='module'>c:\windows\system32\cryptbase.dll</arg>
		<arg name='basement'>0x7ff8ac300000</arg>
		<arg name='ceiling'>0x7ff8ac30bfff</arg>
		<arg name='id'>18</arg>
	</msg>
	<msg id='21' source='tcet'>
		<type>LOAD_MODULE</type>
		<severity>INFO</severity>
		<timestamp>Fri May 10 21:12:31 2024</timestamp>
		<arg name='module'>c:\windows\system32\bcryptprimitives.dll</arg>
		<arg name='basement'>0x7ff8acad0000</arg>
		<arg name='ceiling'>0x7ff8acb4afff</arg>
		<arg name='id'>19</arg>
	</msg>
	<msg id='22' display='false' source='tcet'>
		<type>HEARTBEAT</type>
		<severity>INFO</severity>
		<timestamp>Fri May 10 21:12:32 2024</timestamp>
		<arg name='tids'>10864,14588,13728,13148</arg>
		<arg name='syscalls'>1,1,1,0</arg>
		<arg name='calls'>148,0,0,2387423</arg>
	</msg>
	<msg id='23' source='tcet'>
		<type>LOAD_MODULE</type>
		<severity>INFO</severity>
		<timestamp>Fri May 10 21:12:32 2024</timestamp>
		<arg name='module'>c:\program files (x86)\intel\oneapi\inspector\2024.0\bin64\pinjitprofiling.dll</arg>
		<arg name='basement'>0x7ff8a11e0000</arg>
		<arg name='ceiling'>0x7ff8a11e7fff</arg>
		<arg name='id'>20</arg>
	</msg>
	<msg id='24' source='tcet'>
		<type>LOAD_MODULE</type>
		<severity>INFO</severity>
		<timestamp>Fri May 10 21:12:32 2024</timestamp>
		<arg name='module'>dynamiccodebin</arg>
		<arg name='basement'>0x0</arg>
		<arg name='ceiling'>0x0</arg>
		<arg name='id'>21</arg>
	</msg>
	<!-- Target OS: Win8 or Server 2K2012 or later -->
	<!-- Routine at entry point of image dynamiccodebin is invalid -->
	<msg id='25' display='false' source='tcet'>
		<type>THREADNAME</type>
		<severity>INFO</severity>
		<timestamp>Fri May 10 21:12:33 2024</timestamp>
		<arg name='tid'>13148</arg>
		<arg name='name'>OMP Primary Thread #0</arg>
	</msg>
	<msg id='26' display='false' source='tcet'>
		<type>HEARTBEAT</type>
		<severity>INFO</severity>
		<timestamp>Fri May 10 21:12:33 2024</timestamp>
		<arg name='tids'>14708,13960,14720,14704,14776,11412,11452,13956,9912,9908,2060,3200,10864,14588,13728,13148</arg>
		<arg name='syscalls'>0,0,1,1,1,1,1,1,1,1,1,0,1,1,1,0</arg>
		<arg name='calls'>4,26,30,30,52,78,34,40,35,35,38,314,0,0,0,32425</arg>
	</msg>
	<msg id='27' source='tccore'>
		<type>CTSA_NO_STACK</type>
		<severity>WARNING</severity>
		<timestamp>Fri May 10 21:12:33 2024</timestamp>
	</msg>
	<msg id='28' display='false' source='tcet'>
		<type>THREADNAME</type>
		<severity>INFO</severity>
		<timestamp>Fri May 10 21:12:34 2024</timestamp>
		<arg name='tid'>15352</arg>
		<arg name='name'>OMP Worker Thread #15</arg>
	</msg>
	<msg id='29' display='false' source='tcet'>
		<type>THREADNAME</type>
		<severity>INFO</severity>
		<timestamp>Fri May 10 21:12:34 2024</timestamp>
		<arg name='tid'>9928</arg>
		<arg name='name'>OMP Worker Thread #14</arg>
	</msg>
	<msg id='30' display='false' source='tcet'>
		<type>THREADNAME</type>
		<severity>INFO</severity>
		<timestamp>Fri May 10 21:12:34 2024</timestamp>
		<arg name='tid'>14712</arg>
		<arg name='name'>OMP Worker Thread #13</arg>
	</msg>
	<msg id='31' display='false' source='tcet'>
		<type>THREADNAME</type>
		<severity>INFO</severity>
		<timestamp>Fri May 10 21:12:34 2024</timestamp>
		<arg name='tid'>14708</arg>
		<arg name='name'>OMP Worker Thread #12</arg>
	</msg>
	<msg id='32' display='false' source='tcet'>
		<type>THREADNAME</type>
		<severity>INFO</severity>
		<timestamp>Fri May 10 21:12:34 2024</timestamp>
		<arg name='tid'>13960</arg>
		<arg name='name'>OMP Worker Thread #11</arg>
	</msg>
	<msg id='33' display='false' source='tcet'>
		<type>THREADNAME</type>
		<severity>INFO</severity>
		<timestamp>Fri May 10 21:12:34 2024</timestamp>
		<arg name='tid'>14720</arg>
		<arg name='name'>OMP Worker Thread #10</arg>
	</msg>
	<msg id='34' display='false' source='tcet'>
		<type>THREADNAME</type>
		<severity>INFO</severity>
		<timestamp>Fri May 10 21:12:34 2024</timestamp>
		<arg name='tid'>14704</arg>
		<arg name='name'>OMP Worker Thread #9</arg>
	</msg>
	<msg id='35' display='false' source='tcet'>
		<type>THREADNAME</type>
		<severity>INFO</severity>
		<timestamp>Fri May 10 21:12:34 2024</timestamp>
		<arg name='tid'>14776</arg>
		<arg name='name'>OMP Worker Thread #8</arg>
	</msg>
	<msg id='36' display='false' source='tcet'>
		<type>THREADNAME</type>
		<severity>INFO</severity>
		<timestamp>Fri May 10 21:12:34 2024</timestamp>
		<arg name='tid'>11412</arg>
		<arg name='name'>OMP Worker Thread #7</arg>
	</msg>
	<msg id='37' display='false' source='tcet'>
		<type>THREADNAME</type>
		<severity>INFO</severity>
		<timestamp>Fri May 10 21:12:34 2024</timestamp>
		<arg name='tid'>11452</arg>
		<arg name='name'>OMP Worker Thread #6</arg>
	</msg>
	<msg id='38' display='false' source='tcet'>
		<type>THREADNAME</type>
		<severity>INFO</severity>
		<timestamp>Fri May 10 21:12:34 2024</timestamp>
		<arg name='tid'>13956</arg>
		<arg name='name'>OMP Worker Thread #5</arg>
	</msg>
	<msg id='39' display='false' source='tcet'>
		<type>THREADNAME</type>
		<severity>INFO</severity>
		<timestamp>Fri May 10 21:12:34 2024</timestamp>
		<arg name='tid'>9912</arg>
		<arg name='name'>OMP Worker Thread #4</arg>
	</msg>
	<msg id='40' display='false' source='tcet'>
		<type>THREADNAME</type>
		<severity>INFO</severity>
		<timestamp>Fri May 10 21:12:34 2024</timestamp>
		<arg name='tid'>9908</arg>
		<arg name='name'>OMP Worker Thread #3</arg>
	</msg>
	<msg id='41' display='false' source='tcet'>
		<type>THREADNAME</type>
		<severity>INFO</severity>
		<timestamp>Fri May 10 21:12:34 2024</timestamp>
		<arg name='tid'>2060</arg>
		<arg name='name'>OMP Worker Thread #2</arg>
	</msg>
	<msg id='42' display='false' source='tcet'>
		<type>THREADNAME</type>
		<severity>INFO</severity>
		<timestamp>Fri May 10 21:12:34 2024</timestamp>
		<arg name='tid'>3200</arg>
		<arg name='name'>OMP Worker Thread #1</arg>
	</msg>
	<msg id='43' display='false' source='tcet'>
		<type>HEARTBEAT</type>
		<severity>INFO</severity>
		<timestamp>Fri May 10 21:12:34 2024</timestamp>
		<arg name='tids'>15352,9928,14712,14708,13960,14720,14704,14776,11412,11452,13956,9912,9908,2060,3200,10864,14588,13728,13148</arg>
		<arg name='syscalls'>0,0,0,0,0,0,0,0,0,0,0,0,0,0,0,1,1,1,0</arg>
		<arg name='calls'>10560604,10756432,11065023,11052160,9868100,10270348,11302511,11414799,10685899,10469719,10237748,10474894,11523259,10467932,9912330,0,0,0,7521118</arg>
	</msg>
	<msg id='44' display='false' source='tcet'>
		<type>HEARTBEAT</type>
		<severity>INFO</severity>
		<timestamp>Fri May 10 21:12:35 2024</timestamp>
		<arg name='tids'>15352,9928,14712,14708,13960,14720,14704,14776,11412,11452,13956,9912,9908,2060,3200,10864,14588,13728,13148</arg>
		<arg name='syscalls'>0,0,0,0,0,0,0,0,0,0,0,0,0,0,0,1,1,1,0</arg>
		<arg name='calls'>13691659,13645408,25736952,14160197,11275838,13485567,13718962,14659377,14079806,10446788,11158250,13596152,13539264,13659965,20530683,0,0,0,14366056</arg>
	</msg>
	<msg id='45' display='false' source='tcet'>
		<type>HEARTBEAT</type>
		<severity>INFO</severity>
		<timestamp>Fri May 10 21:12:36 2024</timestamp>
		<arg name='tids'>15352,9928,14712,14708,13960,14720,14704,14776,11412,11452,13956,9912,9908,2060,3200,10864,14588,13728,13148</arg>
		<arg name='syscalls'>0,0,0,0,0,0,0,0,0,0,0,0,0,0,0,1,1,1,0</arg>
		<arg name='calls'>13207271,12297661,13421175,10794264,9236129,12567444,12911314,13695058,12488088,9135528,8932155,13092785,13024940,12938898,9132189,0,0,0,12798832</arg>
	</msg>
	<msg id='46' display='false' source='tcet'>
		<type>HEARTBEAT</type>
		<severity>INFO</severity>
		<timestamp>Fri May 10 21:12:37 2024</timestamp>
		<arg name='tids'>15352,9928,14712,14708,13960,14720,14704,14776,11412,11452,13956,9912,9908,2060,3200,10864,14588,13728,13148</arg>
		<arg name='syscalls'>0,0,0,0,0,0,0,0,0,0,0,0,0,0,0,1,1,1,0</arg>
		<arg name='calls'>12812197,13786197,13364104,12224923,13654207,14092588,12512754,14310505,14041094,12180274,13525111,12327234,12731136,13020252,13505293,0,0,0,13661564</arg>
	</msg>
	<msg id='47' display='false' source='tcet'>
		<type>HEARTBEAT</type>
		<severity>INFO</severity>
		<timestamp>Fri May 10 21:12:38 2024</timestamp>
		<arg name='tids'>15352,9928,14712,14708,13960,14720,14704,14776,11412,11452,13956,9912,9908,2060,3200,10864,14588,13728,13148</arg>
		<arg name='syscalls'>0,0,0,0,0,0,0,0,0,0,0,0,0,0,0,1,1,1,0</arg>
		<arg name='calls'>14846981,14521585,27335431,13874506,14756069,14433620,14636697,29148765,14803172,13907207,28299295,13412963,14687898,14777660,14405991,0,0,0,14611933</arg>
	</msg>
	<msg id='48' display='false' source='tcet'>
		<type>HEARTBEAT</type>
		<severity>INFO</severity>
		<timestamp>Fri May 10 21:12:39 2024</timestamp>
		<arg name='tids'>15352,9928,14712,14708,13960,14720,14704,14776,11412,11452,13956,9912,9908,2060,3200,10864,14588,13728,13148</arg>
		<arg name='syscalls'>0,0,0,0,0,0,0,0,0,0,0,0,0,0,0,1,1,1,0</arg>
		<arg name='calls'>14915006,14697524,14357665,27446146,29555966,14967286,14773106,14761590,14643691,14286373,14811841,14277369,14869811,14421627,14725942,0,0,0,14834303</arg>
	</msg>
	<msg id='49' display='false' source='tcet'>
		<type>HEARTBEAT</type>
		<severity>INFO</severity>
		<timestamp>Fri May 10 21:12:40 2024</timestamp>
		<arg name='tids'>15352,9928,14712,14708,13960,14720,14704,14776,11412,11452,13956,9912,9908,2060,3200,10864,14588,13728,13148</arg>
		<arg name='syscalls'>0,0,0,0,0,0,0,0,0,0,0,0,0,0,0,1,1,1,0</arg>
		<arg name='calls'>14533221,14569697,13959658,13544683,14179202,14542165,14163578,14638270,14584060,13604572,14512504,13718957,14225862,14083217,14665629,0,0,0,29010562</arg>
	</msg>
	<msg id='50' display='false' source='tcet'>
		<type>HEARTBEAT</type>
		<severity>INFO</severity>
		<timestamp>Fri May 10 21:12:41 2024</timestamp>
		<arg name='tids'>15352,9928,14712,14708,13960,14720,14704,14776,11412,11452,13956,9912,9908,2060,3200,10864,14588,13728,13148</arg>
		<arg name='syscalls'>0,0,0,0,0,0,0,0,0,0,0,0,0,0,0,1,1,1,0</arg>
		<arg name='calls'>14717634,28826232,27660279,13876679,14443333,28897670,14525918,14322697,14531352,14074829,14136696,13748893,14583469,14457212,14271939,0,0,0,14728321</arg>
	</msg>
	<msg id='51' display='false' source='tcet'>
		<type>HEARTBEAT</type>
		<severity>INFO</severity>
		<timestamp>Fri May 10 21:12:42 2024</timestamp>
		<arg name='tids'>15352,9928,14712,14708,13960,14720,14704,14776,11412,11452,13956,9912,9908,2060,3200,10864,14588,13728,13148</arg>
		<arg name='syscalls'>0,0,0,0,0,0,0,0,0,0,0,0,0,0,0,1,1,1,0</arg>
		<arg name='calls'>14791342,14657958,13976393,13802525,14560044,14762732,14611384,13592918,14712345,13984200,14830799,13827254,14664281,14535319,14575260,0,0,0,29410827</arg>
	</msg>
	<msg id='52' display='false' source='tcet'>
		<type>HEARTBEAT</type>
		<severity>INFO</severity>
		<timestamp>Fri May 10 21:12:43 2024</timestamp>
		<arg name='tids'>15352,9928,14712,14708,13960,14720,14704,14776,11412,11452,13956,9912,9908,2060,3200,10864,14588,13728,13148</arg>
		<arg name='syscalls'>0,0,0,0,0,0,0,0,0,0,0,0,0,0,0,1,1,1,0</arg>
		<arg name='calls'>3107241,4231715,5161031,11496378,11439857,3665130,4125942,5774299,2334635,15636989,11348189,12155698,18020155,5274401,12674192,0,0,0,37957043</arg>
	</msg>
	<msg id='53' display='false' source='tcet'>
		<type>HEARTBEAT</type>
		<severity>INFO</severity>
		<timestamp>Fri May 10 21:12:44 2024</timestamp>
		<arg name='tids'>15352,9928,14712,14708,13960,14720,14704,14776,11412,11452,13956,9912,9908,2060,3200,10864,14588,13728,13148</arg>
		<arg name='syscalls'>0,0,0,0,0,0,0,0,0,0,0,0,0,0,0,1,1,1,0</arg>
		<arg name='calls'>8105057,7461475,7913660,7740668,7763658,8035550,7954335,7297706,10236345,7900929,19226387,7557576,7819122,7578967,7931253,0,0,0,7170462</arg>
	</msg>
	<msg id='54' display='false' source='tcet'>
		<type>HEARTBEAT</type>
		<severity>INFO</severity>
		<timestamp>Fri May 10 21:12:45 2024</timestamp>
		<arg name='tids'>15352,9928,14712,14708,13960,14720,14704,14776,11412,11452,13956,9912,9908,2060,3200,10864,14588,13728,13148</arg>
		<arg name='syscalls'>0,0,0,0,0,0,0,0,0,0,0,0,0,0,0,1,1,1,0</arg>
		<arg name='calls'>8021790,7918351,7785871,7930915,7587617,7898646,7878738,7415181,7953017,7934231,8005867,7548003,7845691,7834815,7987005,0,0,0,7518162</arg>
	</msg>
	<msg id='55' display='false' source='tcet'>
		<type>HEARTBEAT</type>
		<severity>INFO</severity>
		<timestamp>Fri May 10 21:12:46 2024</timestamp>
		<arg name='tids'>15352,9928,14712,14708,13960,14720,14704,14776,11412,11452,13956,9912,9908,2060,3200,10864,14588,13728,13148</arg>
		<arg name='syscalls'>1,1,1,1,1,1,1,1,1,1,1,1,1,1,1,1,1,1,0</arg>
		<arg name='calls'>7285293,7344588,7293187,7267925,6777336,7210798,7353612,6960209,7486951,7350662,7382500,6896485,7360678,7166558,7244930,0,0,0,4666935</arg>
	</msg>
	<msg id='56' display='false' source='tcet'>
		<type>HEARTBEAT</type>
		<severity>INFO</severity>
		<timestamp>Fri May 10 21:12:47 2024</timestamp>
		<arg name='tids'>15352,9928,14712,14708,13960,14720,14704,14776,11412,11452,13956,9912,9908,2060,3200,10864,14588,13728,13148</arg>
		<arg name='syscalls'>0,0,0,0,0,0,0,0,0,0,0,0,0,0,0,1,1,1,0</arg>
		<arg name='calls'>9295811,9387191,9758112,9037956,8899112,9718982,9355117,9757225,9770775,9516156,9164738,9150511,9184715,9316081,10041552,0,0,0,9406487</arg>
	</msg>
	<msg id='57' display='false' source='tcet'>
		<type>HEARTBEAT</type>
		<severity>INFO</severity>
		<timestamp>Fri May 10 21:12:48 2024</timestamp>
		<arg name='tids'>15352,9928,14712,14708,13960,14720,14704,14776,11412,11452,13956,9912,9908,2060,3200,10864,14588,13728,13148</arg>
		<arg name='syscalls'>0,0,0,0,0,0,0,0,0,0,0,0,0,0,0,1,1,1,0</arg>
		<arg name='calls'>14018432,12970014,14835271,13125695,22103847,14760374,14317477,23920561,14846737,14196851,13077965,14292726,14356809,13902444,14861225,0,0,0,23373341</arg>
	</msg>
	<msg id='58' display='false' source='tcet'>
		<type>HEARTBEAT</type>
		<severity>INFO</severity>
		<timestamp>Fri May 10 21:12:49 2024</timestamp>
		<arg name='tids'>15352,9928,14712,14708,13960,14720,14704,14776,11412,11452,13956,9912,9908,2060,3200,10864,14588,13728,13148</arg>
		<arg name='syscalls'>0,0,0,0,0,0,0,0,0,0,0,0,0,0,0,1,1,1,0</arg>
		<arg name='calls'>13716010,12564572,14516200,12486385,12919029,14445402,13666126,13308590,14230742,13478583,12544081,13937276,13617232,13088558,14182540,0,0,0,13440510</arg>
	</msg>
	<msg id='59' display='false' source='tcet'>
		<type>HEARTBEAT</type>
		<severity>INFO</severity>
		<timestamp>Fri May 10 21:12:50 2024</timestamp>
		<arg name='tids'>15352,9928,14712,14708,13960,14720,14704,14776,11412,11452,13956,9912,9908,2060,3200,10864,14588,13728,13148</arg>
		<arg name='syscalls'>0,0,0,0,0,0,0,0,0,0,0,0,0,0,0,1,1,1,0</arg>
		<arg name='calls'>14420933,11736954,14547885,12681879,11843721,14588309,14558530,14366053,14584589,14508567,12629335,14652103,28298616,13824323,28500602,0,0,0,14258847</arg>
	</msg>
	<msg id='60' display='false' source='tcet'>
		<type>HEARTBEAT</type>
		<severity>INFO</severity>
		<timestamp>Fri May 10 21:12:51 2024</timestamp>
		<arg name='tids'>15352,9928,14712,14708,13960,14720,14704,14776,11412,11452,13956,9912,9908,2060,3200,10864,14588,13728,13148</arg>
		<arg name='syscalls'>0,0,0,0,0,0,0,0,0,0,0,0,0,0,0,1,1,1,0</arg>
		<arg name='calls'>14486558,24360308,14897148,13071292,12761132,14716993,14513795,14518471,13540310,14764291,13453814,13618331,14376003,14723163,14127444,0,0,0,13922685</arg>
	</msg>
	<msg id='61' display='false' source='tcet'>
		<type>HEARTBEAT</type>
		<severity>INFO</severity>
		<timestamp>Fri May 10 21:12:52 2024</timestamp>
		<arg name='tids'>15352,9928,14712,14708,13960,14720,14704,14776,11412,11452,13956,9912,9908,2060,3200,10864,14588,13728,13148</arg>
		<arg name='syscalls'>0,0,0,0,0,0,0,0,0,0,0,0,0,0,0,1,1,1,0</arg>
		<arg name='calls'>14650742,14205985,14827053,14526542,26454707,14679241,14782983,14815017,14217225,14691052,14405668,14039778,14868988,14812599,14860268,0,0,0,14441044</arg>
	</msg>
	<msg id='62' display='false' source='tcet'>
		<type>HEARTBEAT</type>
		<severity>INFO</severity>
		<timestamp>Fri May 10 21:12:53 2024</timestamp>
		<arg name='tids'>15352,9928,14712,14708,13960,14720,14704,14776,11412,11452,13956,9912,9908,2060,3200,10864,14588,13728,13148</arg>
		<arg name='syscalls'>0,0,0,0,0,0,0,0,0,0,0,0,0,0,0,1,1,1,0</arg>
		<arg name='calls'>14732232,14099733,14742191,14767317,14099910,14791782,14877104,14941664,14145708,14898541,14579304,14151910,14897536,14904031,14576732,0,0,0,14707705</arg>
	</msg>
	<msg id='63' display='false' source='tcet'>
		<type>HEARTBEAT</type>
		<severity>INFO</severity>
		<timestamp>Fri May 10 21:12:54 2024</timestamp>
		<arg name='tids'>15352,9928,14712,14708,13960,14720,14704,14776,11412,11452,13956,9912,9908,2060,3200,10864,14588,13728,13148</arg>
		<arg name='syscalls'>0,0,0,0,0,0,0,0,0,0,0,0,0,0,0,1,1,1,0</arg>
		<arg name='calls'>14799242,13778607,14003070,14300113,13539939,14716847,14545028,14702432,14593363,14713194,14092049,14252710,14753982,14525278,14171582,0,0,0,14278356</arg>
	</msg>
	<msg id='64' display='false' source='tcet'>
		<type>HEARTBEAT</type>
		<severity>INFO</severity>
		<timestamp>Fri May 10 21:12:55 2024</timestamp>
		<arg name='tids'>15352,9928,14712,14708,13960,14720,14704,14776,11412,11452,13956,9912,9908,2060,3200,10864,14588,13728,13148</arg>
		<arg name='syscalls'>0,0,0,0,0,0,0,0,0,0,0,0,0,0,0,1,1,1,0</arg>
		<arg name='calls'>14838691,13860793,27299986,14429603,13606688,13665347,14498497,14570962,14844215,14381039,14066463,14052469,29118117,14822194,13917350,0,0,0,14092046</arg>
	</msg>
	<msg id='65' display='false' source='tcet'>
		<type>HEARTBEAT</type>
		<severity>INFO</severity>
		<timestamp>Fri May 10 21:12:56 2024</timestamp>
		<arg name='tids'>15352,9928,14712,14708,13960,14720,14704,14776,11412,11452,13956,9912,9908,2060,3200,10864,14588,13728,13148</arg>
		<arg name='syscalls'>0,0,0,0,0,0,0,0,0,0,0,0,0,0,0,1,1,1,0</arg>
		<arg name='calls'>5365775,14069253,4505674,12455971,13898457,3795835,4741508,5032835,5683236,5006029,12828998,11233995,4693521,6710846,4823778,0,0,0,11256032</arg>
	</msg>
	<msg id='66' display='false' source='tcet'>
		<type>HEARTBEAT</type>
		<severity>INFO</severity>
		<timestamp>Fri May 10 21:12:57 2024</timestamp>
		<arg name='tids'>15352,9928,14712,14708,13960,14720,14704,14776,11412,11452,13956,9912,9908,2060,3200,10864,14588,13728,13148</arg>
		<arg name='syscalls'>0,0,0,0,0,0,0,0,0,0,0,0,0,0,0,1,1,1,0</arg>
		<arg name='calls'>8135429,8145976,8067413,8069979,7773935,7976351,8125760,8117476,13797350,7919815,20591416,19012007,7413401,8112575,7757265,0,0,0,8123251</arg>
	</msg>
	<msg id='67' display='false' source='tcet'>
		<type>HEARTBEAT</type>
		<severity>INFO</severity>
		<timestamp>Fri May 10 21:12:58 2024</timestamp>
		<arg name='tids'>15352,9928,14712,14708,13960,14720,14704,14776,11412,11452,13956,9912,9908,2060,3200,10864,14588,13728,13148</arg>
		<arg name='syscalls'>0,0,0,0,0,0,0,0,0,0,0,0,0,0,0,1,1,1,0</arg>
		<arg name='calls'>7694110,7511002,7594210,7254571,7389588,7525700,7560169,7579188,7570047,7585557,7609640,7606948,7504817,7571807,7643197,0,0,0,7542691</arg>
	</msg>
	<msg id='68' display='false' source='tcet'>
		<type>HEARTBEAT</type>
		<severity>INFO</severity>
		<timestamp>Fri May 10 21:12:59 2024</timestamp>
		<arg name='tids'>15352,9928,14712,14708,13960,14720,14704,14776,11412,11452,13956,9912,9908,2060,3200,10864,14588,13728,13148</arg>
		<arg name='syscalls'>0,0,0,0,0,0,0,0,0,0,0,0,0,0,0,1,1,1,0</arg>
		<arg name='calls'>14246663,13905256,14267991,13605660,13576527,14342372,13967630,14232537,21908952,13268058,14309758,13934934,14381363,14351534,14375653,0,0,0,13531751</arg>
	</msg>
	<msg id='69' display='false' source='tcet'>
		<type>HEARTBEAT</type>
		<severity>INFO</severity>
		<timestamp>Fri May 10 21:13:00 2024</timestamp>
		<arg name='tids'>15352,9928,14712,14708,13960,14720,14704,14776,11412,11452,13956,9912,9908,2060,3200,10864,14588,13728,13148</arg>
		<arg name='syscalls'>0,0,0,0,0,0,0,0,0,0,0,0,0,0,0,1,1,1,0</arg>
		<arg name='calls'>15018231,14105170,15066640,14396540,14286673,15166756,14718528,14554738,15041925,13874457,15061203,14440734,14910575,29443741,15008572,0,0,0,14616870</arg>
	</msg>
	<msg id='70' display='false' source='tcet'>
		<type>HEARTBEAT</type>
		<severity>INFO</severity>
		<timestamp>Fri May 10 21:13:01 2024</timestamp>
		<arg name='tids'>15352,9928,14712,14708,13960,14720,14704,14776,11412,11452,13956,9912,9908,2060,3200,10864,14588,13728,13148</arg>
		<arg name='syscalls'>0,0,0,0,0,0,0,0,0,0,0,0,0,0,0,1,1,1,0</arg>
		<arg name='calls'>14938967,14023197,14969136,28571555,13969260,15029632,14628260,14688963,14887289,14158986,29853517,14809505,14876972,14881095,14944719,0,0,0,28909646</arg>
	</msg>
	<msg id='71' display='false' source='tcet'>
		<type>HEARTBEAT</type>
		<severity>INFO</severity>
		<timestamp>Fri May 10 21:13:02 2024</timestamp>
		<arg name='tids'>15352,9928,14712,14708,13960,14720,14704,14776,11412,11452,13956,9912,9908,2060,3200,10864,14588,13728,13148</arg>
		<arg name='syscalls'>0,0,0,0,0,0,0,0,0,0,0,0,0,0,0,1,1,1,0</arg>
		<arg name='calls'>14370686,14248375,14933168,13872696,13915119,14895192,14620929,14392074,14762644,14054790,14514683,28736870,14690693,14792757,14913372,0,0,0,14889476</arg>
	</msg>
	<msg id='72' display='false' source='tcet'>
		<type>HEARTBEAT</type>
		<severity>INFO</severity>
		<timestamp>Fri May 10 21:13:03 2024</timestamp>
		<arg name='tids'>15352,9928,14712,14708,13960,14720,14704,14776,11412,11452,13956,9912,9908,2060,3200,10864,14588,13728,13148</arg>
		<arg name='syscalls'>0,0,0,0,0,0,0,0,0,0,0,0,0,0,0,1,1,1,0</arg>
		<arg name='calls'>14546766,14674265,14477155,14203957,14259905,14993775,14328950,14694972,29204834,13703431,14389308,13765333,14453769,14998417,14914005,0,0,0,29553016</arg>
	</msg>
	<msg id='73' display='false' source='tcet'>
		<type>HEARTBEAT</type>
		<severity>INFO</severity>
		<timestamp>Fri May 10 21:13:04 2024</timestamp>
		<arg name='tids'>15352,9928,14712,14708,13960,14720,14704,14776,11412,11452,13956,9912,9908,2060,3200,10864,14588,13728,13148</arg>
		<arg name='syscalls'>0,0,0,0,0,0,0,0,0,0,0,0,0,0,0,1,1,1,0</arg>
		<arg name='calls'>14987265,14730848,29426389,14687417,14090788,15083120,14792139,14925303,14844289,14211241,14754823,14076789,14777362,15095010,15115646,0,0,0,14720887</arg>
	</msg>
	<msg id='74' display='false' source='tcet'>
		<type>HEARTBEAT</type>
		<severity>INFO</severity>
		<timestamp>Fri May 10 21:13:05 2024</timestamp>
		<arg name='tids'>15352,9928,14712,14708,13960,14720,14704,14776,11412,11452,13956,9912,9908,2060,3200,10864,14588,13728,13148</arg>
		<arg name='syscalls'>0,0,0,0,0,0,0,0,0,0,0,0,0,0,0,1,1,1,0</arg>
		<arg name='calls'>15319101,12955729,14656953,14274844,14965651,15349080,15110315,14884796,13244472,14103988,14853479,14497649,13578184,15360564,15298101,0,0,0,14885198</arg>
	</msg>
	<msg id='75' display='false' source='tcet'>
		<type>HEARTBEAT</type>
		<severity>INFO</severity>
		<timestamp>Fri May 10 21:13:06 2024</timestamp>
		<arg name='tids'>15352,9928,14712,14708,13960,14720,14704,14776,11412,11452,13956,9912,9908,2060,3200,10864,14588,13728,13148</arg>
		<arg name='syscalls'>0,0,0,0,0,0,0,0,0,0,0,0,0,0,0,1,1,1,0</arg>
		<arg name='calls'>15029097,14926847,15041932,14311068,14870517,15064168,14589302,14743349,14989492,14278715,15024166,14544324,14311326,15027854,15162865,0,0,0,14689524</arg>
	</msg>
	<msg id='76' display='false' source='tcet'>
		<type>HEARTBEAT</type>
		<severity>INFO</severity>
		<timestamp>Fri May 10 21:13:07 2024</timestamp>
		<arg name='tids'>15352,9928,14712,14708,13960,14720,14704,14776,11412,11452,13956,9912,9908,2060,3200,10864,14588,13728,13148</arg>
		<arg name='syscalls'>0,0,0,0,0,0,0,0,0,0,0,0,0,0,0,1,1,1,0</arg>
		<arg name='calls'>8617021,14333110,8527930,13665968,14109008,6753826,11069051,12689496,11300197,14321241,9517896,13612855,12453627,22260777,7012946,0,0,0,12265613</arg>
	</msg>
	<msg id='77' display='false' source='tcet'>
		<type>HEARTBEAT</type>
		<severity>INFO</severity>
		<timestamp>Fri May 10 21:13:08 2024</timestamp>
		<arg name='tids'>15352,9928,14712,14708,13960,14720,14704,14776,11412,11452,13956,9912,9908,2060,3200,10864,14588,13728,13148</arg>
		<arg name='syscalls'>0,0,0,0,0,0,0,0,0,0,0,0,0,0,0,1,1,1,0</arg>
		<arg name='calls'>6959748,5881275,6967702,5366342,5439383,5907616,5707003,7686893,6877528,7751022,7545216,7432907,6919204,5554293,5939312,0,0,0,5367705</arg>
	</msg>
	<msg id='78' display='false' source='tcet'>
		<type>HEARTBEAT</type>
		<severity>INFO</severity>
		<timestamp>Fri May 10 21:13:09 2024</timestamp>
		<arg name='tids'>15352,9928,14712,14708,13960,14720,14704,14776,11412,11452,13956,9912,9908,2060,3200,10864,14588,13728,13148</arg>
		<arg name='syscalls'>0,0,0,0,0,0,0,0,0,0,0,0,0,0,0,1,1,1,0</arg>
		<arg name='calls'>7802280,7335650,7556316,5122267,6612840,7252003,7656398,7745914,7693438,7643872,7861048,6346024,7463768,5614417,7641835,0,0,0,5531235</arg>
	</msg>
	<msg id='79' display='false' source='tcet'>
		<type>HEARTBEAT</type>
		<severity>INFO</severity>
		<timestamp>Fri May 10 21:13:10 2024</timestamp>
		<arg name='tids'>15352,9928,14712,14708,13960,14720,14704,14776,11412,11452,13956,9912,9908,2060,3200,10864,14588,13728,13148</arg>
		<arg name='syscalls'>1,1,1,0,0,0,1,0,1,1,1,1,1,0,1,1,1,1,0</arg>
		<arg name='calls'>5323904,7727868,5466583,7946341,8702207,9426877,7580980,8551510,5300551,4993384,4047980,6924150,5663074,8067528,7283993,0,0,0,8034003</arg>
	</msg>
	<msg id='80' display='false' source='tcet'>
		<type>HEARTBEAT</type>
		<severity>INFO</severity>
		<timestamp>Fri May 10 21:13:11 2024</timestamp>
		<arg name='tids'>15352,9928,14712,14708,13960,14720,14704,14776,11412,11452,13956,9912,9908,2060,3200,10864,14588,13728,13148</arg>
		<arg name='syscalls'>0,0,0,0,0,0,0,0,0,0,0,0,0,0,0,1,1,1,0</arg>
		<arg name='calls'>13997341,12667751,13904593,10170215,18115187,23158455,13425819,14051228,13834284,11377567,12962516,9089317,9790734,13462154,12815631,0,0,0,13010238</arg>
	</msg>
	<msg id='81' display='false' source='tcet'>
		<type>HEARTBEAT</type>
		<severity>INFO</severity>
		<timestamp>Fri May 10 21:13:12 2024</timestamp>
		<arg name='tids'>15352,9928,14712,14708,13960,14720,14704,14776,11412,11452,13956,9912,9908,2060,3200,10864,14588,13728,13148</arg>
		<arg name='syscalls'>0,0,0,0,0,0,0,0,0,0,0,0,0,0,0,1,1,1,0</arg>
		<arg name='calls'>13367494,12290466,13429396,11299362,10340112,11966330,12298451,12966615,13514526,12776152,10147806,10309069,9986269,13397973,12536895,0,0,0,11971095</arg>
	</msg>
	<msg id='82' display='false' source='tcet'>
		<type>HEARTBEAT</type>
		<severity>INFO</severity>
		<timestamp>Fri May 10 21:13:13 2024</timestamp>
		<arg name='tids'>15352,9928,14712,14708,13960,14720,14704,14776,11412,11452,13956,9912,9908,2060,3200,10864,14588,13728,13148</arg>
		<arg name='syscalls'>0,0,0,0,0,0,0,0,0,0,0,0,0,0,0,1,1,1,0</arg>
		<arg name='calls'>14089683,14195155,27372960,13275166,8930016,13820311,13592481,13648870,13726884,14201343,8506790,8242537,8891223,14197603,14324004,0,0,0,13719519</arg>
	</msg>
	<msg id='83' display='false' source='tcet'>
		<type>HEARTBEAT</type>
		<severity>INFO</severity>
		<timestamp>Fri May 10 21:13:14 2024</timestamp>
		<arg name='tids'>15352,9928,14712,14708,13960,14720,14704,14776,11412,11452,13956,9912,9908,2060,3200,10864,14588,13728,13148</arg>
		<arg name='syscalls'>0,0,0,0,0,0,0,0,0,0,0,0,0,0,0,1,1,1,0</arg>
		<arg name='calls'>13800945,14632491,13405911,14166682,12482324,13810371,14032505,13202727,13854589,14405529,11947673,12508154,12275492,14417249,14502853,0,0,0,13545665</arg>
	</msg>
	<msg id='84' display='false' source='tcet'>
		<type>HEARTBEAT</type>
		<severity>INFO</severity>
		<timestamp>Fri May 10 21:13:15 2024</timestamp>
		<arg name='tids'>15352,9928,14712,14708,13960,14720,14704,14776,11412,11452,13956,9912,9908,2060,3200,10864,14588,13728,13148</arg>
		<arg name='syscalls'>0,0,0,0,0,0,0,0,0,0,0,0,0,0,0,1,1,1,0</arg>
		<arg name='calls'>13240919,14403701,13267365,11187134,12575006,12636594,12607072,13175358,13241963,14033877,10969116,11081761,10132690,13740875,14276756,0,0,0,12801143</arg>
	</msg>
	<msg id='85' display='false' source='tcet'>
		<type>HEARTBEAT</type>
		<severity>INFO</severity>
		<timestamp>Fri May 10 21:13:16 2024</timestamp>
		<arg name='tids'>15352,9928,14712,14708,13960,14720,14704,14776,11412,11452,13956,9912,9908,2060,3200,10864,14588,13728,13148</arg>
		<arg name='syscalls'>0,0,0,0,0,0,0,0,0,0,0,0,0,0,0,1,1,1,0</arg>
		<arg name='calls'>13893837,13947236,27043998,10269419,24015420,13240019,13305844,13178405,13055248,14098819,10456737,11729454,10505617,14079718,13977990,0,0,0,13088563</arg>
	</msg>
	<msg id='86' display='false' source='tcet'>
		<type>HEARTBEAT</type>
		<severity>INFO</severity>
		<timestamp>Fri May 10 21:13:17 2024</timestamp>
		<arg name='tids'>15352,9928,14712,14708,13960,14720,14704,14776,11412,11452,13956,9912,9908,2060,3200,10864,14588,13728,13148</arg>
		<arg name='syscalls'>0,0,0,0,0,0,0,0,0,0,0,0,0,0,0,1,1,1,0</arg>
		<arg name='calls'>14868543,14508326,14538265,13061422,13253430,14303341,14213377,14757032,14788422,14466878,13402638,14097880,13405747,14485284,14721778,0,0,0,14009039</arg>
	</msg>
	<msg id='87' display='false' source='tcet'>
		<type>HEARTBEAT</type>
		<severity>INFO</severity>
		<timestamp>Fri May 10 21:13:18 2024</timestamp>
		<arg name='tids'>15352,9928,14712,14708,13960,14720,14704,14776,11412,11452,13956,9912,9908,2060,3200,10864,14588,13728,13148</arg>
		<arg name='syscalls'>0,0,0,0,0,0,0,0,0,0,0,0,0,0,0,1,1,1,0</arg>
		<arg name='calls'>29619321,13766582,13612968,11688152,11659033,14305362,14429429,14911805,14411076,13169568,11568677,14390086,11678470,13288370,13681286,0,0,0,14125426</arg>
	</msg>
	<msg id='88' display='false' source='tcet'>
		<type>HEARTBEAT</type>
		<severity>INFO</severity>
		<timestamp>Fri May 10 21:13:19 2024</timestamp>
		<arg name='tids'>15352,9928,14712,14708,13960,14720,14704,14776,11412,11452,13956,9912,9908,2060,3200,10864,14588,13728,13148</arg>
		<arg name='syscalls'>0,0,0,0,0,0,0,0,0,0,0,0,0,0,0,1,1,1,0</arg>
		<arg name='calls'>13255039,14574103,14149100,9737488,10175408,27176965,14092113,14862736,14821146,9782516,14832685,13837297,10146386,14349000,14335046,0,0,0,27637990</arg>
	</msg>
	<msg id='89' display='false' source='tcet'>
		<type>HEARTBEAT</type>
		<severity>INFO</severity>
		<timestamp>Fri May 10 21:13:20 2024</timestamp>
		<arg name='tids'>15352,9928,14712,14708,13960,14720,14704,14776,11412,11452,13956,9912,9908,2060,3200,10864,14588,13728,13148</arg>
		<arg name='syscalls'>1,1,1,0,0,1,1,1,1,1,0,0,0,1,1,1,1,1,1</arg>
		<arg name='calls'>329303,1225707,2336331,17585480,27311850,7236848,5012744,4934311,722963,9718870,18892863,18316088,17604036,829055,838888,0,0,0,7774253</arg>
	</msg>
	<msg id='90' display='false' source='tcet'>
		<type>HEARTBEAT</type>
		<severity>INFO</severity>
		<timestamp>Fri May 10 21:13:21 2024</timestamp>
		<arg name='tids'>15352,9928,14712,14708,13960,14720,14704,14776,11412,11452,13956,9912,9908,2060,3200,10864,14588,13728,13148</arg>
		<arg name='syscalls'>0,0,0,0,0,0,0,0,0,0,0,0,0,0,0,1,1,1,0</arg>
		<arg name='calls'>4199099,4246725,3787270,9793976,13264362,4212636,4189548,4950468,4348261,4256054,8851035,8867677,15010919,4244907,3772715,0,0,0,4296067</arg>
	</msg>
	<msg id='91' display='false' source='tcet'>
		<type>HEARTBEAT</type>
		<severity>INFO</severity>
		<timestamp>Fri May 10 21:13:22 2024</timestamp>
		<arg name='tids'>15352,9928,14712,14708,13960,14720,14704,14776,11412,11452,13956,9912,9908,2060,3200,10864,14588,13728,13148</arg>
		<arg name='syscalls'>0,0,0,0,0,0,0,0,0,0,0,0,0,0,0,1,1,1,0</arg>
		<arg name='calls'>7674203,7763956,7109585,6851246,7690029,7621057,7586196,6982257,7809975,7605149,7926317,7700205,7689080,7710651,7042058,0,0,0,7598445</arg>
	</msg>
	<msg id='92' display='false' source='tcet'>
		<type>HEARTBEAT</type>
		<severity>INFO</severity>
		<timestamp>Fri May 10 21:13:23 2024</timestamp>
		<arg name='tids'>15352,9928,14712,14708,13960,14720,14704,14776,11412,11452,13956,9912,9908,2060,3200,10864,14588,13728,13148</arg>
		<arg name='syscalls'>0,0,0,0,0,0,0,0,0,0,0,0,0,0,0,1,1,1,0</arg>
		<arg name='calls'>7260688,6402959,5370469,5057999,7322570,7287898,14937273,5147905,6585467,7028479,6531601,7275509,7349697,7088149,4999495,0,0,0,6667209</arg>
	</msg>
	<msg id='93' display='false' source='tcet'>
		<type>HEARTBEAT</type>
		<severity>INFO</severity>
		<timestamp>Fri May 10 21:13:24 2024</timestamp>
		<arg name='tids'>15352,9928,14712,14708,13960,14720,14704,14776,11412,11452,13956,9912,9908,2060,3200,10864,14588,13728,13148</arg>
		<arg name='syscalls'>0,0,0,0,0,0,0,0,0,0,0,0,0,0,0,1,1,1,0</arg>
		<arg name='calls'>8718644,10690847,12458435,11404711,8635773,7760762,9040232,11327217,10023240,9961148,9384659,8964058,8032137,9292373,12245136,0,0,0,10344133</arg>
	</msg>
	<msg id='94' display='false' source='tcet'>
		<type>HEARTBEAT</type>
		<severity>INFO</severity>
		<timestamp>Fri May 10 21:13:25 2024</timestamp>
		<arg name='tids'>15352,9928,14712,14708,13960,14720,14704,14776,11412,11452,13956,9912,9908,2060,3200,10864,14588,13728,13148</arg>
		<arg name='syscalls'>0,0,0,0,0,0,0,0,0,0,0,0,0,0,0,1,1,1,0</arg>
		<arg name='calls'>13922375,14905235,13792984,14186388,14823991,14873723,14415900,15000581,14907512,14902085,14660028,13633743,14915015,23773582,14499154,0,0,0,14516145</arg>
	</msg>
	<msg id='95' display='false' source='tcet'>
		<type>HEARTBEAT</type>
		<severity>INFO</severity>
		<timestamp>Fri May 10 21:13:26 2024</timestamp>
		<arg name='tids'>15352,9928,14712,14708,13960,14720,14704,14776,11412,11452,13956,9912,9908,2060,3200,10864,14588,13728,13148</arg>
		<arg name='syscalls'>0,0,0,0,0,0,0,0,0,0,0,0,0,0,0,1,1,1,0</arg>
		<arg name='calls'>13599844,14759649,14010822,14301926,14710527,14988149,28934323,14802179,14848531,14812062,14733634,13889307,14942633,14738502,14791739,0,0,0,14494400</arg>
	</msg>
	<msg id='96' display='false' source='tcet'>
		<type>HEARTBEAT</type>
		<severity>INFO</severity>
		<timestamp>Fri May 10 21:13:27 2024</timestamp>
		<arg name='tids'>15352,9928,14712,14708,13960,14720,14704,14776,11412,11452,13956,9912,9908,2060,3200,10864,14588,13728,13148</arg>
		<arg name='syscalls'>0,0,0,0,0,0,0,0,0,0,0,0,0,0,0,1,1,1,0</arg>
		<arg name='calls'>14224063,14883540,13991326,14014043,14825274,15075932,14785297,15055418,14901825,14925772,14987738,14002618,15009983,15047580,14580030,0,0,0,14821635</arg>
	</msg>
	<msg id='97' display='false' source='tcet'>
		<type>HEARTBEAT</type>
		<severity>INFO</severity>
		<timestamp>Fri May 10 21:13:28 2024</timestamp>
		<arg name='tids'>15352,9928,14712,14708,13960,14720,14704,14776,11412,11452,13956,9912,9908,2060,3200,13148</arg>
		<arg name='syscalls'>0,0,0,0,0,0,0,0,0,0,0,0,0,0,0,0</arg>
		<arg name='calls'>14431076,15038570,14034004,13718755,13501496,30163294,13597382,14706937,14857952,15005098,15004372,14384374,14989117,14866578,13278547,13645007</arg>
	</msg>
	<msg id='98' display='false' source='tcet'>
		<type>HEARTBEAT</type>
		<severity>INFO</severity>
		<timestamp>Fri May 10 21:13:29 2024</timestamp>
		<arg name='tids'>15352,9928,14712,14708,13960,14720,14704,14776,11412,11452,13956,9912,9908,2060,3200,13148</arg>
		<arg name='syscalls'>0,0,0,0,0,0,0,0,0,0,0,0,0,0,0,0</arg>
		<arg name='calls'>14434654,15142828,14569682,14007676,11182890,45299122,11829045,29876007,14940493,14939689,15000252,14325410,15045608,15169805,10808560,10902554</arg>
	</msg>
	<msg id='99' display='false' source='tcet'>
		<type>HEARTBEAT</type>
		<severity>INFO</severity>
		<timestamp>Fri May 10 21:13:30 2024</timestamp>
		<arg name='tids'>15352,9928,14712,14708,13960,14720,14704,14776,11412,11452,13956,9912,9908,2060,3200,13148</arg>
		<arg name='syscalls'>0,0,0,0,0,0,0,0,0,0,0,0,0,0,0,0</arg>
		<arg name='calls'>13324608,14416256,13185662,13538582,13904596,14332270,13074951,14374193,14173472,14533979,14558737,13358448,13967233,13994152,12827944,12657533</arg>
	</msg>
	<msg id='100' display='false' source='tcet'>
		<type>HEARTBEAT</type>
		<severity>INFO</severity>
		<timestamp>Fri May 10 21:13:31 2024</timestamp>
		<arg name='tids'>15352,9928,14712,14708,13960,14720,14704,14776,11412,11452,13956,9912,9908,2060,3200,13148</arg>
		<arg name='syscalls'>0,0,0,0,0,0,0,0,0,0,0,0,0,0,0,0</arg>
		<arg name='calls'>14256661,14758562,14023826,13575416,14703109,14962333,14282866,14828467,14572037,14868892,14773060,14088630,14041298,15060705,14919481,14392827</arg>
	</msg>
	<msg id='101' display='false' source='tcet'>
		<type>HEARTBEAT</type>
		<severity>INFO</severity>
		<timestamp>Fri May 10 21:13:32 2024</timestamp>
		<arg name='tids'>15352,9928,14712,14708,13960,14720,14704,14776,11412,11452,13956,9912,9908,2060,3200,13148</arg>
		<arg name='syscalls'>0,1,0,0,0,0,0,0,0,0,0,0,0,0,0,0</arg>
		<arg name='calls'>14634779,13073292,13817238,13680510,14502172,13710255,14558856,13710779,13563037,12972966,28048347,14334629,13568938,13637859,14828030,14536996</arg>
	</msg>
	<msg id='102' display='false' source='tcet'>
		<type>HEARTBEAT</type>
		<severity>INFO</severity>
		<timestamp>Fri May 10 21:13:33 2024</timestamp>
		<arg name='tids'>15352,9928,14712,14708,13960,14720,14704,14776,11412,11452,13956,9912,9908,2060,3200,13148</arg>
		<arg name='syscalls'>0,0,0,0,0,0,0,0,0,0,0,0,0,0,0,0</arg>
		<arg name='calls'>10276185,4655286,24722721,11267637,10623949,5637827,10607941,6709196,5222920,4501090,4906958,10922402,8079121,5302999,10495893,10987792</arg>
	</msg>
	<msg id='103' display='false' source='tcet'>
		<type>HEARTBEAT</type>
		<severity>INFO</severity>
		<timestamp>Fri May 10 21:13:34 2024</timestamp>
		<arg name='tids'>15352,9928,14712,14708,13960,14720,14704,14776,11412,11452,13956,9912,9908,2060,3200,13148</arg>
		<arg name='syscalls'>0,0,0,0,0,0,0,0,0,0,0,0,0,0,0,0</arg>
		<arg name='calls'>7968599,7572393,7491429,7102036,7444830,7402593,7034550,7719918,7776228,7312134,7701793,7659695,7905705,7573475,7080596,7007190</arg>
	</msg>
	<msg id='104' display='false' source='tcet'>
		<type>HEARTBEAT</type>
		<severity>INFO</severity>
		<timestamp>Fri May 10 21:13:35 2024</timestamp>
		<arg name='tids'>15352,9928,14712,14708,13960,14720,14704,14776,11412,11452,13956,9912,9908,2060,3200,13148</arg>
		<arg name='syscalls'>0,0,0,0,0,0,0,0,0,0,0,0,1,0,0,0</arg>
		<arg name='calls'>7947390,7819845,7365076,6833111,7626630,7409254,6902326,7782719,8044464,7558463,7754514,7897752,7824168,7875514,7132325,7130169</arg>
	</msg>
	<msg id='105' display='false' source='tcet'>
		<type>HEARTBEAT</type>
		<severity>INFO</severity>
		<timestamp>Fri May 10 21:13:36 2024</timestamp>
		<arg name='tids'>15352,9928,14712,14708,13960,14720,14704,14776,11412,11452,13956,9912,9908,2060,3200,13148</arg>
		<arg name='syscalls'>0,0,0,0,0,0,0,0,0,0,0,0,0,0,0,0</arg>
		<arg name='calls'>14159335,13796792,14714671,14296626,14780260,14772762,14167688,14105389,14062979,14524489,14625729,13527640,13371938,14020663,14699341,14332788</arg>
	</msg>
	<msg id='106' display='false' source='tcet'>
		<type>HEARTBEAT</type>
		<severity>INFO</severity>
		<timestamp>Fri May 10 21:13:37 2024</timestamp>
		<arg name='tids'>15352,9928,14712,14708,13960,14720,14704,14776,11412,11452,13956,9912,9908,2060,3200,13148</arg>
		<arg name='syscalls'>0,0,0,0,0,0,0,0,0,0,0,0,0,0,0,0</arg>
		<arg name='calls'>15022035,14166010,15050503,14377031,14995797,14940716,14534101,14986110,14683846,14672972,14969380,14277009,13767353,28508707,15003161,28948875</arg>
	</msg>
	<msg id='107' display='false' source='tcet'>
		<type>HEARTBEAT</type>
		<severity>INFO</severity>
		<timestamp>Fri May 10 21:13:38 2024</timestamp>
		<arg name='tids'>15352,9928,14712,14708,13960,14720,14704,14776,11412,11452,13956,9912,9908,2060,3200,13148</arg>
		<arg name='syscalls'>0,0,0,0,0,0,0,0,0,0,0,0,0,0,0,0</arg>
		<arg name='calls'>15035955,14309614,15015247,13881057,15063960,15117322,14663469,15006615,15020229,14668081,15135157,14345387,14032381,43128298,30045192,14825322</arg>
	</msg>
	<msg id='108' display='false' source='tcet'>
		<type>HEARTBEAT</type>
		<severity>INFO</severity>
		<timestamp>Fri May 10 21:13:39 2024</timestamp>
		<arg name='tids'>15352,9928,14712,14708,13960,14720,14704,14776,11412,11452,13956,9912,9908,2060,3200,13148</arg>
		<arg name='syscalls'>0,0,0,0,0,0,0,0,0,0,0,0,0,0,0,0</arg>
		<arg name='calls'>14982904,14062715,14766066,14038824,14143354,14758822,29338301,14924867,14922085,14736849,14840008,13694931,13868925,14660880,14666087,14848222</arg>
	</msg>
	<msg id='109' display='false' source='tcet'>
		<type>HEARTBEAT</type>
		<severity>INFO</severity>
		<timestamp>Fri May 10 21:13:40 2024</timestamp>
		<arg name='tids'>15352,9928,14712,14708,13960,14720,14704,14776,11412,11452,13956,9912,9908,2060,3200,13148</arg>
		<arg name='syscalls'>0,0,0,0,0,0,0,0,0,0,0,0,0,0,0,0</arg>
		<arg name='calls'>14940465,14144521,14792495,14233839,14161299,14777770,14366590,14872774,14889409,29622187,14711267,13694336,14573541,14675789,14854347,14666213</arg>
	</msg>
	<msg id='110' display='false' source='tcet'>
		<type>HEARTBEAT</type>
		<severity>INFO</severity>
		<timestamp>Fri May 10 21:13:41 2024</timestamp>
		<arg name='tids'>15352,9928,14712,14708,13960,14720,14704,14776,11412,11452,13956,9912,9908,2060,3200,13148</arg>
		<arg name='syscalls'>0,0,0,0,0,0,0,0,0,0,0,0,0,0,0,0</arg>
		<arg name='calls'>14702984,13691273,14762317,13924284,14174423,14871630,14726894,29931082,15010834,44428764,14962580,13744729,14515529,14522112,14583845,14862052</arg>
	</msg>
	<msg id='111' display='false' source='tcet'>
		<type>HEARTBEAT</type>
		<severity>INFO</severity>
		<timestamp>Fri May 10 21:13:42 2024</timestamp>
		<arg name='tids'>15352,9928,14712,14708,13960,14720,14704,14776,11412,11452,13956,9912,9908,2060,3200,13148</arg>
		<arg name='syscalls'>0,0,0,0,0,0,0,0,0,0,0,0,0,0,0,0</arg>
		<arg name='calls'>14980597,13205613,14119576,13855836,13860393,14146848,14438127,15019736,14981545,14641054,14509158,13151643,28936074,14271246,14325791,14344823</arg>
	</msg>
	<msg id='112' display='false' source='tcet'>
		<type>HEARTBEAT</type>
		<severity>INFO</severity>
		<timestamp>Fri May 10 21:13:43 2024</timestamp>
		<arg name='tids'>15352,9928,14712,14708,13960,14720,14704,14776,11412,11452,13956,9912,9908,2060,3200,13148</arg>
		<arg name='syscalls'>0,0,0,0,0,0,0,0,0,0,0,0,0,0,0,0</arg>
		<arg name='calls'>14753074,14157741,14575765,13706193,13770402,28771219,14559652,14806384,14931851,14776333,14718527,27178086,14503383,14641350,28810848,14438078</arg>
	</msg>
	<msg id='113' display='false' source='tcet'>
		<type>HEARTBEAT</type>
		<severity>INFO</severity>
		<timestamp>Fri May 10 21:13:44 2024</timestamp>
		<arg name='tids'>15352,9928,14712,14708,13960,14720,14704,14776,11412,11452,13956,9912,9908,2060,3200,13148</arg>
		<arg name='syscalls'>1,0,1,0,0,1,1,0,1,1,1,0,0,1,1,0</arg>
		<arg name='calls'>7786703,15079273,9716881,14501651,13617426,9435917,11706868,11678431,7824534,9836794,8426241,42386384,14527130,12010948,9677491,13461342</arg>
	</msg>
	<msg id='114' display='false' source='tcet'>
		<type>HEARTBEAT</type>
		<severity>INFO</severity>
		<timestamp>Fri May 10 21:13:45 2024</timestamp>
		<arg name='tids'>15352,9928,14712,14708,13960,14720,14704,14776,11412,11452,13956,9912,9908,2060,3200,13148</arg>
		<arg name='syscalls'>0,0,0,0,0,0,0,0,0,0,0,0,0,0,0,0</arg>
		<arg name='calls'>7782943,8089687,7611537,7623292,7642681,7896754,7910124,8067807,7348527,7910151,7819138,8033955,22383620,7921680,7749276,8007750</arg>
	</msg>
	<msg id='115' display='false' source='tcet'>
		<type>HEARTBEAT</type>
		<severity>INFO</severity>
		<timestamp>Fri May 10 21:13:46 2024</timestamp>
		<arg name='tids'>15352,9928,14712,14708,13960,14720,14704,14776,11412,11452,13956,9912,9908,2060,3200,13148</arg>
		<arg name='syscalls'>0,0,0,0,0,0,0,0,0,0,0,0,0,0,0,0</arg>
		<arg name='calls'>7931769,8019663,7507734,7544548,7600694,8005396,7990708,7944599,8021205,8001978,7914745,15754484,7891976,7959320,7757268,8030521</arg>
	</msg>
	<msg id='116' display='false' source='tcet'>
		<type>HEARTBEAT</type>
		<severity>INFO</severity>
		<timestamp>Fri May 10 21:13:47 2024</timestamp>
		<arg name='tids'>15352,9928,14712,14708,13960,14720,14704,14776,11412,11452,13956,9912,9908,2060,3200,13148</arg>
		<arg name='syscalls'>0,0,0,0,0,0,0,0,0,0,0,0,0,0,0,0</arg>
		<arg name='calls'>11509026,11099109,11155234,11017122,11249893,11511202,19705269,11677357,11624994,11641320,11594692,27067851,11530358,11381226,11706228,11492985</arg>
	</msg>
	<msg id='117' display='false' source='tcet'>
		<type>HEARTBEAT</type>
		<severity>INFO</severity>
		<timestamp>Fri May 10 21:13:48 2024</timestamp>
		<arg name='tids'>15352,9928,14712,14708,13960,14720,14704,14776,11412,11452,13956,9912,9908,2060,3200,13148</arg>
		<arg name='syscalls'>0,0,0,0,0,0,0,0,0,0,0,0,0,0,0,0</arg>
		<arg name='calls'>14234889,13916529,14913895,14380646,14915271,14856322,14798313,14904202,14854311,14970984,14979221,41382764,14773721,13553941,14797083,14518237</arg>
	</msg>
	<msg id='118' display='false' source='tcet'>
		<type>HEARTBEAT</type>
		<severity>INFO</severity>
		<timestamp>Fri May 10 21:13:49 2024</timestamp>
		<arg name='tids'>15352,9928,14712,14708,13960,14720,14704,14776,11412,11452,13956,9912,9908,2060,3200,13148</arg>
		<arg name='syscalls'>0,0,0,0,0,0,0,0,0,0,0,0,0,0,0,0</arg>
		<arg name='calls'>28213763,14155277,29987655,28458713,15039847,14795188,14891467,15005937,14969232,29936407,14982142,14718718,14673600,14529771,29833585,14693305</arg>
	</msg>
	<msg id='119' display='false' source='tcet'>
		<type>HEARTBEAT</type>
		<severity>INFO</severity>
		<timestamp>Fri May 10 21:13:50 2024</timestamp>
		<arg name='tids'>15352,9928,14712,14708,13960,14720,14704,14776,11412,11452,13956,9912,9908,2060,3200,13148</arg>
		<arg name='syscalls'>0,0,0,0,0,0,0,0,0,0,0,0,0,0,0,0</arg>
		<arg name='calls'>14199785,13941101,14822362,13860940,29929241,14569821,14652531,14951199,14989895,14680516,14879845,14788322,14727470,14277622,14921628,14734882</arg>
	</msg>
	<msg id='120' display='false' source='tcet'>
		<type>HEARTBEAT</type>
		<severity>INFO</severity>
		<timestamp>Fri May 10 21:13:51 2024</timestamp>
		<arg name='tids'>15352,9928,14712,14708,13960,14720,14704,14776,11412,11452,13956,9912,9908,2060,3200,13148</arg>
		<arg name='syscalls'>0,0,0,0,0,0,0,0,0,0,0,0,0,0,0,0</arg>
		<arg name='calls'>13763451,14205182,14971490,13987532,14917749,14657192,14841918,14911010,14905267,14921186,14622360,14617709,14665696,14295818,14963967,29231291</arg>
	</msg>
	<msg id='121' display='false' source='tcet'>
		<type>HEARTBEAT</type>
		<severity>INFO</severity>
		<timestamp>Fri May 10 21:13:52 2024</timestamp>
		<arg name='tids'>15352,9928,14712,14708,13960,14720,14704,14776,11412,11452,13956,9912,9908,2060,3200,13148</arg>
		<arg name='syscalls'>0,0,0,0,0,0,0,0,0,0,0,0,0,0,0,0</arg>
		<arg name='calls'>14601569,14212142,15227164,14465814,30176778,15150265,15045335,15272892,15181624,14985264,15161972,14661176,29696594,14132441,15121217,14897630</arg>
	</msg>
	<msg id='122' display='false' source='tcet'>
		<type>HEARTBEAT</type>
		<severity>INFO</severity>
		<timestamp>Fri May 10 21:13:53 2024</timestamp>
		<arg name='tids'>15352,9928,14712,14708,13960,14720,14704,14776,11412,11452,13956,9912,9908,2060,3200,13148</arg>
		<arg name='syscalls'>0,0,0,0,0,0,0,0,0,0,0,0,0,0,0,0</arg>
		<arg name='calls'>13881072,14098726,14939234,14347094,45093633,14793784,14782279,15002672,15009598,14978420,14946972,14613713,14640514,13887957,15060416,14653976</arg>
	</msg>
	<msg id='123' display='false' source='tcet'>
		<type>HEARTBEAT</type>
		<severity>INFO</severity>
		<timestamp>Fri May 10 21:13:54 2024</timestamp>
		<arg name='tids'>15352,9928,14712,14708,13960,14720,14704,14776,11412,11452,13956,9912,9908,2060,3200,13148</arg>
		<arg name='syscalls'>0,0,0,0,0,0,0,0,0,0,0,0,0,0,0,0</arg>
		<arg name='calls'>13864315,13976273,14512812,13954525,15011837,14781760,14587220,14953734,14917987,14783719,14900420,14650852,14512633,14152462,14896738,14701020</arg>
	</msg>
	<msg id='124' display='false' source='tcet'>
		<type>HEARTBEAT</type>
		<severity>INFO</severity>
		<timestamp>Fri May 10 21:13:55 2024</timestamp>
		<arg name='tids'>15352,9928,14712,14708,13960,14720,14704,14776,11412,11452,13956,9912,9908,2060,3200,13148</arg>
		<arg name='syscalls'>0,0,0,0,0,0,0,0,0,0,0,0,0,0,0,0</arg>
		<arg name='calls'>14380349,28196690,13348072,13816184,13447476,14426969,14186617,13279227,13619400,13930518,13793155,14681492,14610597,14689402,13509515,14499818</arg>
	</msg>
	<msg id='125' display='false' source='tcet'>
		<type>HEARTBEAT</type>
		<severity>INFO</severity>
		<timestamp>Fri May 10 21:13:56 2024</timestamp>
		<arg name='tids'>15352,9928,14712,14708,13960,14720,14704,14776,11412,11452,13956,9912,9908,2060,3200,13148</arg>
		<arg name='syscalls'>0,0,0,0,0,0,0,0,0,0,0,0,0,0,0,0</arg>
		<arg name='calls'>10804898,10961339,6576341,10914894,5917923,7132259,6908294,6913563,5968976,6535699,6581359,8860855,7824248,10686983,5808631,9371383</arg>
	</msg>
	<msg id='126' display='false' source='tcet'>
		<type>HEARTBEAT</type>
		<severity>INFO</severity>
		<timestamp>Fri May 10 21:13:57 2024</timestamp>
		<arg name='tids'>15352,9928,14712,14708,13960,14720,14704,14776,11412,11452,13956,9912,9908,2060,3200,13148</arg>
		<arg name='syscalls'>0,0,0,0,0,0,0,0,0,0,0,0,0,0,0,0</arg>
		<arg name='calls'>7421575,7901658,7680129,7847408,7333522,8012393,7706680,7570500,7903017,7710043,7757330,7763899,7891372,7767292,7748799,7917614</arg>
	</msg>
	<msg id='127' display='false' source='tcet'>
		<type>HEARTBEAT</type>
		<severity>INFO</severity>
		<timestamp>Fri May 10 21:13:58 2024</timestamp>
		<arg name='tids'>15352,9928,14712,14708,13960,14720,14704,14776,11412,11452,13956,9912,9908,2060,3200,13148</arg>
		<arg name='syscalls'>0,0,0,0,0,0,0,0,0,0,0,0,0,0,0,0</arg>
		<arg name='calls'>8602582,9314773,8944526,9267658,8579815,9221720,9163401,8977348,9308578,9403241,9336338,9091764,9272715,9234061,9213284,9129545</arg>
	</msg>
	<msg id='128' display='false' source='tcet'>
		<type>HEARTBEAT</type>
		<severity>INFO</severity>
		<timestamp>Fri May 10 21:13:59 2024</timestamp>
		<arg name='tids'>15352,9928,14712,14708,13960,14720,14704,14776,11412,11452,13956,9912,9908,2060,3200,13148</arg>
		<arg name='syscalls'>0,0,0,0,0,0,0,0,0,0,0,0,0,0,0,0</arg>
		<arg name='calls'>14846756,15011243,14978495,14016685,14174668,15016881,14991284,15021831,14962959,15000325,14964083,14198039,14554604,14339671,14672390,14573198</arg>
	</msg>
	<msg id='129' display='false' source='tcet'>
		<type>HEARTBEAT</type>
		<severity>INFO</severity>
		<timestamp>Fri May 10 21:14:00 2024</timestamp>
		<arg name='tids'>15352,9928,14712,14708,13960,14720,14704,14776,11412,11452,13956,9912,9908,2060,3200,13148</arg>
		<arg name='syscalls'>0,0,0,0,0,0,0,0,0,0,0,0,0,0,0,0</arg>
		<arg name='calls'>15100257,15214370,15270820,14456576,14866656,15269567,30117253,15221534,15232965,15241912,15281281,14153155,14912445,28657341,14858455,14766767</arg>
	</msg>
	<msg id='130' display='false' source='tcet'>
		<type>HEARTBEAT</type>
		<severity>INFO</severity>
		<timestamp>Fri May 10 21:14:01 2024</timestamp>
		<arg name='tids'>15352,9928,14712,14708,13960,14720,14704,14776,11412,11452,13956,9912,9908,2060,3200,13148</arg>
		<arg name='syscalls'>0,0,0,0,0,0,0,0,0,0,0,0,0,0,0,0</arg>
		<arg name='calls'>14904489,15136135,14987372,14238428,14039725,15106636,14808509,30353892,15078550,14866311,15017064,14408203,14989601,14145287,14766137,14508871</arg>
	</msg>
	<msg id='131' display='false' source='tcet'>
		<type>HEARTBEAT</type>
		<severity>INFO</severity>
		<timestamp>Fri May 10 21:14:02 2024</timestamp>
		<arg name='tids'>15352,9928,14712,14708,13960,14720,14704,14776,11412,11452,13956,9912,9908,2060,3200,13148</arg>
		<arg name='syscalls'>0,0,0,0,0,0,0,0,0,0,0,0,0,0,0,0</arg>
		<arg name='calls'>14673505,15006397,14679404,14455703,13448318,14808282,14777903,15007382,14901753,14840083,14635417,14070409,14700695,14386938,14687071,14651642</arg>
	</msg>
	<msg id='132' display='false' source='tcet'>
		<type>HEARTBEAT</type>
		<severity>INFO</severity>
		<timestamp>Fri May 10 21:14:03 2024</timestamp>
		<arg name='tids'>15352,9928,14712,14708,13960,14720,14704,14776,11412,11452,13956,9912,9908,2060,3200,13148</arg>
		<arg name='syscalls'>0,0,0,0,0,0,0,0,0,0,0,0,0,0,0,0</arg>
		<arg name='calls'>14764448,14974235,15089551,14108835,14285411,14676929,14895479,15004023,14978138,14859816,14960562,13968886,29460976,14227973,14655131,14916957</arg>
	</msg>
	<msg id='133' display='false' source='tcet'>
		<type>HEARTBEAT</type>
		<severity>INFO</severity>
		<timestamp>Fri May 10 21:14:04 2024</timestamp>
		<arg name='tids'>15352,9928,14712,14708,13960,14720,14704,14776,11412,11452,13956,9912,9908,2060,3200,13148</arg>
		<arg name='syscalls'>0,0,0,0,0,0,0,0,0,0,0,0,0,0,0,0</arg>
		<arg name='calls'>15073264,15324840,15209009,14784941,14392095,14906695,15350126,15275354,15187925,15216911,15349925,14181078,14988411,14719302,15190523,15195536</arg>
	</msg>
	<msg id='134' display='false' source='tcet'>
		<type>HEARTBEAT</type>
		<severity>INFO</severity>
		<timestamp>Fri May 10 21:14:05 2024</timestamp>
		<arg name='tids'>15352,9928,14712,14708,13960,14720,14704,14776,11412,11452,13956,9912,9908,2060,3200,13148</arg>
		<arg name='syscalls'>0,0,0,0,0,0,0,0,0,0,0,0,0,0,0,0</arg>
		<arg name='calls'>14941943,15059355,15057388,14597255,14279459,14881918,15016595,15014495,15036285,14978731,15075065,13884097,14348462,29073253,14975220,15060994</arg>
	</msg>
	<msg id='135' display='false' source='tcet'>
		<type>HEARTBEAT</type>
		<severity>INFO</severity>
		<timestamp>Fri May 10 21:14:06 2024</timestamp>
		<arg name='tids'>15352,9928,14712,14708,13960,14720,14704,14776,11412,11452,13956,9912,9908,2060,3200,13148</arg>
		<arg name='syscalls'>0,0,0,0,0,0,0,0,0,0,0,0,0,0,0,0</arg>
		<arg name='calls'>14762801,14939197,14826406,14331587,14431966,14802642,14758056,15000195,14956265,14933252,14634374,13869052,14655635,13841429,14799214,14939675</arg>
	</msg>
	<msg id='136' display='false' source='tcet'>
		<type>HEARTBEAT</type>
		<severity>INFO</severity>
		<timestamp>Fri May 10 21:14:07 2024</timestamp>
		<arg name='tids'>15352,9928,14712,14708,13960,14720,14704,14776,11412,11452,13956,9912,9908,2060,3200,13148</arg>
		<arg name='syscalls'>0,0,0,0,0,0,0,0,0,0,0,0,0,0,0,0</arg>
		<arg name='calls'>8658757,6420147,7142902,12278703,12585943,7564237,7331700,22500288,6891637,7385412,7370573,13234685,10306044,26447178,9265042,10429200</arg>
	</msg>
	<msg id='137' display='false' source='tcet'>
		<type>HEARTBEAT</type>
		<severity>INFO</severity>
		<timestamp>Fri May 10 21:14:08 2024</timestamp>
		<arg name='tids'>15352,9928,14712,14708,13960,14720,14704,14776,11412,11452,13956,9912,9908,2060,3200,13148</arg>
		<arg name='syscalls'>0,0,0,0,0,0,0,0,0,0,0,0,0,0,0,0</arg>
		<arg name='calls'>7885237,7994644,7607896,8054265,8050495,7818450,7645312,8077356,7990420,7873845,8079075,8089199,8023540,7543611,8011642,8003029</arg>
	</msg>
	<msg id='138' display='false' source='tcet'>
		<type>HEARTBEAT</type>
		<severity>INFO</severity>
		<timestamp>Fri May 10 21:14:09 2024</timestamp>
		<arg name='tids'>15352,9928,14712,14708,13960,14720,14704,14776,11412,11452,13956,9912,9908,2060,3200,13148</arg>
		<arg name='syscalls'>0,0,0,0,0,0,0,0,0,0,0,0,0,0,0,0</arg>
		<arg name='calls'>7838347,7933027,7459256,7836629,7884778,7632135,7514314,8032765,8010539,7907254,8083784,7830078,7983821,7799536,8035695,7998492</arg>
	</msg>
	<msg id='139' display='false' source='tcet'>
		<type>HEARTBEAT</type>
		<severity>INFO</severity>
		<timestamp>Fri May 10 21:14:10 2024</timestamp>
		<arg name='tids'>15352,9928,14712,14708,13960,14720,14704,14776,11412,11452,13956,9912,9908,2060,3200,13148</arg>
		<arg name='syscalls'>0,0,0,0,0,0,0,0,0,0,0,0,0,0,0,0</arg>
		<arg name='calls'>14678853,14683175,13738128,14245542,14173588,14649022,13934120,14538460,14641507,13637798,14709952,22117214,14570163,14473303,14724089,22351137</arg>
	</msg>
	<msg id='140' display='false' source='tcet'>
		<type>HEARTBEAT</type>
		<severity>INFO</severity>
		<timestamp>Fri May 10 21:14:11 2024</timestamp>
		<arg name='tids'>15352,9928,14712,14708,13960,14720,14704,14776,11412,11452,13956,9912,9908,2060,3200,13148</arg>
		<arg name='syscalls'>0,0,0,0,0,0,0,0,0,0,0,0,0,0,0,0</arg>
		<arg name='calls'>15147434,14598579,28255057,14938399,14049020,15137604,14551614,14658985,15116906,27970184,15197532,14731745,15162528,15222169,15116345,14915482</arg>
	</msg>
	<msg id='141' display='false' source='tcet'>
		<type>HEARTBEAT</type>
		<severity>INFO</severity>
		<timestamp>Fri May 10 21:14:12 2024</timestamp>
		<arg name='tids'>15352,9928,14712,14708,13960,14720,14704,14776,11412,11452,13956,9912,9908,2060,3200,13148</arg>
		<arg name='syscalls'>0,0,0,0,0,0,0,0,0,0,0,0,0,0,0,0</arg>
		<arg name='calls'>15069142,14206117,14197600,29612766,14386700,15060628,14678579,14706763,15011168,14044857,14878077,14879979,14923508,14823275,14913727,14787291</arg>
	</msg>
	<msg id='142' display='false' source='tcet'>
		<type>HEARTBEAT</type>
		<severity>INFO</severity>
		<timestamp>Fri May 10 21:14:13 2024</timestamp>
		<arg name='tids'>15352,9928,14712,14708,13960,14720,14704,14776,11412,11452,13956,9912,9908,2060,3200,13148</arg>
		<arg name='syscalls'>0,0,0,0,0,0,0,0,0,0,0,0,0,0,0,0</arg>
		<arg name='calls'>30289183,14429059,14260903,14651109,14363249,15226368,14974227,15093213,15115836,13970487,29670823,15047647,15090435,15172873,15166341,14743369</arg>
	</msg>
	<msg id='143' display='false' source='tcet'>
		<type>HEARTBEAT</type>
		<severity>INFO</severity>
		<timestamp>Fri May 10 21:14:14 2024</timestamp>
		<arg name='tids'>15352,9928,14712,14708,13960,14720,14704,14776,11412,11452,13956,9912,9908,2060,3200,13148</arg>
		<arg name='syscalls'>0,0,0,0,0,0,0,0,0,0,0,0,0,0,0,0</arg>
		<arg name='calls'>14862178,13834384,13772870,14653383,13956816,14840603,14631776,29518930,14805474,13837661,14415980,14710835,14600331,14688197,14963086,14716021</arg>
	</msg>
	<msg id='144' display='false' source='tcet'>
		<type>HEARTBEAT</type>
		<severity>INFO</severity>
		<timestamp>Fri May 10 21:14:15 2024</timestamp>
		<arg name='tids'>15352,9928,14712,14708,13960,14720,14704,14776,11412,11452,13956,9912,9908,2060,3200,13148</arg>
		<arg name='syscalls'>0,0,0,0,0,0,0,0,0,0,0,0,0,0,0,0</arg>
		<arg name='calls'>14912802,14073446,14263717,14471643,13835475,14909553,14728558,14733259,14793161,13933969,14725466,14589011,28985849,14675313,14923704,14701423</arg>
	</msg>
	<msg id='145' display='false' source='tcet'>
		<type>HEARTBEAT</type>
		<severity>INFO</severity>
		<timestamp>Fri May 10 21:14:16 2024</timestamp>
		<arg name='tids'>15352,9928,14712,14708,13960,14720,14704,14776,11412,11452,13956,9912,9908,2060,3200,13148</arg>
		<arg name='syscalls'>0,0,0,0,0,0,0,0,0,0,0,0,0,0,0,0</arg>
		<arg name='calls'>15115464,14218776,14129990,14770256,14042231,15104246,14908505,14852704,14889183,14565982,14741956,14737316,14676326,14728533,15123366,14979364</arg>
	</msg>
	<msg id='146' display='false' source='tcet'>
		<type>HEARTBEAT</type>
		<severity>INFO</severity>
		<timestamp>Fri May 10 21:14:17 2024</timestamp>
		<arg name='tids'>15352,9928,14712,14708,13960,14720,14704,14776,11412,11452,13956,9912,9908,2060,3200,13148</arg>
		<arg name='syscalls'>0,0,0,0,0,0,0,0,0,0,0,0,0,0,0,0</arg>
		<arg name='calls'>15080508,14425796,13036027,12923925,14366204,15183302,13559244,28495418,15277042,14832337,13243282,13392235,13167370,13632206,13816917,27923001</arg>
	</msg>
	<msg id='147' display='false' source='tcet'>
		<type>HEARTBEAT</type>
		<severity>INFO</severity>
		<timestamp>Fri May 10 21:14:18 2024</timestamp>
		<arg name='tids'>15352,9928,14712,14708,13960,14720,14704,14776,11412,11452,13956,9912,9908,2060,3200,13148</arg>
		<arg name='syscalls'>0,0,0,0,0,0,0,0,0,0,0,0,0,0,0,0</arg>
		<arg name='calls'>7221151,13607659,14180306,26150335,13836941,7186117,12179880,12637769,7609225,13805501,11496470,12496351,11554214,10434751,8892551,12737643</arg>
	</msg>
	<msg id='148' display='false' source='tcet'>
		<type>HEARTBEAT</type>
		<severity>INFO</severity>
		<timestamp>Fri May 10 21:14:19 2024</timestamp>
		<arg name='tids'>15352,9928,14712,14708,13960,14720,14704,14776,11412,11452,13956,9912,9908,2060,3200,13148</arg>
		<arg name='syscalls'>0,0,0,0,0,0,0,0,0,0,0,0,0,0,0,0</arg>
		<arg name='calls'>8026860,7974368,7938923,7286014,7541558,7963160,7846520,7778910,8006235,7857173,8041244,7522144,7992139,7584089,8026332,7968045</arg>
	</msg>
	<msg id='149' display='false' source='tcet'>
		<type>HEARTBEAT</type>
		<severity>INFO</severity>
		<timestamp>Fri May 10 21:14:20 2024</timestamp>
		<arg name='tids'>15352,9928,14712,14708,13960,14720,14704,14776,11412,11452,13956,9912,9908,2060,3200,13148</arg>
		<arg name='syscalls'>0,0,0,0,0,0,0,0,0,0,0,0,0,0,0,0</arg>
		<arg name='calls'>8082312,8050757,7943438,7600350,7740249,8018090,7942655,7985389,8066753,7881910,8059401,7603014,8073832,7784029,8078221,8038028</arg>
	</msg>
	<msg id='150' display='false' source='tcet'>
		<type>HEARTBEAT</type>
		<severity>INFO</severity>
		<timestamp>Fri May 10 21:14:21 2024</timestamp>
		<arg name='tids'>15352,9928,14712,14708,13960,14720,14704,14776,11412,11452,13956,9912,9908,2060,3200,13148</arg>
		<arg name='syscalls'>0,0,0,0,0,0,0,0,0,0,0,0,0,0,0,0</arg>
		<arg name='calls'>12065404,12209127,12199580,12008716,11214970,11244431,11591788,11685804,11937083,12069324,12069545,12052929,12015608,12080778,11704351,11738704</arg>
	</msg>
	<msg id='151' display='false' source='tcet'>
		<type>HEARTBEAT</type>
		<severity>INFO</severity>
		<timestamp>Fri May 10 21:14:22 2024</timestamp>
		<arg name='tids'>15352,9928,14712,14708,13960,14720,14704,14776,11412,11452,13956,9912,9908,2060,3200,13148</arg>
		<arg name='syscalls'>0,0,0,0,0,0,0,0,0,0,0,0,0,0,0,0</arg>
		<arg name='calls'>15085259,15162254,15025503,15146687,14546634,14133503,14590778,14021056,15128765,14834348,15087727,15047423,14793357,15085701,14683309,14910598</arg>
	</msg>
	<msg id='152' display='false' source='tcet'>
		<type>HEARTBEAT</type>
		<severity>INFO</severity>
		<timestamp>Fri May 10 21:14:23 2024</timestamp>
		<arg name='tids'>15352,9928,14712,14708,13960,14720,14704,14776,11412,11452,13956,9912,9908,2060,3200,13148</arg>
		<arg name='syscalls'>0,0,0,0,0,0,0,0,0,0,0,0,0,0,0,0</arg>
		<arg name='calls'>30223209,15199394,14896995,15164535,14099506,14143589,14067953,14856122,15160485,14927044,15125663,15040906,14895593,15239145,14891387,14844883</arg>
	</msg>
	<msg id='153' display='false' source='tcet'>
		<type>HEARTBEAT</type>
		<severity>INFO</severity>
		<timestamp>Fri May 10 21:14:24 2024</timestamp>
		<arg name='tids'>15352,9928,14712,14708,13960,14720,14704,14776,11412,11452,13956,9912,9908,2060,3200,13148</arg>
		<arg name='syscalls'>0,0,0,0,0,0,0,0,0,0,0,0,0,0,0,0</arg>
		<arg name='calls'>14910612,14899556,14803805,14866570,13626424,14427830,14392044,14302776,14916731,14208463,14870881,14946610,14547395,14882990,14542384,14751814</arg>
	</msg>
	<msg id='154' display='false' source='tcet'>
		<type>HEARTBEAT</type>
		<severity>INFO</severity>
		<timestamp>Fri May 10 21:14:25 2024</timestamp>
		<arg name='tids'>15352,9928,14712,14708,13960,14720,14704,14776,11412,11452,13956,9912,9908,2060,3200,13148</arg>
		<arg name='syscalls'>0,0,0,0,0,0,0,0,0,0,0,0,0,0,0,0</arg>
		<arg name='calls'>15031214,14719573,14902634,14919783,13953050,14606096,28518978,13628147,14925878,14526523,29875588,14863401,14656963,14774838,14753103,14814216</arg>
	</msg>
	<msg id='155' display='false' source='tcet'>
		<type>HEARTBEAT</type>
		<severity>INFO</severity>
		<timestamp>Fri May 10 21:14:26 2024</timestamp>
		<arg name='tids'>15352,9928,14712,14708,13960,14720,14704,14776,11412,11452,13956,9912,9908,2060,3200,13148</arg>
		<arg name='syscalls'>0,0,0,0,0,0,0,0,0,0,0,0,0,0,0,0</arg>
		<arg name='calls'>14930790,15022089,14817536,14907124,14099157,14842021,14169909,13729934,14901952,14261777,14915520,29777083,14571056,14884430,14694968,14588327</arg>
	</msg>
	<msg id='156' display='false' source='tcet'>
		<type>HEARTBEAT</type>
		<severity>INFO</severity>
		<timestamp>Fri May 10 21:14:27 2024</timestamp>
		<arg name='tids'>15352,9928,14712,14708,13960,14720,14704,14776,11412,11452,13956,9912,9908,2060,3200,13148</arg>
		<arg name='syscalls'>0,0,0,0,0,0,0,0,0,0,0,0,0,0,0,0</arg>
		<arg name='calls'>14961592,15080075,14956476,14802086,14109431,14819970,13755133,14514206,15032959,14162462,14910009,15027314,14743637,14990156,14635794,14767642</arg>
	</msg>
	<msg id='157' display='false' source='tcet'>
		<type>HEARTBEAT</type>
		<severity>INFO</severity>
		<timestamp>Fri May 10 21:14:28 2024</timestamp>
		<arg name='tids'>15352,9928,14712,14708,13960,14720,14704,14776,11412,11452,13956,9912,9908,2060,3200,13148</arg>
		<arg name='syscalls'>0,0,0,0,0,0,0,0,0,0,0,0,0,0,0,0</arg>
		<arg name='calls'>15094160,15057697,14888317,14979755,28113147,29447963,14368273,13759096,15005701,14466852,15037472,15099231,14916434,15044637,14932867,14743703</arg>
	</msg>
	<msg id='158' display='false' source='tcet'>
		<type>HEARTBEAT</type>
		<severity>INFO</severity>
		<timestamp>Fri May 10 21:14:29 2024</timestamp>
		<arg name='tids'>15352,9928,14712,14708,13960,14720,14704,14776,11412,11452,13956,9912,9908,2060,3200,13148</arg>
		<arg name='syscalls'>1,1,0,0,0,0,0,0,1,0,1,1,0,1,0,0</arg>
		<arg name='calls'>12418152,12624692,13519703,13235877,42158147,14795918,14341314,14034322,12722528,14239454,12900100,12735462,14288945,12844379,14191295,13899385</arg>
	</msg>
	<msg id='159' display='false' source='tcet'>
		<type>HEARTBEAT</type>
		<severity>INFO</severity>
		<timestamp>Fri May 10 21:14:30 2024</timestamp>
		<arg name='tids'>15352,9928,14712,14708,13960,14720,14704,14776,11412,11452,13956,9912,9908,2060,3200,13148</arg>
		<arg name='syscalls'>0,0,0,0,0,0,0,0,0,0,0,0,0,0,0,0</arg>
		<arg name='calls'>6073187,6058824,6263520,19256223,10804289,23858755,9794185,10776600,6056357,9763378,6083591,8467075,7175275,5727772,7469727,9271720</arg>
	</msg>
	<msg id='160' display='false' source='tcet'>
		<type>HEARTBEAT</type>
		<severity>INFO</severity>
		<timestamp>Fri May 10 21:14:31 2024</timestamp>
		<arg name='tids'>15352,9928,14712,14708,13960,14720,14704,14776,11412,11452,13956,9912,9908,2060,3200,13148</arg>
		<arg name='syscalls'>0,0,0,0,0,0,0,0,0,0,0,0,0,0,0,0</arg>
		<arg name='calls'>7987504,8066342,7574723,26782994,8059742,7961667,8012139,7897086,8036987,8022208,8084026,7926543,7492007,7832420,7862599,8041024</arg>
	</msg>
	<msg id='161' source='tcet'>
		<type>LOAD_MODULE</type>
		<severity>INFO</severity>
		<timestamp>Fri May 10 21:14:32 2024</timestamp>
		<arg name='module'>c:\windows\system32\kernel.appcore.dll</arg>
		<arg name='basement'>0x7ff8abc10000</arg>
		<arg name='ceiling'>0x7ff8abc27fff</arg>
		<arg name='id'>22</arg>
	</msg>
	<msg id='162' source='tcet'>
		<type>UNLOAD_MODULE</type>
		<severity>INFO</severity>
		<timestamp>Fri May 10 21:14:33 2024</timestamp>
		<arg name='module'>d:\раб стол\УНИК\Мага\2 сем\Гетерогенные\labs\siw\build\getor\getor.exe</arg>
		<arg name='id'>2</arg>
	</msg>
	<msg id='163' source='tcet'>
		<type>UNLOAD_MODULE</type>
		<severity>INFO</severity>
		<timestamp>Fri May 10 21:14:33 2024</timestamp>
		<arg name='module'>c:\windows\system32\kernelbase.dll</arg>
		<arg name='id'>3</arg>
	</msg>
	<msg id='164' source='tcet'>
		<type>UNLOAD_MODULE</type>
		<severity>INFO</severity>
		<timestamp>Fri May 10 21:14:33 2024</timestamp>
		<arg name='module'>c:\windows\system32\kernel32.dll</arg>
		<arg name='id'>4</arg>
	</msg>
	<msg id='165' source='tcet'>
		<type>UNLOAD_MODULE</type>
		<severity>INFO</severity>
		<timestamp>Fri May 10 21:14:33 2024</timestamp>
		<arg name='module'>c:\windows\system32\ntdll.dll</arg>
		<arg name='id'>5</arg>
	</msg>
	<msg id='166' source='tcet'>
		<type>UNLOAD_MODULE</type>
		<severity>INFO</severity>
		<timestamp>Fri May 10 21:14:33 2024</timestamp>
		<arg name='module'>c:\windows\system32\vcruntime140d.dll</arg>
		<arg name='id'>6</arg>
	</msg>
	<msg id='167' source='tcet'>
		<type>UNLOAD_MODULE</type>
		<severity>INFO</severity>
		<timestamp>Fri May 10 21:14:33 2024</timestamp>
		<arg name='module'>c:\windows\system32\msvcp140d.dll</arg>
		<arg name='id'>7</arg>
	</msg>
	<msg id='168' source='tcet'>
		<type>UNLOAD_MODULE</type>
		<severity>INFO</severity>
		<timestamp>Fri May 10 21:14:33 2024</timestamp>
		<arg name='module'>c:\windows\system32\ucrtbased.dll</arg>
		<arg name='id'>8</arg>
	</msg>
	<msg id='169' source='tcet'>
		<type>UNLOAD_MODULE</type>
		<severity>INFO</severity>
		<timestamp>Fri May 10 21:14:33 2024</timestamp>
		<arg name='module'>c:\program files (x86)\intel\oneapi\compiler\latest\bin\libiomp5md.dll</arg>
		<arg name='id'>9</arg>
	</msg>
	<msg id='170' source='tcet'>
		<type>UNLOAD_MODULE</type>
		<severity>INFO</severity>
		<timestamp>Fri May 10 21:14:33 2024</timestamp>
		<arg name='module'>c:\windows\system32\ucrtbase.dll</arg>
		<arg name='id'>10</arg>
	</msg>
	<msg id='171' source='tcet'>
		<type>UNLOAD_MODULE</type>
		<severity>INFO</severity>
		<timestamp>Fri May 10 21:14:33 2024</timestamp>
		<arg name='module'>c:\windows\system32\vcruntime140_1d.dll</arg>
		<arg name='id'>11</arg>
	</msg>
	<msg id='172' source='tcet'>
		<type>UNLOAD_MODULE</type>
		<severity>INFO</severity>
		<timestamp>Fri May 10 21:14:33 2024</timestamp>
		<arg name='module'>c:\windows\system32\vcruntime140.dll</arg>
		<arg name='id'>12</arg>
	</msg>
	<msg id='173' source='tcet'>
		<type>UNLOAD_MODULE</type>
		<severity>INFO</severity>
		<timestamp>Fri May 10 21:14:33 2024</timestamp>
		<arg name='module'>c:\program files (x86)\intel\oneapi\inspector\2024.0\bin64\runtime\libittnotify.dll</arg>
		<arg name='id'>13</arg>
	</msg>
	<msg id='174' source='tcet'>
		<type>UNLOAD_MODULE</type>
		<severity>INFO</severity>
		<timestamp>Fri May 10 21:14:33 2024</timestamp>
		<arg name='module'>c:\windows\system32\advapi32.dll</arg>
		<arg name='id'>14</arg>
	</msg>
	<msg id='175' source='tcet'>
		<type>UNLOAD_MODULE</type>
		<severity>INFO</severity>
		<timestamp>Fri May 10 21:14:33 2024</timestamp>
		<arg name='module'>c:\windows\system32\msvcrt.dll</arg>
		<arg name='id'>15</arg>
	</msg>
	<msg id='176' source='tcet'>
		<type>UNLOAD_MODULE</type>
		<severity>INFO</severity>
		<timestamp>Fri May 10 21:14:33 2024</timestamp>
		<arg name='module'>c:\windows\system32\sechost.dll</arg>
		<arg name='id'>16</arg>
	</msg>
	<msg id='177' source='tcet'>
		<type>UNLOAD_MODULE</type>
		<severity>INFO</severity>
		<timestamp>Fri May 10 21:14:33 2024</timestamp>
		<arg name='module'>c:\windows\system32\rpcrt4.dll</arg>
		<arg name='id'>17</arg>
	</msg>
	<msg id='178' source='tcet'>
		<type>UNLOAD_MODULE</type>
		<severity>INFO</severity>
		<timestamp>Fri May 10 21:14:33 2024</timestamp>
		<arg name='module'>c:\windows\system32\cryptbase.dll</arg>
		<arg name='id'>18</arg>
	</msg>
	<msg id='179' source='tcet'>
		<type>UNLOAD_MODULE</type>
		<severity>INFO</severity>
		<timestamp>Fri May 10 21:14:33 2024</timestamp>
		<arg name='module'>c:\windows\system32\bcryptprimitives.dll</arg>
		<arg name='id'>19</arg>
	</msg>
	<msg id='180' source='tcet'>
		<type>UNLOAD_MODULE</type>
		<severity>INFO</severity>
		<timestamp>Fri May 10 21:14:33 2024</timestamp>
		<arg name='module'>c:\program files (x86)\intel\oneapi\inspector\2024.0\bin64\pinjitprofiling.dll</arg>
		<arg name='id'>20</arg>
	</msg>
	<msg id='181' source='tcet'>
		<type>UNLOAD_MODULE</type>
		<severity>INFO</severity>
		<timestamp>Fri May 10 21:14:33 2024</timestamp>
		<arg name='module'>c:\windows\system32\kernel.appcore.dll</arg>
		<arg name='id'>22</arg>
	</msg>
	<msg id='182' source='tcet'>
		<type>PROCESS_TERMINATE</type>
		<severity>INFO</severity>
		<timestamp>Fri May 10 21:14:33 2024</timestamp>
		<arg name='process'>d:\раб стол\УНИК\Мага\2 сем\Гетерогенные\labs\siw\build\getor\getor.exe</arg>
		<arg name='pid'>14356</arg>
	</msg>
	<msg id='183' display='false' source='tccore'>
		<type>ANALYSIS_COMPLETE</type>
		<severity>INFO</severity>
		<timestamp>Fri May 10 21:14:33 2024</timestamp>
	</msg>
	<msg id='184' display='false' source='tccore'>
		<type>STOP</type>
		<severity>INFO</severity>
		<timestamp>Fri May 10 21:14:33 2024</timestamp>
	</msg>
</log>