
14584 : 0x2aead5185a : 1 : spill_jit_data :  Jit agent is not initialized
14584 : 0x2aeae75674 : 2 : ittapi_config_mask_get :  --itt-config mask to be applied: 183
14584 : 0x2aeae756de : 2 : ittapi_config_apply_per_lib :  ITTAPI function instrumented: __itt_domain_createA
14584 : 0x2aeae756f1 : 2 : ittapi_config_apply_per_lib :  ITTAPI function instrumented: __itt_domain_createW
14584 : 0x2aeae75704 : 2 : ittapi_config_apply_per_lib :  ITTAPI function instrumented: __itt_module_load_with_sections
14584 : 0x2aeae75715 : 2 : ittapi_config_apply_per_lib :  ITTAPI function not implemented: __itt_module_unload_with_sections
14584 : 0x2aeae75724 : 2 : ittapi_config_apply_per_lib :  ITTAPI function instrumented: __itt_string_handle_createA
14584 : 0x2aeae75730 : 2 : ittapi_config_apply_per_lib :  ITTAPI function instrumented: __itt_string_handle_createW
14584 : 0x2aeae7573e : 2 : ittapi_config_apply_per_lib :  ITTAPI function instrumented: __itt_counter_createA
14584 : 0x2aeae7574a : 2 : ittapi_config_apply_per_lib :  ITTAPI function instrumented: __itt_counter_createW
14584 : 0x2aeae75b09 : 2 : ittapi_config_apply_per_lib :  ITTAPI function instrumented: __itt_counter_create_typedA
14584 : 0x2aeae75b1a : 2 : ittapi_config_apply_per_lib :  ITTAPI function instrumented: __itt_counter_create_typedW
14584 : 0x2aeae75b28 : 2 : ittapi_config_apply_per_lib :  ITTAPI function instrumented: __itt_pause
14584 : 0x2aeae75b35 : 2 : ittapi_config_apply_per_lib :  ITTAPI function instrumented: __itt_resume
14584 : 0x2aeae75b42 : 2 : ittapi_config_apply_per_lib :  ITTAPI function instrumented: __itt_thread_set_nameA
14584 : 0x2aeae75b4e : 2 : ittapi_config_apply_per_lib :  ITTAPI function instrumented: __itt_thread_set_nameW
14584 : 0x2aeae75b5a : 2 : ittapi_config_apply_per_lib :  ITTAPI function instrumented: __itt_thread_ignore
14584 : 0x2aeae75b66 : 2 : ittapi_config_apply_per_lib :  ITTAPI function instrumented: __itt_thr_name_setA
14584 : 0x2aeae75b72 : 2 : ittapi_config_apply_per_lib :  ITTAPI function instrumented: __itt_thr_name_setW
14584 : 0x2aeae75b7e : 2 : ittapi_config_apply_per_lib :  ITTAPI function instrumented: __itt_thr_ignore
14584 : 0x2aeae75bbe : 2 : ittapi_config_apply_per_lib :  ITTAPI function instrumented: __itt_histogram_createA
14584 : 0x2aeae75bca : 2 : ittapi_config_apply_per_lib :  ITTAPI function instrumented: __itt_histogram_createW
14584 : 0x2aeae75bda : 2 : ittapi_config_apply_per_lib :  ITTAPI function not implemented: __itt_enable_attach
14584 : 0x2aeae75be6 : 2 : ittapi_config_apply_per_lib :  ITTAPI function instrumented: __itt_detach
14584 : 0x2aeae75bf0 : 2 : ittapi_config_apply_per_lib :  ITTAPI function NOT instrumented (not matched by --itt-config option): __itt_sync_createA

14584 : 0x2aeae75c01 : 2 : ittapi_config_apply_per_lib :  ITTAPI function NOT instrumented (not matched by --itt-config option): __itt_sync_createW

14584 : 0x2aeae75c12 : 2 : ittapi_config_apply_per_lib :  ITTAPI function NOT instrumented (not matched by --itt-config option): __itt_sync_renameA

14584 : 0x2aeae75c21 : 2 : ittapi_config_apply_per_lib :  ITTAPI function NOT instrumented (not matched by --itt-config option): __itt_sync_renameW

14584 : 0x2aeae75c31 : 2 : ittapi_config_apply_per_lib :  ITTAPI function NOT instrumented (not matched by --itt-config option): __itt_sync_destroy

14584 : 0x2aeae75c40 : 2 : ittapi_config_apply_per_lib :  ITTAPI function NOT instrumented (not matched by --itt-config option): __itt_sync_prepare

14584 : 0x2aeae75c68 : 2 : ittapi_config_apply_per_lib :  ITTAPI function NOT instrumented (not matched by --itt-config option): __itt_sync_cancel

14584 : 0x2aeae75c78 : 2 : ittapi_config_apply_per_lib :  ITTAPI function NOT instrumented (not matched by --itt-config option): __itt_sync_acquired

14584 : 0x2aeae75c87 : 2 : ittapi_config_apply_per_lib :  ITTAPI function NOT instrumented (not matched by --itt-config option): __itt_sync_releasing

14584 : 0x2aeae75c9c : 2 : ittapi_config_apply_per_lib :  ITTAPI function not implemented: __itt_suppress_push
14584 : 0x2aeae75caa : 2 : ittapi_config_apply_per_lib :  ITTAPI function not implemented: __itt_suppress_pop
14584 : 0x2aeae75cb7 : 2 : ittapi_config_apply_per_lib :  ITTAPI function not implemented: __itt_suppress_mark_range
14584 : 0x2aeae75cc5 : 2 : ittapi_config_apply_per_lib :  ITTAPI function not implemented: __itt_suppress_clear_range
14584 : 0x2aeae75cd0 : 2 : ittapi_config_apply_per_lib :  ITTAPI function NOT instrumented (not matched by --itt-config option): __itt_sync_prepare

14584 : 0x2aeae75cdf : 2 : ittapi_config_apply_per_lib :  ITTAPI function NOT instrumented (not matched by --itt-config option): __itt_sync_cancel

14584 : 0x2aeae75ced : 2 : ittapi_config_apply_per_lib :  ITTAPI function NOT instrumented (not matched by --itt-config option): __itt_sync_acquired

14584 : 0x2aeae75dcc : 2 : ittapi_config_apply_per_lib :  ITTAPI function NOT instrumented (not matched by --itt-config option): __itt_sync_releasing

14584 : 0x2aeae75de3 : 2 : ittapi_config_apply_per_lib :  ITTAPI function instrumented: __itt_model_site_begin
14584 : 0x2aeae75df0 : 2 : ittapi_config_apply_per_lib :  ITTAPI function instrumented: __itt_model_site_end
14584 : 0x2aeae75dfc : 2 : ittapi_config_apply_per_lib :  ITTAPI function instrumented: __itt_model_task_begin
14584 : 0x2aeae75e0a : 2 : ittapi_config_apply_per_lib :  ITTAPI function instrumented: __itt_model_task_end
14584 : 0x2aeae75e16 : 2 : ittapi_config_apply_per_lib :  ITTAPI function instrumented: __itt_model_lock_acquire
14584 : 0x2aeae75e23 : 2 : ittapi_config_apply_per_lib :  ITTAPI function instrumented: __itt_model_lock_release
14584 : 0x2aeae75e31 : 2 : ittapi_config_apply_per_lib :  ITTAPI function not implemented: __itt_model_record_allocation
14584 : 0x2aeae75e3f : 2 : ittapi_config_apply_per_lib :  ITTAPI function not implemented: __itt_model_record_deallocation
14584 : 0x2aeae75e4c : 2 : ittapi_config_apply_per_lib :  ITTAPI function not implemented: __itt_model_induction_uses
14584 : 0x2aeae75e77 : 2 : ittapi_config_apply_per_lib :  ITTAPI function not implemented: __itt_model_reduction_uses
14584 : 0x2aeae75e85 : 2 : ittapi_config_apply_per_lib :  ITTAPI function not implemented: __itt_model_observe_uses
14584 : 0x2aeae75e92 : 2 : ittapi_config_apply_per_lib :  ITTAPI function not implemented: __itt_model_clear_uses
14584 : 0x2aeae75e9f : 2 : ittapi_config_apply_per_lib :  ITTAPI function instrumented: __itt_model_site_beginW
14584 : 0x2aeae75eab : 2 : ittapi_config_apply_per_lib :  ITTAPI function instrumented: __itt_model_task_beginW
14584 : 0x2aeae75eb6 : 2 : ittapi_config_apply_per_lib :  ITTAPI function instrumented: __itt_model_iteration_taskW
14584 : 0x2aeae75ec3 : 2 : ittapi_config_apply_per_lib :  ITTAPI function instrumented: __itt_model_site_beginA
14584 : 0x2aeae75ece : 2 : ittapi_config_apply_per_lib :  ITTAPI function instrumented: __itt_model_site_beginAL
14584 : 0x2aeae75eda : 2 : ittapi_config_apply_per_lib :  ITTAPI function instrumented: __itt_model_task_beginA
14584 : 0x2aeae75ee7 : 2 : ittapi_config_apply_per_lib :  ITTAPI function instrumented: __itt_model_task_beginAL
14584 : 0x2aeae75f06 : 2 : ittapi_config_apply_per_lib :  ITTAPI function instrumented: __itt_model_iteration_taskA
14584 : 0x2aeae75f13 : 2 : ittapi_config_apply_per_lib :  ITTAPI function instrumented: __itt_model_iteration_taskAL
14584 : 0x2aeae75f1f : 2 : ittapi_config_apply_per_lib :  ITTAPI function instrumented: __itt_model_site_end_2
14584 : 0x2aeae75f2b : 2 : ittapi_config_apply_per_lib :  ITTAPI function instrumented: __itt_model_task_end_2
14584 : 0x2aeae75f37 : 2 : ittapi_config_apply_per_lib :  ITTAPI function instrumented: __itt_model_lock_acquire_2
14584 : 0x2aeae75f43 : 2 : ittapi_config_apply_per_lib :  ITTAPI function instrumented: __itt_model_lock_release_2
14584 : 0x2aeae75f4f : 2 : ittapi_config_apply_per_lib :  ITTAPI function instrumented: __itt_model_aggregate_task
14584 : 0x2aeae75f5b : 2 : ittapi_config_apply_per_lib :  ITTAPI function instrumented: __itt_model_disable_push
14584 : 0x2aeae75f67 : 2 : ittapi_config_apply_per_lib :  ITTAPI function instrumented: __itt_model_disable_pop
14584 : 0x2aeae75f74 : 2 : ittapi_config_apply_per_lib :  ITTAPI function instrumented: __itt_heap_function_createA
14584 : 0x2aeae75f9b : 2 : ittapi_config_apply_per_lib :  ITTAPI function instrumented: __itt_heap_function_createW
14584 : 0x2aeae75fa7 : 2 : ittapi_config_apply_per_lib :  ITTAPI function instrumented: __itt_heap_allocate_begin
14584 : 0x2aeae75fb3 : 2 : ittapi_config_apply_per_lib :  ITTAPI function instrumented: __itt_heap_allocate_end
14584 : 0x2aeae75fc0 : 2 : ittapi_config_apply_per_lib :  ITTAPI function instrumented: __itt_heap_free_begin
14584 : 0x2aeae75fcb : 2 : ittapi_config_apply_per_lib :  ITTAPI function instrumented: __itt_heap_free_end
14584 : 0x2aeae75fd8 : 2 : ittapi_config_apply_per_lib :  ITTAPI function instrumented: __itt_heap_reallocate_begin
14584 : 0x2aeae75fe4 : 2 : ittapi_config_apply_per_lib :  ITTAPI function instrumented: __itt_heap_reallocate_end
14584 : 0x2aeae75ff2 : 2 : ittapi_config_apply_per_lib :  ITTAPI function not implemented: __itt_heap_internal_access_begin
14584 : 0x2aeae75fff : 2 : ittapi_config_apply_per_lib :  ITTAPI function not implemented: __itt_heap_internal_access_end
14584 : 0x2aeae7600d : 2 : ittapi_config_apply_per_lib :  ITTAPI function not implemented: __itt_heap_record_memory_growth_begin
14584 : 0x2aeae76033 : 2 : ittapi_config_apply_per_lib :  ITTAPI function not implemented: __itt_heap_record_memory_growth_end
14584 : 0x2aeae76041 : 2 : ittapi_config_apply_per_lib :  ITTAPI function not implemented: __itt_heap_reset_detection
14584 : 0x2aeae7604e : 2 : ittapi_config_apply_per_lib :  ITTAPI function not implemented: __itt_heap_record
14584 : 0x2aeae7605b : 2 : ittapi_config_apply_per_lib :  ITTAPI function not implemented: __itt_id_create
14584 : 0x2aeae76069 : 2 : ittapi_config_apply_per_lib :  ITTAPI function not implemented: __itt_id_destroy
14584 : 0x2aeae76075 : 2 : ittapi_config_apply_per_lib :  ITTAPI function instrumented: __itt_get_timestamp
14584 : 0x2aeae76082 : 2 : ittapi_config_apply_per_lib :  ITTAPI function not implemented: __itt_region_begin
14584 : 0x2aeae76093 : 2 : ittapi_config_apply_per_lib :  ITTAPI function not implemented: __itt_region_end
14584 : 0x2aeae7609f : 2 : ittapi_config_apply_per_lib :  ITTAPI function instrumented: __itt_frame_begin_v3
14584 : 0x2aeae760ab : 2 : ittapi_config_apply_per_lib :  ITTAPI function instrumented: __itt_frame_end_v3
14584 : 0x2aeae760cb : 2 : ittapi_config_apply_per_lib :  ITTAPI function instrumented: __itt_frame_submit_v3
14584 : 0x2aeae760d9 : 2 : ittapi_config_apply_per_lib :  ITTAPI function not implemented: __itt_task_group
14584 : 0x2aeae760e6 : 2 : ittapi_config_apply_per_lib :  ITTAPI function instrumented: __itt_task_begin
14584 : 0x2aeae760f1 : 2 : ittapi_config_apply_per_lib :  ITTAPI function instrumented: __itt_task_begin_fn
14584 : 0x2aeae760fe : 2 : ittapi_config_apply_per_lib :  ITTAPI function instrumented: __itt_task_end
14584 : 0x2aeae7610b : 2 : ittapi_config_apply_per_lib :  ITTAPI function not implemented: __itt_counter_inc_v3
14584 : 0x2aeae76119 : 2 : ittapi_config_apply_per_lib :  ITTAPI function not implemented: __itt_counter_inc_delta_v3
14584 : 0x2aeae76126 : 2 : ittapi_config_apply_per_lib :  ITTAPI function not implemented: __itt_counter_dec_v3
14584 : 0x2aeae76134 : 2 : ittapi_config_apply_per_lib :  ITTAPI function not implemented: __itt_counter_dec_delta_v3
14584 : 0x2aeae76141 : 2 : ittapi_config_apply_per_lib :  ITTAPI function not implemented: __itt_marker
14584 : 0x2aeae76161 : 2 : ittapi_config_apply_per_lib :  ITTAPI function instrumented: __itt_metadata_add
14584 : 0x2aeae7616e : 2 : ittapi_config_apply_per_lib :  ITTAPI function not implemented: __itt_metadata_str_addA
14584 : 0x2aeae7617b : 2 : ittapi_config_apply_per_lib :  ITTAPI function not implemented: __itt_metadata_str_addW
14584 : 0x2aeae76188 : 2 : ittapi_config_apply_per_lib :  ITTAPI function not implemented: __itt_relation_add_to_current
14584 : 0x2aeae76195 : 2 : ittapi_config_apply_per_lib :  ITTAPI function not implemented: __itt_relation_add
14584 : 0x2aeae761a1 : 2 : ittapi_config_apply_per_lib :  ITTAPI function instrumented: __itt_event_createA
14584 : 0x2aeae761ac : 2 : ittapi_config_apply_per_lib :  ITTAPI function instrumented: __itt_event_createW
14584 : 0x2aeae761b8 : 2 : ittapi_config_apply_per_lib :  ITTAPI function instrumented: __itt_event_start
14584 : 0x2aeae761c5 : 2 : ittapi_config_apply_per_lib :  ITTAPI function instrumented: __itt_event_end
14584 : 0x2aeae761ce : 2 : ittapi_config_apply_per_lib :  ITTAPI function NOT instrumented (not matched by --itt-config option): __itt_sync_set_nameA

14584 : 0x2aeae761f8 : 2 : ittapi_config_apply_per_lib :  ITTAPI function NOT instrumented (not matched by --itt-config option): __itt_sync_set_nameW

14584 : 0x2aeae76208 : 2 : ittapi_config_apply_per_lib :  ITTAPI function NOT instrumented (not matched by --itt-config option): __itt_notify_sync_nameA

14584 : 0x2aeae76217 : 2 : ittapi_config_apply_per_lib :  ITTAPI function NOT instrumented (not matched by --itt-config option): __itt_notify_sync_nameW

14584 : 0x2aeae76227 : 2 : ittapi_config_apply_per_lib :  ITTAPI function NOT instrumented (not matched by --itt-config option): __itt_notify_sync_prepare

14584 : 0x2aeae76237 : 2 : ittapi_config_apply_per_lib :  ITTAPI function NOT instrumented (not matched by --itt-config option): __itt_notify_sync_cancel

14584 : 0x2aeae76246 : 2 : ittapi_config_apply_per_lib :  ITTAPI function NOT instrumented (not matched by --itt-config option): __itt_notify_sync_acquired

14584 : 0x2aeae76256 : 2 : ittapi_config_apply_per_lib :  ITTAPI function NOT instrumented (not matched by --itt-config option): __itt_notify_sync_releasing

14584 : 0x2aeae7626a : 2 : ittapi_config_apply_per_lib :  ITTAPI function not implemented: __itt_memory_read
14584 : 0x2aeae76277 : 2 : ittapi_config_apply_per_lib :  ITTAPI function not implemented: __itt_memory_write
14584 : 0x2aeae76284 : 2 : ittapi_config_apply_per_lib :  ITTAPI function not implemented: __itt_memory_update
14584 : 0x2aeae762a9 : 2 : ittapi_config_apply_per_lib :  ITTAPI function not implemented: __itt_state_get
14584 : 0x2aeae762b5 : 2 : ittapi_config_apply_per_lib :  ITTAPI function not implemented: __itt_state_set
14584 : 0x2aeae762c2 : 2 : ittapi_config_apply_per_lib :  ITTAPI function not implemented: __itt_obj_mode_set
14584 : 0x2aeae762d0 : 2 : ittapi_config_apply_per_lib :  ITTAPI function not implemented: __itt_thr_mode_set
14584 : 0x2aeae762dc : 2 : ittapi_config_apply_per_lib :  ITTAPI function instrumented: __itt_frame_createA
14584 : 0x2aeae762e7 : 2 : ittapi_config_apply_per_lib :  ITTAPI function instrumented: __itt_frame_createW
14584 : 0x2aeae762f3 : 2 : ittapi_config_apply_per_lib :  ITTAPI function instrumented: __itt_pt_region_createA
14584 : 0x2aeae762fe : 2 : ittapi_config_apply_per_lib :  ITTAPI function instrumented: __itt_pt_region_createW
14584 : 0x2aeae7630b : 2 : ittapi_config_apply_per_lib :  ITTAPI function instrumented: __itt_frame_begin
14584 : 0x2aeae76317 : 2 : ittapi_config_apply_per_lib :  ITTAPI function instrumented: __itt_frame_end
14584 : 0x2aeae76337 : 2 : ittapi_config_apply_per_lib :  ITTAPI function not implemented: __itt_counter_destroy
14584 : 0x2aeae76343 : 2 : ittapi_config_apply_per_lib :  ITTAPI function instrumented: __itt_counter_inc
14584 : 0x2aeae76350 : 2 : ittapi_config_apply_per_lib :  ITTAPI function instrumented: __itt_counter_inc_delta
14584 : 0x2aeae7635c : 2 : ittapi_config_apply_per_lib :  ITTAPI function instrumented: __itt_counter_dec
14584 : 0x2aeae76367 : 2 : ittapi_config_apply_per_lib :  ITTAPI function instrumented: __itt_counter_dec_delta
14584 : 0x2aeae76373 : 2 : ittapi_config_apply_per_lib :  ITTAPI function instrumented: __itt_counter_set_value
14584 : 0x2aeae76380 : 2 : ittapi_config_apply_per_lib :  ITTAPI function not implemented: __itt_counter_set_value_ex
14584 : 0x2aeae7638c : 2 : ittapi_config_apply_per_lib :  ITTAPI function not implemented: __itt_mark_createA
14584 : 0x2aeae76399 : 2 : ittapi_config_apply_per_lib :  ITTAPI function not implemented: __itt_mark_createW
14584 : 0x2aeae763a6 : 2 : ittapi_config_apply_per_lib :  ITTAPI function not implemented: __itt_markA
14584 : 0x2aeae7647f : 2 : ittapi_config_apply_per_lib :  ITTAPI function not implemented: __itt_markW
14584 : 0x2aeae7648e : 2 : ittapi_config_apply_per_lib :  ITTAPI function not implemented: __itt_mark_off
14584 : 0x2aeae7649b : 2 : ittapi_config_apply_per_lib :  ITTAPI function not implemented: __itt_mark_globalA
14584 : 0x2aeae764a8 : 2 : ittapi_config_apply_per_lib :  ITTAPI function not implemented: __itt_mark_globalW
14584 : 0x2aeae764b5 : 2 : ittapi_config_apply_per_lib :  ITTAPI function not implemented: __itt_mark_global_off
14584 : 0x2aeae764c3 : 2 : ittapi_config_apply_per_lib :  ITTAPI function instrumented: __itt_stack_caller_create
14584 : 0x2aeae764cf : 2 : ittapi_config_apply_per_lib :  ITTAPI function instrumented: __itt_stack_caller_destroy
14584 : 0x2aeae764dc : 2 : ittapi_config_apply_per_lib :  ITTAPI function instrumented: __itt_stack_callee_enter
14584 : 0x2aeae764e8 : 2 : ittapi_config_apply_per_lib :  ITTAPI function instrumented: __itt_stack_callee_leave
14584 : 0x2aeae764f4 : 2 : ittapi_config_apply_per_lib :  ITTAPI function not implemented: __itt_clock_domain_create
14584 : 0x2aeae7651d : 2 : ittapi_config_apply_per_lib :  ITTAPI function not implemented: __itt_clock_domain_reset
14584 : 0x2aeae7652a : 2 : ittapi_config_apply_per_lib :  ITTAPI function not implemented: __itt_id_create_ex
14584 : 0x2aeae76537 : 2 : ittapi_config_apply_per_lib :  ITTAPI function not implemented: __itt_id_destroy_ex
14584 : 0x2aeae76544 : 2 : ittapi_config_apply_per_lib :  ITTAPI function not implemented: __itt_task_begin_ex
14584 : 0x2aeae76552 : 2 : ittapi_config_apply_per_lib :  ITTAPI function not implemented: __itt_task_begin_fn_ex
14584 : 0x2aeae7655f : 2 : ittapi_config_apply_per_lib :  ITTAPI function not implemented: __itt_task_end_ex
14584 : 0x2aeae7656b : 2 : ittapi_config_apply_per_lib :  ITTAPI function instrumented: __itt_task_begin_overlapped
14584 : 0x2aeae76578 : 2 : ittapi_config_apply_per_lib :  ITTAPI function not implemented: __itt_task_begin_overlapped_ex
14584 : 0x2aeae76585 : 2 : ittapi_config_apply_per_lib :  ITTAPI function instrumented: __itt_task_end_overlapped
14584 : 0x2aeae76591 : 2 : ittapi_config_apply_per_lib :  ITTAPI function not implemented: __itt_task_end_overlapped_ex
14584 : 0x2aeae765b2 : 2 : ittapi_config_apply_per_lib :  ITTAPI function not implemented: __itt_marker_ex
14584 : 0x2aeae765c1 : 2 : ittapi_config_apply_per_lib :  ITTAPI function not implemented: __itt_metadata_add_with_scope
14584 : 0x2aeae765ce : 2 : ittapi_config_apply_per_lib :  ITTAPI function not implemented: __itt_metadata_str_add_with_scopeA
14584 : 0x2aeae765dc : 2 : ittapi_config_apply_per_lib :  ITTAPI function not implemented: __itt_metadata_str_add_with_scopeW
14584 : 0x2aeae765ea : 2 : ittapi_config_apply_per_lib :  ITTAPI function not implemented: __itt_relation_add_to_current_ex
14584 : 0x2aeae765f7 : 2 : ittapi_config_apply_per_lib :  ITTAPI function not implemented: __itt_relation_add_ex
14584 : 0x2aeae76604 : 2 : ittapi_config_apply_per_lib :  ITTAPI function not implemented: __itt_track_group_create
14584 : 0x2aeae76611 : 2 : ittapi_config_apply_per_lib :  ITTAPI function not implemented: __itt_track_create
14584 : 0x2aeae7661e : 2 : ittapi_config_apply_per_lib :  ITTAPI function not implemented: __itt_set_track
14584 : 0x2aeae7662a : 2 : ittapi_config_apply_per_lib :  ITTAPI function instrumented: __itt_api_version
14584 : 0x2aeae7664a : 2 : ittapi_config_apply_per_lib :  ITTAPI function not implemented: __itt_av_saveA
14584 : 0x2aeae76657 : 2 : ittapi_config_apply_per_lib :  ITTAPI function not implemented: __itt_av_saveW
14584 : 0x2aeae76664 : 2 : ittapi_config_apply_per_lib :  ITTAPI function instrumented: __itt_module_loadA
14584 : 0x2aeae7666f : 2 : ittapi_config_apply_per_lib :  ITTAPI function instrumented: __itt_module_loadW
14584 : 0x2aeae7667c : 2 : ittapi_config_apply_per_lib :  ITTAPI function not implemented: __itt_module_unload
14584 : 0x2aeae76687 : 2 : ittapi_config_apply_per_lib :  ITTAPI function NOT instrumented (not matched by --itt-config option): __itt_histogram_submit

14584 : 0x2aeae7755c : 2 : ittapi_config_mask_get :  --itt-config mask to be applied: 183
14584 : 0x2aeae77573 : 2 : ittapi_config_apply_per_lib :  ITTAPI function instrumented: __itt_domain_createA
14584 : 0x2aeae77580 : 2 : ittapi_config_apply_per_lib :  ITTAPI function instrumented: __itt_domain_createW
14584 : 0x2aeae7758e : 2 : ittapi_config_apply_per_lib :  ITTAPI function instrumented: __itt_module_load_with_sections
14584 : 0x2aeae775d4 : 2 : ittapi_config_apply_per_lib :  ITTAPI function not implemented: __itt_module_unload_with_sections
14584 : 0x2aeae775e2 : 2 : ittapi_config_apply_per_lib :  ITTAPI function instrumented: __itt_string_handle_createA
14584 : 0x2aeae775ed : 2 : ittapi_config_apply_per_lib :  ITTAPI function instrumented: __itt_string_handle_createW
14584 : 0x2aeae775fa : 2 : ittapi_config_apply_per_lib :  ITTAPI function instrumented: __itt_counter_createA
14584 : 0x2aeae77605 : 2 : ittapi_config_apply_per_lib :  ITTAPI function instrumented: __itt_counter_createW
14584 : 0x2aeae77611 : 2 : ittapi_config_apply_per_lib :  ITTAPI function instrumented: __itt_counter_create_typedA
14584 : 0x2aeae7761d : 2 : ittapi_config_apply_per_lib :  ITTAPI function instrumented: __itt_counter_create_typedW
14584 : 0x2aeae77629 : 2 : ittapi_config_apply_per_lib :  ITTAPI function instrumented: __itt_pause
14584 : 0x2aeae77635 : 2 : ittapi_config_apply_per_lib :  ITTAPI function instrumented: __itt_resume
14584 : 0x2aeae77642 : 2 : ittapi_config_apply_per_lib :  ITTAPI function instrumented: __itt_thread_set_nameA
14584 : 0x2aeae7766a : 2 : ittapi_config_apply_per_lib :  ITTAPI function instrumented: __itt_thread_set_nameW
14584 : 0x2aeae77677 : 2 : ittapi_config_apply_per_lib :  ITTAPI function instrumented: __itt_thread_ignore
14584 : 0x2aeae77683 : 2 : ittapi_config_apply_per_lib :  ITTAPI function instrumented: __itt_thr_name_setA
14584 : 0x2aeae7768f : 2 : ittapi_config_apply_per_lib :  ITTAPI function instrumented: __itt_thr_name_setW
14584 : 0x2aeae7769b : 2 : ittapi_config_apply_per_lib :  ITTAPI function instrumented: __itt_thr_ignore
14584 : 0x2aeae776a8 : 2 : ittapi_config_apply_per_lib :  ITTAPI function not implemented: __itt_enable_attach
14584 : 0x2aeae776b4 : 2 : ittapi_config_apply_per_lib :  ITTAPI function instrumented: __itt_detach
14584 : 0x2aeae776be : 2 : ittapi_config_apply_per_lib :  ITTAPI function NOT instrumented (not matched by --itt-config option): __itt_sync_createA

14584 : 0x2aeae776ce : 2 : ittapi_config_apply_per_lib :  ITTAPI function NOT instrumented (not matched by --itt-config option): __itt_sync_createW

14584 : 0x2aeae776dd : 2 : ittapi_config_apply_per_lib :  ITTAPI function NOT instrumented (not matched by --itt-config option): __itt_sync_renameA

14584 : 0x2aeae776ff : 2 : ittapi_config_apply_per_lib :  ITTAPI function NOT instrumented (not matched by --itt-config option): __itt_sync_renameW

14584 : 0x2aeae7770e : 2 : ittapi_config_apply_per_lib :  ITTAPI function NOT instrumented (not matched by --itt-config option): __itt_sync_destroy

14584 : 0x2aeae7771d : 2 : ittapi_config_apply_per_lib :  ITTAPI function NOT instrumented (not matched by --itt-config option): __itt_sync_prepare

14584 : 0x2aeae7772b : 2 : ittapi_config_apply_per_lib :  ITTAPI function NOT instrumented (not matched by --itt-config option): __itt_sync_cancel

14584 : 0x2aeae7773a : 2 : ittapi_config_apply_per_lib :  ITTAPI function NOT instrumented (not matched by --itt-config option): __itt_sync_acquired

14584 : 0x2aeae77748 : 2 : ittapi_config_apply_per_lib :  ITTAPI function NOT instrumented (not matched by --itt-config option): __itt_sync_releasing

14584 : 0x2aeae7775c : 2 : ittapi_config_apply_per_lib :  ITTAPI function not implemented: __itt_suppress_push
14584 : 0x2aeae77769 : 2 : ittapi_config_apply_per_lib :  ITTAPI function not implemented: __itt_suppress_pop
14584 : 0x2aeae77776 : 2 : ittapi_config_apply_per_lib :  ITTAPI function not implemented: __itt_suppress_mark_range
14584 : 0x2aeae77783 : 2 : ittapi_config_apply_per_lib :  ITTAPI function not implemented: __itt_suppress_clear_range
14584 : 0x2aeae777a8 : 2 : ittapi_config_apply_per_lib :  ITTAPI function NOT instrumented (not matched by --itt-config option): __itt_sync_prepare

14584 : 0x2aeae777b7 : 2 : ittapi_config_apply_per_lib :  ITTAPI function NOT instrumented (not matched by --itt-config option): __itt_sync_cancel

14584 : 0x2aeae777c5 : 2 : ittapi_config_apply_per_lib :  ITTAPI function NOT instrumented (not matched by --itt-config option): __itt_sync_acquired

14584 : 0x2aeae777d4 : 2 : ittapi_config_apply_per_lib :  ITTAPI function NOT instrumented (not matched by --itt-config option): __itt_sync_releasing

14584 : 0x2aeae777e7 : 2 : ittapi_config_apply_per_lib :  ITTAPI function instrumented: __itt_model_site_begin
14584 : 0x2aeae777f3 : 2 : ittapi_config_apply_per_lib :  ITTAPI function instrumented: __itt_model_site_end
14584 : 0x2aeae7780c : 2 : ittapi_config_apply_per_lib :  ITTAPI function instrumented: __itt_model_task_begin
14584 : 0x2aeae77818 : 2 : ittapi_config_apply_per_lib :  ITTAPI function instrumented: __itt_model_task_end
14584 : 0x2aeae77825 : 2 : ittapi_config_apply_per_lib :  ITTAPI function instrumented: __itt_model_lock_acquire
14584 : 0x2aeae77833 : 2 : ittapi_config_apply_per_lib :  ITTAPI function instrumented: __itt_model_lock_release
14584 : 0x2aeae77858 : 2 : ittapi_config_apply_per_lib :  ITTAPI function not implemented: __itt_model_record_allocation
14584 : 0x2aeae77865 : 2 : ittapi_config_apply_per_lib :  ITTAPI function not implemented: __itt_model_record_deallocation
14584 : 0x2aeae77873 : 2 : ittapi_config_apply_per_lib :  ITTAPI function not implemented: __itt_model_induction_uses
14584 : 0x2aeae77880 : 2 : ittapi_config_apply_per_lib :  ITTAPI function not implemented: __itt_model_reduction_uses
14584 : 0x2aeae7788d : 2 : ittapi_config_apply_per_lib :  ITTAPI function not implemented: __itt_model_observe_uses
14584 : 0x2aeae7789a : 2 : ittapi_config_apply_per_lib :  ITTAPI function not implemented: __itt_model_clear_uses
14584 : 0x2aeae778a7 : 2 : ittapi_config_apply_per_lib :  ITTAPI function instrumented: __itt_model_site_beginW
14584 : 0x2aeae778b3 : 2 : ittapi_config_apply_per_lib :  ITTAPI function instrumented: __itt_model_task_beginW
14584 : 0x2aeae778bf : 2 : ittapi_config_apply_per_lib :  ITTAPI function instrumented: __itt_model_iteration_taskW
14584 : 0x2aeae778cc : 2 : ittapi_config_apply_per_lib :  ITTAPI function instrumented: __itt_model_site_beginA
14584 : 0x2aeae778ec : 2 : ittapi_config_apply_per_lib :  ITTAPI function instrumented: __itt_model_site_beginAL
14584 : 0x2aeae778f8 : 2 : ittapi_config_apply_per_lib :  ITTAPI function instrumented: __itt_model_task_beginA
14584 : 0x2aeae77904 : 2 : ittapi_config_apply_per_lib :  ITTAPI function instrumented: __itt_model_task_beginAL
14584 : 0x2aeae77910 : 2 : ittapi_config_apply_per_lib :  ITTAPI function instrumented: __itt_model_iteration_taskA
14584 : 0x2aeae7791c : 2 : ittapi_config_apply_per_lib :  ITTAPI function instrumented: __itt_model_iteration_taskAL
14584 : 0x2aeae77928 : 2 : ittapi_config_apply_per_lib :  ITTAPI function instrumented: __itt_model_site_end_2
14584 : 0x2aeae77934 : 2 : ittapi_config_apply_per_lib :  ITTAPI function instrumented: __itt_model_task_end_2
14584 : 0x2aeae77940 : 2 : ittapi_config_apply_per_lib :  ITTAPI function instrumented: __itt_model_lock_acquire_2
14584 : 0x2aeae7794c : 2 : ittapi_config_apply_per_lib :  ITTAPI function instrumented: __itt_model_lock_release_2
14584 : 0x2aeae77958 : 2 : ittapi_config_apply_per_lib :  ITTAPI function instrumented: __itt_model_aggregate_task
14584 : 0x2aeae77976 : 2 : ittapi_config_apply_per_lib :  ITTAPI function instrumented: __itt_model_disable_push
14584 : 0x2aeae77982 : 2 : ittapi_config_apply_per_lib :  ITTAPI function instrumented: __itt_model_disable_pop
14584 : 0x2aeae7798f : 2 : ittapi_config_apply_per_lib :  ITTAPI function instrumented: __itt_heap_function_createA
14584 : 0x2aeae7799a : 2 : ittapi_config_apply_per_lib :  ITTAPI function instrumented: __itt_heap_function_createW
14584 : 0x2aeae779a6 : 2 : ittapi_config_apply_per_lib :  ITTAPI function instrumented: __itt_heap_allocate_begin
14584 : 0x2aeae779b3 : 2 : ittapi_config_apply_per_lib :  ITTAPI function instrumented: __itt_heap_allocate_end
14584 : 0x2aeae779bf : 2 : ittapi_config_apply_per_lib :  ITTAPI function instrumented: __itt_heap_free_begin
14584 : 0x2aeae779ca : 2 : ittapi_config_apply_per_lib :  ITTAPI function instrumented: __itt_heap_free_end
14584 : 0x2aeae779d7 : 2 : ittapi_config_apply_per_lib :  ITTAPI function instrumented: __itt_heap_reallocate_begin
14584 : 0x2aeae779e3 : 2 : ittapi_config_apply_per_lib :  ITTAPI function instrumented: __itt_heap_reallocate_end
14584 : 0x2aeae77a0a : 2 : ittapi_config_apply_per_lib :  ITTAPI function not implemented: __itt_heap_internal_access_begin
14584 : 0x2aeae77a18 : 2 : ittapi_config_apply_per_lib :  ITTAPI function not implemented: __itt_heap_internal_access_end
14584 : 0x2aeae77a26 : 2 : ittapi_config_apply_per_lib :  ITTAPI function not implemented: __itt_heap_record_memory_growth_begin
14584 : 0x2aeae77a34 : 2 : ittapi_config_apply_per_lib :  ITTAPI function not implemented: __itt_heap_record_memory_growth_end
14584 : 0x2aeae77a41 : 2 : ittapi_config_apply_per_lib :  ITTAPI function not implemented: __itt_heap_reset_detection
14584 : 0x2aeae77a4d : 2 : ittapi_config_apply_per_lib :  ITTAPI function not implemented: __itt_heap_record
14584 : 0x2aeae77a5b : 2 : ittapi_config_apply_per_lib :  ITTAPI function not implemented: __itt_id_create
14584 : 0x2aeae77a68 : 2 : ittapi_config_apply_per_lib :  ITTAPI function not implemented: __itt_id_destroy
14584 : 0x2aeae77a74 : 2 : ittapi_config_apply_per_lib :  ITTAPI function instrumented: __itt_get_timestamp
14584 : 0x2aeae77a81 : 2 : ittapi_config_apply_per_lib :  ITTAPI function not implemented: __itt_region_begin
14584 : 0x2aeae77aa4 : 2 : ittapi_config_apply_per_lib :  ITTAPI function not implemented: __itt_region_end
14584 : 0x2aeae77ab1 : 2 : ittapi_config_apply_per_lib :  ITTAPI function instrumented: __itt_frame_begin_v3
14584 : 0x2aeae77abd : 2 : ittapi_config_apply_per_lib :  ITTAPI function instrumented: __itt_frame_end_v3
14584 : 0x2aeae77aca : 2 : ittapi_config_apply_per_lib :  ITTAPI function instrumented: __itt_frame_submit_v3
14584 : 0x2aeae77ad7 : 2 : ittapi_config_apply_per_lib :  ITTAPI function not implemented: __itt_task_group
14584 : 0x2aeae77ae4 : 2 : ittapi_config_apply_per_lib :  ITTAPI function instrumented: __itt_task_begin
14584 : 0x2aeae77af0 : 2 : ittapi_config_apply_per_lib :  ITTAPI function instrumented: __itt_task_begin_fn
14584 : 0x2aeae77afc : 2 : ittapi_config_apply_per_lib :  ITTAPI function instrumented: __itt_task_end
14584 : 0x2aeae77b09 : 2 : ittapi_config_apply_per_lib :  ITTAPI function not implemented: __itt_counter_inc_v3
14584 : 0x2aeae77b17 : 2 : ittapi_config_apply_per_lib :  ITTAPI function not implemented: __itt_counter_inc_delta_v3
14584 : 0x2aeae77b37 : 2 : ittapi_config_apply_per_lib :  ITTAPI function not implemented: __itt_counter_dec_v3
14584 : 0x2aeae77b45 : 2 : ittapi_config_apply_per_lib :  ITTAPI function not implemented: __itt_counter_dec_delta_v3
14584 : 0x2aeae77b52 : 2 : ittapi_config_apply_per_lib :  ITTAPI function not implemented: __itt_marker
14584 : 0x2aeae77b5e : 2 : ittapi_config_apply_per_lib :  ITTAPI function instrumented: __itt_metadata_add
14584 : 0x2aeae77b6b : 2 : ittapi_config_apply_per_lib :  ITTAPI function not implemented: __itt_metadata_str_addA
14584 : 0x2aeae77b78 : 2 : ittapi_config_apply_per_lib :  ITTAPI function not implemented: __itt_metadata_str_addW
14584 : 0x2aeae77b85 : 2 : ittapi_config_apply_per_lib :  ITTAPI function not implemented: __itt_relation_add_to_current
14584 : 0x2aeae77b92 : 2 : ittapi_config_apply_per_lib :  ITTAPI function not implemented: __itt_relation_add
14584 : 0x2aeae77b9e : 2 : ittapi_config_apply_per_lib :  ITTAPI function instrumented: __itt_event_createA
14584 : 0x2aeae77baa : 2 : ittapi_config_apply_per_lib :  ITTAPI function instrumented: __itt_event_createW
14584 : 0x2aeae77bc8 : 2 : ittapi_config_apply_per_lib :  ITTAPI function instrumented: __itt_event_start
14584 : 0x2aeae77bd4 : 2 : ittapi_config_apply_per_lib :  ITTAPI function instrumented: __itt_event_end
14584 : 0x2aeae77bde : 2 : ittapi_config_apply_per_lib :  ITTAPI function NOT instrumented (not matched by --itt-config option): __itt_sync_set_nameA

14584 : 0x2aeae77bed : 2 : ittapi_config_apply_per_lib :  ITTAPI function NOT instrumented (not matched by --itt-config option): __itt_sync_set_nameW

14584 : 0x2aeae77bfc : 2 : ittapi_config_apply_per_lib :  ITTAPI function NOT instrumented (not matched by --itt-config option): __itt_notify_sync_nameA

14584 : 0x2aeae77c0b : 2 : ittapi_config_apply_per_lib :  ITTAPI function NOT instrumented (not matched by --itt-config option): __itt_notify_sync_nameW

14584 : 0x2aeae77c19 : 2 : ittapi_config_apply_per_lib :  ITTAPI function NOT instrumented (not matched by --itt-config option): __itt_notify_sync_prepare

14584 : 0x2aeae77c28 : 2 : ittapi_config_apply_per_lib :  ITTAPI function NOT instrumented (not matched by --itt-config option): __itt_notify_sync_cancel

14584 : 0x2aeae77c37 : 2 : ittapi_config_apply_per_lib :  ITTAPI function NOT instrumented (not matched by --itt-config option): __itt_notify_sync_acquired

14584 : 0x2aeae77c46 : 2 : ittapi_config_apply_per_lib :  ITTAPI function NOT instrumented (not matched by --itt-config option): __itt_notify_sync_releasing

14584 : 0x2aeae77d51 : 2 : ittapi_config_apply_per_lib :  ITTAPI function not implemented: __itt_memory_read
14584 : 0x2aeae77d69 : 2 : ittapi_config_apply_per_lib :  ITTAPI function not implemented: __itt_memory_write
14584 : 0x2aeae77d7d : 2 : ittapi_config_apply_per_lib :  ITTAPI function not implemented: __itt_memory_update
14584 : 0x2aeae77d90 : 2 : ittapi_config_apply_per_lib :  ITTAPI function not implemented: __itt_state_get
14584 : 0x2aeae77da2 : 2 : ittapi_config_apply_per_lib :  ITTAPI function not implemented: __itt_state_set
14584 : 0x2aeae77db6 : 2 : ittapi_config_apply_per_lib :  ITTAPI function not implemented: __itt_obj_mode_set
14584 : 0x2aeae77dcc : 2 : ittapi_config_apply_per_lib :  ITTAPI function not implemented: __itt_thr_mode_set
14584 : 0x2aeae77ddd : 2 : ittapi_config_apply_per_lib :  ITTAPI function instrumented: __itt_frame_createA
14584 : 0x2aeae77de9 : 2 : ittapi_config_apply_per_lib :  ITTAPI function instrumented: __itt_frame_createW
14584 : 0x2aeae77df5 : 2 : ittapi_config_apply_per_lib :  ITTAPI function instrumented: __itt_pt_region_createA
14584 : 0x2aeae77e22 : 2 : ittapi_config_apply_per_lib :  ITTAPI function instrumented: __itt_pt_region_createW
14584 : 0x2aeae77e30 : 2 : ittapi_config_apply_per_lib :  ITTAPI function instrumented: __itt_frame_begin
14584 : 0x2aeae77e3c : 2 : ittapi_config_apply_per_lib :  ITTAPI function instrumented: __itt_frame_end
14584 : 0x2aeae77e4a : 2 : ittapi_config_apply_per_lib :  ITTAPI function not implemented: __itt_counter_destroy
14584 : 0x2aeae77e56 : 2 : ittapi_config_apply_per_lib :  ITTAPI function instrumented: __itt_counter_inc
14584 : 0x2aeae77e63 : 2 : ittapi_config_apply_per_lib :  ITTAPI function instrumented: __itt_counter_inc_delta
14584 : 0x2aeae77e6f : 2 : ittapi_config_apply_per_lib :  ITTAPI function instrumented: __itt_counter_dec
14584 : 0x2aeae77e7b : 2 : ittapi_config_apply_per_lib :  ITTAPI function instrumented: __itt_counter_dec_delta
14584 : 0x2aeae77e87 : 2 : ittapi_config_apply_per_lib :  ITTAPI function instrumented: __itt_counter_set_value
14584 : 0x2aeae77e94 : 2 : ittapi_config_apply_per_lib :  ITTAPI function not implemented: __itt_counter_set_value_ex
14584 : 0x2aeae77eb4 : 2 : ittapi_config_apply_per_lib :  ITTAPI function not implemented: __itt_mark_createA
14584 : 0x2aeae77ec1 : 2 : ittapi_config_apply_per_lib :  ITTAPI function not implemented: __itt_mark_createW
14584 : 0x2aeae77ece : 2 : ittapi_config_apply_per_lib :  ITTAPI function not implemented: __itt_markA
14584 : 0x2aeae77edb : 2 : ittapi_config_apply_per_lib :  ITTAPI function not implemented: __itt_markW
14584 : 0x2aeae77ee8 : 2 : ittapi_config_apply_per_lib :  ITTAPI function not implemented: __itt_mark_off
14584 : 0x2aeae77ef5 : 2 : ittapi_config_apply_per_lib :  ITTAPI function not implemented: __itt_mark_globalA
14584 : 0x2aeae77f01 : 2 : ittapi_config_apply_per_lib :  ITTAPI function not implemented: __itt_mark_globalW
14584 : 0x2aeae77f0f : 2 : ittapi_config_apply_per_lib :  ITTAPI function not implemented: __itt_mark_global_off
14584 : 0x2aeae77f1c : 2 : ittapi_config_apply_per_lib :  ITTAPI function instrumented: __itt_stack_caller_create
14584 : 0x2aeae77f28 : 2 : ittapi_config_apply_per_lib :  ITTAPI function instrumented: __itt_stack_caller_destroy
14584 : 0x2aeae77f51 : 2 : ittapi_config_apply_per_lib :  ITTAPI function instrumented: __itt_stack_callee_enter
14584 : 0x2aeae77f5e : 2 : ittapi_config_apply_per_lib :  ITTAPI function instrumented: __itt_stack_callee_leave
14584 : 0x2aeae77f6b : 2 : ittapi_config_apply_per_lib :  ITTAPI function not implemented: __itt_clock_domain_create
14584 : 0x2aeae77f78 : 2 : ittapi_config_apply_per_lib :  ITTAPI function not implemented: __itt_clock_domain_reset
14584 : 0x2aeae77f85 : 2 : ittapi_config_apply_per_lib :  ITTAPI function not implemented: __itt_id_create_ex
14584 : 0x2aeae77f91 : 2 : ittapi_config_apply_per_lib :  ITTAPI function not implemented: __itt_id_destroy_ex
14584 : 0x2aeae77f9f : 2 : ittapi_config_apply_per_lib :  ITTAPI function not implemented: __itt_task_begin_ex
14584 : 0x2aeae77fad : 2 : ittapi_config_apply_per_lib :  ITTAPI function not implemented: __itt_task_begin_fn_ex
14584 : 0x2aeae77fba : 2 : ittapi_config_apply_per_lib :  ITTAPI function not implemented: __itt_task_end_ex
14584 : 0x2aeae77fc7 : 2 : ittapi_config_apply_per_lib :  ITTAPI function instrumented: __itt_task_begin_overlapped
14584 : 0x2aeae77feb : 2 : ittapi_config_apply_per_lib :  ITTAPI function not implemented: __itt_task_begin_overlapped_ex
14584 : 0x2aeae77ff7 : 2 : ittapi_config_apply_per_lib :  ITTAPI function instrumented: __itt_task_end_overlapped
14584 : 0x2aeae78004 : 2 : ittapi_config_apply_per_lib :  ITTAPI function not implemented: __itt_task_end_overlapped_ex
14584 : 0x2aeae78011 : 2 : ittapi_config_apply_per_lib :  ITTAPI function not implemented: __itt_marker_ex
14584 : 0x2aeae7801e : 2 : ittapi_config_apply_per_lib :  ITTAPI function not implemented: __itt_metadata_add_with_scope
14584 : 0x2aeae7802c : 2 : ittapi_config_apply_per_lib :  ITTAPI function not implemented: __itt_metadata_str_add_with_scopeA
14584 : 0x2aeae7803a : 2 : ittapi_config_apply_per_lib :  ITTAPI function not implemented: __itt_metadata_str_add_with_scopeW
14584 : 0x2aeae78047 : 2 : ittapi_config_apply_per_lib :  ITTAPI function not implemented: __itt_relation_add_to_current_ex
14584 : 0x2aeae78054 : 2 : ittapi_config_apply_per_lib :  ITTAPI function not implemented: __itt_relation_add_ex
14584 : 0x2aeae78061 : 2 : ittapi_config_apply_per_lib :  ITTAPI function not implemented: __itt_track_group_create
14584 : 0x2aeae78081 : 2 : ittapi_config_apply_per_lib :  ITTAPI function not implemented: __itt_track_create
14584 : 0x2aeae7808f : 2 : ittapi_config_apply_per_lib :  ITTAPI function not implemented: __itt_set_track
14584 : 0x2aeae7809b : 2 : ittapi_config_apply_per_lib :  ITTAPI function instrumented: __itt_api_version
14584 : 0x2aeae780a8 : 2 : ittapi_config_apply_per_lib :  ITTAPI function not implemented: __itt_av_saveA
14584 : 0x2aeae780b5 : 2 : ittapi_config_apply_per_lib :  ITTAPI function not implemented: __itt_av_saveW
14584 : 0x2aeae780c2 : 2 : ittapi_config_apply_per_lib :  ITTAPI function instrumented: __itt_module_loadA
14584 : 0x2aeae780ce : 2 : ittapi_config_apply_per_lib :  ITTAPI function instrumented: __itt_module_loadW
14584 : 0x2aeae780da : 2 : ittapi_config_apply_per_lib :  ITTAPI function not implemented: __itt_module_unload