<?xml version="1.0" encoding="utf-8"?>
<log version="1.0" tool="runtool">

<msg id="1" tool="runtool">
  <type>log-start</type>
  <arg>2024/05/10 18:31:39</arg>
</msg>
<msg id="2" tool="runtool">
  <type>collector-starts</type>
</msg>
<msg id="3" tool="runtool">
  <type>marker-file</type>
  <arg>D:\раб стол\УНИК\Мага\2 сем\Гетерогенные\labs\siw\inspector\srs\r004ti3\r004ti3.inspxe</arg>
</msg>
<msg id="4" tool="tc">
  <type>START</type>
  <severity>INFO</severity>
  <timestamp>Fri May 10 18:31:39 2024</timestamp>
</msg>
<msg id="5" tool="tc">
  <type>EXEC_OF_INTEREST</type>
  <arg>d:\раб стол\УНИК\Мага\2 сем\Гетерогенные\labs\siw\build\getor\getor.exe</arg>
  <arg>15944</arg>
  <severity>INFO</severity>
  <timestamp>Fri May 10 18:31:39 2024</timestamp>
</msg>
<msg id="6" tool="tc">
  <type>LOAD_MODULE</type>
  <arg>d:\раб стол\УНИК\Мага\2 сем\Гетерогенные\labs\siw\build\getor\getor.exe</arg>
  <arg>0x7ff7b3980000</arg>
  <arg>0x7ff7b3a8ffff</arg>
  <arg>2</arg>
  <severity>INFO</severity>
  <timestamp>Fri May 10 18:31:39 2024</timestamp>
</msg>
<msg id="7" tool="tc">
  <type>LOAD_MODULE</type>
  <arg>c:\windows\system32\kernelbase.dll</arg>
  <arg>0x7ff8acb50000</arg>
  <arg>0x7ff8aceebfff</arg>
  <arg>3</arg>
  <severity>INFO</severity>
  <timestamp>Fri May 10 18:31:39 2024</timestamp>
</msg>
<msg id="8" tool="tc">
  <type>LOAD_MODULE</type>
  <arg>c:\windows\system32\kernel32.dll</arg>
  <arg>0x7ff8af240000</arg>
  <arg>0x7ff8af302fff</arg>
  <arg>4</arg>
  <severity>INFO</severity>
  <timestamp>Fri May 10 18:31:40 2024</timestamp>
</msg>
<msg id="9" tool="tc">
  <type>LOAD_MODULE</type>
  <arg>c:\windows\system32\ntdll.dll</arg>
  <arg>0x7ff8af690000</arg>
  <arg>0x7ff8af8a3fff</arg>
  <arg>5</arg>
  <severity>INFO</severity>
  <timestamp>Fri May 10 18:31:40 2024</timestamp>
</msg>
<msg id="10" tool="tc">
  <type>LOAD_MODULE</type>
  <arg>c:\windows\system32\msvcp140d.dll</arg>
  <arg>0x7ff818590000</arg>
  <arg>0x7ff818670fff</arg>
  <arg>6</arg>
  <severity>INFO</severity>
  <timestamp>Fri May 10 18:31:40 2024</timestamp>
</msg>
<msg id="11" tool="tc">
  <type>LOAD_MODULE</type>
  <arg>c:\windows\system32\ucrtbased.dll</arg>
  <arg>0x7ff818360000</arg>
  <arg>0x7ff818580fff</arg>
  <arg>7</arg>
  <severity>INFO</severity>
  <timestamp>Fri May 10 18:31:41 2024</timestamp>
</msg>
<msg id="12" tool="tc">
  <type>LOAD_MODULE</type>
  <arg>c:\windows\system32\vcruntime140d.dll</arg>
  <arg>0x7ff8a0130000</arg>
  <arg>0x7ff8a015dfff</arg>
  <arg>8</arg>
  <severity>INFO</severity>
  <timestamp>Fri May 10 18:31:41 2024</timestamp>
</msg>
<msg id="13" tool="tc">
  <type>LOAD_MODULE</type>
  <arg>c:\program files (x86)\intel\oneapi\compiler\latest\bin\libiomp5md.dll</arg>
  <arg>0x7ff818130000</arg>
  <arg>0x7ff81835cfff</arg>
  <arg>9</arg>
  <severity>INFO</severity>
  <timestamp>Fri May 10 18:31:41 2024</timestamp>
</msg>
<msg id="14" tool="tc">
  <type>LOAD_MODULE</type>
  <arg>c:\windows\system32\ucrtbase.dll</arg>
  <arg>0x7ff8acef0000</arg>
  <arg>0x7ff8ad000fff</arg>
  <arg>10</arg>
  <severity>INFO</severity>
  <timestamp>Fri May 10 18:31:41 2024</timestamp>
</msg>
<msg id="15" tool="tc">
  <type>LOAD_MODULE</type>
  <arg>c:\windows\system32\vcruntime140_1d.dll</arg>
  <arg>0x7ff8a17c0000</arg>
  <arg>0x7ff8a17cefff</arg>
  <arg>11</arg>
  <severity>INFO</severity>
  <timestamp>Fri May 10 18:31:41 2024</timestamp>
</msg>
<msg id="16" tool="tc">
  <type>LOAD_MODULE</type>
  <arg>c:\windows\system32\vcruntime140.dll</arg>
  <arg>0x7ff89f690000</arg>
  <arg>0x7ff89f6acfff</arg>
  <arg>12</arg>
  <severity>INFO</severity>
  <timestamp>Fri May 10 18:31:41 2024</timestamp>
</msg>
<msg id="17" tool="tc">
  <type>LOAD_MODULE</type>
  <arg>c:\program files (x86)\intel\oneapi\inspector\2024.0\bin64\runtime\libittnotify.dll</arg>
  <arg>0x7ff896290000</arg>
  <arg>0x7ff896300fff</arg>
  <arg>13</arg>
  <severity>INFO</severity>
  <timestamp>Fri May 10 18:31:43 2024</timestamp>
</msg>
<msg id="18" tool="tc">
  <type>LOAD_MODULE</type>
  <arg>c:\windows\system32\advapi32.dll</arg>
  <arg>0x7ff8af0d0000</arg>
  <arg>0x7ff8af17dfff</arg>
  <arg>14</arg>
  <severity>INFO</severity>
  <timestamp>Fri May 10 18:31:43 2024</timestamp>
</msg>
<msg id="19" tool="tc">
  <type>LOAD_MODULE</type>
  <arg>c:\windows\system32\msvcrt.dll</arg>
  <arg>0x7ff8adf80000</arg>
  <arg>0x7ff8ae026fff</arg>
  <arg>15</arg>
  <severity>INFO</severity>
  <timestamp>Fri May 10 18:31:43 2024</timestamp>
</msg>
<msg id="20" tool="tc">
  <type>LOAD_MODULE</type>
  <arg>c:\windows\system32\sechost.dll</arg>
  <arg>0x7ff8ae030000</arg>
  <arg>0x7ff8ae0d3fff</arg>
  <arg>16</arg>
  <severity>INFO</severity>
  <timestamp>Fri May 10 18:31:43 2024</timestamp>
</msg>
<msg id="21" tool="tc">
  <type>LOAD_MODULE</type>
  <arg>c:\windows\system32\rpcrt4.dll</arg>
  <arg>0x7ff8ad4a0000</arg>
  <arg>0x7ff8ad5b4fff</arg>
  <arg>17</arg>
  <severity>INFO</severity>
  <timestamp>Fri May 10 18:31:43 2024</timestamp>
</msg>
<msg id="22" tool="tc">
  <type>HEARTBEAT</type>
  <arg>16752,15312,15820,16920</arg>
  <arg>1,1,1,0</arg>
  <arg>1691,1011,3036,55558</arg>
  <severity>INFO</severity>
  <timestamp>Fri May 10 18:31:43 2024</timestamp>
</msg>
<msg id="23" tool="tc">
  <type>LOAD_MODULE</type>
  <arg>c:\windows\system32\cryptbase.dll</arg>
  <arg>0x7ff8ac300000</arg>
  <arg>0x7ff8ac30bfff</arg>
  <arg>18</arg>
  <severity>INFO</severity>
  <timestamp>Fri May 10 18:31:43 2024</timestamp>
</msg>
<msg id="24" tool="tc">
  <type>LOAD_MODULE</type>
  <arg>c:\windows\system32\bcryptprimitives.dll</arg>
  <arg>0x7ff8acad0000</arg>
  <arg>0x7ff8acb4afff</arg>
  <arg>19</arg>
  <severity>INFO</severity>
  <timestamp>Fri May 10 18:31:44 2024</timestamp>
</msg>
<msg id="25" tool="tc">
  <type>HEARTBEAT</type>
  <arg>16752,15312,15820,16920</arg>
  <arg>1,1,1,0</arg>
  <arg>0,0,148,2387529</arg>
  <severity>INFO</severity>
  <timestamp>Fri May 10 18:31:44 2024</timestamp>
</msg>
<msg id="26" tool="tc">
  <type>LOAD_MODULE</type>
  <arg>c:\program files (x86)\intel\oneapi\inspector\2024.0\bin64\pinjitprofiling.dll</arg>
  <arg>0x7ff8a1310000</arg>
  <arg>0x7ff8a1317fff</arg>
  <arg>20</arg>
  <severity>INFO</severity>
  <timestamp>Fri May 10 18:31:44 2024</timestamp>
</msg>
<msg id="27" tool="tc">
  <type>LOAD_MODULE</type>
  <arg>dynamiccodebin</arg>
  <arg>0x0</arg>
  <arg>0x0</arg>
  <arg>21</arg>
  <severity>INFO</severity>
  <timestamp>Fri May 10 18:31:44 2024</timestamp>
</msg>
<msg id="28" tool="tc">
  <type>THREADNAME</type>
  <arg>16920</arg>
  <arg>OMP Primary Thread #0</arg>
  <severity>INFO</severity>
  <timestamp>Fri May 10 18:31:45 2024</timestamp>
</msg>
<msg id="29" tool="tc">
  <type>HEARTBEAT</type>
  <arg>2804,16068,15256,15644,11780,16640,11764,16280,1872,11608,2512,17008,240,16752,15312,15820,16920</arg>
  <arg>0,0,1,1,1,1,1,1,1,1,1,1,0,1,1,1,0</arg>
  <arg>4,16,37,34,35,58,35,34,34,34,34,39,199,0,0,0,32088</arg>
  <severity>INFO</severity>
  <timestamp>Fri May 10 18:31:45 2024</timestamp>
</msg>
<msg id="30" tool="tc">
  <type>CTSA_NO_STACK</type>
  <severity>WARNING</severity>
  <timestamp>Fri May 10 18:31:45 2024</timestamp>
</msg>
<msg id="31" tool="tc">
  <type>THREADNAME</type>
  <arg>13316</arg>
  <arg>OMP Worker Thread #15</arg>
  <severity>INFO</severity>
  <timestamp>Fri May 10 18:31:46 2024</timestamp>
</msg>
<msg id="32" tool="tc">
  <type>THREADNAME</type>
  <arg>14940</arg>
  <arg>OMP Worker Thread #14</arg>
  <severity>INFO</severity>
  <timestamp>Fri May 10 18:31:46 2024</timestamp>
</msg>
<msg id="33" tool="tc">
  <type>THREADNAME</type>
  <arg>2804</arg>
  <arg>OMP Worker Thread #13</arg>
  <severity>INFO</severity>
  <timestamp>Fri May 10 18:31:46 2024</timestamp>
</msg>
<msg id="34" tool="tc">
  <type>THREADNAME</type>
  <arg>16068</arg>
  <arg>OMP Worker Thread #12</arg>
  <severity>INFO</severity>
  <timestamp>Fri May 10 18:31:46 2024</timestamp>
</msg>
<msg id="35" tool="tc">
  <type>THREADNAME</type>
  <arg>15256</arg>
  <arg>OMP Worker Thread #11</arg>
  <severity>INFO</severity>
  <timestamp>Fri May 10 18:31:46 2024</timestamp>
</msg>
<msg id="36" tool="tc">
  <type>THREADNAME</type>
  <arg>15644</arg>
  <arg>OMP Worker Thread #10</arg>
  <severity>INFO</severity>
  <timestamp>Fri May 10 18:31:46 2024</timestamp>
</msg>
<msg id="37" tool="tc">
  <type>THREADNAME</type>
  <arg>11780</arg>
  <arg>OMP Worker Thread #9</arg>
  <severity>INFO</severity>
  <timestamp>Fri May 10 18:31:46 2024</timestamp>
</msg>
<msg id="38" tool="tc">
  <type>THREADNAME</type>
  <arg>16640</arg>
  <arg>OMP Worker Thread #8</arg>
  <severity>INFO</severity>
  <timestamp>Fri May 10 18:31:46 2024</timestamp>
</msg>
<msg id="39" tool="tc">
  <type>THREADNAME</type>
  <arg>11764</arg>
  <arg>OMP Worker Thread #7</arg>
  <severity>INFO</severity>
  <timestamp>Fri May 10 18:31:46 2024</timestamp>
</msg>
<msg id="40" tool="tc">
  <type>THREADNAME</type>
  <arg>16280</arg>
  <arg>OMP Worker Thread #6</arg>
  <severity>INFO</severity>
  <timestamp>Fri May 10 18:31:46 2024</timestamp>
</msg>
<msg id="41" tool="tc">
  <type>THREADNAME</type>
  <arg>1872</arg>
  <arg>OMP Worker Thread #5</arg>
  <severity>INFO</severity>
  <timestamp>Fri May 10 18:31:46 2024</timestamp>
</msg>
<msg id="42" tool="tc">
  <type>THREADNAME</type>
  <arg>11608</arg>
  <arg>OMP Worker Thread #4</arg>
  <severity>INFO</severity>
  <timestamp>Fri May 10 18:31:46 2024</timestamp>
</msg>
<msg id="43" tool="tc">
  <type>THREADNAME</type>
  <arg>2512</arg>
  <arg>OMP Worker Thread #3</arg>
  <severity>INFO</severity>
  <timestamp>Fri May 10 18:31:46 2024</timestamp>
</msg>
<msg id="44" tool="tc">
  <type>THREADNAME</type>
  <arg>17008</arg>
  <arg>OMP Worker Thread #2</arg>
  <severity>INFO</severity>
  <timestamp>Fri May 10 18:31:46 2024</timestamp>
</msg>
<msg id="45" tool="tc">
  <type>THREADNAME</type>
  <arg>240</arg>
  <arg>OMP Worker Thread #1</arg>
  <severity>INFO</severity>
  <timestamp>Fri May 10 18:31:46 2024</timestamp>
</msg>
<msg id="46" tool="tc">
  <type>HEARTBEAT</type>
  <arg>13316,14940,2804,16068,15256,15644,11780,16640,11764,16280,1872,11608,2512,17008,240,16752,15312,15820,16920</arg>
  <arg>0,0,0,0,0,0,0,0,0,0,0,0,0,0,0,1,1,1,0</arg>
  <arg>11766733,11631456,11583600,11480900,10948366,11760252,12272435,12035387,12572606,11844227,12386078,12308711,12056285,12563593,12487879,0,0,0,7467116</arg>
  <severity>INFO</severity>
  <timestamp>Fri May 10 18:31:46 2024</timestamp>
</msg>
<msg id="47" tool="tc">
  <type>HEARTBEAT</type>
  <arg>13316,14940,2804,16068,15256,15644,11780,16640,11764,16280,1872,11608,2512,17008,240,16752,15312,15820,16920</arg>
  <arg>0,0,0,0,0,0,0,0,0,0,0,0,0,0,0,1,1,1,0</arg>
  <arg>14768677,14597520,15181979,14311313,13974940,15239251,14575129,13452216,15131308,13086664,14987923,15267253,14492655,15069047,14964482,0,0,0,13434851</arg>
  <severity>INFO</severity>
  <timestamp>Fri May 10 18:31:47 2024</timestamp>
</msg>
<msg id="48" tool="tc">
  <type>HEARTBEAT</type>
  <arg>13316,14940,2804,16068,15256,15644,11780,16640,11764,16280,1872,11608,2512,17008,240,16752,15312,15820,16920</arg>
  <arg>0,0,0,0,0,0,0,0,0,0,0,0,0,0,0,1,1,1,0</arg>
  <arg>15424178,14398084,15121684,15101701,13291966,15471305,14964216,14254377,15450385,13502945,15345729,14981294,14749255,15466635,15404252,0,0,0,13841497</arg>
  <severity>INFO</severity>
  <timestamp>Fri May 10 18:31:48 2024</timestamp>
</msg>
<msg id="49" tool="tc">
  <type>HEARTBEAT</type>
  <arg>13316,14940,2804,16068,15256,15644,11780,16640,11764,16280,1872,11608,2512,17008,240,16752,15312,15820,16920</arg>
  <arg>0,0,0,0,0,0,0,0,0,0,0,0,0,0,0,1,1,1,0</arg>
  <arg>15190437,14863366,15191177,15053902,15027480,15011725,14395259,15063718,14962928,14284968,14650176,29555603,15229236,14835142,15090434,0,0,0,14328059</arg>
  <severity>INFO</severity>
  <timestamp>Fri May 10 18:31:49 2024</timestamp>
</msg>
<msg id="50" tool="tc">
  <type>HEARTBEAT</type>
  <arg>13316,14940,2804,16068,15256,15644,11780,16640,11764,16280,1872,11608,2512,17008,240,16752,15312,15820,16920</arg>
  <arg>0,0,0,0,0,0,0,0,0,0,0,0,0,0,0,1,1,1,0</arg>
  <arg>15366188,14909378,15175760,15026407,15134243,30211319,14571339,15400999,15278844,14564574,15347721,14541304,15383824,15016393,15383665,0,0,0,14128508</arg>
  <severity>INFO</severity>
  <timestamp>Fri May 10 18:31:50 2024</timestamp>
</msg>
<msg id="51" tool="tc">
  <type>HEARTBEAT</type>
  <arg>13316,14940,2804,16068,15256,15644,11780,16640,11764,16280,1872,11608,2512,17008,240,16752,15312,15820,16920</arg>
  <arg>0,0,0,0,0,0,0,0,0,0,0,0,0,0,0,1,1,1,0</arg>
  <arg>15288439,14976714,15109312,14949182,15075841,45091746,14763165,15224834,14982482,14631020,15245239,14416820,15231925,29961850,15293986,0,0,0,14872749</arg>
  <severity>INFO</severity>
  <timestamp>Fri May 10 18:31:51 2024</timestamp>
</msg>
<msg id="52" tool="tc">
  <type>HEARTBEAT</type>
  <arg>13316,14940,2804,16068,15256,15644,11780,16640,11764,16280,1872,11608,2512,17008,240,16752,15312,15820,16920</arg>
  <arg>0,0,0,0,0,0,0,0,0,0,0,0,0,0,0,1,1,1,0</arg>
  <arg>14917038,14094502,14685516,13627380,14149150,14833025,12537271,14972833,12216363,13952741,14724827,12500574,15067981,13874006,14884970,0,0,0,12750729</arg>
  <severity>INFO</severity>
  <timestamp>Fri May 10 18:31:52 2024</timestamp>
</msg>
<msg id="53" tool="tc">
  <type>HEARTBEAT</type>
  <arg>13316,14940,2804,16068,15256,15644,11780,16640,11764,16280,1872,11608,2512,17008,240,16752,15312,15820,16920</arg>
  <arg>0,0,0,0,0,0,0,0,0,0,0,0,0,0,0,1,1,1,0</arg>
  <arg>30006548,14792169,14964504,14594009,15207708,29729483,14453329,14786180,14578554,14381921,14752984,13893907,15140252,14661952,15006236,0,0,0,14370369</arg>
  <severity>INFO</severity>
  <timestamp>Fri May 10 18:31:53 2024</timestamp>
</msg>
<msg id="54" tool="tc">
  <type>HEARTBEAT</type>
  <arg>13316,14940,2804,16068,15256,15644,11780,16640,11764,16280,1872,11608,2512,17008,240,16752,15312,15820,16920</arg>
  <arg>1,1,1,1,1,1,0,0,1,0,1,0,1,1,1,1,1,1,0</arg>
  <arg>9073487,13506467,9962825,13641588,15089695,9623640,15462673,14370746,12658060,16308631,9370271,15415868,9428607,10752199,8335315,0,0,0,16522488</arg>
  <severity>INFO</severity>
  <timestamp>Fri May 10 18:31:54 2024</timestamp>
</msg>
<msg id="55" tool="tc">
  <type>HEARTBEAT</type>
  <arg>13316,14940,2804,16068,15256,15644,11780,16640,11764,16280,1872,11608,2512,17008,240,16752,15312,15820,16920</arg>
  <arg>0,0,0,0,0,0,0,0,0,0,0,0,0,0,0,1,1,1,0</arg>
  <arg>4671774,5450492,5394690,4679574,5004480,4544425,5298338,19572719,5085285,23406642,5075438,6656796,5133507,5146031,5066791,0,0,0,7564463</arg>
  <severity>INFO</severity>
  <timestamp>Fri May 10 18:31:55 2024</timestamp>
</msg>
<msg id="56" tool="tc">
  <type>HEARTBEAT</type>
  <arg>13316,14940,2804,16068,15256,15644,11780,16640,11764,16280,1872,11608,2512,17008,240,16752,15312,15820,16920</arg>
  <arg>0,0,0,0,0,0,0,0,0,0,0,0,0,0,0,1,1,1,0</arg>
  <arg>7309947,7870261,8073584,7146405,7775400,6828866,7638923,7967186,7738191,7943023,7781107,8028864,7987952,7948260,7377797,0,0,0,7310855</arg>
  <severity>INFO</severity>
  <timestamp>Fri May 10 18:31:56 2024</timestamp>
</msg>
<msg id="57" tool="tc">
  <type>HEARTBEAT</type>
  <arg>13316,14940,2804,16068,15256,15644,11780,16640,11764,16280,1872,11608,2512,17008,240,16752,15312,15820,16920</arg>
  <arg>0,0,1,0,0,0,1,0,1,1,1,1,1,1,0,1,1,1,0</arg>
  <arg>8292005,8755521,7958905,7994326,8351186,7583026,8303887,8406751,8500007,8623889,8487791,8697810,7970689,7963777,8114472,0,0,0,7937438</arg>
  <severity>INFO</severity>
  <timestamp>Fri May 10 18:31:57 2024</timestamp>
</msg>
<msg id="58" tool="tc">
  <type>HEARTBEAT</type>
  <arg>13316,14940,2804,16068,15256,15644,11780,16640,11764,16280,1872,11608,2512,17008,240,16752,15312,15820,16920</arg>
  <arg>0,0,0,0,0,0,0,0,0,0,0,0,0,0,0,1,1,1,0</arg>
  <arg>6146519,6023376,5479530,5981435,14403842,6069988,5901511,14474397,5948563,5692064,5739859,5794832,5813691,5796519,5891437,0,0,0,3698475</arg>
  <severity>INFO</severity>
  <timestamp>Fri May 10 18:31:58 2024</timestamp>
</msg>
<msg id="59" tool="tc">
  <type>HEARTBEAT</type>
  <arg>13316,14940,2804,16068,15256,15644,11780,16640,11764,16280,1872,11608,2512,17008,240,16752,15312,15820,16920</arg>
  <arg>0,0,0,0,0,0,0,0,0,0,0,0,0,0,0,1,1,1,0</arg>
  <arg>14936295,14715505,13022325,15019642,15238113,14938714,15119463,12843023,15173831,14582949,12877291,15150422,14738906,14439828,13195662,0,0,0,14994925</arg>
  <severity>INFO</severity>
  <timestamp>Fri May 10 18:31:59 2024</timestamp>
</msg>
<msg id="60" tool="tc">
  <type>HEARTBEAT</type>
  <arg>13316,14940,2804,16068,15256,15644,11780,16640,11764,16280,1872,11608,2512,17008,240,16752,15312,15820,16920</arg>
  <arg>0,0,0,0,0,0,0,0,0,0,0,0,0,0,0,1,1,1,0</arg>
  <arg>15014052,14981349,26307933,14473932,14782056,14820340,14850486,13609856,14958277,13734497,12940781,14700132,13635483,14429775,12173532,0,0,0,12954541</arg>
  <severity>INFO</severity>
  <timestamp>Fri May 10 18:32:00 2024</timestamp>
</msg>
<msg id="61" tool="tc">
  <type>HEARTBEAT</type>
  <arg>13316,14940,2804,16068,15256,15644,11780,16640,11764,16280,1872,11608,2512,17008,240,16752,15312,15820,16920</arg>
  <arg>0,0,0,0,0,0,0,0,0,0,0,0,0,0,0,1,1,1,0</arg>
  <arg>15087775,14976676,14092123,13585360,15069435,14831498,14983953,14438119,15100704,14011010,14286252,15170870,13682919,14755529,14425512,0,0,0,13893001</arg>
  <severity>INFO</severity>
  <timestamp>Fri May 10 18:32:01 2024</timestamp>
</msg>
<msg id="62" tool="tc">
  <type>HEARTBEAT</type>
  <arg>13316,14940,2804,16068,15256,15644,11780,16640,11764,16280,1872,11608,2512,17008,240,16752,15312,15820,16920</arg>
  <arg>0,0,0,0,0,0,0,0,0,0,0,0,0,0,0,1,1,1,0</arg>
  <arg>15060085,29802693,13967933,13840101,14972692,14766118,14978609,13387098,14974356,13994834,14225380,14832397,14087609,14192365,13860824,0,0,0,14830235</arg>
  <severity>INFO</severity>
  <timestamp>Fri May 10 18:32:02 2024</timestamp>
</msg>
<msg id="63" tool="tc">
  <type>HEARTBEAT</type>
  <arg>13316,14940,2804,16068,15256,15644,11780,16640,11764,16280,1872,11608,2512,17008,240,16752,15312,15820,16920</arg>
  <arg>0,0,0,0,0,0,0,0,0,0,0,0,0,0,0,1,1,1,0</arg>
  <arg>15190003,15117213,14594583,27911156,15228982,15087216,15110793,14482782,15152555,14436213,13836250,15135931,28477955,13696714,14596722,0,0,0,14758019</arg>
  <severity>INFO</severity>
  <timestamp>Fri May 10 18:32:03 2024</timestamp>
</msg>
<msg id="64" tool="tc">
  <type>HEARTBEAT</type>
  <arg>13316,14940,2804,16068,15256,15644,11780,16640,11764,16280,1872,11608,2512,17008,240,16752,15312,15820,16920</arg>
  <arg>0,0,0,0,0,0,0,0,0,0,0,0,0,0,0,1,1,1,0</arg>
  <arg>15308608,15182106,14568829,14448700,15248940,15107021,15193007,13730562,15197156,14556246,14085370,15056299,14232382,14627022,14425176,0,0,0,15156656</arg>
  <severity>INFO</severity>
  <timestamp>Fri May 10 18:32:04 2024</timestamp>
</msg>
<msg id="65" tool="tc">
  <type>HEARTBEAT</type>
  <arg>13316,14940,2804,16068,15256,15644,11780,16640,11764,16280,1872,11608,2512,17008,240,16752,15312,15820,16920</arg>
  <arg>0,0,0,0,0,0,0,0,0,0,0,0,0,0,0,1,1,1,0</arg>
  <arg>15588710,15427412,15398301,15334775,15402320,30562544,14897418,14822438,15366076,15232606,14502757,15243703,14933069,14586978,14682593,0,0,0,15077770</arg>
  <severity>INFO</severity>
  <timestamp>Fri May 10 18:32:05 2024</timestamp>
</msg>
<msg id="66" tool="tc">
  <type>HEARTBEAT</type>
  <arg>13316,14940,2804,16068,15256,15644,11780,16640,11764,16280,1872,11608,2512,17008,240,16752,15312,15820,16920</arg>
  <arg>0,0,0,0,0,0,0,0,0,0,0,0,0,0,0,1,1,1,0</arg>
  <arg>15191794,15090817,15261245,14679255,15154649,15284368,14974874,14339724,15219450,15271483,14485589,15211377,14587562,14369886,14571292,0,0,0,14675856</arg>
  <severity>INFO</severity>
  <timestamp>Fri May 10 18:32:06 2024</timestamp>
</msg>
<msg id="67" tool="tc">
  <type>HEARTBEAT</type>
  <arg>13316,14940,2804,16068,15256,15644,11780,16640,11764,16280,1872,11608,2512,17008,240,16752,15312,15820,16920</arg>
  <arg>0,0,0,0,0,0,0,0,0,0,0,0,0,0,0,1,1,1,0</arg>
  <arg>5104346,21429951,12652471,12310462,5286594,6121303,6744420,13716278,5293915,11760680,13785997,6081717,12155856,12035073,28015681,0,0,0,11252980</arg>
  <severity>INFO</severity>
  <timestamp>Fri May 10 18:32:07 2024</timestamp>
</msg>
<msg id="68" tool="tc">
  <type>HEARTBEAT</type>
  <arg>13316,14940,2804,16068,15256,15644,11780,16640,11764,16280,1872,11608,2512,17008,240,16752,15312,15820,16920</arg>
  <arg>0,0,0,0,0,0,0,0,0,0,0,0,0,0,0,1,1,1,0</arg>
  <arg>8029530,7969708,7473792,7573300,7398289,7257370,7619332,7766527,7968916,7950710,8004979,8017684,7547761,7996646,8015134,0,0,0,7820761</arg>
  <severity>INFO</severity>
  <timestamp>Fri May 10 18:32:08 2024</timestamp>
</msg>
<msg id="69" tool="tc">
  <type>HEARTBEAT</type>
  <arg>13316,14940,2804,16068,15256,15644,11780,16640,11764,16280,1872,11608,2512,17008,240,16752,15312,15820,16920</arg>
  <arg>0,0,0,0,0,0,0,0,0,0,0,0,0,0,0,1,1,1,0</arg>
  <arg>8241708,8278299,14941176,7811519,7374712,7452986,7633148,7673325,8157502,7854760,8158511,8174716,7341717,8230457,8160935,0,0,0,7651849</arg>
  <severity>INFO</severity>
  <timestamp>Fri May 10 18:32:09 2024</timestamp>
</msg>
<msg id="70" tool="tc">
  <type>HEARTBEAT</type>
  <arg>13316,14940,2804,16068,15256,15644,11780,16640,11764,16280,1872,11608,2512,17008,240,16752,15312,15820,16920</arg>
  <arg>0,0,0,0,0,0,0,0,0,0,0,0,0,0,0,1,1,1,0</arg>
  <arg>12582321,13299451,14263907,14495522,14172560,13356977,13429450,14352362,13621590,14376025,13376339,14435727,14090579,13662560,14321866,0,0,0,12954178</arg>
  <severity>INFO</severity>
  <timestamp>Fri May 10 18:32:10 2024</timestamp>
</msg>
<msg id="71" tool="tc">
  <type>HEARTBEAT</type>
  <arg>13316,14940,2804,16068,15256,15644,11780,16640,11764,16280,1872,11608,2512,17008,240,16752,15312,15820,16920</arg>
  <arg>0,0,0,0,0,0,0,0,0,0,0,0,0,0,0,1,1,1,0</arg>
  <arg>13104448,13341818,15066091,15139561,15057884,14423606,13236122,15065284,14258514,15037547,12940016,15160292,14914716,14521786,29381493,0,0,0,14138240</arg>
  <severity>INFO</severity>
  <timestamp>Fri May 10 18:32:11 2024</timestamp>
</msg>
<msg id="72" tool="tc">
  <type>HEARTBEAT</type>
  <arg>13316,14940,2804,16068,15256,15644,11780,16640,11764,16280,1872,11608,2512,17008,240,16752,15312,15820,16920</arg>
  <arg>0,0,0,0,0,0,0,0,0,0,0,0,0,0,0,1,1,1,0</arg>
  <arg>14113961,13743551,15207347,15136240,14946153,14405816,13923019,15169631,14111906,15196444,14293057,15166665,14561178,29058027,15320064,0,0,0,14340376</arg>
  <severity>INFO</severity>
  <timestamp>Fri May 10 18:32:12 2024</timestamp>
</msg>
<msg id="73" tool="tc">
  <type>HEARTBEAT</type>
  <arg>13316,14940,2804,16068,15256,15644,11780,16640,11764,16280,1872,11608,2512,17008,240,16752,15312,15820,16920</arg>
  <arg>0,0,0,0,0,0,0,0,0,0,0,0,0,0,0,1,1,1,0</arg>
  <arg>13771767,14244554,15156548,15231966,15076200,14417928,14158706,15021858,14370836,15170489,28673486,14864377,14498352,15174769,15279232,0,0,0,14527810</arg>
  <severity>INFO</severity>
  <timestamp>Fri May 10 18:32:13 2024</timestamp>
</msg>
<msg id="74" tool="tc">
  <type>HEARTBEAT</type>
  <arg>13316,14940,2804,16068,15256,15644,11780,16640,11764,16280,1872,11608,2512,17008,240,16752,15312,15820,16920</arg>
  <arg>0,0,0,0,0,0,0,0,0,0,0,0,0,0,0,1,1,1,0</arg>
  <arg>13883192,13970346,15293104,15312061,14321649,14239558,14297721,15302350,14270162,15388648,14298164,14240973,29468600,15314879,15137105,0,0,0,15329059</arg>
  <severity>INFO</severity>
  <timestamp>Fri May 10 18:32:14 2024</timestamp>
</msg>
<msg id="75" tool="tc">
  <type>HEARTBEAT</type>
  <arg>13316,14940,2804,16068,15256,15644,11780,16640,11764,16280,1872,11608,2512,17008,240,16752,15312,15820,16920</arg>
  <arg>0,0,0,0,0,0,0,0,0,0,0,0,0,0,0,1,1,1,0</arg>
  <arg>13997417,14099956,30299641,15163828,14032127,14435780,14774877,15015671,14358259,15114256,14367378,14463531,15049250,15086316,15088695,0,0,0,30447174</arg>
  <severity>INFO</severity>
  <timestamp>Fri May 10 18:32:15 2024</timestamp>
</msg>
<msg id="76" tool="tc">
  <type>HEARTBEAT</type>
  <arg>13316,14940,2804,16068,15256,15644,11780,16640,11764,16280,1872,11608,2512,17008,240,16752,15312,15820,16920</arg>
  <arg>0,0,0,0,0,0,0,0,0,0,0,0,0,0,0,1,1,1,0</arg>
  <arg>14308491,14599105,15342280,30498632,14535316,14637289,15003315,15319421,15010469,15390037,14585663,14909518,15278228,30519749,15357906,0,0,0,15332796</arg>
  <severity>INFO</severity>
  <timestamp>Fri May 10 18:32:16 2024</timestamp>
</msg>
<msg id="77" tool="tc">
  <type>HEARTBEAT</type>
  <arg>13316,14940,2804,16068,15256,15644,11780,16640,11764,16280,1872,11608,2512,17008,240,16752,15312,15820,16920</arg>
  <arg>0,0,0,0,0,0,0,0,0,0,0,0,0,0,0,1,1,1,0</arg>
  <arg>13705790,14104001,14913255,15037094,14039570,14215700,14379166,15019372,13805353,15034162,13942548,14606253,14863182,14903478,14440564,0,0,0,15010377</arg>
  <severity>INFO</severity>
  <timestamp>Fri May 10 18:32:17 2024</timestamp>
</msg>
<msg id="78" tool="tc">
  <type>HEARTBEAT</type>
  <arg>13316,14940,2804,16068,15256,15644,11780,16640,11764,16280,1872,11608,2512,17008,240,16752,15312,15820,16920</arg>
  <arg>0,0,1,0,1,1,0,0,0,1,0,0,1,1,1,1,1,1,0</arg>
  <arg>16157770,16740698,8284853,9922491,12875642,14783620,29834992,10396002,15173997,7815087,16200183,12664179,10502224,10222496,8625301,0,0,0,13634021</arg>
  <severity>INFO</severity>
  <timestamp>Fri May 10 18:32:18 2024</timestamp>
</msg>
<msg id="79" tool="tc">
  <type>HEARTBEAT</type>
  <arg>13316,14940,2804,16068,15256,15644,11780,16640,11764,16280,1872,11608,2512,17008,240,16752,15312,15820,16920</arg>
  <arg>0,0,0,0,0,0,0,0,0,0,0,0,0,0,0,1,1,1,0</arg>
  <arg>8127316,8211653,7331398,8025600,7588834,7537639,8096555,8334280,7891881,7602369,8208848,20823027,7811906,7346040,7748828,0,0,0,8141646</arg>
  <severity>INFO</severity>
  <timestamp>Fri May 10 18:32:19 2024</timestamp>
</msg>
<msg id="80" tool="tc">
  <type>HEARTBEAT</type>
  <arg>13316,14940,2804,16068,15256,15644,11780,16640,11764,16280,1872,11608,2512,17008,240,16752,15312,15820,16920</arg>
  <arg>0,0,0,0,0,0,0,0,0,0,0,0,0,0,0,1,1,1,0</arg>
  <arg>7691553,8041085,7469379,7490679,7803408,7881567,7932849,8008135,7971770,7716933,7771376,8006069,8009811,7388161,8039940,0,0,0,7959031</arg>
  <severity>INFO</severity>
  <timestamp>Fri May 10 18:32:21 2024</timestamp>
</msg>
<msg id="81" tool="tc">
  <type>HEARTBEAT</type>
  <arg>13316,14940,2804,16068,15256,15644,11780,16640,11764,16280,1872,11608,2512,17008,240,16752,15312,15820,16920</arg>
  <arg>0,0,0,0,0,0,0,0,0,0,0,0,0,0,0,1,1,1,0</arg>
  <arg>11406981,11085317,10882488,11219323,10974789,11366679,11666722,11833376,11324966,11351726,11541703,11455546,11690503,11314324,11435512,0,0,0,11216519</arg>
  <severity>INFO</severity>
  <timestamp>Fri May 10 18:32:22 2024</timestamp>
</msg>
<msg id="82" tool="tc">
  <type>HEARTBEAT</type>
  <arg>13316,14940,2804,16068,15256,15644,11780,16640,11764,16280,1872,11608,2512,17008,240,16752,15312,15820,16920</arg>
  <arg>0,0,0,0,0,0,0,0,0,0,0,0,0,0,0,1,1,1,0</arg>
  <arg>15134040,14057998,14458244,15154077,14022130,14966392,15177755,15146884,14187886,14440927,15142457,14606614,15161977,26442542,13911049,0,0,0,14270907</arg>
  <severity>INFO</severity>
  <timestamp>Fri May 10 18:32:23 2024</timestamp>
</msg>
<msg id="83" tool="tc">
  <type>HEARTBEAT</type>
  <arg>13316,14940,2804,16068,15256,15644,11780,16640,11764,16280,1872,11608,2512,17008,240,16752,15312,15820,16920</arg>
  <arg>0,0,0,0,0,0,0,0,0,0,0,0,0,0,0,1,1,1,0</arg>
  <arg>15025472,14134868,28428226,30308255,14144524,15079265,15163690,15128098,14202983,14231055,15164058,14192280,30335070,15012374,13852041,0,0,0,14189752</arg>
  <severity>INFO</severity>
  <timestamp>Fri May 10 18:32:24 2024</timestamp>
</msg>
<msg id="84" tool="tc">
  <type>HEARTBEAT</type>
  <arg>13316,14940,2804,16068,15256,15644,11780,16640,11764,16280,1872,11608,2512,17008,240,16752,15312,15820,16920</arg>
  <arg>0,0,0,0,0,0,0,0,0,0,0,0,0,0,0,1,1,1,0</arg>
  <arg>14956297,14124225,13499084,15161768,13843969,15040957,14136675,15063024,14050552,14070691,15182168,28713216,15243315,15039212,13293176,0,0,0,13916954</arg>
  <severity>INFO</severity>
  <timestamp>Fri May 10 18:32:25 2024</timestamp>
</msg>
<msg id="85" tool="tc">
  <type>HEARTBEAT</type>
  <arg>13316,14940,2804,16068,15256,15644,11780,16640,11764,16280,1872,11608,2512,17008,240,16752,15312,15820,16920</arg>
  <arg>0,0,0,0,0,0,0,0,0,0,0,0,0,0,0,1,1,1,0</arg>
  <arg>14810674,14288721,14064539,15143924,13711503,29742258,14123007,30124230,14040067,14391837,15012152,14691776,14974716,14724025,13840507,0,0,0,14209682</arg>
  <severity>INFO</severity>
  <timestamp>Fri May 10 18:32:26 2024</timestamp>
</msg>
<msg id="86" tool="tc">
  <type>HEARTBEAT</type>
  <arg>13316,14940,2804,16068,15256,15644,11780,16640,11764,16280,1872,11608,2512,17008,240,16752,15312,15820,16920</arg>
  <arg>0,0,0,0,0,0,0,0,0,0,0,0,0,0,0,1,1,1,0</arg>
  <arg>15048352,14483768,14260055,15080060,14054869,14412491,15186871,15083340,14068286,14968966,15077617,14959354,15121628,14150257,14137658,0,0,0,14146082</arg>
  <severity>INFO</severity>
  <timestamp>Fri May 10 18:32:27 2024</timestamp>
</msg>
<msg id="87" tool="tc">
  <type>HEARTBEAT</type>
  <arg>13316,14940,2804,16068,15256,15644,11780,16640,11764,16280,1872,11608,2512,17008,240,16752,15312,15820,16920</arg>
  <arg>0,0,0,0,0,0,0,0,0,0,0,0,0,0,0,1,1,1,0</arg>
  <arg>15147405,14505953,28843625,15098566,14176608,14602070,15178708,15203063,13972393,15180264,15163471,15051986,15151011,14630035,14049272,0,0,0,14444801</arg>
  <severity>INFO</severity>
  <timestamp>Fri May 10 18:32:28 2024</timestamp>
</msg>
<msg id="88" tool="tc">
  <type>HEARTBEAT</type>
  <arg>13316,14940,2804,16068,15256,15644,11780,16640,11764,16280,1872,11608,2512,17008,240,16752,15312,15820,16920</arg>
  <arg>0,0,0,0,0,0,0,0,0,0,0,0,0,0,0,1,1,1,0</arg>
  <arg>15244828,14383109,43690938,14981115,14438439,14752015,15199208,15227788,14421852,15070840,15006475,15098217,15120003,13924138,14673062,0,0,0,14638589</arg>
  <severity>INFO</severity>
  <timestamp>Fri May 10 18:32:29 2024</timestamp>
</msg>
<msg id="89" tool="tc">
  <type>HEARTBEAT</type>
  <arg>13316,14940,2804,16068,15256,15644,11780,16640,11764,16280,1872,11608,2512,17008,240,16752,15312,15820,16920</arg>
  <arg>0,0,0,0,0,0,0,0,0,0,0,0,0,0,0,1,1,1,0</arg>
  <arg>14295015,14602944,14760508,14085333,13958967,14662865,14713196,14136899,14428600,15211865,14011811,15007306,14030889,14443121,14615816,0,0,0,14897670</arg>
  <severity>INFO</severity>
  <timestamp>Fri May 10 18:32:30 2024</timestamp>
</msg>
<msg id="90" tool="tc">
  <type>HEARTBEAT</type>
  <arg>13316,14940,2804,16068,15256,15644,11780,16640,11764,16280,1872,11608,2512,17008,240,16752,15312,15820,16920</arg>
  <arg>0,0,0,0,0,0,0,0,0,0,0,0,0,0,0,1,1,1,0</arg>
  <arg>5921576,10813383,10731328,7018714,11449380,7597059,6897497,21873295,11092909,8328863,5589845,8737062,5473744,8904972,11525492,0,0,0,10763748</arg>
  <severity>INFO</severity>
  <timestamp>Fri May 10 18:32:31 2024</timestamp>
</msg>
<msg id="91" tool="tc">
  <type>HEARTBEAT</type>
  <arg>13316,14940,2804,16068,15256,15644,11780,16640,11764,16280,1872,11608,2512,17008,240,16752,15312,15820,16920</arg>
  <arg>0,0,0,0,0,0,0,0,0,0,0,0,0,0,0,1,1,1,0</arg>
  <arg>8072792,7842506,8031471,7740833,7392615,7949951,7982024,7569284,8024878,7991225,8037053,7725755,7974843,7720315,7818515,0,0,0,7657867</arg>
  <severity>INFO</severity>
  <timestamp>Fri May 10 18:32:32 2024</timestamp>
</msg>
<msg id="92" tool="tc">
  <type>HEARTBEAT</type>
  <arg>13316,14940,2804,16068,15256,15644,11780,16640,11764,16280,1872,11608,2512,17008,240,16752,15312,15820,16920</arg>
  <arg>0,0,0,0,0,0,0,0,0,0,0,0,0,0,0,1,1,1,0</arg>
  <arg>9831947,9641431,9688474,9126798,8528401,9681815,9707878,9343062,9672220,9253299,9721455,9240575,9552944,9355110,9457690,0,0,0,8796118</arg>
  <severity>INFO</severity>
  <timestamp>Fri May 10 18:32:33 2024</timestamp>
</msg>
<msg id="93" tool="tc">
  <type>HEARTBEAT</type>
  <arg>13316,14940,2804,16068,15256,15644,11780,16640,11764,16280,1872,11608,2512,17008,240,16752,15312,15820,16920</arg>
  <arg>0,0,0,0,0,0,0,0,0,0,0,0,0,0,0,1,1,1,0</arg>
  <arg>15050465,15005626,15046505,14372813,14307035,15047445,14970842,14521180,15032010,13964052,14725734,14319086,14646731,13899690,15006010,0,0,0,14289474</arg>
  <severity>INFO</severity>
  <timestamp>Fri May 10 18:32:34 2024</timestamp>
</msg>
<msg id="94" tool="tc">
  <type>HEARTBEAT</type>
  <arg>13316,14940,2804,16068,15256,15644,11780,16640,11764,16280,1872,11608,2512,17008,240,16752,15312,15820,16920</arg>
  <arg>0,0,0,0,0,0,0,0,0,0,0,0,0,0,0,1,1,1,0</arg>
  <arg>15118649,15036141,15068071,13979299,14615246,15187159,15224399,15186208,15175230,14074737,14287160,14700559,14593090,14578221,15200283,0,0,0,14796501</arg>
  <severity>INFO</severity>
  <timestamp>Fri May 10 18:32:35 2024</timestamp>
</msg>
<msg id="95" tool="tc">
  <type>HEARTBEAT</type>
  <arg>13316,14940,2804,16068,15256,15644,11780,16640,11764,16280,1872,11608,2512,17008,240,16752,15312,15820,16920</arg>
  <arg>0,0,0,0,0,0,0,0,0,0,0,0,0,0,0,1,1,1,0</arg>
  <arg>15196876,15243436,15150396,14407658,14861581,15271892,15187628,15150844,30324762,14275188,14245438,14817639,14570948,14181719,15228056,0,0,0,14616428</arg>
  <severity>INFO</severity>
  <timestamp>Fri May 10 18:32:36 2024</timestamp>
</msg>
<msg id="96" tool="tc">
  <type>HEARTBEAT</type>
  <arg>13316,14940,2804,16068,15256,15644,11780,16640,11764,16280,1872,11608,2512,17008,240,16752,15312,15820,16920</arg>
  <arg>0,0,0,0,0,0,0,0,0,0,0,0,0,0,0,1,1,1,0</arg>
  <arg>15171887,15192133,15110405,14266945,14489194,15261204,15081895,15251325,15257598,14364571,14014871,14592789,15029755,14484937,15180051,0,0,0,14912622</arg>
  <severity>INFO</severity>
  <timestamp>Fri May 10 18:32:37 2024</timestamp>
</msg>
<msg id="97" tool="tc">
  <type>HEARTBEAT</type>
  <arg>13316,14940,2804,16068,15256,15644,11780,16640,11764,16280,1872,11608,2512,17008,240,16752,15312,15820,16920</arg>
  <arg>0,0,0,0,0,0,0,0,0,0,0,0,0,0,0,1,1,1,0</arg>
  <arg>15227093,15207655,15183200,14142454,14533106,15196665,15079564,15132769,15087338,13893787,14339653,14759904,14763067,14594774,15271262,0,0,0,29617905</arg>
  <severity>INFO</severity>
  <timestamp>Fri May 10 18:32:38 2024</timestamp>
</msg>
<msg id="98" tool="tc">
  <type>HEARTBEAT</type>
  <arg>13316,14940,2804,16068,15256,15644,11780,16640,11764,16280,1872,11608,2512,17008,240,16752,15312,15820,16920</arg>
  <arg>0,0,0,0,0,0,0,0,0,0,0,0,0,0,0,1,1,1,0</arg>
  <arg>15155223,15238221,15035727,14406836,14786609,14899351,15119430,14794898,15004356,28048863,14070531,14419074,14578686,13968963,14915197,0,0,0,43961498</arg>
  <severity>INFO</severity>
  <timestamp>Fri May 10 18:32:39 2024</timestamp>
</msg>
<msg id="99" tool="tc">
  <type>HEARTBEAT</type>
  <arg>13316,14940,2804,16068,15256,15644,11780,16640,11764,16280,1872,11608,2512,17008,240,16752,15312,15820,16920</arg>
  <arg>0,0,0,0,0,0,0,0,0,0,0,0,0,0,0,1,1,1,0</arg>
  <arg>15235510,15304638,15130415,14157612,14830656,15298492,15248227,15308510,15249717,14411487,14313662,15065529,14758783,14298149,15275467,0,0,0,14564135</arg>
  <severity>INFO</severity>
  <timestamp>Fri May 10 18:32:40 2024</timestamp>
</msg>
<msg id="100" tool="tc">
  <type>HEARTBEAT</type>
  <arg>13316,14940,2804,16068,15256,15644,11780,16640,11764,16280,1872,11608,2512,17008,240,16920</arg>
  <arg>0,0,0,0,0,0,0,0,0,0,0,0,0,0,0,0</arg>
  <arg>15498960,15109918,15339616,14567451,29956864,30693314,15189622,15527411,15471133,14383303,14504511,15065715,15120627,14631100,15347395,15231340</arg>
  <severity>INFO</severity>
  <timestamp>Fri May 10 18:32:41 2024</timestamp>
</msg>
<msg id="101" tool="tc">
  <type>HEARTBEAT</type>
  <arg>13316,14940,2804,16068,15256,15644,11780,16640,11764,16280,1872,11608,2512,17008,240,16920</arg>
  <arg>0,0,0,0,0,0,0,0,0,0,0,0,0,0,0,0</arg>
  <arg>6731259,7121085,7531738,12849845,11626760,6836956,7417324,10285137,6832586,12878370,12569328,11580486,11329053,12734777,6793342,11690815</arg>
  <severity>INFO</severity>
  <timestamp>Fri May 10 18:32:42 2024</timestamp>
</msg>
<msg id="102" tool="tc">
  <type>HEARTBEAT</type>
  <arg>13316,14940,2804,16068,15256,15644,11780,16640,11764,16280,1872,11608,2512,17008,240,16920</arg>
  <arg>0,0,0,0,0,0,0,0,0,0,0,0,0,0,0,0</arg>
  <arg>14687218,7981347,7979291,7997264,8011293,7958374,7598188,7683636,7288527,7314448,7782615,7999901,7498772,20747564,7488143,7584898</arg>
  <severity>INFO</severity>
  <timestamp>Fri May 10 18:32:43 2024</timestamp>
</msg>
<msg id="103" tool="tc">
  <type>HEARTBEAT</type>
  <arg>13316,14940,2804,16068,15256,15644,11780,16640,11764,16280,1872,11608,2512,17008,240,16920</arg>
  <arg>0,0,0,0,0,0,0,0,0,0,0,0,0,0,0,0</arg>
  <arg>8069149,7957932,8094923,8228989,8239128,7944342,7622813,7815806,7600976,7316008,7879913,8198280,7649950,8235119,7415235,7815514</arg>
  <severity>INFO</severity>
  <timestamp>Fri May 10 18:32:44 2024</timestamp>
</msg>
<msg id="104" tool="tc">
  <type>HEARTBEAT</type>
  <arg>13316,14940,2804,16068,15256,15644,11780,16640,11764,16280,1872,11608,2512,17008,240,16920</arg>
  <arg>0,0,0,0,0,0,0,0,0,0,0,0,0,0,0,0</arg>
  <arg>15101550,14885197,14818933,14305681,14453924,14317940,14951143,14974306,14868586,14957998,13362918,14510234,14668537,15015071,14129538,14311087</arg>
  <severity>INFO</severity>
  <timestamp>Fri May 10 18:32:45 2024</timestamp>
</msg>
<msg id="105" tool="tc">
  <type>HEARTBEAT</type>
  <arg>13316,14940,2804,16068,15256,15644,11780,16640,11764,16280,1872,11608,2512,17008,240,16920</arg>
  <arg>0,0,0,0,0,0,0,0,0,0,0,0,0,0,0,0</arg>
  <arg>15187951,15227423,15206740,14860144,14841523,14483794,15249335,15273569,15132943,15217741,14492372,14057641,14511298,15226324,14126842,14566289</arg>
  <severity>INFO</severity>
  <timestamp>Fri May 10 18:32:46 2024</timestamp>
</msg>
<msg id="106" tool="tc">
  <type>HEARTBEAT</type>
  <arg>13316,14940,2804,16068,15256,15644,11780,16640,11764,16280,1872,11608,2512,17008,240,16920</arg>
  <arg>0,0,0,0,0,0,0,0,0,0,0,0,0,0,0,0</arg>
  <arg>30448379,15033651,15235451,14885824,29842219,13874767,15257999,15329148,15008672,30310683,14263188,14587278,29115252,14747645,14560994,15182445</arg>
  <severity>INFO</severity>
  <timestamp>Fri May 10 18:32:47 2024</timestamp>
</msg>
<msg id="107" tool="tc">
  <type>HEARTBEAT</type>
  <arg>13316,14940,2804,16068,15256,15644,11780,16640,11764,16280,1872,11608,2512,17008,240,16920</arg>
  <arg>0,0,0,0,0,0,0,0,0,0,0,0,0,0,0,0</arg>
  <arg>15268442,15243973,15318473,14780601,14652517,14518273,15322567,15358269,15300353,15171613,14186510,14396555,14928758,29765660,14563224,15338063</arg>
  <severity>INFO</severity>
  <timestamp>Fri May 10 18:32:48 2024</timestamp>
</msg>
<msg id="108" tool="tc">
  <type>HEARTBEAT</type>
  <arg>13316,14940,2804,16068,15256,15644,11780,16640,11764,16280,1872,11608,2512,17008,240,16920</arg>
  <arg>0,0,0,0,0,0,0,0,0,0,0,0,0,0,0,0</arg>
  <arg>15259061,30551630,30533000,14867605,14857467,14715334,15288645,15260778,15355020,15333292,14707820,13871888,14969759,14708266,13984550,15132633</arg>
  <severity>INFO</severity>
  <timestamp>Fri May 10 18:32:49 2024</timestamp>
</msg>
<msg id="109" tool="tc">
  <type>HEARTBEAT</type>
  <arg>13316,14940,2804,16068,15256,15644,11780,16640,11764,16280,1872,11608,2512,17008,240,16920</arg>
  <arg>0,0,0,0,0,0,0,0,0,0,0,0,0,0,0,0</arg>
  <arg>15342778,15281361,15164338,14894800,29836623,14456558,15274888,15280798,15265676,15335869,14373901,14390396,14951854,14509635,14280703,15107368</arg>
  <severity>INFO</severity>
  <timestamp>Fri May 10 18:32:50 2024</timestamp>
</msg>
<msg id="110" tool="tc">
  <type>HEARTBEAT</type>
  <arg>13316,14940,2804,16068,15256,15644,11780,16640,11764,16280,1872,11608,2512,17008,240,16920</arg>
  <arg>0,0,0,0,0,0,0,0,0,0,0,0,0,0,0,0</arg>
  <arg>14868776,15060177,15121427,14566257,14776218,28640847,15232800,15217158,15189576,14966038,14163011,14113099,14574649,14736359,14510971,15011903</arg>
  <severity>INFO</severity>
  <timestamp>Fri May 10 18:32:51 2024</timestamp>
</msg>
<msg id="111" tool="tc">
  <type>HEARTBEAT</type>
  <arg>13316,14940,2804,16068,15256,15644,11780,16640,11764,16280,1872,11608,2512,17008,240,16920</arg>
  <arg>0,0,0,0,0,0,0,0,0,0,0,0,0,0,0,0</arg>
  <arg>15371228,15417147,15329007,14829747,14827041,14722666,15333962,15376992,15381610,15281903,14058897,14415436,14977536,14969423,14638853,30174643</arg>
  <severity>INFO</severity>
  <timestamp>Fri May 10 18:32:52 2024</timestamp>
</msg>
<msg id="112" tool="tc">
  <type>HEARTBEAT</type>
  <arg>13316,14940,2804,16068,15256,15644,11780,16640,11764,16280,1872,11608,2512,17008,240,16920</arg>
  <arg>0,0,0,0,0,0,0,0,0,0,0,0,0,0,0,0</arg>
  <arg>8231039,8387079,8581785,12872610,12054298,13972407,7815655,9199724,8316614,8196630,14213238,14188575,12646982,11644528,13806017,11665965</arg>
  <severity>INFO</severity>
  <timestamp>Fri May 10 18:32:53 2024</timestamp>
</msg>
<msg id="113" tool="tc">
  <type>HEARTBEAT</type>
  <arg>13316,14940,2804,16068,15256,15644,11780,16640,11764,16280,1872,11608,2512,17008,240,16920</arg>
  <arg>0,0,0,0,0,0,0,0,0,0,0,0,0,0,0,0</arg>
  <arg>7882297,8106224,8019316,8090041,8101221,8083475,7575054,7834727,7883548,7713755,8093637,7695115,8117921,8122198,7475213,7891391</arg>
  <severity>INFO</severity>
  <timestamp>Fri May 10 18:32:54 2024</timestamp>
</msg>
<msg id="114" tool="tc">
  <type>HEARTBEAT</type>
  <arg>13316,14940,2804,16068,15256,15644,11780,16640,11764,16280,1872,11608,2512,17008,240,16920</arg>
  <arg>0,0,0,0,0,0,0,0,0,0,0,0,0,0,0,0</arg>
  <arg>7797310,8063607,7951266,8048699,8064895,8017572,7511040,7862570,7896011,7722263,8034349,7540370,8061711,8040897,7556315,7828798</arg>
  <severity>INFO</severity>
  <timestamp>Fri May 10 18:32:55 2024</timestamp>
</msg>
<msg id="115" tool="tc">
  <type>HEARTBEAT</type>
  <arg>13316,14940,2804,16068,15256,15644,11780,16640,11764,16280,1872,11608,2512,17008,240,16920</arg>
  <arg>0,0,0,0,0,0,0,0,0,0,0,0,0,0,0,0</arg>
  <arg>13972236,14019886,13970294,13407947,13694193,14003446,13712225,13954342,13307023,12646298,13964660,13032617,13462453,14111446,13406752,13616546</arg>
  <severity>INFO</severity>
  <timestamp>Fri May 10 18:32:56 2024</timestamp>
</msg>
<msg id="116" tool="tc">
  <type>HEARTBEAT</type>
  <arg>13316,14940,2804,16068,15256,15644,11780,16640,11764,16280,1872,11608,2512,17008,240,16920</arg>
  <arg>0,0,0,0,0,0,0,0,0,0,0,0,0,0,0,0</arg>
  <arg>15276973,15125552,15265528,14185828,14751507,15205134,15068602,15325735,14335937,27038233,15258254,14614800,14355679,15119174,14773314,14766552</arg>
  <severity>INFO</severity>
  <timestamp>Fri May 10 18:32:57 2024</timestamp>
</msg>
<msg id="117" tool="tc">
  <type>HEARTBEAT</type>
  <arg>13316,14940,2804,16068,15256,15644,11780,16640,11764,16280,1872,11608,2512,17008,240,16920</arg>
  <arg>0,0,0,0,0,0,0,0,0,0,0,0,0,0,0,0</arg>
  <arg>15204243,15192708,15106065,13812813,14590629,15217251,15081215,15201993,14264082,41464706,15251186,14563945,14221089,30284985,14970441,14832836</arg>
  <severity>INFO</severity>
  <timestamp>Fri May 10 18:32:58 2024</timestamp>
</msg>
<msg id="118" tool="tc">
  <type>HEARTBEAT</type>
  <arg>13316,14940,2804,16068,15256,15644,11780,16640,11764,16280,1872,11608,2512,17008,240,16920</arg>
  <arg>0,0,0,0,0,0,0,0,0,0,0,0,0,0,0,0</arg>
  <arg>15275798,15281276,15238708,14242047,29652576,15326901,15275181,15261836,14234542,14617692,15147776,14790167,14128270,15356497,14794925,14583647</arg>
  <severity>INFO</severity>
  <timestamp>Fri May 10 18:32:59 2024</timestamp>
</msg>
<msg id="119" tool="tc">
  <type>HEARTBEAT</type>
  <arg>13316,14940,2804,16068,15256,15644,11780,16640,11764,16280,1872,11608,2512,17008,240,16920</arg>
  <arg>0,0,0,0,0,0,0,0,0,0,0,0,0,0,0,0</arg>
  <arg>15116875,15143748,15346848,14210921,14739185,15347192,15328114,15311338,14650291,14346212,15134517,14728561,14071080,15296540,14868745,14856020</arg>
  <severity>INFO</severity>
  <timestamp>Fri May 10 18:33:00 2024</timestamp>
</msg>
<msg id="120" tool="tc">
  <type>HEARTBEAT</type>
  <arg>13316,14940,2804,16068,15256,15644,11780,16640,11764,16280,1872,11608,2512,17008,240,16920</arg>
  <arg>0,0,0,0,0,0,0,0,0,0,0,0,0,0,0,0</arg>
  <arg>30378684,15309330,15148267,14390186,14936630,15197684,15257016,15330943,14319771,14235491,15031359,14646169,14195325,15224507,14823143,14831797</arg>
  <severity>INFO</severity>
  <timestamp>Fri May 10 18:33:01 2024</timestamp>
</msg>
<msg id="121" tool="tc">
  <type>HEARTBEAT</type>
  <arg>13316,14940,2804,16068,15256,15644,11780,16640,11764,16280,1872,11608,2512,17008,240,16920</arg>
  <arg>0,0,0,0,0,0,0,0,0,0,0,0,0,0,0,0</arg>
  <arg>15036237,15004857,30100736,13532051,14402683,15178493,15146854,15110132,13645979,13661607,14888802,14286512,13904759,15026921,14166895,29017100</arg>
  <severity>INFO</severity>
  <timestamp>Fri May 10 18:33:02 2024</timestamp>
</msg>
<msg id="122" tool="tc">
  <type>HEARTBEAT</type>
  <arg>13316,14940,2804,16068,15256,15644,11780,16640,11764,16280,1872,11608,2512,17008,240,16920</arg>
  <arg>0,0,0,0,0,0,0,0,0,0,0,0,0,0,0,0</arg>
  <arg>15100250,14883851,14922572,13531247,13789586,15076877,14309979,15035442,13602575,13919900,14904302,13888739,27996499,14890040,14405232,13514466</arg>
  <severity>INFO</severity>
  <timestamp>Fri May 10 18:33:03 2024</timestamp>
</msg>
<msg id="123" tool="tc">
  <type>HEARTBEAT</type>
  <arg>13316,14940,2804,16068,15256,15644,11780,16640,11764,16280,1872,11608,2512,17008,240,16920</arg>
  <arg>1,1,1,0,1,1,1,1,0,0,1,0,0,1,1,0</arg>
  <arg>8834122,9323570,9240924,15827503,13710502,8563669,9803738,12616623,15704824,29555788,9558232,15091386,15126033,9007394,13113133,14850720</arg>
  <severity>INFO</severity>
  <timestamp>Fri May 10 18:33:04 2024</timestamp>
</msg>
<msg id="124" tool="tc">
  <type>HEARTBEAT</type>
  <arg>13316,14940,2804,16068,15256,15644,11780,16640,11764,16280,1872,11608,2512,17008,240,16920</arg>
  <arg>0,0,0,0,0,0,0,0,0,0,0,0,0,0,0,0</arg>
  <arg>8037920,7036741,7650346,8045049,7959406,7219724,8028861,7966641,7071503,7932441,7925241,7584977,7529723,8003164,6925656,7539191</arg>
  <severity>INFO</severity>
  <timestamp>Fri May 10 18:33:05 2024</timestamp>
</msg>
<msg id="125" tool="tc">
  <type>HEARTBEAT</type>
  <arg>13316,14940,2804,16068,15256,15644,11780,16640,11764,16280,1872,11608,2512,17008,240,16920</arg>
  <arg>0,0,0,0,0,0,0,0,0,0,0,0,0,0,0,0</arg>
  <arg>7911001,7119256,7496997,8068236,7922219,7195121,7908980,8048643,7492183,7772318,8079383,7759329,7553114,8076523,7392854,7650624</arg>
  <severity>INFO</severity>
  <timestamp>Fri May 10 18:33:06 2024</timestamp>
</msg>
<msg id="126" tool="tc">
  <type>HEARTBEAT</type>
  <arg>13316,14940,2804,16068,15256,15644,11780,16640,11764,16280,1872,11608,2512,17008,240,16920</arg>
  <arg>0,0,0,0,0,0,0,0,0,0,0,0,0,0,0,0</arg>
  <arg>10765790,10614873,11000665,10782320,9985928,10614689,10242219,11295753,10890401,10760400,10800049,10794714,10370154,11332814,10795534,10512360</arg>
  <severity>INFO</severity>
  <timestamp>Fri May 10 18:33:07 2024</timestamp>
</msg>
<msg id="127" tool="tc">
  <type>HEARTBEAT</type>
  <arg>13316,14940,2804,16068,15256,15644,11780,16640,11764,16280,1872,11608,2512,17008,240,16920</arg>
  <arg>0,0,0,0,0,0,0,0,0,0,0,0,0,0,0,0</arg>
  <arg>14962996,14986068,14998634,13491867,12924260,14062180,13432352,14817734,14939660,13763827,14968721,24015683,13126515,15008323,14896048,13685264</arg>
  <severity>INFO</severity>
  <timestamp>Fri May 10 18:33:08 2024</timestamp>
</msg>
<msg id="128" tool="tc">
  <type>HEARTBEAT</type>
  <arg>13316,14940,2804,16068,15256,15644,11780,16640,11764,16280,1872,11608,2512,17008,240,16920</arg>
  <arg>0,0,0,0,0,0,0,0,0,0,0,0,0,0,0,0</arg>
  <arg>15057067,14944309,14828104,13797717,13650018,14059723,13295916,15001852,29876368,13368079,14952778,14069479,13881420,14873237,15062765,13739547</arg>
  <severity>INFO</severity>
  <timestamp>Fri May 10 18:33:09 2024</timestamp>
</msg>
<msg id="129" tool="tc">
  <type>HEARTBEAT</type>
  <arg>13316,14940,2804,16068,15256,15644,11780,16640,11764,16280,1872,11608,2512,17008,240,16920</arg>
  <arg>0,0,0,0,0,0,0,0,0,0,0,0,0,0,0,0</arg>
  <arg>15148592,15096193,29980069,14225817,13506213,14002962,13342748,15131166,15119909,14811761,15018841,13220342,13011963,14125371,15285658,13691034</arg>
  <severity>INFO</severity>
  <timestamp>Fri May 10 18:33:10 2024</timestamp>
</msg>
<msg id="130" tool="tc">
  <type>HEARTBEAT</type>
  <arg>13316,14940,2804,16068,15256,15644,11780,16640,11764,16280,1872,11608,2512,17008,240,16920</arg>
  <arg>0,0,0,0,0,0,0,0,0,0,0,0,0,0,0,0</arg>
  <arg>15051891,14964476,15123190,14636708,14045410,14402735,14380816,15176065,15142826,15128284,15109018,13891698,14261360,14892851,15154388,14674054</arg>
  <severity>INFO</severity>
  <timestamp>Fri May 10 18:33:11 2024</timestamp>
</msg>
<msg id="131" tool="tc">
  <type>HEARTBEAT</type>
  <arg>13316,14940,2804,16068,15256,15644,11780,16640,11764,16280,1872,11608,2512,17008,240,16920</arg>
  <arg>0,0,0,0,0,0,0,0,0,0,0,0,0,0,0,0</arg>
  <arg>14992978,14982763,14860601,13888004,13554585,13785950,13489742,15057379,15068312,14972928,30224181,13470299,13598012,28875975,14898437,13831361</arg>
  <severity>INFO</severity>
  <timestamp>Fri May 10 18:33:12 2024</timestamp>
</msg>
<msg id="132" tool="tc">
  <type>HEARTBEAT</type>
  <arg>13316,14940,2804,16068,15256,15644,11780,16640,11764,16280,1872,11608,2512,17008,240,16920</arg>
  <arg>0,0,0,0,0,0,0,0,0,0,0,0,0,0,0,0</arg>
  <arg>14477130,14844672,15139456,14136661,13301300,13981442,13974938,14646402,14668834,15175649,15038097,27048490,13147754,14242062,14611318,27941317</arg>
  <severity>INFO</severity>
  <timestamp>Fri May 10 18:33:13 2024</timestamp>
</msg>
<msg id="133" tool="tc">
  <type>HEARTBEAT</type>
  <arg>13316,14940,2804,16068,15256,15644,11780,16640,11764,16280,1872,11608,2512,17008,240,16920</arg>
  <arg>0,0,0,0,0,0,0,0,0,0,0,0,0,0,0,0</arg>
  <arg>14865347,15001598,15215918,13975367,13490600,13705448,13426450,14947919,14904428,14927289,15039336,40136391,13658340,13510486,15006184,13648405</arg>
  <severity>INFO</severity>
  <timestamp>Fri May 10 18:33:14 2024</timestamp>
</msg>
<msg id="134" tool="tc">
  <type>HEARTBEAT</type>
  <arg>13316,14940,2804,16068,15256,15644,11780,16640,11764,16280,1872,11608,2512,17008,240,16920</arg>
  <arg>0,0,0,0,0,0,0,0,0,0,0,0,0,0,0,0</arg>
  <arg>14902383,14697304,14523125,14198791,13818542,14558124,14054223,14720753,14769775,15037447,14408033,14493222,14105893,14289858,14804401,14593930</arg>
  <severity>INFO</severity>
  <timestamp>Fri May 10 18:33:15 2024</timestamp>
</msg>
<msg id="135" tool="tc">
  <type>HEARTBEAT</type>
  <arg>13316,14940,2804,16068,15256,15644,11780,16640,11764,16280,1872,11608,2512,17008,240,16920</arg>
  <arg>0,0,0,0,0,0,0,0,0,0,0,0,0,0,0,0</arg>
  <arg>4955783,4908643,4217605,13443148,14775660,13021422,14616381,6068808,4871445,8723019,4531138,14416792,14627059,10274323,4639111,13011033</arg>
  <severity>INFO</severity>
  <timestamp>Fri May 10 18:33:16 2024</timestamp>
</msg>
<msg id="136" tool="tc">
  <type>HEARTBEAT</type>
  <arg>13316,14940,2804,16068,15256,15644,11780,16640,11764,16280,1872,11608,2512,17008,240,16920</arg>
  <arg>0,0,0,0,0,0,0,0,0,0,0,0,0,0,0,0</arg>
  <arg>8047797,7628801,7396390,7659670,7983626,20732011,7980907,7268942,7932510,7873535,7404046,8076626,8047611,8077322,8011032,7771866</arg>
  <severity>INFO</severity>
  <timestamp>Fri May 10 18:33:17 2024</timestamp>
</msg>
<msg id="137" tool="tc">
  <type>HEARTBEAT</type>
  <arg>13316,14940,2804,16068,15256,15644,11780,16640,11764,16280,1872,11608,2512,17008,240,16920</arg>
  <arg>0,0,0,0,0,0,0,0,0,0,0,0,0,0,0,0</arg>
  <arg>8245517,7230531,7335313,7449010,8230884,7345007,7695604,7158773,7750842,7309301,7681895,8195366,7970984,8241457,7956353,7330287</arg>
  <severity>INFO</severity>
  <timestamp>Fri May 10 18:33:18 2024</timestamp>
</msg>
<msg id="138" tool="tc">
  <type>HEARTBEAT</type>
  <arg>13316,14940,2804,16068,15256,15644,11780,16640,11764,16280,1872,11608,2512,17008,240,16920</arg>
  <arg>0,0,0,0,0,0,0,0,0,0,0,0,0,0,0,0</arg>
  <arg>13392495,14461339,14361333,14014808,13875631,14374992,14445424,13248532,13925579,14251382,14440461,13909024,14430702,14582996,13931527,14033489</arg>
  <severity>INFO</severity>
  <timestamp>Fri May 10 18:33:19 2024</timestamp>
</msg>
<msg id="139" tool="tc">
  <type>HEARTBEAT</type>
  <arg>13316,14940,2804,16068,15256,15644,11780,16640,11764,16280,1872,11608,2512,17008,240,16920</arg>
  <arg>0,0,0,0,0,0,0,0,0,0,0,0,0,0,0,0</arg>
  <arg>14201622,15121293,14901525,14091010,28042530,29345928,15135288,13954275,13943479,15093373,15059625,13644464,15172647,15105567,14419554,13984298</arg>
  <severity>INFO</severity>
  <timestamp>Fri May 10 18:33:20 2024</timestamp>
</msg>
<msg id="140" tool="tc">
  <type>HEARTBEAT</type>
  <arg>13316,14940,2804,16068,15256,15644,11780,16640,11764,16280,1872,11608,2512,17008,240,16920</arg>
  <arg>0,0,0,0,0,0,0,0,0,0,0,0,0,0,0,0</arg>
  <arg>14563971,15427045,15133517,14620053,14440325,14888168,15346251,14309179,14670699,15113320,15293369,14333296,15419866,30296733,14183793,14805600</arg>
  <severity>INFO</severity>
  <timestamp>Fri May 10 18:33:21 2024</timestamp>
</msg>
<msg id="141" tool="tc">
  <type>HEARTBEAT</type>
  <arg>13316,14940,2804,16068,15256,15644,11780,16640,11764,16280,1872,11608,2512,17008,240,16920</arg>
  <arg>0,0,0,0,0,0,0,0,0,0,0,0,0,0,0,0</arg>
  <arg>13420742,15142848,14832579,14006026,14065342,14896371,15059334,13199372,13674818,14774595,30076747,13366298,30414632,14932774,13042166,13749348</arg>
  <severity>INFO</severity>
  <timestamp>Fri May 10 18:33:22 2024</timestamp>
</msg>
<msg id="142" tool="tc">
  <type>HEARTBEAT</type>
  <arg>13316,14940,2804,16068,15256,15644,11780,16640,11764,16280,1872,11608,2512,17008,240,16920</arg>
  <arg>0,0,0,0,0,0,0,0,0,0,0,0,0,0,0,0</arg>
  <arg>14148907,15167437,14887049,14233269,14179707,15105148,15258161,14073745,14053653,15260239,15155287,13875499,15242564,15302634,14198833,14202500</arg>
  <severity>INFO</severity>
  <timestamp>Fri May 10 18:33:23 2024</timestamp>
</msg>
<msg id="143" tool="tc">
  <type>HEARTBEAT</type>
  <arg>13316,14940,2804,16068,15256,15644,11780,16640,11764,16280,1872,11608,2512,17008,240,16920</arg>
  <arg>0,0,0,0,0,0,0,0,0,0,0,0,0,0,0,0</arg>
  <arg>14836671,15503141,15495856,14855196,14972394,15402941,15449386,15306300,28825943,15525339,14502387,14636384,15401866,15341785,14164372,15190494</arg>
  <severity>INFO</severity>
  <timestamp>Fri May 10 18:33:24 2024</timestamp>
</msg>
<msg id="144" tool="tc">
  <type>HEARTBEAT</type>
  <arg>13316,14940,2804,16068,15256,15644,11780,16640,11764,16280,1872,11608,2512,17008,240,16920</arg>
  <arg>0,0,0,0,0,0,0,0,0,0,0,0,0,0,0,0</arg>
  <arg>14283581,15203148,15250687,14587714,14994741,15221477,15266027,15324346,14808888,15134929,14207712,14316391,15223927,15379474,14557920,14653379</arg>
  <severity>INFO</severity>
  <timestamp>Fri May 10 18:33:25 2024</timestamp>
</msg>
<msg id="145" tool="tc">
  <type>HEARTBEAT</type>
  <arg>13316,14940,2804,16068,15256,15644,11780,16640,11764,16280,1872,11608,2512,17008,240,16920</arg>
  <arg>0,0,0,0,0,0,0,0,0,0,0,0,0,0,0,0</arg>
  <arg>14194821,15315321,14749622,14056782,14753642,14837980,30396872,15330350,14679015,15057329,28748010,28380042,15291993,14541492,14409276,13953582</arg>
  <severity>INFO</severity>
  <timestamp>Fri May 10 18:33:26 2024</timestamp>
</msg>
<msg id="146" tool="tc">
  <type>HEARTBEAT</type>
  <arg>13316,14940,2804,16068,15256,15644,11780,16640,11764,16280,1872,11608,2512,17008,240,16920</arg>
  <arg>0,0,0,0,0,0,0,0,0,0,0,0,0,0,0,0</arg>
  <arg>14997870,7616290,9710884,14705112,14165767,9677397,38311283,14682475,14691853,8952585,12041010,15181623,7821378,8954301,14970159,14280403</arg>
  <severity>INFO</severity>
  <timestamp>Fri May 10 18:33:27 2024</timestamp>
</msg>
<msg id="147" tool="tc">
  <type>HEARTBEAT</type>
  <arg>13316,14940,2804,16068,15256,15644,11780,16640,11764,16280,1872,11608,2512,17008,240,16920</arg>
  <arg>0,0,0,0,0,0,0,0,0,0,0,0,0,0,0,0</arg>
  <arg>8061523,7412334,7738724,7835465,7712826,8027690,8007424,8046220,8048968,7756519,7964290,7455318,7245954,8028634,8034205,7561416</arg>
  <severity>INFO</severity>
  <timestamp>Fri May 10 18:33:28 2024</timestamp>
</msg>
<msg id="148" tool="tc">
  <type>HEARTBEAT</type>
  <arg>13316,14940,2804,16068,15256,15644,11780,16640,11764,16280,1872,11608,2512,17008,240,16920</arg>
  <arg>0,0,0,0,0,0,0,0,0,0,0,0,0,0,0,0</arg>
  <arg>7937663,6962966,7485456,7316379,7228104,7863942,7437707,7966933,7994731,7738921,7922438,7119643,7334122,7938671,8021696,7217155</arg>
  <severity>INFO</severity>
  <timestamp>Fri May 10 18:33:29 2024</timestamp>
</msg>
<msg id="149" tool="tc">
  <type>HEARTBEAT</type>
  <arg>13316,14940,2804,16068,15256,15644,11780,16640,11764,16280,1872,11608,2512,17008,240,16920</arg>
  <arg>0,0,0,0,0,0,0,0,0,0,0,0,0,0,0,0</arg>
  <arg>12326340,11185812,12231962,12360170,12225141,12355258,12003978,12649606,12186950,12026626,11703555,11942475,11262688,12566985,11766132,11674930</arg>
  <severity>INFO</severity>
  <timestamp>Fri May 10 18:33:30 2024</timestamp>
</msg>
<msg id="150" tool="tc">
  <type>HEARTBEAT</type>
  <arg>13316,14940,2804,16068,15256,15644,11780,16640,11764,16280,1872,11608,2512,17008,240,16920</arg>
  <arg>0,0,0,0,0,0,0,0,0,0,0,0,0,0,0,0</arg>
  <arg>15085866,14410716,14983756,15028426,15102395,14487123,14562451,15048567,14935051,14444600,13890303,14907549,13911798,15090614,14670580,14819782</arg>
  <severity>INFO</severity>
  <timestamp>Fri May 10 18:33:31 2024</timestamp>
</msg>
<msg id="151" tool="tc">
  <type>HEARTBEAT</type>
  <arg>13316,14940,2804,16068,15256,15644,11780,16640,11764,16280,1872,11608,2512,17008,240,16920</arg>
  <arg>0,0,0,0,0,0,0,0,0,0,0,0,0,0,0,0</arg>
  <arg>15102156,14334592,15056771,15014685,14037873,14328399,14886625,15112759,15232393,14120033,13818664,15075227,14272664,15058009,13615264,14111632</arg>
  <severity>INFO</severity>
  <timestamp>Fri May 10 18:33:32 2024</timestamp>
</msg>
<msg id="152" tool="tc">
  <type>HEARTBEAT</type>
  <arg>13316,14940,2804,16068,15256,15644,11780,16640,11764,16280,1872,11608,2512,17008,240,16920</arg>
  <arg>0,0,0,0,0,0,0,0,0,0,0,0,0,0,0,0</arg>
  <arg>15247213,14389645,15073221,14998076,13233718,14039608,14968307,15125887,15263009,14033455,13645983,15055325,13880503,14597709,14160243,14032508</arg>
  <severity>INFO</severity>
  <timestamp>Fri May 10 18:33:33 2024</timestamp>
</msg>
<msg id="153" tool="tc">
  <type>HEARTBEAT</type>
  <arg>13316,14940,2804,16068,15256,15644,11780,16640,11764,16280,1872,11608,2512,17008,240,16920</arg>
  <arg>0,0,0,0,0,0,0,0,0,0,0,0,0,0,0,0</arg>
  <arg>15152723,14998303,15085468,15034875,13532964,14531917,15109158,15202312,15114899,14008622,13396193,15039666,14056174,14139073,14680009,14366930</arg>
  <severity>INFO</severity>
  <timestamp>Fri May 10 18:33:34 2024</timestamp>
</msg>
<msg id="154" tool="tc">
  <type>HEARTBEAT</type>
  <arg>13316,14940,2804,16068,15256,15644,11780,16640,11764,16280,1872,11608,2512,17008,240,16920</arg>
  <arg>0,0,0,0,0,0,0,0,0,0,0,0,0,0,0,0</arg>
  <arg>15065305,14994774,14924317,29861694,26872847,14006719,15037847,15058777,14956638,13751376,13793372,14896269,13412048,28211592,14003313,14051258</arg>
  <severity>INFO</severity>
  <timestamp>Fri May 10 18:33:35 2024</timestamp>
</msg>
<msg id="155" tool="tc">
  <type>HEARTBEAT</type>
  <arg>13316,14940,2804,16068,15256,15644,11780,16640,11764,16280,1872,11608,2512,17008,240,16920</arg>
  <arg>0,0,0,0,0,0,0,0,0,0,0,0,0,0,0,0</arg>
  <arg>15269818,15383589,15208554,15244324,14160336,14698264,15402205,15384629,15346090,14726114,14662850,15311819,13939738,14811866,14881312,28950165</arg>
  <severity>INFO</severity>
  <timestamp>Fri May 10 18:33:36 2024</timestamp>
</msg>
<msg id="156" tool="tc">
  <type>HEARTBEAT</type>
  <arg>13316,14940,2804,16068,15256,15644,11780,16640,11764,16280,1872,11608,2512,17008,240,16920</arg>
  <arg>0,0,0,0,0,0,0,0,0,0,0,0,0,0,0,0</arg>
  <arg>15300041,15052774,15275220,14993704,14028490,14204421,15344076,15158105,15293391,14205870,14207646,15153757,14130978,14497642,28903846,14384125</arg>
  <severity>INFO</severity>
  <timestamp>Fri May 10 18:33:37 2024</timestamp>
</msg>
<msg id="157" tool="tc">
  <type>HEARTBEAT</type>
  <arg>13316,14940,2804,16068,15256,15644,11780,16640,11764,16280,1872,11608,2512,17008,240,16920</arg>
  <arg>1,0,1,0,0,0,1,1,1,0,0,1,0,0,0,0</arg>
  <arg>12453401,14775754,13224776,13897745,14181714,14236781,13954514,13415762,12551476,13980782,14001743,13259706,14090107,14510056,14305094,14485911</arg>
  <severity>INFO</severity>
  <timestamp>Fri May 10 18:33:38 2024</timestamp>
</msg>
<msg id="158" tool="tc">
  <type>HEARTBEAT</type>
  <arg>13316,14940,2804,16068,15256,15644,11780,16640,11764,16280,1872,11608,2512,17008,240,16920</arg>
  <arg>0,0,0,0,0,0,0,0,0,0,0,0,0,0,0,0</arg>
  <arg>5590630,6964023,5254039,7164867,11587517,10209980,5168876,7785786,5563106,10961886,11546184,5408925,11808561,8088130,10749846,9742263</arg>
  <severity>INFO</severity>
  <timestamp>Fri May 10 18:33:39 2024</timestamp>
</msg>
<msg id="159" tool="tc">
  <type>HEARTBEAT</type>
  <arg>13316,14940,2804,16068,15256,15644,11780,16640,11764,16280,1872,11608,2512,17008,240,16920</arg>
  <arg>0,0,0,0,0,0,0,0,0,0,0,0,0,0,0,0</arg>
  <arg>8033982,7912910,7514107,8044523,7707838,7793361,7704217,7726071,8026467,8038695,8048380,7864008,8011611,8058497,7611588,7463292</arg>
  <severity>INFO</severity>
  <timestamp>Fri May 10 18:33:40 2024</timestamp>
</msg>
<msg id="160" tool="tc">
  <type>LOAD_MODULE</type>
  <arg>c:\windows\system32\kernel.appcore.dll</arg>
  <arg>0x7ff8abc10000</arg>
  <arg>0x7ff8abc27fff</arg>
  <arg>22</arg>
  <severity>INFO</severity>
  <timestamp>Fri May 10 18:33:41 2024</timestamp>
</msg>
<msg id="161" tool="tc">
  <type>UNLOAD_MODULE</type>
  <arg>d:\раб стол\УНИК\Мага\2 сем\Гетерогенные\labs\siw\build\getor\getor.exe</arg>
  <arg>2</arg>
  <severity>INFO</severity>
  <timestamp>Fri May 10 18:33:41 2024</timestamp>
</msg>
<msg id="162" tool="tc">
  <type>UNLOAD_MODULE</type>
  <arg>c:\windows\system32\kernelbase.dll</arg>
  <arg>3</arg>
  <severity>INFO</severity>
  <timestamp>Fri May 10 18:33:41 2024</timestamp>
</msg>
<msg id="163" tool="tc">
  <type>UNLOAD_MODULE</type>
  <arg>c:\windows\system32\kernel32.dll</arg>
  <arg>4</arg>
  <severity>INFO</severity>
  <timestamp>Fri May 10 18:33:41 2024</timestamp>
</msg>
<msg id="164" tool="tc">
  <type>UNLOAD_MODULE</type>
  <arg>c:\windows\system32\ntdll.dll</arg>
  <arg>5</arg>
  <severity>INFO</severity>
  <timestamp>Fri May 10 18:33:41 2024</timestamp>
</msg>
<msg id="165" tool="tc">
  <type>UNLOAD_MODULE</type>
  <arg>c:\windows\system32\msvcp140d.dll</arg>
  <arg>6</arg>
  <severity>INFO</severity>
  <timestamp>Fri May 10 18:33:41 2024</timestamp>
</msg>
<msg id="166" tool="tc">
  <type>UNLOAD_MODULE</type>
  <arg>c:\windows\system32\ucrtbased.dll</arg>
  <arg>7</arg>
  <severity>INFO</severity>
  <timestamp>Fri May 10 18:33:41 2024</timestamp>
</msg>
<msg id="167" tool="tc">
  <type>UNLOAD_MODULE</type>
  <arg>c:\windows\system32\vcruntime140d.dll</arg>
  <arg>8</arg>
  <severity>INFO</severity>
  <timestamp>Fri May 10 18:33:41 2024</timestamp>
</msg>
<msg id="168" tool="tc">
  <type>UNLOAD_MODULE</type>
  <arg>c:\program files (x86)\intel\oneapi\compiler\latest\bin\libiomp5md.dll</arg>
  <arg>9</arg>
  <severity>INFO</severity>
  <timestamp>Fri May 10 18:33:41 2024</timestamp>
</msg>
<msg id="169" tool="tc">
  <type>UNLOAD_MODULE</type>
  <arg>c:\windows\system32\ucrtbase.dll</arg>
  <arg>10</arg>
  <severity>INFO</severity>
  <timestamp>Fri May 10 18:33:41 2024</timestamp>
</msg>
<msg id="170" tool="tc">
  <type>UNLOAD_MODULE</type>
  <arg>c:\windows\system32\vcruntime140_1d.dll</arg>
  <arg>11</arg>
  <severity>INFO</severity>
  <timestamp>Fri May 10 18:33:41 2024</timestamp>
</msg>
<msg id="171" tool="tc">
  <type>UNLOAD_MODULE</type>
  <arg>c:\windows\system32\vcruntime140.dll</arg>
  <arg>12</arg>
  <severity>INFO</severity>
  <timestamp>Fri May 10 18:33:41 2024</timestamp>
</msg>
<msg id="172" tool="tc">
  <type>UNLOAD_MODULE</type>
  <arg>c:\program files (x86)\intel\oneapi\inspector\2024.0\bin64\runtime\libittnotify.dll</arg>
  <arg>13</arg>
  <severity>INFO</severity>
  <timestamp>Fri May 10 18:33:41 2024</timestamp>
</msg>
<msg id="173" tool="tc">
  <type>UNLOAD_MODULE</type>
  <arg>c:\windows\system32\advapi32.dll</arg>
  <arg>14</arg>
  <severity>INFO</severity>
  <timestamp>Fri May 10 18:33:41 2024</timestamp>
</msg>
<msg id="174" tool="tc">
  <type>UNLOAD_MODULE</type>
  <arg>c:\windows\system32\msvcrt.dll</arg>
  <arg>15</arg>
  <severity>INFO</severity>
  <timestamp>Fri May 10 18:33:41 2024</timestamp>
</msg>
<msg id="175" tool="tc">
  <type>UNLOAD_MODULE</type>
  <arg>c:\windows\system32\sechost.dll</arg>
  <arg>16</arg>
  <severity>INFO</severity>
  <timestamp>Fri May 10 18:33:41 2024</timestamp>
</msg>
<msg id="176" tool="tc">
  <type>UNLOAD_MODULE</type>
  <arg>c:\windows\system32\rpcrt4.dll</arg>
  <arg>17</arg>
  <severity>INFO</severity>
  <timestamp>Fri May 10 18:33:41 2024</timestamp>
</msg>
<msg id="177" tool="tc">
  <type>UNLOAD_MODULE</type>
  <arg>c:\windows\system32\cryptbase.dll</arg>
  <arg>18</arg>
  <severity>INFO</severity>
  <timestamp>Fri May 10 18:33:41 2024</timestamp>
</msg>
<msg id="178" tool="tc">
  <type>UNLOAD_MODULE</type>
  <arg>c:\windows\system32\bcryptprimitives.dll</arg>
  <arg>19</arg>
  <severity>INFO</severity>
  <timestamp>Fri May 10 18:33:41 2024</timestamp>
</msg>
<msg id="179" tool="tc">
  <type>UNLOAD_MODULE</type>
  <arg>c:\program files (x86)\intel\oneapi\inspector\2024.0\bin64\pinjitprofiling.dll</arg>
  <arg>20</arg>
  <severity>INFO</severity>
  <timestamp>Fri May 10 18:33:41 2024</timestamp>
</msg>
<msg id="180" tool="tc">
  <type>UNLOAD_MODULE</type>
  <arg>c:\windows\system32\kernel.appcore.dll</arg>
  <arg>22</arg>
  <severity>INFO</severity>
  <timestamp>Fri May 10 18:33:41 2024</timestamp>
</msg>
<msg id="181" tool="tc">
  <type>PROCESS_TERMINATE</type>
  <arg>d:\раб стол\УНИК\Мага\2 сем\Гетерогенные\labs\siw\build\getor\getor.exe</arg>
  <arg>15944</arg>
  <severity>INFO</severity>
  <timestamp>Fri May 10 18:33:41 2024</timestamp>
</msg>
<msg id="182" tool="tc">
  <type>ANALYSIS_COMPLETE</type>
  <severity>INFO</severity>
  <timestamp>Fri May 10 18:33:41 2024</timestamp>
</msg>
<msg id="183" tool="tc">
  <type>STOP</type>
  <severity>INFO</severity>
  <timestamp>Fri May 10 18:33:41 2024</timestamp>
</msg>
<msg id="184" tool="runtool">
  <type>app-exit-code</type>
  <arg>0</arg>
</msg>
<msg id="185" tool="runtool">
  <type>marker-file</type>
  <arg>D:\раб стол\УНИК\Мага\2 сем\Гетерогенные\labs\siw\inspector\srs\r004ti3\r004ti3.inspxe</arg>
</msg>
<msg id="186" tool="runtool">
  <type>collector-done</type>
</msg>
<msg id="187" tool="runtool">
  <type>log-end</type>
  <arg>2024/05/10 18:33:45</arg>
</msg>

</log>

