45 [16020] INFO perfrun.launcher <> - Launcher main begin
48 [16020] INFO perfrun.launcher <> - MessageCatalogInit finished
48 [16020] INFO perfrun.launcher <> - Launcher instance created
48 [16020] INFO perfrun.launcher <> - argc = 6; cmdline = C:\Program Files (x86)\Intel\oneAPI\advisor\2024.0\bin64\advixe-runss.exe --ui-output-format xml --ui-output-fd 3108 --context-value-list 
57 [16020] INFO perfrun.launcher <> - New signal handler callback was added
139 [16020] INFO perfrun.launcher <> - create msngr2::ICliToolContext
139 [16020] INFO perfrun.launcher <> - create file finder object
139 [16020] INFO perfrun.launcher <> - Put into the variant bag the context value: name = targetOS; value = Windows
139 [16020] INFO perfrun.launcher <> - Put into the variant bag the context value: name = OS; value = Windows
139 [16020] INFO perfrun.launcher <> - Put into the variant bag the context value: name = OSBuildNumber; value = 22621
139 [16020] INFO perfrun.launcher <> - Put into the variant bag the context value: name = OSBitness; value = 64
139 [16020] INFO perfrun.launcher <> - Put into the variant bag the context value: name = AdministratorPrivileges; value = true
139 [16020] INFO perfrun.launcher <> - Put into the variant bag the context value: name = isPtraceScopeLimited; value = false
139 [16020] INFO perfrun.launcher <> - Put into the variant bag the context value: name = isCATSupportedByCPU; value = true
140 [16020] INFO perfrun.launcher <> - Put into the variant bag the context value: name = isL3CATAvailable; value = true
140 [16020] INFO perfrun.launcher <> - Put into the variant bag the context value: name = L3CATDetails; value = COS=16;ways=16
140 [16020] INFO perfrun.launcher <> - Put into the variant bag the context value: name = isL2CATAvailable; value = false
140 [16020] INFO perfrun.launcher <> - Put into the variant bag the context value: name = isL3MonitoringSupportedByCPU; value = true
140 [16020] INFO perfrun.launcher <> - Put into the variant bag the context value: name = LLCSize; value = 0
140 [16020] INFO perfrun.launcher <> - Put into the variant bag the context value: name = cacheMonitoringUpscalingFactor; value = 64
140 [16020] INFO perfrun.launcher <> - Put into the variant bag the context value: name = isL3CacheOccupancyAvailable; value = true
140 [16020] INFO perfrun.launcher <> - Put into the variant bag the context value: name = isL3TotalBWAvailable; value = true
140 [16020] INFO perfrun.launcher <> - Put into the variant bag the context value: name = isL3LocalBWAvailable; value = true
140 [16020] INFO perfrun.launcher <> - Put into the variant bag the context value: name = isTSXAvailable; value = false
140 [16020] INFO perfrun.launcher <> - Put into the variant bag the context value: name = isPTAvailable; value = false
140 [16020] INFO perfrun.launcher <> - Put into the variant bag the context value: name = isHTEnabled; value = true
140 [16020] INFO perfrun.launcher <> - Put into the variant bag the context value: name = fpgaOnBoard; value = None
140 [16020] INFO perfrun.launcher <> - Put into the variant bag the context value: name = omniPathOnBoard; value = None
140 [16020] INFO perfrun.launcher <> - Put into the variant bag the context value: name = genArchOnBoard; value = 0
140 [16020] INFO perfrun.launcher <> - Put into the variant bag the context value: name = pciClassParts; value = 
140 [16020] INFO perfrun.launcher <> - Put into the variant bag the context value: name = tidValuesForIO; value = 
140 [16020] INFO perfrun.launcher <> - Put into the variant bag the context value: name = populatedIoParts; value = 
140 [16020] INFO perfrun.launcher <> - Put into the variant bag the context value: name = populatedIoUnits; value = 
140 [16020] INFO perfrun.launcher <> - Put into the variant bag the context value: name = populatedTidValuesForIO; value = 
140 [16020] INFO perfrun.launcher <> - Put into the variant bag the context value: name = isSGXAvailable; value = false
140 [16020] INFO perfrun.launcher <> - Put into the variant bag the context value: name = Hypervisor; value = None
140 [16020] INFO perfrun.launcher <> - Put into the variant bag the context value: name = PerfmonVersion; value = 0
140 [16020] INFO perfrun.launcher <> - Put into the variant bag the context value: name = isMaxDRAMBandwidthMeasurementSupported; value = false
140 [16020] INFO perfrun.launcher <> - Put into the variant bag the context value: name = preferedGpuAdapter; value = 0:10:0.0
140 [16020] INFO perfrun.launcher <> - Put into the variant bag the context value: name = isEHFIAvailable; value = false
140 [16020] INFO perfrun.launcher <> - Put into the variant bag the context value: name = areGpuHardwareMetricsAvailableList; value = 
140 [16020] INFO perfrun.launcher <> - Put into the variant bag the context value: name = gpuPlatformIndexList; value = 
141 [16020] INFO perfrun.launcher <> - Put into the variant bag the context value: name = isTPSSAvailable; value = true
141 [16020] INFO perfrun.launcher <> - Put into the variant bag the context value: name = isPytraceAvailable; value = true
141 [16020] INFO perfrun.launcher <> - Put into the variant bag the context value: name = isGENDebugInfoAvailableList; value = 
141 [16020] INFO perfrun.launcher <> - Put into the variant bag the context value: name = isGTPinCollectionAvailableList; value = 
141 [16020] INFO perfrun.launcher <> - Put into the variant bag the context value: name = forceShowInlines; value = false
141 [16020] INFO perfrun.launcher <> - Application exit code: 0
141 [16020] INFO perfrun.launcher <> - Exit code: 0
