<?xml version="1.0" encoding="utf-8" ?>
<!-- DO NOT EDIT THIS FILE -->

<log version='2.0' source='mc'>
	<!-- Successfully loaded CCRT at address 0x7ff8a1020000 - 0x7ff8a1041000 -->
	<!-- Successfully loaded MC at address 0x67bd0000 - 0x680ca000 -->
	<msg id='1' source='mc'>
		<type>EXEC_OF_INTEREST</type>
		<severity>INFO</severity>
		<timestamp>Fri May 10 17:55:12 2024</timestamp>
		<arg name='path'>d:\раб стол\УНИК\Мага\2 сем\Гетерогенные\labs\siw\build\getor\getor.exe</arg>
		<arg name='pid'>16372</arg>
	</msg>
	<!-- Command line: C:\Program Files (x86)\Intel\oneAPI\inspector\2024.0\bin32\pin -xyzzy -mesgoff console -xyzzy -bridge_save_x87 0 -bridge_save_mxcsr 0 -follow_execv -error_file D:\СЂР°Р± СЃС‚РѕР»\РЈРќРРљ\РњР°РіР°\2 СЃРµРј\Р“РµС‚РµСЂРѕРіРµРЅРЅС‹Рµ\labs\siw\inspector\srs\r001mi1\data.0\pin_error.log -logfile D:\СЂР°Р± СЃС‚РѕР»\РЈРќРРљ\РњР°РіР°\2 СЃРµРј\Р“РµС‚РµСЂРѕРіРµРЅРЅС‹Рµ\labs\siw\inspector\srs\r001mi1\data.0\pin.log -xyzzy -region_max_inss 100 -p64 C:\Program Files (x86)\Intel\oneAPI\inspector\2024.0\bin64\pin -t64 C:\Program Files (x86)\Intel\oneAPI\inspector\2024.0\bin64\memchkr.dll -t C:\Program Files (x86)\Intel\oneAPI\inspector\2024.0\bin32\memchkr.dll -no-analyze-stack -no-access-checks -leak-check-on-exit -leak-check-report-reachable -check-resource-leaks -freelist-vol 0 -leak-maximum 100000 -guard-zone-size 0 -stack-depth 8 -heartbeat 1 -working-dir D:\СЂР°Р± СЃС‚РѕР»\РЈРќРРљ\РњР°РіР°\2 СЃРµРј\Р“РµС‚РµСЂРѕРіРµРЅРЅС‹Рµ\labs\siw\inspector\srs\r001mi1\data.0 -support_jit_api -log mc_getor.log -result getor - D:\СЂР°Р± СЃС‚РѕР»\РЈРќРРљ\РњР°РіР°\2 СЃРµРј\Р“РµС‚РµСЂРѕРіРµРЅРЅС‹Рµ\labs\siw\build\getor\getor.exe  -->
	<!-- mc's options are the following:  -->
	<!-- -help                              false -->
	<!-- -verbose                           false -->
	<!-- -xyzzy                             false -->
	<!-- -version                           false -->
	<!-- -help-all                          false -->
	<!-- -xyzzy-all                         false -->
	<!-- -report-all-instances              false -->
	<!-- -check-for-padded-structures       true -->
	<!-- -check-for-bitfields               true -->
	<!-- -analyze-stack                     false -->
	<!-- -access-checks                     false -->
	<!-- -track-origins                     true -->
	<!-- -duplicate-uninits                 false -->
	<!-- -bss-initialized                   true -->
	<!-- -align-alloc-size                  false -->
	<!-- -report-uninit-read                false -->
	<!-- -ignore-system-libraries           false -->
	<!-- -gen-suppressions                  false -->
	<!-- -leak-check-on-exit                true -->
	<!-- -leak-check-on-demand              false -->
	<!-- -leak-check-uses-baseline          true -->
	<!-- -enable-memory-growth              false -->
	<!-- -leak-check-report-reachable       true -->
	<!-- -leak-check-full                   true -->
	<!-- -check-resource-leaks              true -->
	<!-- -trace-children                    false -->
	<!-- -enable-poke                       false -->
	<!-- -jit-mode-anyway                   false -->
	<!-- -check-mismatches                  false -->
	<!-- -aggressive-callstack-caching      false -->
	<!-- -suppress-breakpoints              false -->
	<!-- -monitor-memory                    false -->
	<!-- -keep-deallocation-stack           false -->
	<!-- -mem-stats                         false -->
	<!-- -short-log                         false -->
	<!-- -freelist-vol                      0 -->
	<!-- -leak-maximum                      100000 -->
	<!-- -guard-zone-size                   0 -->
	<!-- -stack-depth                       8 -->
	<!-- -heartbeat                         1 -->
	<!-- -breakpoint-file                   (null) -->
	<!-- -config-file                       (null) -->
	<!-- -log                               mc_getor.log -->
	<!-- -ignore-commands                   (null),  -->
	<!-- -ignore-modules                    (null),  -->
	<!-- -ignore-symbols                    (null),  -->
	<!-- -module-of-interest                (null),  -->
	<!-- -executable-of-interest            (null),  -->
	<!-- -working-dir                       d:\СЂР°Р± СЃС‚РѕР»\РЈРќРРљ\РњР°РіР°\2 СЃРµРј\Р“РµС‚РµСЂРѕРіРµРЅРЅС‹Рµ\labs\siw\inspector\srs\r001mi1\data.0 -->
	<!-- -result                            getor -->
	<!-- -exclude-module                    (null),  -->
	<!-- -include-module                    (null),  -->
	<!-- -only-exec-commands                (null),  -->
	<!-- -suppressions                      (null),  -->
	<!-- -debug                             none -->
	<!-- -shared-mem-name                   (null) -->
	<!-- -poke-function                     (null),  -->
	<!-- -analysis-mode                     (null) -->
	<!-- -disable-gatekeeping               false -->
	<!-- -ignore-os-allocators              false -->
	<!-- -mrte-mode                         auto -->
	<!-- probe mode: yes -->
	<!-- mem leaks checks: yes -->
	<!-- res leaks checks: yes -->
	<!-- access checks: no -->
	<!-- gpu checks: no -->
	<!-- track origin: no -->
	<!-- Environment: INTEL_LIBITTNOTIFY32=C:\Program Files (x86)\Intel\oneAPI\inspector\2024.0\bin32\runtime\libittnotify.dll -->
	<!-- Environment: INTEL_LIBITTNOTIFY64=C:\Program Files (x86)\Intel\oneAPI\inspector\2024.0\bin64\runtime\libittnotify.dll -->
	<!-- Environment: INTEL_JIT_PROFILER32=C:\Program Files (x86)\Intel\oneAPI\inspector\2024.0\bin32\pinjitprofiling.dll -->
	<!-- Environment: INTEL_JIT_PROFILER64=C:\Program Files (x86)\Intel\oneAPI\inspector\2024.0\bin64\pinjitprofiling.dll -->
	<!-- DIAG: 1 -->
	<!-- Failed to instrument main executable entry point (ptr=0x7ff7a4751253 name=unnamedImageEntryPoint). -->
	<!-- Entry point from ILT record is instrumented instead (ptr=0x7ff7a475d0e0 name=mainCRTStartup) -->
	<msg id='2' source='mc'>
		<type>MODULE_LOAD</type>
		<severity>INFO</severity>
		<timestamp>Fri May 10 17:55:12 2024</timestamp>
		<arg name='path'>d:\СЂР°Р± СЃС‚РѕР»\РЈРќРРљ\РњР°РіР°\2 СЃРµРј\Р“РµС‚РµСЂРѕРіРµРЅРЅС‹Рµ\labs\siw\build\getor\getor.exe</arg>
		<arg name='addr1'>0x7ff7a4750000</arg>
		<arg name='addr2'>0x7ff7a485efff</arg>
	</msg>
	<msg id='3' source='mc'>
		<type>MODULE_LOAD_NO_ANALYSIS</type>
		<severity>INFO</severity>
		<timestamp>Fri May 10 17:55:17 2024</timestamp>
		<arg name='path'>c:\windows\system32\kernelbase.dll</arg>
		<arg name='addr1'>0x7ff8acb50000</arg>
		<arg name='addr2'>0x7ff8aceebfff</arg>
	</msg>
	<!-- entry point not safe for probe insertion in kernel32.dll -->
	<msg id='4' source='mc'>
		<type>MODULE_LOAD_NO_ANALYSIS</type>
		<severity>INFO</severity>
		<timestamp>Fri May 10 17:55:21 2024</timestamp>
		<arg name='path'>c:\windows\system32\kernel32.dll</arg>
		<arg name='addr1'>0x7ff8af240000</arg>
		<arg name='addr2'>0x7ff8af302fff</arg>
	</msg>
	<msg id='5' source='mc'>
		<type>MODULE_LOAD_NO_ANALYSIS</type>
		<severity>INFO</severity>
		<timestamp>Fri May 10 17:55:21 2024</timestamp>
		<arg name='path'>c:\windows\system32\ntdll.dll</arg>
		<arg name='addr1'>0x7ff8af690000</arg>
		<arg name='addr2'>0x7ff8af8a3fff</arg>
	</msg>
	<msg id='6' source='mc'>
		<type>MODULE_LOAD_NO_ANALYSIS</type>
		<severity>INFO</severity>
		<timestamp>Fri May 10 17:55:21 2024</timestamp>
		<arg name='path'>c:\program files (x86)\intel\oneapi\inspector\2024.0\bin64\dnclrprofinfo.dll</arg>
		<arg name='addr1'>0x7ff886520000</arg>
		<arg name='addr2'>0x7ff886587fff</arg>
	</msg>
	<msg id='7' source='mc'>
		<type>MODULE_LOAD</type>
		<severity>INFO</severity>
		<timestamp>Fri May 10 17:55:22 2024</timestamp>
		<arg name='path'>c:\windows\system32\msvcp140d.dll</arg>
		<arg name='addr1'>0x7ff83a410000</arg>
		<arg name='addr2'>0x7ff83a4f0fff</arg>
	</msg>
	<msg id='8' source='mc'>
		<type>MODULE_LOAD_NO_ANALYSIS</type>
		<severity>INFO</severity>
		<timestamp>Fri May 10 17:55:22 2024</timestamp>
		<arg name='path'>c:\program files (x86)\intel\oneapi\compiler\latest\bin\libiomp5md.dll</arg>
		<arg name='addr1'>0x7ff83a1e0000</arg>
		<arg name='addr2'>0x7ff83a40cfff</arg>
	</msg>
	<msg id='9' source='mc'>
		<type>MODULE_LOAD</type>
		<severity>INFO</severity>
		<timestamp>Fri May 10 17:55:23 2024</timestamp>
		<arg name='path'>c:\windows\system32\ucrtbase.dll</arg>
		<arg name='addr1'>0x1480000</arg>
		<arg name='addr2'>0x1590fff</arg>
	</msg>
	<msg id='10' source='mc'>
		<type>MODULE_LOAD</type>
		<severity>INFO</severity>
		<timestamp>Fri May 10 17:55:23 2024</timestamp>
		<arg name='path'>c:\windows\system32\vcruntime140d.dll</arg>
		<arg name='addr1'>0x7ff8a0110000</arg>
		<arg name='addr2'>0x7ff8a013dfff</arg>
	</msg>
	<msg id='11' source='mc'>
		<type>MODULE_LOAD</type>
		<severity>INFO</severity>
		<timestamp>Fri May 10 17:55:23 2024</timestamp>
		<arg name='path'>c:\windows\system32\ucrtbased.dll</arg>
		<arg name='addr1'>0x7ff80f410000</arg>
		<arg name='addr2'>0x7ff80f630fff</arg>
	</msg>
	<msg id='12' source='mc'>
		<type>MODULE_LOAD</type>
		<severity>INFO</severity>
		<timestamp>Fri May 10 17:55:23 2024</timestamp>
		<arg name='path'>c:\windows\system32\vcruntime140_1d.dll</arg>
		<arg name='addr1'>0x7ff8a0410000</arg>
		<arg name='addr2'>0x7ff8a041efff</arg>
	</msg>
	<msg id='13' source='mc'>
		<type>MODULE_LOAD</type>
		<severity>INFO</severity>
		<timestamp>Fri May 10 17:55:23 2024</timestamp>
		<arg name='path'>c:\windows\system32\vcruntime140.dll</arg>
		<arg name='addr1'>0x7ff89f690000</arg>
		<arg name='addr2'>0x7ff89f6acfff</arg>
	</msg>
	<msg id='14' source='mc'>
		<type>MODULE_LOAD_NO_ANALYSIS</type>
		<severity>INFO</severity>
		<timestamp>Fri May 10 17:55:24 2024</timestamp>
		<arg name='path'>c:\program files (x86)\intel\oneapi\inspector\2024.0\bin64\runtime\libittnotify.dll</arg>
		<arg name='addr1'>0x7ff83a160000</arg>
		<arg name='addr2'>0x7ff83a1d0fff</arg>
	</msg>
	<msg id='15' source='mc'>
		<type>PAUSE_RESUME_ERROR</type>
		<severity>WARNING</severity>
		<timestamp>Fri May 10 17:55:24 2024</timestamp>
	</msg>
	<msg id='16' source='mc'>
		<type>MODULE_LOAD_NO_ANALYSIS</type>
		<severity>INFO</severity>
		<timestamp>Fri May 10 17:55:25 2024</timestamp>
		<arg name='path'>c:\windows\system32\advapi32.dll</arg>
		<arg name='addr1'>0x7ff8af0d0000</arg>
		<arg name='addr2'>0x7ff8af17dfff</arg>
	</msg>
	<msg id='17' source='mc'>
		<type>MODULE_LOAD_NO_ANALYSIS</type>
		<severity>INFO</severity>
		<timestamp>Fri May 10 17:55:25 2024</timestamp>
		<arg name='path'>c:\windows\system32\msvcrt.dll</arg>
		<arg name='addr1'>0x7ff8adf80000</arg>
		<arg name='addr2'>0x7ff8ae026fff</arg>
	</msg>
	<msg id='18' source='mc'>
		<type>MODULE_LOAD</type>
		<severity>INFO</severity>
		<timestamp>Fri May 10 17:55:25 2024</timestamp>
		<arg name='path'>c:\windows\system32\sechost.dll</arg>
		<arg name='addr1'>0x1030000</arg>
		<arg name='addr2'>0x10d3fff</arg>
	</msg>
	<msg id='19' source='mc'>
		<type>MODULE_LOAD_NO_ANALYSIS</type>
		<severity>INFO</severity>
		<timestamp>Fri May 10 17:55:25 2024</timestamp>
		<arg name='path'>c:\windows\system32\rpcrt4.dll</arg>
		<arg name='addr1'>0x7ff8ad4a0000</arg>
		<arg name='addr2'>0x7ff8ad5b4fff</arg>
	</msg>
	<msg id='20' source='mc'>
		<type>MODULE_LOAD_NO_ANALYSIS</type>
		<severity>INFO</severity>
		<timestamp>Fri May 10 17:55:25 2024</timestamp>
		<arg name='path'>c:\windows\system32\cryptbase.dll</arg>
		<arg name='addr1'>0x7ff8ac300000</arg>
		<arg name='addr2'>0x7ff8ac30bfff</arg>
	</msg>
	<msg id='21' source='mc'>
		<type>MODULE_LOAD_NO_ANALYSIS</type>
		<severity>INFO</severity>
		<timestamp>Fri May 10 17:55:25 2024</timestamp>
		<arg name='path'>c:\windows\system32\bcryptprimitives.dll</arg>
		<arg name='addr1'>0x7ff8acad0000</arg>
		<arg name='addr2'>0x7ff8acb4afff</arg>
	</msg>
	<msg id='22' source='mc'>
		<type>MODULE_LOAD</type>
		<severity>INFO</severity>
		<timestamp>Fri May 10 17:56:52 2024</timestamp>
		<arg name='path'>c:\windows\system32\kernel.appcore.dll</arg>
		<arg name='addr1'>0x7ff8abc10000</arg>
		<arg name='addr2'>0x7ff8abc27fff</arg>
	</msg>
	<!-- DIAG: 2 -->
	<msg id='23' source='mc'>
		<type>PROCESS_COMPLETE</type>
		<severity>INFO</severity>
		<timestamp>Fri May 10 17:56:52 2024</timestamp>
		<arg name='path'>d:\раб стол\УНИК\Мага\2 сем\Гетерогенные\labs\siw\build\getor\getor.exe</arg>
		<arg name='code'>0</arg>
	</msg>
	<msg id='24' source='mc'>
		<type>ANALYSIS_COMPLETE</type>
		<severity>INFO</severity>
		<timestamp>Fri May 10 17:56:52 2024</timestamp>
		<arg name='path'>d:\раб стол\УНИК\Мага\2 сем\Гетерогенные\labs\siw\build\getor\getor.exe</arg>
	</msg>
</log>