
13860 : 0x2b22a8b474 : 1 : spill_jit_data :  Jit agent is not initialized
13860 : 0x2b22bae029 : 2 : ittapi_config_mask_get :  --itt-config mask to be applied: 183
13860 : 0x2b22bae093 : 2 : ittapi_config_apply_per_lib :  ITTAPI function instrumented: __itt_domain_createA
13860 : 0x2b22bae0a5 : 2 : ittapi_config_apply_per_lib :  ITTAPI function instrumented: __itt_domain_createW
13860 : 0x2b22bae0b8 : 2 : ittapi_config_apply_per_lib :  ITTAPI function instrumented: __itt_module_load_with_sections
13860 : 0x2b22bae0cc : 2 : ittapi_config_apply_per_lib :  ITTAPI function not implemented: __itt_module_unload_with_sections
13860 : 0x2b22bae0da : 2 : ittapi_config_apply_per_lib :  ITTAPI function instrumented: __itt_string_handle_createA
13860 : 0x2b22bae0e6 : 2 : ittapi_config_apply_per_lib :  ITTAPI function instrumented: __itt_string_handle_createW
13860 : 0x2b22bae0f4 : 2 : ittapi_config_apply_per_lib :  ITTAPI function instrumented: __itt_counter_createA
13860 : 0x2b22bae100 : 2 : ittapi_config_apply_per_lib :  ITTAPI function instrumented: __itt_counter_createW
13860 : 0x2b22bae4c9 : 2 : ittapi_config_apply_per_lib :  ITTAPI function instrumented: __itt_counter_create_typedA
13860 : 0x2b22bae4d9 : 2 : ittapi_config_apply_per_lib :  ITTAPI function instrumented: __itt_counter_create_typedW
13860 : 0x2b22bae4e6 : 2 : ittapi_config_apply_per_lib :  ITTAPI function instrumented: __itt_pause
13860 : 0x2b22bae4f2 : 2 : ittapi_config_apply_per_lib :  ITTAPI function instrumented: __itt_resume
13860 : 0x2b22bae501 : 2 : ittapi_config_apply_per_lib :  ITTAPI function instrumented: __itt_thread_set_nameA
13860 : 0x2b22bae50d : 2 : ittapi_config_apply_per_lib :  ITTAPI function instrumented: __itt_thread_set_nameW
13860 : 0x2b22bae519 : 2 : ittapi_config_apply_per_lib :  ITTAPI function instrumented: __itt_thread_ignore
13860 : 0x2b22bae526 : 2 : ittapi_config_apply_per_lib :  ITTAPI function instrumented: __itt_thr_name_setA
13860 : 0x2b22bae532 : 2 : ittapi_config_apply_per_lib :  ITTAPI function instrumented: __itt_thr_name_setW
13860 : 0x2b22bae53d : 2 : ittapi_config_apply_per_lib :  ITTAPI function instrumented: __itt_thr_ignore
13860 : 0x2b22bae589 : 2 : ittapi_config_apply_per_lib :  ITTAPI function instrumented: __itt_histogram_createA
13860 : 0x2b22bae595 : 2 : ittapi_config_apply_per_lib :  ITTAPI function instrumented: __itt_histogram_createW
13860 : 0x2b22bae5a4 : 2 : ittapi_config_apply_per_lib :  ITTAPI function not implemented: __itt_enable_attach
13860 : 0x2b22bae5b0 : 2 : ittapi_config_apply_per_lib :  ITTAPI function instrumented: __itt_detach
13860 : 0x2b22bae5ba : 2 : ittapi_config_apply_per_lib :  ITTAPI function NOT instrumented (not matched by --itt-config option): __itt_sync_createA

13860 : 0x2b22bae5cb : 2 : ittapi_config_apply_per_lib :  ITTAPI function NOT instrumented (not matched by --itt-config option): __itt_sync_createW

13860 : 0x2b22bae5db : 2 : ittapi_config_apply_per_lib :  ITTAPI function NOT instrumented (not matched by --itt-config option): __itt_sync_renameA

13860 : 0x2b22bae5ec : 2 : ittapi_config_apply_per_lib :  ITTAPI function NOT instrumented (not matched by --itt-config option): __itt_sync_renameW

13860 : 0x2b22bae5fb : 2 : ittapi_config_apply_per_lib :  ITTAPI function NOT instrumented (not matched by --itt-config option): __itt_sync_destroy

13860 : 0x2b22bae60b : 2 : ittapi_config_apply_per_lib :  ITTAPI function NOT instrumented (not matched by --itt-config option): __itt_sync_prepare

13860 : 0x2b22bae632 : 2 : ittapi_config_apply_per_lib :  ITTAPI function NOT instrumented (not matched by --itt-config option): __itt_sync_cancel

13860 : 0x2b22bae642 : 2 : ittapi_config_apply_per_lib :  ITTAPI function NOT instrumented (not matched by --itt-config option): __itt_sync_acquired

13860 : 0x2b22bae651 : 2 : ittapi_config_apply_per_lib :  ITTAPI function NOT instrumented (not matched by --itt-config option): __itt_sync_releasing

13860 : 0x2b22bae666 : 2 : ittapi_config_apply_per_lib :  ITTAPI function not implemented: __itt_suppress_push
13860 : 0x2b22bae674 : 2 : ittapi_config_apply_per_lib :  ITTAPI function not implemented: __itt_suppress_pop
13860 : 0x2b22bae682 : 2 : ittapi_config_apply_per_lib :  ITTAPI function not implemented: __itt_suppress_mark_range
13860 : 0x2b22bae690 : 2 : ittapi_config_apply_per_lib :  ITTAPI function not implemented: __itt_suppress_clear_range
13860 : 0x2b22bae69b : 2 : ittapi_config_apply_per_lib :  ITTAPI function NOT instrumented (not matched by --itt-config option): __itt_sync_prepare

13860 : 0x2b22bae6aa : 2 : ittapi_config_apply_per_lib :  ITTAPI function NOT instrumented (not matched by --itt-config option): __itt_sync_cancel

13860 : 0x2b22bae6ba : 2 : ittapi_config_apply_per_lib :  ITTAPI function NOT instrumented (not matched by --itt-config option): __itt_sync_acquired

13860 : 0x2b22bae79a : 2 : ittapi_config_apply_per_lib :  ITTAPI function NOT instrumented (not matched by --itt-config option): __itt_sync_releasing

13860 : 0x2b22bae7b1 : 2 : ittapi_config_apply_per_lib :  ITTAPI function instrumented: __itt_model_site_begin
13860 : 0x2b22bae7be : 2 : ittapi_config_apply_per_lib :  ITTAPI function instrumented: __itt_model_site_end
13860 : 0x2b22bae7c9 : 2 : ittapi_config_apply_per_lib :  ITTAPI function instrumented: __itt_model_task_begin
13860 : 0x2b22bae7d6 : 2 : ittapi_config_apply_per_lib :  ITTAPI function instrumented: __itt_model_task_end
13860 : 0x2b22bae7e2 : 2 : ittapi_config_apply_per_lib :  ITTAPI function instrumented: __itt_model_lock_acquire
13860 : 0x2b22bae7ef : 2 : ittapi_config_apply_per_lib :  ITTAPI function instrumented: __itt_model_lock_release
13860 : 0x2b22bae7fd : 2 : ittapi_config_apply_per_lib :  ITTAPI function not implemented: __itt_model_record_allocation
13860 : 0x2b22bae80a : 2 : ittapi_config_apply_per_lib :  ITTAPI function not implemented: __itt_model_record_deallocation
13860 : 0x2b22bae818 : 2 : ittapi_config_apply_per_lib :  ITTAPI function not implemented: __itt_model_induction_uses
13860 : 0x2b22bae843 : 2 : ittapi_config_apply_per_lib :  ITTAPI function not implemented: __itt_model_reduction_uses
13860 : 0x2b22bae850 : 2 : ittapi_config_apply_per_lib :  ITTAPI function not implemented: __itt_model_observe_uses
13860 : 0x2b22bae85f : 2 : ittapi_config_apply_per_lib :  ITTAPI function not implemented: __itt_model_clear_uses
13860 : 0x2b22bae86b : 2 : ittapi_config_apply_per_lib :  ITTAPI function instrumented: __itt_model_site_beginW
13860 : 0x2b22bae877 : 2 : ittapi_config_apply_per_lib :  ITTAPI function instrumented: __itt_model_task_beginW
13860 : 0x2b22bae883 : 2 : ittapi_config_apply_per_lib :  ITTAPI function instrumented: __itt_model_iteration_taskW
13860 : 0x2b22bae88f : 2 : ittapi_config_apply_per_lib :  ITTAPI function instrumented: __itt_model_site_beginA
13860 : 0x2b22bae89b : 2 : ittapi_config_apply_per_lib :  ITTAPI function instrumented: __itt_model_site_beginAL
13860 : 0x2b22bae8a7 : 2 : ittapi_config_apply_per_lib :  ITTAPI function instrumented: __itt_model_task_beginA
13860 : 0x2b22bae8b3 : 2 : ittapi_config_apply_per_lib :  ITTAPI function instrumented: __itt_model_task_beginAL
13860 : 0x2b22bae8d5 : 2 : ittapi_config_apply_per_lib :  ITTAPI function instrumented: __itt_model_iteration_taskA
13860 : 0x2b22bae8e1 : 2 : ittapi_config_apply_per_lib :  ITTAPI function instrumented: __itt_model_iteration_taskAL
13860 : 0x2b22bae8ee : 2 : ittapi_config_apply_per_lib :  ITTAPI function instrumented: __itt_model_site_end_2
13860 : 0x2b22bae8fa : 2 : ittapi_config_apply_per_lib :  ITTAPI function instrumented: __itt_model_task_end_2
13860 : 0x2b22bae906 : 2 : ittapi_config_apply_per_lib :  ITTAPI function instrumented: __itt_model_lock_acquire_2
13860 : 0x2b22bae912 : 2 : ittapi_config_apply_per_lib :  ITTAPI function instrumented: __itt_model_lock_release_2
13860 : 0x2b22bae91e : 2 : ittapi_config_apply_per_lib :  ITTAPI function instrumented: __itt_model_aggregate_task
13860 : 0x2b22bae92a : 2 : ittapi_config_apply_per_lib :  ITTAPI function instrumented: __itt_model_disable_push
13860 : 0x2b22bae936 : 2 : ittapi_config_apply_per_lib :  ITTAPI function instrumented: __itt_model_disable_pop
13860 : 0x2b22bae945 : 2 : ittapi_config_apply_per_lib :  ITTAPI function instrumented: __itt_heap_function_createA
13860 : 0x2b22bae96f : 2 : ittapi_config_apply_per_lib :  ITTAPI function instrumented: __itt_heap_function_createW
13860 : 0x2b22bae97c : 2 : ittapi_config_apply_per_lib :  ITTAPI function instrumented: __itt_heap_allocate_begin
13860 : 0x2b22bae988 : 2 : ittapi_config_apply_per_lib :  ITTAPI function instrumented: __itt_heap_allocate_end
13860 : 0x2b22bae994 : 2 : ittapi_config_apply_per_lib :  ITTAPI function instrumented: __itt_heap_free_begin
13860 : 0x2b22bae9a0 : 2 : ittapi_config_apply_per_lib :  ITTAPI function instrumented: __itt_heap_free_end
13860 : 0x2b22bae9ac : 2 : ittapi_config_apply_per_lib :  ITTAPI function instrumented: __itt_heap_reallocate_begin
13860 : 0x2b22bae9b9 : 2 : ittapi_config_apply_per_lib :  ITTAPI function instrumented: __itt_heap_reallocate_end
13860 : 0x2b22bae9c6 : 2 : ittapi_config_apply_per_lib :  ITTAPI function not implemented: __itt_heap_internal_access_begin
13860 : 0x2b22bae9d4 : 2 : ittapi_config_apply_per_lib :  ITTAPI function not implemented: __itt_heap_internal_access_end
13860 : 0x2b22bae9e2 : 2 : ittapi_config_apply_per_lib :  ITTAPI function not implemented: __itt_heap_record_memory_growth_begin
13860 : 0x2b22baea07 : 2 : ittapi_config_apply_per_lib :  ITTAPI function not implemented: __itt_heap_record_memory_growth_end
13860 : 0x2b22baea15 : 2 : ittapi_config_apply_per_lib :  ITTAPI function not implemented: __itt_heap_reset_detection
13860 : 0x2b22baea22 : 2 : ittapi_config_apply_per_lib :  ITTAPI function not implemented: __itt_heap_record
13860 : 0x2b22baea30 : 2 : ittapi_config_apply_per_lib :  ITTAPI function not implemented: __itt_id_create
13860 : 0x2b22baea3d : 2 : ittapi_config_apply_per_lib :  ITTAPI function not implemented: __itt_id_destroy
13860 : 0x2b22baea4a : 2 : ittapi_config_apply_per_lib :  ITTAPI function instrumented: __itt_get_timestamp
13860 : 0x2b22baea57 : 2 : ittapi_config_apply_per_lib :  ITTAPI function not implemented: __itt_region_begin
13860 : 0x2b22baea64 : 2 : ittapi_config_apply_per_lib :  ITTAPI function not implemented: __itt_region_end
13860 : 0x2b22baea70 : 2 : ittapi_config_apply_per_lib :  ITTAPI function instrumented: __itt_frame_begin_v3
13860 : 0x2b22baea7c : 2 : ittapi_config_apply_per_lib :  ITTAPI function instrumented: __itt_frame_end_v3
13860 : 0x2b22baea9b : 2 : ittapi_config_apply_per_lib :  ITTAPI function instrumented: __itt_frame_submit_v3
13860 : 0x2b22baeaa9 : 2 : ittapi_config_apply_per_lib :  ITTAPI function not implemented: __itt_task_group
13860 : 0x2b22baeab6 : 2 : ittapi_config_apply_per_lib :  ITTAPI function instrumented: __itt_task_begin
13860 : 0x2b22baeac2 : 2 : ittapi_config_apply_per_lib :  ITTAPI function instrumented: __itt_task_begin_fn
13860 : 0x2b22baeace : 2 : ittapi_config_apply_per_lib :  ITTAPI function instrumented: __itt_task_end
13860 : 0x2b22baeadc : 2 : ittapi_config_apply_per_lib :  ITTAPI function not implemented: __itt_counter_inc_v3
13860 : 0x2b22baeaea : 2 : ittapi_config_apply_per_lib :  ITTAPI function not implemented: __itt_counter_inc_delta_v3
13860 : 0x2b22baeaf7 : 2 : ittapi_config_apply_per_lib :  ITTAPI function not implemented: __itt_counter_dec_v3
13860 : 0x2b22baeb05 : 2 : ittapi_config_apply_per_lib :  ITTAPI function not implemented: __itt_counter_dec_delta_v3
13860 : 0x2b22baeb13 : 2 : ittapi_config_apply_per_lib :  ITTAPI function not implemented: __itt_marker
13860 : 0x2b22baeb34 : 2 : ittapi_config_apply_per_lib :  ITTAPI function instrumented: __itt_metadata_add
13860 : 0x2b22baeb41 : 2 : ittapi_config_apply_per_lib :  ITTAPI function not implemented: __itt_metadata_str_addA
13860 : 0x2b22baeb4d : 2 : ittapi_config_apply_per_lib :  ITTAPI function not implemented: __itt_metadata_str_addW
13860 : 0x2b22baeb5b : 2 : ittapi_config_apply_per_lib :  ITTAPI function not implemented: __itt_relation_add_to_current
13860 : 0x2b22baeb68 : 2 : ittapi_config_apply_per_lib :  ITTAPI function not implemented: __itt_relation_add
13860 : 0x2b22baeb74 : 2 : ittapi_config_apply_per_lib :  ITTAPI function instrumented: __itt_event_createA
13860 : 0x2b22baeb7f : 2 : ittapi_config_apply_per_lib :  ITTAPI function instrumented: __itt_event_createW
13860 : 0x2b22baeb8c : 2 : ittapi_config_apply_per_lib :  ITTAPI function instrumented: __itt_event_start
13860 : 0x2b22baeb98 : 2 : ittapi_config_apply_per_lib :  ITTAPI function instrumented: __itt_event_end
13860 : 0x2b22baeba1 : 2 : ittapi_config_apply_per_lib :  ITTAPI function NOT instrumented (not matched by --itt-config option): __itt_sync_set_nameA

13860 : 0x2b22baebcb : 2 : ittapi_config_apply_per_lib :  ITTAPI function NOT instrumented (not matched by --itt-config option): __itt_sync_set_nameW

13860 : 0x2b22baebdb : 2 : ittapi_config_apply_per_lib :  ITTAPI function NOT instrumented (not matched by --itt-config option): __itt_notify_sync_nameA

13860 : 0x2b22baebeb : 2 : ittapi_config_apply_per_lib :  ITTAPI function NOT instrumented (not matched by --itt-config option): __itt_notify_sync_nameW

13860 : 0x2b22baebfa : 2 : ittapi_config_apply_per_lib :  ITTAPI function NOT instrumented (not matched by --itt-config option): __itt_notify_sync_prepare

13860 : 0x2b22baec0a : 2 : ittapi_config_apply_per_lib :  ITTAPI function NOT instrumented (not matched by --itt-config option): __itt_notify_sync_cancel

13860 : 0x2b22baec1a : 2 : ittapi_config_apply_per_lib :  ITTAPI function NOT instrumented (not matched by --itt-config option): __itt_notify_sync_acquired

13860 : 0x2b22baec2a : 2 : ittapi_config_apply_per_lib :  ITTAPI function NOT instrumented (not matched by --itt-config option): __itt_notify_sync_releasing

13860 : 0x2b22baec3d : 2 : ittapi_config_apply_per_lib :  ITTAPI function not implemented: __itt_memory_read
13860 : 0x2b22baec4a : 2 : ittapi_config_apply_per_lib :  ITTAPI function not implemented: __itt_memory_write
13860 : 0x2b22baec57 : 2 : ittapi_config_apply_per_lib :  ITTAPI function not implemented: __itt_memory_update
13860 : 0x2b22baec7c : 2 : ittapi_config_apply_per_lib :  ITTAPI function not implemented: __itt_state_get
13860 : 0x2b22baec89 : 2 : ittapi_config_apply_per_lib :  ITTAPI function not implemented: __itt_state_set
13860 : 0x2b22baec96 : 2 : ittapi_config_apply_per_lib :  ITTAPI function not implemented: __itt_obj_mode_set
13860 : 0x2b22baeca3 : 2 : ittapi_config_apply_per_lib :  ITTAPI function not implemented: __itt_thr_mode_set
13860 : 0x2b22baecaf : 2 : ittapi_config_apply_per_lib :  ITTAPI function instrumented: __itt_frame_createA
13860 : 0x2b22baecbb : 2 : ittapi_config_apply_per_lib :  ITTAPI function instrumented: __itt_frame_createW
13860 : 0x2b22baecc7 : 2 : ittapi_config_apply_per_lib :  ITTAPI function instrumented: __itt_pt_region_createA
13860 : 0x2b22baecd3 : 2 : ittapi_config_apply_per_lib :  ITTAPI function instrumented: __itt_pt_region_createW
13860 : 0x2b22baecdf : 2 : ittapi_config_apply_per_lib :  ITTAPI function instrumented: __itt_frame_begin
13860 : 0x2b22baeceb : 2 : ittapi_config_apply_per_lib :  ITTAPI function instrumented: __itt_frame_end
13860 : 0x2b22baed0b : 2 : ittapi_config_apply_per_lib :  ITTAPI function not implemented: __itt_counter_destroy
13860 : 0x2b22baed17 : 2 : ittapi_config_apply_per_lib :  ITTAPI function instrumented: __itt_counter_inc
13860 : 0x2b22baed24 : 2 : ittapi_config_apply_per_lib :  ITTAPI function instrumented: __itt_counter_inc_delta
13860 : 0x2b22baed30 : 2 : ittapi_config_apply_per_lib :  ITTAPI function instrumented: __itt_counter_dec
13860 : 0x2b22baed3b : 2 : ittapi_config_apply_per_lib :  ITTAPI function instrumented: __itt_counter_dec_delta
13860 : 0x2b22baed47 : 2 : ittapi_config_apply_per_lib :  ITTAPI function instrumented: __itt_counter_set_value
13860 : 0x2b22baed54 : 2 : ittapi_config_apply_per_lib :  ITTAPI function not implemented: __itt_counter_set_value_ex
13860 : 0x2b22baed61 : 2 : ittapi_config_apply_per_lib :  ITTAPI function not implemented: __itt_mark_createA
13860 : 0x2b22baed6d : 2 : ittapi_config_apply_per_lib :  ITTAPI function not implemented: __itt_mark_createW
13860 : 0x2b22baed7a : 2 : ittapi_config_apply_per_lib :  ITTAPI function not implemented: __itt_markA
13860 : 0x2b22baee5a : 2 : ittapi_config_apply_per_lib :  ITTAPI function not implemented: __itt_markW
13860 : 0x2b22baee69 : 2 : ittapi_config_apply_per_lib :  ITTAPI function not implemented: __itt_mark_off
13860 : 0x2b22baee76 : 2 : ittapi_config_apply_per_lib :  ITTAPI function not implemented: __itt_mark_globalA
13860 : 0x2b22baee83 : 2 : ittapi_config_apply_per_lib :  ITTAPI function not implemented: __itt_mark_globalW
13860 : 0x2b22baee90 : 2 : ittapi_config_apply_per_lib :  ITTAPI function not implemented: __itt_mark_global_off
13860 : 0x2b22baee9e : 2 : ittapi_config_apply_per_lib :  ITTAPI function instrumented: __itt_stack_caller_create
13860 : 0x2b22baeeaa : 2 : ittapi_config_apply_per_lib :  ITTAPI function instrumented: __itt_stack_caller_destroy
13860 : 0x2b22baeeb7 : 2 : ittapi_config_apply_per_lib :  ITTAPI function instrumented: __itt_stack_callee_enter
13860 : 0x2b22baeec3 : 2 : ittapi_config_apply_per_lib :  ITTAPI function instrumented: __itt_stack_callee_leave
13860 : 0x2b22baeed0 : 2 : ittapi_config_apply_per_lib :  ITTAPI function not implemented: __itt_clock_domain_create
13860 : 0x2b22baeefc : 2 : ittapi_config_apply_per_lib :  ITTAPI function not implemented: __itt_clock_domain_reset
13860 : 0x2b22baef09 : 2 : ittapi_config_apply_per_lib :  ITTAPI function not implemented: __itt_id_create_ex
13860 : 0x2b22baef16 : 2 : ittapi_config_apply_per_lib :  ITTAPI function not implemented: __itt_id_destroy_ex
13860 : 0x2b22baef24 : 2 : ittapi_config_apply_per_lib :  ITTAPI function not implemented: __itt_task_begin_ex
13860 : 0x2b22baef31 : 2 : ittapi_config_apply_per_lib :  ITTAPI function not implemented: __itt_task_begin_fn_ex
13860 : 0x2b22baef3e : 2 : ittapi_config_apply_per_lib :  ITTAPI function not implemented: __itt_task_end_ex
13860 : 0x2b22baef4b : 2 : ittapi_config_apply_per_lib :  ITTAPI function instrumented: __itt_task_begin_overlapped
13860 : 0x2b22baef58 : 2 : ittapi_config_apply_per_lib :  ITTAPI function not implemented: __itt_task_begin_overlapped_ex
13860 : 0x2b22baef64 : 2 : ittapi_config_apply_per_lib :  ITTAPI function instrumented: __itt_task_end_overlapped
13860 : 0x2b22baef72 : 2 : ittapi_config_apply_per_lib :  ITTAPI function not implemented: __itt_task_end_overlapped_ex
13860 : 0x2b22baef96 : 2 : ittapi_config_apply_per_lib :  ITTAPI function not implemented: __itt_marker_ex
13860 : 0x2b22baefa4 : 2 : ittapi_config_apply_per_lib :  ITTAPI function not implemented: __itt_metadata_add_with_scope
13860 : 0x2b22baefb2 : 2 : ittapi_config_apply_per_lib :  ITTAPI function not implemented: __itt_metadata_str_add_with_scopeA
13860 : 0x2b22baefc0 : 2 : ittapi_config_apply_per_lib :  ITTAPI function not implemented: __itt_metadata_str_add_with_scopeW
13860 : 0x2b22baefcd : 2 : ittapi_config_apply_per_lib :  ITTAPI function not implemented: __itt_relation_add_to_current_ex
13860 : 0x2b22baefdb : 2 : ittapi_config_apply_per_lib :  ITTAPI function not implemented: __itt_relation_add_ex
13860 : 0x2b22baefe8 : 2 : ittapi_config_apply_per_lib :  ITTAPI function not implemented: __itt_track_group_create
13860 : 0x2b22baeff4 : 2 : ittapi_config_apply_per_lib :  ITTAPI function not implemented: __itt_track_create
13860 : 0x2b22baf002 : 2 : ittapi_config_apply_per_lib :  ITTAPI function not implemented: __itt_set_track
13860 : 0x2b22baf00e : 2 : ittapi_config_apply_per_lib :  ITTAPI function instrumented: __itt_api_version
13860 : 0x2b22baf02e : 2 : ittapi_config_apply_per_lib :  ITTAPI function not implemented: __itt_av_saveA
13860 : 0x2b22baf03b : 2 : ittapi_config_apply_per_lib :  ITTAPI function not implemented: __itt_av_saveW
13860 : 0x2b22baf048 : 2 : ittapi_config_apply_per_lib :  ITTAPI function instrumented: __itt_module_loadA
13860 : 0x2b22baf054 : 2 : ittapi_config_apply_per_lib :  ITTAPI function instrumented: __itt_module_loadW
13860 : 0x2b22baf061 : 2 : ittapi_config_apply_per_lib :  ITTAPI function not implemented: __itt_module_unload
13860 : 0x2b22baf06b : 2 : ittapi_config_apply_per_lib :  ITTAPI function NOT instrumented (not matched by --itt-config option): __itt_histogram_submit

13860 : 0x2b22baff25 : 2 : ittapi_config_mask_get :  --itt-config mask to be applied: 183
13860 : 0x2b22baff3b : 2 : ittapi_config_apply_per_lib :  ITTAPI function instrumented: __itt_domain_createA
13860 : 0x2b22baff47 : 2 : ittapi_config_apply_per_lib :  ITTAPI function instrumented: __itt_domain_createW
13860 : 0x2b22baff55 : 2 : ittapi_config_apply_per_lib :  ITTAPI function instrumented: __itt_module_load_with_sections
13860 : 0x2b22baff98 : 2 : ittapi_config_apply_per_lib :  ITTAPI function not implemented: __itt_module_unload_with_sections
13860 : 0x2b22baffa6 : 2 : ittapi_config_apply_per_lib :  ITTAPI function instrumented: __itt_string_handle_createA
13860 : 0x2b22baffb1 : 2 : ittapi_config_apply_per_lib :  ITTAPI function instrumented: __itt_string_handle_createW
13860 : 0x2b22baffbd : 2 : ittapi_config_apply_per_lib :  ITTAPI function instrumented: __itt_counter_createA
13860 : 0x2b22baffc9 : 2 : ittapi_config_apply_per_lib :  ITTAPI function instrumented: __itt_counter_createW
13860 : 0x2b22baffd5 : 2 : ittapi_config_apply_per_lib :  ITTAPI function instrumented: __itt_counter_create_typedA
13860 : 0x2b22baffe1 : 2 : ittapi_config_apply_per_lib :  ITTAPI function instrumented: __itt_counter_create_typedW
13860 : 0x2b22baffed : 2 : ittapi_config_apply_per_lib :  ITTAPI function instrumented: __itt_pause
13860 : 0x2b22bafff9 : 2 : ittapi_config_apply_per_lib :  ITTAPI function instrumented: __itt_resume
13860 : 0x2b22bb0006 : 2 : ittapi_config_apply_per_lib :  ITTAPI function instrumented: __itt_thread_set_nameA
13860 : 0x2b22bb002f : 2 : ittapi_config_apply_per_lib :  ITTAPI function instrumented: __itt_thread_set_nameW
13860 : 0x2b22bb003c : 2 : ittapi_config_apply_per_lib :  ITTAPI function instrumented: __itt_thread_ignore
13860 : 0x2b22bb0048 : 2 : ittapi_config_apply_per_lib :  ITTAPI function instrumented: __itt_thr_name_setA
13860 : 0x2b22bb0054 : 2 : ittapi_config_apply_per_lib :  ITTAPI function instrumented: __itt_thr_name_setW
13860 : 0x2b22bb0060 : 2 : ittapi_config_apply_per_lib :  ITTAPI function instrumented: __itt_thr_ignore
13860 : 0x2b22bb006d : 2 : ittapi_config_apply_per_lib :  ITTAPI function not implemented: __itt_enable_attach
13860 : 0x2b22bb007a : 2 : ittapi_config_apply_per_lib :  ITTAPI function instrumented: __itt_detach
13860 : 0x2b22bb0084 : 2 : ittapi_config_apply_per_lib :  ITTAPI function NOT instrumented (not matched by --itt-config option): __itt_sync_createA

13860 : 0x2b22bb0093 : 2 : ittapi_config_apply_per_lib :  ITTAPI function NOT instrumented (not matched by --itt-config option): __itt_sync_createW

13860 : 0x2b22bb00a2 : 2 : ittapi_config_apply_per_lib :  ITTAPI function NOT instrumented (not matched by --itt-config option): __itt_sync_renameA

13860 : 0x2b22bb00c5 : 2 : ittapi_config_apply_per_lib :  ITTAPI function NOT instrumented (not matched by --itt-config option): __itt_sync_renameW

13860 : 0x2b22bb00d4 : 2 : ittapi_config_apply_per_lib :  ITTAPI function NOT instrumented (not matched by --itt-config option): __itt_sync_destroy

13860 : 0x2b22bb00e3 : 2 : ittapi_config_apply_per_lib :  ITTAPI function NOT instrumented (not matched by --itt-config option): __itt_sync_prepare

13860 : 0x2b22bb00f2 : 2 : ittapi_config_apply_per_lib :  ITTAPI function NOT instrumented (not matched by --itt-config option): __itt_sync_cancel

13860 : 0x2b22bb0101 : 2 : ittapi_config_apply_per_lib :  ITTAPI function NOT instrumented (not matched by --itt-config option): __itt_sync_acquired

13860 : 0x2b22bb010f : 2 : ittapi_config_apply_per_lib :  ITTAPI function NOT instrumented (not matched by --itt-config option): __itt_sync_releasing

13860 : 0x2b22bb0122 : 2 : ittapi_config_apply_per_lib :  ITTAPI function not implemented: __itt_suppress_push
13860 : 0x2b22bb0130 : 2 : ittapi_config_apply_per_lib :  ITTAPI function not implemented: __itt_suppress_pop
13860 : 0x2b22bb013d : 2 : ittapi_config_apply_per_lib :  ITTAPI function not implemented: __itt_suppress_mark_range
13860 : 0x2b22bb014b : 2 : ittapi_config_apply_per_lib :  ITTAPI function not implemented: __itt_suppress_clear_range
13860 : 0x2b22bb016e : 2 : ittapi_config_apply_per_lib :  ITTAPI function NOT instrumented (not matched by --itt-config option): __itt_sync_prepare

13860 : 0x2b22bb017d : 2 : ittapi_config_apply_per_lib :  ITTAPI function NOT instrumented (not matched by --itt-config option): __itt_sync_cancel

13860 : 0x2b22bb018c : 2 : ittapi_config_apply_per_lib :  ITTAPI function NOT instrumented (not matched by --itt-config option): __itt_sync_acquired

13860 : 0x2b22bb019a : 2 : ittapi_config_apply_per_lib :  ITTAPI function NOT instrumented (not matched by --itt-config option): __itt_sync_releasing

13860 : 0x2b22bb01ad : 2 : ittapi_config_apply_per_lib :  ITTAPI function instrumented: __itt_model_site_begin
13860 : 0x2b22bb01ba : 2 : ittapi_config_apply_per_lib :  ITTAPI function instrumented: __itt_model_site_end
13860 : 0x2b22bb01d4 : 2 : ittapi_config_apply_per_lib :  ITTAPI function instrumented: __itt_model_task_begin
13860 : 0x2b22bb01e0 : 2 : ittapi_config_apply_per_lib :  ITTAPI function instrumented: __itt_model_task_end
13860 : 0x2b22bb01ed : 2 : ittapi_config_apply_per_lib :  ITTAPI function instrumented: __itt_model_lock_acquire
13860 : 0x2b22bb01fb : 2 : ittapi_config_apply_per_lib :  ITTAPI function instrumented: __itt_model_lock_release
13860 : 0x2b22bb0220 : 2 : ittapi_config_apply_per_lib :  ITTAPI function not implemented: __itt_model_record_allocation
13860 : 0x2b22bb022e : 2 : ittapi_config_apply_per_lib :  ITTAPI function not implemented: __itt_model_record_deallocation
13860 : 0x2b22bb023b : 2 : ittapi_config_apply_per_lib :  ITTAPI function not implemented: __itt_model_induction_uses
13860 : 0x2b22bb0248 : 2 : ittapi_config_apply_per_lib :  ITTAPI function not implemented: __itt_model_reduction_uses
13860 : 0x2b22bb0255 : 2 : ittapi_config_apply_per_lib :  ITTAPI function not implemented: __itt_model_observe_uses
13860 : 0x2b22bb0263 : 2 : ittapi_config_apply_per_lib :  ITTAPI function not implemented: __itt_model_clear_uses
13860 : 0x2b22bb026f : 2 : ittapi_config_apply_per_lib :  ITTAPI function instrumented: __itt_model_site_beginW
13860 : 0x2b22bb027b : 2 : ittapi_config_apply_per_lib :  ITTAPI function instrumented: __itt_model_task_beginW
13860 : 0x2b22bb0287 : 2 : ittapi_config_apply_per_lib :  ITTAPI function instrumented: __itt_model_iteration_taskW
13860 : 0x2b22bb0293 : 2 : ittapi_config_apply_per_lib :  ITTAPI function instrumented: __itt_model_site_beginA
13860 : 0x2b22bb02b3 : 2 : ittapi_config_apply_per_lib :  ITTAPI function instrumented: __itt_model_site_beginAL
13860 : 0x2b22bb02bf : 2 : ittapi_config_apply_per_lib :  ITTAPI function instrumented: __itt_model_task_beginA
13860 : 0x2b22bb02cb : 2 : ittapi_config_apply_per_lib :  ITTAPI function instrumented: __itt_model_task_beginAL
13860 : 0x2b22bb02d7 : 2 : ittapi_config_apply_per_lib :  ITTAPI function instrumented: __itt_model_iteration_taskA
13860 : 0x2b22bb02e3 : 2 : ittapi_config_apply_per_lib :  ITTAPI function instrumented: __itt_model_iteration_taskAL
13860 : 0x2b22bb02ef : 2 : ittapi_config_apply_per_lib :  ITTAPI function instrumented: __itt_model_site_end_2
13860 : 0x2b22bb02fb : 2 : ittapi_config_apply_per_lib :  ITTAPI function instrumented: __itt_model_task_end_2
13860 : 0x2b22bb0308 : 2 : ittapi_config_apply_per_lib :  ITTAPI function instrumented: __itt_model_lock_acquire_2
13860 : 0x2b22bb0313 : 2 : ittapi_config_apply_per_lib :  ITTAPI function instrumented: __itt_model_lock_release_2
13860 : 0x2b22bb031f : 2 : ittapi_config_apply_per_lib :  ITTAPI function instrumented: __itt_model_aggregate_task
13860 : 0x2b22bb033e : 2 : ittapi_config_apply_per_lib :  ITTAPI function instrumented: __itt_model_disable_push
13860 : 0x2b22bb034a : 2 : ittapi_config_apply_per_lib :  ITTAPI function instrumented: __itt_model_disable_pop
13860 : 0x2b22bb0356 : 2 : ittapi_config_apply_per_lib :  ITTAPI function instrumented: __itt_heap_function_createA
13860 : 0x2b22bb0362 : 2 : ittapi_config_apply_per_lib :  ITTAPI function instrumented: __itt_heap_function_createW
13860 : 0x2b22bb036e : 2 : ittapi_config_apply_per_lib :  ITTAPI function instrumented: __itt_heap_allocate_begin
13860 : 0x2b22bb037a : 2 : ittapi_config_apply_per_lib :  ITTAPI function instrumented: __itt_heap_allocate_end
13860 : 0x2b22bb0386 : 2 : ittapi_config_apply_per_lib :  ITTAPI function instrumented: __itt_heap_free_begin
13860 : 0x2b22bb0392 : 2 : ittapi_config_apply_per_lib :  ITTAPI function instrumented: __itt_heap_free_end
13860 : 0x2b22bb039e : 2 : ittapi_config_apply_per_lib :  ITTAPI function instrumented: __itt_heap_reallocate_begin
13860 : 0x2b22bb03ab : 2 : ittapi_config_apply_per_lib :  ITTAPI function instrumented: __itt_heap_reallocate_end
13860 : 0x2b22bb03d2 : 2 : ittapi_config_apply_per_lib :  ITTAPI function not implemented: __itt_heap_internal_access_begin
13860 : 0x2b22bb03e0 : 2 : ittapi_config_apply_per_lib :  ITTAPI function not implemented: __itt_heap_internal_access_end
13860 : 0x2b22bb03ed : 2 : ittapi_config_apply_per_lib :  ITTAPI function not implemented: __itt_heap_record_memory_growth_begin
13860 : 0x2b22bb03fb : 2 : ittapi_config_apply_per_lib :  ITTAPI function not implemented: __itt_heap_record_memory_growth_end
13860 : 0x2b22bb0409 : 2 : ittapi_config_apply_per_lib :  ITTAPI function not implemented: __itt_heap_reset_detection
13860 : 0x2b22bb0415 : 2 : ittapi_config_apply_per_lib :  ITTAPI function not implemented: __itt_heap_record
13860 : 0x2b22bb0423 : 2 : ittapi_config_apply_per_lib :  ITTAPI function not implemented: __itt_id_create
13860 : 0x2b22bb042f : 2 : ittapi_config_apply_per_lib :  ITTAPI function not implemented: __itt_id_destroy
13860 : 0x2b22bb043c : 2 : ittapi_config_apply_per_lib :  ITTAPI function instrumented: __itt_get_timestamp
13860 : 0x2b22bb0448 : 2 : ittapi_config_apply_per_lib :  ITTAPI function not implemented: __itt_region_begin
13860 : 0x2b22bb046d : 2 : ittapi_config_apply_per_lib :  ITTAPI function not implemented: __itt_region_end
13860 : 0x2b22bb0479 : 2 : ittapi_config_apply_per_lib :  ITTAPI function instrumented: __itt_frame_begin_v3
13860 : 0x2b22bb0486 : 2 : ittapi_config_apply_per_lib :  ITTAPI function instrumented: __itt_frame_end_v3
13860 : 0x2b22bb0492 : 2 : ittapi_config_apply_per_lib :  ITTAPI function instrumented: __itt_frame_submit_v3
13860 : 0x2b22bb049f : 2 : ittapi_config_apply_per_lib :  ITTAPI function not implemented: __itt_task_group
13860 : 0x2b22bb04ab : 2 : ittapi_config_apply_per_lib :  ITTAPI function instrumented: __itt_task_begin
13860 : 0x2b22bb04b7 : 2 : ittapi_config_apply_per_lib :  ITTAPI function instrumented: __itt_task_begin_fn
13860 : 0x2b22bb04c3 : 2 : ittapi_config_apply_per_lib :  ITTAPI function instrumented: __itt_task_end
13860 : 0x2b22bb04d0 : 2 : ittapi_config_apply_per_lib :  ITTAPI function not implemented: __itt_counter_inc_v3
13860 : 0x2b22bb04de : 2 : ittapi_config_apply_per_lib :  ITTAPI function not implemented: __itt_counter_inc_delta_v3
13860 : 0x2b22bb04fe : 2 : ittapi_config_apply_per_lib :  ITTAPI function not implemented: __itt_counter_dec_v3
13860 : 0x2b22bb050c : 2 : ittapi_config_apply_per_lib :  ITTAPI function not implemented: __itt_counter_dec_delta_v3
13860 : 0x2b22bb0519 : 2 : ittapi_config_apply_per_lib :  ITTAPI function not implemented: __itt_marker
13860 : 0x2b22bb0526 : 2 : ittapi_config_apply_per_lib :  ITTAPI function instrumented: __itt_metadata_add
13860 : 0x2b22bb0533 : 2 : ittapi_config_apply_per_lib :  ITTAPI function not implemented: __itt_metadata_str_addA
13860 : 0x2b22bb0540 : 2 : ittapi_config_apply_per_lib :  ITTAPI function not implemented: __itt_metadata_str_addW
13860 : 0x2b22bb054d : 2 : ittapi_config_apply_per_lib :  ITTAPI function not implemented: __itt_relation_add_to_current
13860 : 0x2b22bb055a : 2 : ittapi_config_apply_per_lib :  ITTAPI function not implemented: __itt_relation_add
13860 : 0x2b22bb0566 : 2 : ittapi_config_apply_per_lib :  ITTAPI function instrumented: __itt_event_createA
13860 : 0x2b22bb0572 : 2 : ittapi_config_apply_per_lib :  ITTAPI function instrumented: __itt_event_createW
13860 : 0x2b22bb0591 : 2 : ittapi_config_apply_per_lib :  ITTAPI function instrumented: __itt_event_start
13860 : 0x2b22bb059d : 2 : ittapi_config_apply_per_lib :  ITTAPI function instrumented: __itt_event_end
13860 : 0x2b22bb05a6 : 2 : ittapi_config_apply_per_lib :  ITTAPI function NOT instrumented (not matched by --itt-config option): __itt_sync_set_nameA

13860 : 0x2b22bb05b5 : 2 : ittapi_config_apply_per_lib :  ITTAPI function NOT instrumented (not matched by --itt-config option): __itt_sync_set_nameW

13860 : 0x2b22bb05c4 : 2 : ittapi_config_apply_per_lib :  ITTAPI function NOT instrumented (not matched by --itt-config option): __itt_notify_sync_nameA

13860 : 0x2b22bb05d3 : 2 : ittapi_config_apply_per_lib :  ITTAPI function NOT instrumented (not matched by --itt-config option): __itt_notify_sync_nameW

13860 : 0x2b22bb05e1 : 2 : ittapi_config_apply_per_lib :  ITTAPI function NOT instrumented (not matched by --itt-config option): __itt_notify_sync_prepare

13860 : 0x2b22bb05f0 : 2 : ittapi_config_apply_per_lib :  ITTAPI function NOT instrumented (not matched by --itt-config option): __itt_notify_sync_cancel

13860 : 0x2b22bb05ff : 2 : ittapi_config_apply_per_lib :  ITTAPI function NOT instrumented (not matched by --itt-config option): __itt_notify_sync_acquired

13860 : 0x2b22bb060d : 2 : ittapi_config_apply_per_lib :  ITTAPI function NOT instrumented (not matched by --itt-config option): __itt_notify_sync_releasing

13860 : 0x2b22bb0713 : 2 : ittapi_config_apply_per_lib :  ITTAPI function not implemented: __itt_memory_read
13860 : 0x2b22bb0722 : 2 : ittapi_config_apply_per_lib :  ITTAPI function not implemented: __itt_memory_write
13860 : 0x2b22bb072f : 2 : ittapi_config_apply_per_lib :  ITTAPI function not implemented: __itt_memory_update
13860 : 0x2b22bb073d : 2 : ittapi_config_apply_per_lib :  ITTAPI function not implemented: __itt_state_get
13860 : 0x2b22bb074a : 2 : ittapi_config_apply_per_lib :  ITTAPI function not implemented: __itt_state_set
13860 : 0x2b22bb0757 : 2 : ittapi_config_apply_per_lib :  ITTAPI function not implemented: __itt_obj_mode_set
13860 : 0x2b22bb0764 : 2 : ittapi_config_apply_per_lib :  ITTAPI function not implemented: __itt_thr_mode_set
13860 : 0x2b22bb0771 : 2 : ittapi_config_apply_per_lib :  ITTAPI function instrumented: __itt_frame_createA
13860 : 0x2b22bb077d : 2 : ittapi_config_apply_per_lib :  ITTAPI function instrumented: __itt_frame_createW
13860 : 0x2b22bb0789 : 2 : ittapi_config_apply_per_lib :  ITTAPI function instrumented: __itt_pt_region_createA
13860 : 0x2b22bb07b2 : 2 : ittapi_config_apply_per_lib :  ITTAPI function instrumented: __itt_pt_region_createW
13860 : 0x2b22bb07bf : 2 : ittapi_config_apply_per_lib :  ITTAPI function instrumented: __itt_frame_begin
13860 : 0x2b22bb07cb : 2 : ittapi_config_apply_per_lib :  ITTAPI function instrumented: __itt_frame_end
13860 : 0x2b22bb07d8 : 2 : ittapi_config_apply_per_lib :  ITTAPI function not implemented: __itt_counter_destroy
13860 : 0x2b22bb07e5 : 2 : ittapi_config_apply_per_lib :  ITTAPI function instrumented: __itt_counter_inc
13860 : 0x2b22bb07f1 : 2 : ittapi_config_apply_per_lib :  ITTAPI function instrumented: __itt_counter_inc_delta
13860 : 0x2b22bb07fd : 2 : ittapi_config_apply_per_lib :  ITTAPI function instrumented: __itt_counter_dec
13860 : 0x2b22bb0808 : 2 : ittapi_config_apply_per_lib :  ITTAPI function instrumented: __itt_counter_dec_delta
13860 : 0x2b22bb0815 : 2 : ittapi_config_apply_per_lib :  ITTAPI function instrumented: __itt_counter_set_value
13860 : 0x2b22bb0821 : 2 : ittapi_config_apply_per_lib :  ITTAPI function not implemented: __itt_counter_set_value_ex
13860 : 0x2b22bb0841 : 2 : ittapi_config_apply_per_lib :  ITTAPI function not implemented: __itt_mark_createA
13860 : 0x2b22bb084e : 2 : ittapi_config_apply_per_lib :  ITTAPI function not implemented: __itt_mark_createW
13860 : 0x2b22bb085b : 2 : ittapi_config_apply_per_lib :  ITTAPI function not implemented: __itt_markA
13860 : 0x2b22bb0868 : 2 : ittapi_config_apply_per_lib :  ITTAPI function not implemented: __itt_markW
13860 : 0x2b22bb0875 : 2 : ittapi_config_apply_per_lib :  ITTAPI function not implemented: __itt_mark_off
13860 : 0x2b22bb0882 : 2 : ittapi_config_apply_per_lib :  ITTAPI function not implemented: __itt_mark_globalA
13860 : 0x2b22bb088e : 2 : ittapi_config_apply_per_lib :  ITTAPI function not implemented: __itt_mark_globalW
13860 : 0x2b22bb089b : 2 : ittapi_config_apply_per_lib :  ITTAPI function not implemented: __itt_mark_global_off
13860 : 0x2b22bb08aa : 2 : ittapi_config_apply_per_lib :  ITTAPI function instrumented: __itt_stack_caller_create
13860 : 0x2b22bb08b5 : 2 : ittapi_config_apply_per_lib :  ITTAPI function instrumented: __itt_stack_caller_destroy
13860 : 0x2b22bb08df : 2 : ittapi_config_apply_per_lib :  ITTAPI function instrumented: __itt_stack_callee_enter
13860 : 0x2b22bb08eb : 2 : ittapi_config_apply_per_lib :  ITTAPI function instrumented: __itt_stack_callee_leave
13860 : 0x2b22bb08f8 : 2 : ittapi_config_apply_per_lib :  ITTAPI function not implemented: __itt_clock_domain_create
13860 : 0x2b22bb0905 : 2 : ittapi_config_apply_per_lib :  ITTAPI function not implemented: __itt_clock_domain_reset
13860 : 0x2b22bb0911 : 2 : ittapi_config_apply_per_lib :  ITTAPI function not implemented: __itt_id_create_ex
13860 : 0x2b22bb091e : 2 : ittapi_config_apply_per_lib :  ITTAPI function not implemented: __itt_id_destroy_ex
13860 : 0x2b22bb092b : 2 : ittapi_config_apply_per_lib :  ITTAPI function not implemented: __itt_task_begin_ex
13860 : 0x2b22bb0939 : 2 : ittapi_config_apply_per_lib :  ITTAPI function not implemented: __itt_task_begin_fn_ex
13860 : 0x2b22bb0946 : 2 : ittapi_config_apply_per_lib :  ITTAPI function not implemented: __itt_task_end_ex
13860 : 0x2b22bb0953 : 2 : ittapi_config_apply_per_lib :  ITTAPI function instrumented: __itt_task_begin_overlapped
13860 : 0x2b22bb0978 : 2 : ittapi_config_apply_per_lib :  ITTAPI function not implemented: __itt_task_begin_overlapped_ex
13860 : 0x2b22bb0984 : 2 : ittapi_config_apply_per_lib :  ITTAPI function instrumented: __itt_task_end_overlapped
13860 : 0x2b22bb0991 : 2 : ittapi_config_apply_per_lib :  ITTAPI function not implemented: __itt_task_end_overlapped_ex
13860 : 0x2b22bb099e : 2 : ittapi_config_apply_per_lib :  ITTAPI function not implemented: __itt_marker_ex
13860 : 0x2b22bb09ac : 2 : ittapi_config_apply_per_lib :  ITTAPI function not implemented: __itt_metadata_add_with_scope
13860 : 0x2b22bb09b9 : 2 : ittapi_config_apply_per_lib :  ITTAPI function not implemented: __itt_metadata_str_add_with_scopeA
13860 : 0x2b22bb09c7 : 2 : ittapi_config_apply_per_lib :  ITTAPI function not implemented: __itt_metadata_str_add_with_scopeW
13860 : 0x2b22bb09d4 : 2 : ittapi_config_apply_per_lib :  ITTAPI function not implemented: __itt_relation_add_to_current_ex
13860 : 0x2b22bb09e2 : 2 : ittapi_config_apply_per_lib :  ITTAPI function not implemented: __itt_relation_add_ex
13860 : 0x2b22bb09ef : 2 : ittapi_config_apply_per_lib :  ITTAPI function not implemented: __itt_track_group_create
13860 : 0x2b22bb0a11 : 2 : ittapi_config_apply_per_lib :  ITTAPI function not implemented: __itt_track_create
13860 : 0x2b22bb0a1f : 2 : ittapi_config_apply_per_lib :  ITTAPI function not implemented: __itt_set_track
13860 : 0x2b22bb0a2b : 2 : ittapi_config_apply_per_lib :  ITTAPI function instrumented: __itt_api_version
13860 : 0x2b22bb0a38 : 2 : ittapi_config_apply_per_lib :  ITTAPI function not implemented: __itt_av_saveA
13860 : 0x2b22bb0a44 : 2 : ittapi_config_apply_per_lib :  ITTAPI function not implemented: __itt_av_saveW
13860 : 0x2b22bb0a52 : 2 : ittapi_config_apply_per_lib :  ITTAPI function instrumented: __itt_module_loadA
13860 : 0x2b22bb0a5d : 2 : ittapi_config_apply_per_lib :  ITTAPI function instrumented: __itt_module_loadW
13860 : 0x2b22bb0a6b : 2 : ittapi_config_apply_per_lib :  ITTAPI function not implemented: __itt_module_unload